getting started: 1171
attempting file: 1171
going for ECoG16 53
data loaded: ECoG16 53
HFB already done
already done with leadLag
working on TF
encoding done
encoding RT done
retrieval 1 done
retrieval 2 done
attempting saving
save success: /projects/p31578/dtf8829/QuestConnect/CHANDAT/chanDat_ECoG16_053.mat
working on ISPC
channel: 1 took 0 minutes
channel: 2 took 0 minutes
channel: 3 took 0 minutes
channel: 4 took 0 minutes
channel: 5 took 0 minutes
channel: 6 took 0 minutes
channel: 7 took 0 minutes
channel: 8 took 0 minutes
channel: 9 took 0 minutes
channel: 10 took 0 minutes
channel: 11 took 0 minutes
channel: 12 took 0 minutes
channel: 13 took 0 minutes
channel: 14 took 0 minutes
channel: 15 took 0 minutes
channel: 16 took 0 minutes
channel: 17 took 0 minutes
channel: 18 took 0 minutes
channel: 19 took 0 minutes
channel: 20 took 0 minutes
channel: 21 took 0 minutes
channel: 22 took 0 minutes
channel: 23 took 0 minutes
channel: 24 took 0 minutes
channel: 25 took 0 minutes
channel: 26 took 0 minutes
channel: 27 took 0 minutes
channel: 28 took 0 minutes
channel: 29 took 0 minutes
channel: 30 took 0 minutes
channel: 31 took 0 minutes
channel: 32 took 0 minutes
channel: 33 took 0 minutes
channel: 34 took 0 minutes
channel: 35 took 0 minutes
channel: 36 took 0 minutes
channel: 37 took 0 minutes
channel: 38 took 0 minutes
channel: 39 took 0 minutes
channel: 40 took 0 minutes
channel: 41 took 0 minutes
channel: 42 took 0 minutes
channel: 43 took 0 minutes
channel: 44 took 0 minutes
channel: 45 took 0 minutes
channel: 46 took 0 minutes
channel: 47 took 0 minutes
channel: 48 took 0 minutes
channel: 49 took 0 minutes
channel: 50 took 0 minutes
channel: 51 took 0 minutes
channel: 52 took 0 minutes
channel: 53 took 0 minutes
channel: 54 took 4.7 minutes
channel: 55 took 5 minutes
channel: 56 took 4.9 minutes
channel: 57 took 5 minutes
channel: 58 took 4.9 minutes
channel: 59 took 4.9 minutes
channel: 60 took 5 minutes
channel: 61 took 4.7 minutes
channel: 62 took 5.1 minutes
channel: 63 took 5.1 minutes
channel: 64 took 5.2 minutes
channel: 65 took 5.1 minutes
channel: 66 took 5.1 minutes
channel: 67 took 5.1 minutes
channel: 68 took 5.1 minutes
channel: 69 took 5 minutes
channel: 70 took 5.1 minutes
channel: 71 took 5.2 minutes
channel: 72 took 5.1 minutes
channel: 73 took 5 minutes
channel: 74 took 4.9 minutes
channel: 75 took 4.9 minutes
channel: 76 took 4.9 minutes
channel: 77 took 4.9 minutes
channel: 78 took 4.8 minutes
channel: 79 took 4.8 minutes
channel: 80 took 4.8 minutes
channel: 81 took 4.8 minutes
channel: 82 took 4.8 minutes
channel: 83 took 4.7 minutes
channel: 84 took 4.5 minutes
attempting saving
save success: /projects/p31578/dtf8829/QuestConnect/CHANDAT/chanDat_ECoG16_053.mat
Elapsed time is 276.976925 seconds.
