getting started: 1690
attempting file: 1690
going for ECoG25 19
data loaded: ECoG25 8
TF already done, skipping
working on ISPC

chan =

     1


chan =

     2


chan =

     3


chan =

     4


chan =

     5


chan =

     6


chan =

     7


chan =

     8


chan =

     9


chan =

    10


chan =

    11


chan =

    12


chan =

    13


chan =

    14


chan =

    15


chan =

    16


chan =

    17


chan =

    18


chan =

    19


chan =

    20

attempting saving
save success: /projects/p31578/dtf8829/QuestConnect/CHANDAT/chanDat_ECoG25_8.mat
Elapsed time is 904.129730 seconds.
