getting started: 1673
attempting file: 1673
going for ECoG25 2
data loaded: ECoG25 2
HFB already done
already done with leadLag
working on TF
encoding done
encoding RT done
retrieval 1 done
retrieval 2 done
attempting saving
save success: /projects/p31578/dtf8829/QuestConnect/CHANDAT/chanDat_ECoG25_002.mat
working on ISPC
channel: 1 took 0 minutes
channel: 2 took 0 minutes
channel: 3 took 2 minutes
channel: 4 took 1.9 minutes
channel: 5 took 1.9 minutes
channel: 6 took 1.9 minutes
channel: 7 took 1.9 minutes
channel: 8 took 1.9 minutes
channel: 9 took 1.9 minutes
channel: 10 took 1.9 minutes
channel: 11 took 1.8 minutes
channel: 12 took 1.8 minutes
channel: 13 took 1.8 minutes
channel: 14 took 1.8 minutes
channel: 15 took 1.8 minutes
channel: 16 took 1.8 minutes
channel: 17 took 1.8 minutes
channel: 18 took 1.8 minutes
channel: 19 took 1.8 minutes
channel: 20 took 1.8 minutes
attempting saving
save success: /projects/p31578/dtf8829/QuestConnect/CHANDAT/chanDat_ECoG25_002.mat
Elapsed time is 109.923901 seconds.
