getting started: 1028
attempting file: 1028
going for ECoG14 37
data loaded: ECoG14 37
HFB already done
already done with leadLag
working on TF
encoding done
encoding RT done
retrieval 1 done
retrieval 2 done
attempting saving
save success: /projects/p31578/dtf8829/QuestConnect/CHANDAT/chanDat_ECoG14_037.mat
working on ISPC
channel: 1 took 0 minutes
channel: 2 took 0 minutes
channel: 3 took 0 minutes
channel: 4 took 0 minutes
channel: 5 took 0 minutes
channel: 6 took 0 minutes
channel: 7 took 0 minutes
channel: 8 took 0 minutes
channel: 9 took 0 minutes
channel: 10 took 0 minutes
channel: 11 took 0 minutes
channel: 12 took 0 minutes
channel: 13 took 0 minutes
channel: 14 took 0 minutes
channel: 15 took 0 minutes
channel: 16 took 0 minutes
channel: 17 took 0 minutes
channel: 18 took 0 minutes
channel: 19 took 0 minutes
channel: 20 took 0 minutes
channel: 21 took 0 minutes
channel: 22 took 0 minutes
channel: 23 took 0 minutes
channel: 24 took 0 minutes
channel: 25 took 0 minutes
channel: 26 took 0 minutes
channel: 27 took 0 minutes
channel: 28 took 0 minutes
channel: 29 took 0 minutes
channel: 30 took 0 minutes
channel: 31 took 0 minutes
channel: 32 took 0 minutes
channel: 33 took 0 minutes
channel: 34 took 0 minutes
channel: 35 took 0 minutes
channel: 36 took 0 minutes
channel: 37 took 0 minutes
channel: 38 took 0.9 minutes
channel: 39 took 0.9 minutes
channel: 40 took 0.9 minutes
channel: 41 took 0.9 minutes
channel: 42 took 0.9 minutes
channel: 43 took 0.9 minutes
channel: 44 took 0.9 minutes
channel: 45 took 0.9 minutes
channel: 46 took 0.9 minutes
channel: 47 took 0.9 minutes
channel: 48 took 0.9 minutes
channel: 49 took 0.9 minutes
channel: 50 took 0.9 minutes
channel: 51 took 0.9 minutes
channel: 52 took 0.9 minutes
channel: 53 took 0.9 minutes
channel: 54 took 0.9 minutes
channel: 55 took 0.9 minutes
channel: 56 took 0.9 minutes
channel: 57 took 0.9 minutes
channel: 58 took 0.9 minutes
channel: 59 took 0.9 minutes
channel: 60 took 0.9 minutes
channel: 61 took 0.9 minutes
channel: 62 took 0.9 minutes
channel: 63 took 0.8 minutes
channel: 64 took 0.8 minutes
channel: 65 took 0.8 minutes
attempting saving
save success: /projects/p31578/dtf8829/QuestConnect/CHANDAT/chanDat_ECoG14_037.mat
Elapsed time is 51.588774 seconds.
