getting started: 2322
attempting file: 2322
going for ECoG37 28
data loaded: ECoG37 28
     1

     2

     3

     4

     5

     6

     7

     8

     9

    10

    11

    12

    13

    14

    15

    16

    17

    18

    19

    20

    21

    22

    23

    24

    25

    26

    27

    28

    29

    30

    31

    32

    33

    34

MISMATCH WITH ZACH COORDINATES!!!
HFB already done

chan =

     1

Elapsed time is 256.450767 seconds.

chan =

     2

Elapsed time is 245.130572 seconds.

chan =

     3

Elapsed time is 253.145463 seconds.

chan =

     4

Elapsed time is 264.291617 seconds.

chan =

     5

Elapsed time is 264.741055 seconds.

chan =

     6

Elapsed time is 257.909223 seconds.

chan =

     7

Elapsed time is 268.704462 seconds.

chan =

     8

Elapsed time is 267.456771 seconds.

chan =

     9

Elapsed time is 266.571743 seconds.

chan =

    10

Elapsed time is 268.165795 seconds.

chan =

    11

Elapsed time is 267.981452 seconds.

chan =

    12

Elapsed time is 264.500191 seconds.

chan =

    13

Elapsed time is 266.505062 seconds.

chan =

    14

Elapsed time is 266.155924 seconds.

chan =

    15

Elapsed time is 264.827103 seconds.

chan =

    16

Elapsed time is 264.695073 seconds.

chan =

    17

Elapsed time is 263.228358 seconds.

chan =

    18

Elapsed time is 260.579265 seconds.

chan =

    19

Elapsed time is 262.286915 seconds.

chan =

    20

Elapsed time is 259.111215 seconds.

chan =

    21

Elapsed time is 258.933107 seconds.

chan =

    22

Elapsed time is 254.493846 seconds.

chan =

    23

Elapsed time is 254.519441 seconds.

chan =

    24

Elapsed time is 257.597056 seconds.

chan =

    25

Elapsed time is 258.174834 seconds.

chan =

    26

Elapsed time is 256.461624 seconds.

chan =

    27

Elapsed time is 251.083646 seconds.

chan =

    28

Elapsed time is 254.807013 seconds.

chan =

    29

Elapsed time is 255.664373 seconds.

chan =

    30

Elapsed time is 251.305755 seconds.

chan =

    31

Elapsed time is 259.895212 seconds.

chan =

    32

Elapsed time is 256.784227 seconds.

chan =

    33

Elapsed time is 255.881533 seconds.

chan =

    34

Elapsed time is 257.311821 seconds.
attempting saving
save success: /projects/p31578/dtf8829/QuestConnect/CHANDAT/chanDat_ECoG37_028.mat
working on TF
encoding done
encoding RT done
retrieval 1 done
retrieval 2 done
attempting saving
save success: /projects/p31578/dtf8829/QuestConnect/CHANDAT/chanDat_ECoG37_028.mat
working on ISPC
channel: 1 took 0 minutes
channel: 2 took 0 minutes
channel: 3 took 0 minutes
channel: 4 took 0 minutes
channel: 5 took 0 minutes
channel: 6 took 0 minutes
channel: 7 took 0 minutes
channel: 8 took 0 minutes
channel: 9 took 0 minutes
channel: 10 took 0 minutes
channel: 11 took 0 minutes
channel: 12 took 0 minutes
channel: 13 took 0 minutes
channel: 14 took 0 minutes
channel: 15 took 0 minutes
channel: 16 took 0 minutes
channel: 17 took 0 minutes
channel: 18 took 0 minutes
channel: 19 took 0 minutes
channel: 20 took 0 minutes
channel: 21 took 0 minutes
channel: 22 took 0 minutes
channel: 23 took 0 minutes
channel: 24 took 0 minutes
channel: 25 took 0 minutes
channel: 26 took 0 minutes
channel: 27 took 0 minutes
channel: 28 took 0 minutes
channel: 29 took 3.2 minutes
channel: 30 took 3.2 minutes
channel: 31 took 3.3 minutes
channel: 32 took 3.3 minutes
channel: 33 took 3.3 minutes
channel: 34 took 3.3 minutes
attempting saving
save success: /projects/p31578/dtf8829/QuestConnect/CHANDAT/chanDat_ECoG37_028.mat
Elapsed time is 198.072194 seconds.
