getting started: 2309
attempting file: 2309
going for ECoG37 15
data loaded: ECoG37 15
     1

     2

     3

     4

     5

     6

     7

     8

     9

    10

    11

    12

    13

    14

    15

    16

    17

    18

    19

    20

    21

    22

    23

    24

    25

    26

    27

    28

    29

    30

    31

    32

    33

    34

MISMATCH WITH ZACH COORDINATES!!!
HFB already done

chan =

     1

Elapsed time is 289.310778 seconds.

chan =

     2

Elapsed time is 279.356039 seconds.

chan =

     3

Elapsed time is 276.215702 seconds.

chan =

     4

Elapsed time is 282.681791 seconds.

chan =

     5

Elapsed time is 285.920581 seconds.

chan =

     6

Elapsed time is 286.778318 seconds.

chan =

     7

Elapsed time is 287.527524 seconds.

chan =

     8

Elapsed time is 286.045292 seconds.

chan =

     9

Elapsed time is 286.874403 seconds.

chan =

    10

Elapsed time is 282.681621 seconds.

chan =

    11

Elapsed time is 284.537428 seconds.

chan =

    12

Elapsed time is 288.354821 seconds.

chan =

    13

Elapsed time is 286.558523 seconds.

chan =

    14

Elapsed time is 285.448498 seconds.

chan =

    15

Elapsed time is 281.610341 seconds.

chan =

    16

Elapsed time is 278.171704 seconds.

chan =

    17

Elapsed time is 279.120130 seconds.

chan =

    18

Elapsed time is 278.005042 seconds.

chan =

    19

Elapsed time is 279.246070 seconds.

chan =

    20

Elapsed time is 277.506725 seconds.

chan =

    21

Elapsed time is 278.279054 seconds.

chan =

    22

Elapsed time is 276.660335 seconds.

chan =

    23

Elapsed time is 275.793997 seconds.

chan =

    24

Elapsed time is 276.147081 seconds.

chan =

    25

Elapsed time is 277.833236 seconds.

chan =

    26

Elapsed time is 273.990847 seconds.

chan =

    27

Elapsed time is 268.432274 seconds.

chan =

    28

Elapsed time is 262.617627 seconds.

chan =

    29

Elapsed time is 263.574718 seconds.

chan =

    30

Elapsed time is 258.263412 seconds.

chan =

    31

Elapsed time is 265.327730 seconds.

chan =

    32

Elapsed time is 273.730507 seconds.

chan =

    33

Elapsed time is 262.746038 seconds.

chan =

    34

Elapsed time is 264.518642 seconds.
attempting saving
save success: /projects/p31578/dtf8829/QuestConnect/CHANDAT/chanDat_ECoG37_015.mat
working on TF
encoding done
encoding RT done
retrieval 1 done
retrieval 2 done
attempting saving
save success: /projects/p31578/dtf8829/QuestConnect/CHANDAT/chanDat_ECoG37_015.mat
working on ISPC
channel: 1 took 0 minutes
channel: 2 took 0 minutes
channel: 3 took 0 minutes
channel: 4 took 0 minutes
channel: 5 took 0 minutes
channel: 6 took 0 minutes
channel: 7 took 0 minutes
channel: 8 took 0 minutes
channel: 9 took 0 minutes
channel: 10 took 0 minutes
channel: 11 took 0 minutes
channel: 12 took 0 minutes
channel: 13 took 0 minutes
channel: 14 took 0 minutes
channel: 15 took 0 minutes
channel: 16 took 3.9 minutes
channel: 17 took 3.9 minutes
channel: 18 took 3.9 minutes
channel: 19 took 3.8 minutes
channel: 20 took 3.8 minutes
channel: 21 took 3.9 minutes
channel: 22 took 3.9 minutes
channel: 23 took 3.8 minutes
channel: 24 took 3.8 minutes
channel: 25 took 3.7 minutes
channel: 26 took 3.8 minutes
channel: 27 took 3.8 minutes
channel: 28 took 3.8 minutes
channel: 29 took 3.8 minutes
channel: 30 took 3.8 minutes
channel: 31 took 3.8 minutes
channel: 32 took 3.8 minutes
channel: 33 took 3.8 minutes
channel: 34 took 3.8 minutes
attempting saving
save success: /projects/p31578/dtf8829/QuestConnect/CHANDAT/chanDat_ECoG37_015.mat
Elapsed time is 228.817317 seconds.
