getting started: 2324
attempting file: 2324
going for ECoG37 30
data loaded: ECoG37 30
     1

     2

     3

     4

     5

     6

     7

     8

     9

    10

    11

    12

    13

    14

    15

    16

    17

    18

    19

    20

    21

    22

    23

    24

    25

    26

    27

    28

    29

    30

    31

    32

    33

    34

MISMATCH WITH ZACH COORDINATES!!!
HFB already done

chan =

     1

Elapsed time is 215.523816 seconds.

chan =

     2

Elapsed time is 216.504270 seconds.

chan =

     3

Elapsed time is 217.563388 seconds.

chan =

     4

Elapsed time is 216.457760 seconds.

chan =

     5

Elapsed time is 216.627115 seconds.

chan =

     6

Elapsed time is 214.395552 seconds.

chan =

     7

Elapsed time is 236.034062 seconds.

chan =

     8

Elapsed time is 240.483042 seconds.

chan =

     9

Elapsed time is 242.702884 seconds.

chan =

    10

Elapsed time is 242.105497 seconds.

chan =

    11

Elapsed time is 240.084237 seconds.

chan =

    12

Elapsed time is 253.824628 seconds.

chan =

    13

Elapsed time is 248.442879 seconds.

chan =

    14

Elapsed time is 252.473338 seconds.

chan =

    15

Elapsed time is 256.700351 seconds.

chan =

    16

Elapsed time is 260.509214 seconds.

chan =

    17

Elapsed time is 257.152369 seconds.

chan =

    18

Elapsed time is 257.983321 seconds.

chan =

    19

Elapsed time is 259.282824 seconds.

chan =

    20

Elapsed time is 257.783961 seconds.

chan =

    21

Elapsed time is 257.758995 seconds.

chan =

    22

Elapsed time is 258.359009 seconds.

chan =

    23

Elapsed time is 255.200314 seconds.

chan =

    24

Elapsed time is 260.877886 seconds.

chan =

    25

Elapsed time is 258.602803 seconds.

chan =

    26

Elapsed time is 258.592138 seconds.

chan =

    27

Elapsed time is 255.661325 seconds.

chan =

    28

Elapsed time is 259.756211 seconds.

chan =

    29

Elapsed time is 256.533556 seconds.

chan =

    30

Elapsed time is 256.558660 seconds.

chan =

    31

Elapsed time is 259.757080 seconds.

chan =

    32

Elapsed time is 259.557695 seconds.

chan =

    33

Elapsed time is 259.053712 seconds.

chan =

    34

Elapsed time is 257.887714 seconds.
attempting saving
save success: /projects/p31578/dtf8829/QuestConnect/CHANDAT/chanDat_ECoG37_030.mat
working on TF
encoding done
encoding RT done
retrieval 1 done
retrieval 2 done
attempting saving
save success: /projects/p31578/dtf8829/QuestConnect/CHANDAT/chanDat_ECoG37_030.mat
working on ISPC
channel: 1 took 0 minutes
channel: 2 took 0 minutes
channel: 3 took 0 minutes
channel: 4 took 0 minutes
channel: 5 took 0 minutes
channel: 6 took 0 minutes
channel: 7 took 0 minutes
channel: 8 took 0 minutes
channel: 9 took 0 minutes
channel: 10 took 0 minutes
channel: 11 took 0 minutes
channel: 12 took 0 minutes
channel: 13 took 0 minutes
channel: 14 took 0 minutes
channel: 15 took 0 minutes
channel: 16 took 0 minutes
channel: 17 took 0 minutes
channel: 18 took 0 minutes
channel: 19 took 0 minutes
channel: 20 took 0 minutes
channel: 21 took 0 minutes
channel: 22 took 0 minutes
channel: 23 took 0 minutes
channel: 24 took 0 minutes
channel: 25 took 0 minutes
channel: 26 took 0 minutes
channel: 27 took 0 minutes
channel: 28 took 0 minutes
channel: 29 took 0 minutes
channel: 30 took 0 minutes
channel: 31 took 3.4 minutes
channel: 32 took 3.4 minutes
channel: 33 took 3.4 minutes
channel: 34 took 3.3 minutes
attempting saving
save success: /projects/p31578/dtf8829/QuestConnect/CHANDAT/chanDat_ECoG37_030.mat
Elapsed time is 198.636086 seconds.
