getting started: 2086
attempting file: 2086
going for ECoG33 5
data loaded: ECoG33 5
HFB already done
already done with leadLag
working on TF
encoding done
encoding RT done
retrieval 1 done
retrieval 2 done
attempting saving
save success: /projects/p31578/dtf8829/QuestConnect/CHANDAT/chanDat_ECoG33_005.mat
working on ISPC
channel: 1 took 0 minutes
channel: 2 took 0 minutes
channel: 3 took 0 minutes
channel: 4 took 0 minutes
channel: 5 took 0 minutes
channel: 6 took 4.3 minutes
channel: 7 took 4.4 minutes
channel: 8 took 4.4 minutes
channel: 9 took 4.3 minutes
channel: 10 took 4.4 minutes
channel: 11 took 4.4 minutes
channel: 12 took 4.3 minutes
channel: 13 took 4.1 minutes
attempting saving
save success: /projects/p31578/dtf8829/QuestConnect/CHANDAT/chanDat_ECoG33_005.mat
Elapsed time is 249.406675 seconds.
