getting started: 2418
attempting file: 2418
going for IR98 14
data loaded: IR98 14
HFB already done
already done with leadLag
working on TF
encoding done
encoding RT done
retrieval 1 done
retrieval 2 done
attempting saving
save success: /projects/p31578/dtf8829/QuestConnect/CHANDAT/chanDat_IR98_014.mat
working on ISPC
channel: 1 took 0 minutes
channel: 2 took 0 minutes
channel: 3 took 0 minutes
channel: 4 took 0 minutes
channel: 5 took 0 minutes
channel: 6 took 0 minutes
channel: 7 took 0 minutes
channel: 8 took 0 minutes
channel: 9 took 0 minutes
channel: 10 took 0 minutes
channel: 11 took 0 minutes
channel: 12 took 0 minutes
channel: 13 took 0 minutes
channel: 14 took 0 minutes
channel: 15 took 2.3 minutes
channel: 16 took 2.3 minutes
channel: 17 took 2.3 minutes
channel: 18 took 2.3 minutes
channel: 19 took 2.3 minutes
channel: 20 took 2.3 minutes
channel: 21 took 2.3 minutes
channel: 22 took 2.3 minutes
channel: 23 took 2.3 minutes
channel: 24 took 2.3 minutes
attempting saving
save success: /projects/p31578/dtf8829/QuestConnect/CHANDAT/chanDat_IR98_014.mat
Elapsed time is 136.616678 seconds.
