getting started: 2822
attempting file: 2822
going for OH27 28
data loaded: OH27 28
HFB already done

chan =

     1

Elapsed time is 236.347648 seconds.

chan =

     2

Elapsed time is 230.345723 seconds.

chan =

     3

Elapsed time is 232.025458 seconds.

chan =

     4

Elapsed time is 233.420531 seconds.

chan =

     5

Elapsed time is 234.819239 seconds.

chan =

     6

Elapsed time is 237.712617 seconds.

chan =

     7

Elapsed time is 231.293064 seconds.

chan =

     8

Elapsed time is 231.543660 seconds.

chan =

     9

Elapsed time is 232.609598 seconds.

chan =

    10

Elapsed time is 232.729378 seconds.

chan =

    11

Elapsed time is 232.334727 seconds.

chan =

    12

Elapsed time is 233.202164 seconds.

chan =

    13

Elapsed time is 231.459233 seconds.

chan =

    14

Elapsed time is 232.087528 seconds.

chan =

    15

Elapsed time is 232.019103 seconds.

chan =

    16

Elapsed time is 229.802486 seconds.

chan =

    17

Elapsed time is 225.986065 seconds.

chan =

    18

Elapsed time is 232.986564 seconds.

chan =

    19

Elapsed time is 231.009528 seconds.

chan =

    20

Elapsed time is 235.029797 seconds.

chan =

    21

Elapsed time is 235.645098 seconds.

chan =

    22

Elapsed time is 229.977342 seconds.

chan =

    23

Elapsed time is 234.885743 seconds.

chan =

    24

Elapsed time is 234.204949 seconds.

chan =

    25

Elapsed time is 230.734174 seconds.

chan =

    26

Elapsed time is 232.214618 seconds.

chan =

    27

Elapsed time is 231.367649 seconds.

chan =

    28

Elapsed time is 232.566612 seconds.

chan =

    29

Elapsed time is 231.257170 seconds.

chan =

    30

Elapsed time is 231.573775 seconds.

chan =

    31

Elapsed time is 232.709077 seconds.

chan =

    32

Elapsed time is 232.818518 seconds.

chan =

    33

Elapsed time is 234.201261 seconds.

chan =

    34

Elapsed time is 235.012676 seconds.

chan =

    35

Elapsed time is 239.017994 seconds.

chan =

    36

Elapsed time is 237.100973 seconds.

chan =

    37

Elapsed time is 237.748932 seconds.

chan =

    38

Elapsed time is 238.079271 seconds.

chan =

    39

Elapsed time is 240.617015 seconds.

chan =

    40

Elapsed time is 237.839659 seconds.

chan =

    41

Elapsed time is 238.729091 seconds.

chan =

    42

Elapsed time is 235.962023 seconds.

chan =

    43

Elapsed time is 236.401032 seconds.

chan =

    44

Elapsed time is 236.825318 seconds.

chan =

    45

Elapsed time is 237.128134 seconds.

chan =

    46

Elapsed time is 235.157629 seconds.

chan =

    47

Elapsed time is 236.219873 seconds.

chan =

    48

Elapsed time is 234.124711 seconds.

chan =

    49

Elapsed time is 236.524699 seconds.

chan =

    50

Elapsed time is 236.107869 seconds.

chan =

    51

Elapsed time is 233.734196 seconds.

chan =

    52

Elapsed time is 238.787811 seconds.

chan =

    53

Elapsed time is 237.319747 seconds.

chan =

    54

Elapsed time is 236.739329 seconds.

chan =

    55

Elapsed time is 241.019690 seconds.

chan =

    56

Elapsed time is 238.611766 seconds.

chan =

    57

Elapsed time is 238.146899 seconds.

chan =

    58

Elapsed time is 233.678289 seconds.

chan =

    59

Elapsed time is 235.653382 seconds.

chan =

    60

Elapsed time is 235.111886 seconds.

chan =

    61

Elapsed time is 236.231478 seconds.

chan =

    62

Elapsed time is 237.493212 seconds.

chan =

    63

Elapsed time is 237.434365 seconds.

chan =

    64

Elapsed time is 236.292860 seconds.

chan =

    65

Elapsed time is 238.668030 seconds.

chan =

    66

Elapsed time is 238.634237 seconds.

chan =

    67

Elapsed time is 239.031502 seconds.

chan =

    68

Elapsed time is 237.254308 seconds.

chan =

    69

Elapsed time is 239.653335 seconds.

chan =

    70

Elapsed time is 237.477518 seconds.

chan =

    71

Elapsed time is 241.811397 seconds.

chan =

    72

Elapsed time is 238.859987 seconds.

chan =

    73

Elapsed time is 239.922728 seconds.

chan =

    74

Elapsed time is 237.330479 seconds.

chan =

    75

Elapsed time is 236.462189 seconds.

chan =

    76

Elapsed time is 237.833405 seconds.

chan =

    77

Elapsed time is 239.128026 seconds.

chan =

    78

Elapsed time is 238.891879 seconds.

chan =

    79

Elapsed time is 239.101711 seconds.

chan =

    80

Elapsed time is 238.271669 seconds.

chan =

    81

Elapsed time is 237.522455 seconds.

chan =

    82

Elapsed time is 235.423435 seconds.

chan =

    83

Elapsed time is 238.527503 seconds.

chan =

    84

Elapsed time is 237.755283 seconds.

chan =

    85

Elapsed time is 239.093159 seconds.

chan =

    86

Elapsed time is 237.402025 seconds.

chan =

    87

Elapsed time is 237.681233 seconds.

chan =

    88

Elapsed time is 236.074812 seconds.

chan =

    89

Elapsed time is 235.378619 seconds.

chan =

    90

Elapsed time is 237.688959 seconds.

chan =

    91

Elapsed time is 236.401950 seconds.

chan =

    92

Elapsed time is 235.622563 seconds.

chan =

    93

Elapsed time is 238.966407 seconds.

chan =

    94

Elapsed time is 237.544675 seconds.

chan =

    95

Elapsed time is 239.043074 seconds.

chan =

    96

Elapsed time is 237.953907 seconds.

chan =

    97

Elapsed time is 208.754545 seconds.

chan =

    98

Elapsed time is 226.087147 seconds.

chan =

    99

Elapsed time is 222.564469 seconds.

chan =

   100

Elapsed time is 224.947518 seconds.

chan =

   101

Elapsed time is 230.042115 seconds.

chan =

   102

Elapsed time is 229.334642 seconds.

chan =

   103

Elapsed time is 198.976336 seconds.

chan =

   104

Elapsed time is 179.797736 seconds.

chan =

   105

Elapsed time is 180.677378 seconds.

chan =

   106

Elapsed time is 181.287255 seconds.

chan =

   107

Elapsed time is 179.454966 seconds.
attempting saving
save success: /projects/p31578/dtf8829/QuestConnect/CHANDAT/chanDat_OH27_028.mat
working on TF
encoding done
encoding RT done
retrieval 1 done
retrieval 2 done
attempting saving
save success: /projects/p31578/dtf8829/QuestConnect/CHANDAT/chanDat_OH27_028.mat
working on ISPC
channel: 1 took 0 minutes
channel: 2 took 0 minutes
channel: 3 took 0 minutes
channel: 4 took 0 minutes
channel: 5 took 0 minutes
channel: 6 took 0 minutes
channel: 7 took 0 minutes
channel: 8 took 0 minutes
channel: 9 took 0 minutes
channel: 10 took 0 minutes
channel: 11 took 0 minutes
channel: 12 took 0 minutes
channel: 13 took 0 minutes
channel: 14 took 0 minutes
channel: 15 took 0 minutes
channel: 16 took 0 minutes
channel: 17 took 0 minutes
channel: 18 took 0 minutes
channel: 19 took 0 minutes
channel: 20 took 0 minutes
channel: 21 took 0 minutes
channel: 22 took 0 minutes
channel: 23 took 0 minutes
channel: 24 took 0 minutes
channel: 25 took 0 minutes
channel: 26 took 0 minutes
channel: 27 took 0 minutes
channel: 28 took 0 minutes
channel: 29 took 2.6 minutes
channel: 30 took 2.6 minutes
channel: 31 took 2.7 minutes
channel: 32 took 3 minutes
channel: 33 took 3.2 minutes
channel: 34 took 3.2 minutes
channel: 35 took 3.2 minutes
channel: 36 took 2.7 minutes
channel: 37 took 2.6 minutes
channel: 38 took 2.6 minutes
channel: 39 took 2.6 minutes
channel: 40 took 3.2 minutes
channel: 41 took 3.2 minutes
channel: 42 took 3.2 minutes
channel: 43 took 3.2 minutes
channel: 44 took 3.2 minutes
channel: 45 took 3.2 minutes
channel: 46 took 3.2 minutes
channel: 47 took 3.2 minutes
channel: 48 took 3.2 minutes
channel: 49 took 3.3 minutes
channel: 50 took 3.3 minutes
channel: 51 took 3.3 minutes
channel: 52 took 3.3 minutes
channel: 53 took 3.2 minutes
channel: 54 took 3.2 minutes
channel: 55 took 3.2 minutes
channel: 56 took 3.2 minutes
channel: 57 took 3.3 minutes
channel: 58 took 3.3 minutes
channel: 59 took 3.3 minutes
channel: 60 took 3.3 minutes
channel: 61 took 3.3 minutes
channel: 62 took 3.2 minutes
channel: 63 took 3.2 minutes
channel: 64 took 3.2 minutes
channel: 65 took 3.2 minutes
channel: 66 took 3.2 minutes
channel: 67 took 3.2 minutes
channel: 68 took 3.2 minutes
channel: 69 took 3.2 minutes
channel: 70 took 3.2 minutes
channel: 71 took 3.2 minutes
channel: 72 took 3.2 minutes
channel: 73 took 3.2 minutes
channel: 74 took 3.2 minutes
channel: 75 took 3.2 minutes
channel: 76 took 3.2 minutes
channel: 77 took 3.2 minutes
channel: 78 took 3.2 minutes
channel: 79 took 3.2 minutes
channel: 80 took 3.2 minutes
channel: 81 took 3.2 minutes
channel: 82 took 3.2 minutes
channel: 83 took 3.2 minutes
channel: 84 took 3.2 minutes
channel: 85 took 3.2 minutes
channel: 86 took 3.2 minutes
channel: 87 took 3.2 minutes
channel: 88 took 3.2 minutes
channel: 89 took 3.2 minutes
channel: 90 took 3.2 minutes
channel: 91 took 3.2 minutes
channel: 92 took 3.2 minutes
channel: 93 took 3.2 minutes
channel: 94 took 3.2 minutes
channel: 95 took 3.2 minutes
channel: 96 took 3.2 minutes
channel: 97 took 3.2 minutes
channel: 98 took 3.2 minutes
channel: 99 took 3.2 minutes
channel: 100 took 3.2 minutes
channel: 101 took 3.2 minutes
channel: 102 took 3.2 minutes
channel: 103 took 3.2 minutes
channel: 104 took 3.2 minutes
channel: 105 took 3.2 minutes
channel: 106 took 3.2 minutes
channel: 107 took 3.2 minutes
attempting saving
save success: /projects/p31578/dtf8829/QuestConnect/CHANDAT/chanDat_OH27_028.mat
Elapsed time is 200.420572 seconds.
