getting started: 2874
attempting file: 2874
going for OH27 80
data loaded: OH27 80
HFB already done

chan =

     1

Elapsed time is 269.376614 seconds.

chan =

     2

Elapsed time is 263.205235 seconds.

chan =

     3

Elapsed time is 269.877844 seconds.

chan =

     4

Elapsed time is 266.754277 seconds.

chan =

     5

Elapsed time is 268.025421 seconds.

chan =

     6

Elapsed time is 268.245776 seconds.

chan =

     7

Elapsed time is 265.356294 seconds.

chan =

     8

Elapsed time is 287.094150 seconds.

chan =

     9

Elapsed time is 284.131245 seconds.

chan =

    10

Elapsed time is 282.071073 seconds.

chan =

    11

Elapsed time is 282.734885 seconds.

chan =

    12

Elapsed time is 287.960195 seconds.

chan =

    13

Elapsed time is 286.624969 seconds.

chan =

    14

Elapsed time is 291.637242 seconds.

chan =

    15

Elapsed time is 288.582541 seconds.

chan =

    16

Elapsed time is 284.517517 seconds.

chan =

    17

Elapsed time is 270.138109 seconds.

chan =

    18

Elapsed time is 271.025557 seconds.

chan =

    19

Elapsed time is 270.484540 seconds.

chan =

    20

Elapsed time is 285.381578 seconds.

chan =

    21

Elapsed time is 286.554644 seconds.

chan =

    22

Elapsed time is 286.330719 seconds.

chan =

    23

Elapsed time is 286.017635 seconds.

chan =

    24

Elapsed time is 281.165214 seconds.

chan =

    25

Elapsed time is 284.701389 seconds.

chan =

    26

Elapsed time is 285.384510 seconds.

chan =

    27

Elapsed time is 285.119501 seconds.

chan =

    28

Elapsed time is 285.887978 seconds.

chan =

    29

Elapsed time is 271.414512 seconds.

chan =

    30

Elapsed time is 279.614302 seconds.

chan =

    31

Elapsed time is 284.662540 seconds.

chan =

    32

Elapsed time is 284.195999 seconds.

chan =

    33

Elapsed time is 283.883428 seconds.

chan =

    34

Elapsed time is 285.096479 seconds.

chan =

    35

Elapsed time is 271.199604 seconds.

chan =

    36

Elapsed time is 286.633635 seconds.

chan =

    37

Elapsed time is 288.068808 seconds.

chan =

    38

Elapsed time is 286.944671 seconds.

chan =

    39

Elapsed time is 286.398589 seconds.

chan =

    40

Elapsed time is 276.599215 seconds.

chan =

    41

Elapsed time is 285.932839 seconds.

chan =

    42

Elapsed time is 285.706650 seconds.

chan =

    43

Elapsed time is 283.493511 seconds.

chan =

    44

Elapsed time is 286.587501 seconds.

chan =

    45

Elapsed time is 276.982410 seconds.

chan =

    46

Elapsed time is 286.996509 seconds.

chan =

    47

Elapsed time is 287.279672 seconds.

chan =

    48

Elapsed time is 288.863498 seconds.

chan =

    49

Elapsed time is 283.552786 seconds.

chan =

    50

Elapsed time is 280.984521 seconds.

chan =

    51

Elapsed time is 285.868055 seconds.

chan =

    52

Elapsed time is 285.609971 seconds.

chan =

    53

Elapsed time is 283.330686 seconds.

chan =

    54

Elapsed time is 284.336944 seconds.

chan =

    55

Elapsed time is 278.352840 seconds.

chan =

    56

Elapsed time is 283.201872 seconds.

chan =

    57

Elapsed time is 282.647632 seconds.

chan =

    58

Elapsed time is 286.372051 seconds.

chan =

    59

Elapsed time is 284.575800 seconds.

chan =

    60

Elapsed time is 279.227133 seconds.

chan =

    61

Elapsed time is 284.302623 seconds.

chan =

    62

Elapsed time is 284.324663 seconds.

chan =

    63

Elapsed time is 283.812160 seconds.

chan =

    64

Elapsed time is 283.057083 seconds.

chan =

    65

Elapsed time is 275.463816 seconds.

chan =

    66

Elapsed time is 285.750859 seconds.

chan =

    67

Elapsed time is 285.936151 seconds.

chan =

    68

Elapsed time is 288.312093 seconds.

chan =

    69

Elapsed time is 283.675627 seconds.

chan =

    70

Elapsed time is 273.949386 seconds.

chan =

    71

Elapsed time is 285.787068 seconds.

chan =

    72

Elapsed time is 283.457563 seconds.

chan =

    73

Elapsed time is 285.060484 seconds.

chan =

    74

Elapsed time is 286.715757 seconds.

chan =

    75

Elapsed time is 275.993240 seconds.

chan =

    76

Elapsed time is 283.624480 seconds.

chan =

    77

Elapsed time is 282.862257 seconds.

chan =

    78

Elapsed time is 284.817742 seconds.

chan =

    79

Elapsed time is 279.277293 seconds.

chan =

    80

Elapsed time is 278.541834 seconds.

chan =

    81

Elapsed time is 285.471913 seconds.

chan =

    82

Elapsed time is 284.975042 seconds.

chan =

    83

Elapsed time is 283.267795 seconds.

chan =

    84

Elapsed time is 277.312888 seconds.

chan =

    85

Elapsed time is 279.349042 seconds.

chan =

    86

Elapsed time is 285.279509 seconds.

chan =

    87

Elapsed time is 282.506581 seconds.

chan =

    88

Elapsed time is 282.624969 seconds.

chan =

    89

Elapsed time is 280.238008 seconds.

chan =

    90

Elapsed time is 284.442076 seconds.

chan =

    91

Elapsed time is 282.114358 seconds.

chan =

    92

Elapsed time is 282.878133 seconds.

chan =

    93

Elapsed time is 282.713809 seconds.

chan =

    94

Elapsed time is 279.384437 seconds.

chan =

    95

Elapsed time is 284.806411 seconds.

chan =

    96

Elapsed time is 283.106366 seconds.

chan =

    97

Elapsed time is 283.293695 seconds.

chan =

    98

Elapsed time is 283.299990 seconds.

chan =

    99

Elapsed time is 272.371148 seconds.

chan =

   100

Elapsed time is 283.809054 seconds.

chan =

   101

Elapsed time is 287.803110 seconds.

chan =

   102

Elapsed time is 287.590920 seconds.

chan =

   103

Elapsed time is 283.908493 seconds.

chan =

   104

Elapsed time is 284.749327 seconds.

chan =

   105

Elapsed time is 287.061675 seconds.

chan =

   106

Elapsed time is 287.336543 seconds.

chan =

   107

Elapsed time is 286.213264 seconds.
attempting saving
save success: /projects/p31578/dtf8829/QuestConnect/CHANDAT/chanDat_OH27_080.mat
working on TF
encoding done
encoding RT done
retrieval 1 done
retrieval 2 done
attempting saving
save success: /projects/p31578/dtf8829/QuestConnect/CHANDAT/chanDat_OH27_080.mat
working on ISPC
channel: 1 took 0 minutes
channel: 2 took 0 minutes
channel: 3 took 0 minutes
channel: 4 took 0 minutes
channel: 5 took 0 minutes
channel: 6 took 0 minutes
channel: 7 took 0 minutes
channel: 8 took 0 minutes
channel: 9 took 0 minutes
channel: 10 took 0 minutes
channel: 11 took 0 minutes
channel: 12 took 0 minutes
channel: 13 took 0 minutes
channel: 14 took 0 minutes
channel: 15 took 0 minutes
channel: 16 took 0 minutes
channel: 17 took 0 minutes
channel: 18 took 0 minutes
channel: 19 took 0 minutes
channel: 20 took 0 minutes
channel: 21 took 0 minutes
channel: 22 took 0 minutes
channel: 23 took 0 minutes
channel: 24 took 0 minutes
channel: 25 took 0 minutes
channel: 26 took 0 minutes
channel: 27 took 0 minutes
channel: 28 took 0 minutes
channel: 29 took 0 minutes
channel: 30 took 0 minutes
channel: 31 took 0 minutes
channel: 32 took 0 minutes
channel: 33 took 0 minutes
channel: 34 took 0 minutes
channel: 35 took 0 minutes
channel: 36 took 0 minutes
channel: 37 took 0 minutes
channel: 38 took 0 minutes
channel: 39 took 0 minutes
channel: 40 took 0 minutes
channel: 41 took 0 minutes
channel: 42 took 0 minutes
channel: 43 took 0 minutes
channel: 44 took 0 minutes
channel: 45 took 0 minutes
channel: 46 took 0 minutes
channel: 47 took 0 minutes
channel: 48 took 0 minutes
channel: 49 took 0 minutes
channel: 50 took 0 minutes
channel: 51 took 0 minutes
channel: 52 took 0 minutes
channel: 53 took 0 minutes
channel: 54 took 0 minutes
channel: 55 took 0 minutes
channel: 56 took 0 minutes
channel: 57 took 0 minutes
channel: 58 took 0 minutes
channel: 59 took 0 minutes
channel: 60 took 0 minutes
channel: 61 took 0 minutes
channel: 62 took 0 minutes
channel: 63 took 0 minutes
channel: 64 took 0 minutes
channel: 65 took 0 minutes
channel: 66 took 0 minutes
channel: 67 took 0 minutes
channel: 68 took 0 minutes
channel: 69 took 0 minutes
channel: 70 took 0 minutes
channel: 71 took 0 minutes
channel: 72 took 0 minutes
channel: 73 took 0 minutes
channel: 74 took 0 minutes
channel: 75 took 0 minutes
channel: 76 took 0 minutes
channel: 77 took 0 minutes
channel: 78 took 0 minutes
channel: 79 took 0 minutes
channel: 80 took 0 minutes
channel: 81 took 3.8 minutes
channel: 82 took 3.9 minutes
channel: 83 took 4 minutes
channel: 84 took 3.9 minutes
channel: 85 took 3.9 minutes
channel: 86 took 3.8 minutes
channel: 87 took 3.8 minutes
channel: 88 took 3.9 minutes
channel: 89 took 3.9 minutes
channel: 90 took 3.9 minutes
channel: 91 took 3.8 minutes
channel: 92 took 3.7 minutes
channel: 93 took 3.6 minutes
channel: 94 took 3.8 minutes
channel: 95 took 3.9 minutes
channel: 96 took 3.9 minutes
channel: 97 took 3.9 minutes
channel: 98 took 3.8 minutes
channel: 99 took 3.6 minutes
channel: 100 took 3.6 minutes
channel: 101 took 3.6 minutes
channel: 102 took 3.7 minutes
channel: 103 took 3.6 minutes
channel: 104 took 3.6 minutes
channel: 105 took 3.6 minutes
channel: 106 took 3.6 minutes
channel: 107 took 3.6 minutes
attempting saving
save success: /projects/p31578/dtf8829/QuestConnect/CHANDAT/chanDat_OH27_080.mat
Elapsed time is 224.060676 seconds.
