getting started: 2366
attempting file: 2366
going for IR98 15
data loaded: IR98 22
TF already done, skipping
working on ISPC

chan =

     1


chan =

     2


chan =

     3


chan =

     4


chan =

     5


chan =

     6


chan =

     7


chan =

     8


chan =

     9


chan =

    10


chan =

    11


chan =

    12


chan =

    13


chan =

    14


chan =

    15


chan =

    16


chan =

    17


chan =

    18


chan =

    19


chan =

    20


chan =

    21


chan =

    22


chan =

    23


chan =

    24

attempting saving
save success: /projects/p31578/dtf8829/QuestConnect/CHANDAT/chanDat_IR98_22.mat
Elapsed time is 1466.959251 seconds.
