getting started: 2820
attempting file: 2820
going for OH27 26
data loaded: OH27 26
HFB already done

chan =

     1

Elapsed time is 215.736826 seconds.

chan =

     2

Elapsed time is 210.086747 seconds.

chan =

     3

Elapsed time is 207.659221 seconds.

chan =

     4

Elapsed time is 212.524075 seconds.

chan =

     5

Elapsed time is 243.892753 seconds.

chan =

     6

Elapsed time is 245.665990 seconds.

chan =

     7

Elapsed time is 245.056921 seconds.

chan =

     8

Elapsed time is 244.379378 seconds.

chan =

     9

Elapsed time is 245.313466 seconds.

chan =

    10

Elapsed time is 244.285939 seconds.

chan =

    11

Elapsed time is 243.963015 seconds.

chan =

    12

Elapsed time is 245.419383 seconds.

chan =

    13

Elapsed time is 244.467476 seconds.

chan =

    14

Elapsed time is 243.963445 seconds.

chan =

    15

Elapsed time is 236.592289 seconds.

chan =

    16

Elapsed time is 222.628022 seconds.

chan =

    17

Elapsed time is 209.055886 seconds.

chan =

    18

Elapsed time is 200.411575 seconds.

chan =

    19

Elapsed time is 192.065154 seconds.

chan =

    20

Elapsed time is 192.120556 seconds.

chan =

    21

Elapsed time is 189.532905 seconds.

chan =

    22

Elapsed time is 185.145253 seconds.

chan =

    23

Elapsed time is 183.603466 seconds.

chan =

    24

Elapsed time is 185.074602 seconds.

chan =

    25

Elapsed time is 183.712346 seconds.

chan =

    26

Elapsed time is 185.549295 seconds.

chan =

    27

Elapsed time is 185.558482 seconds.

chan =

    28

Elapsed time is 185.647909 seconds.

chan =

    29

Elapsed time is 184.245318 seconds.

chan =

    30

Elapsed time is 184.475335 seconds.

chan =

    31

Elapsed time is 183.159075 seconds.

chan =

    32

Elapsed time is 182.714319 seconds.

chan =

    33

Elapsed time is 184.834600 seconds.

chan =

    34

Elapsed time is 186.392865 seconds.

chan =

    35

Elapsed time is 186.836210 seconds.

chan =

    36

Elapsed time is 247.545229 seconds.

chan =

    37

Elapsed time is 378.797290 seconds.

chan =

    38

Elapsed time is 373.180600 seconds.

chan =

    39

Elapsed time is 373.977416 seconds.

chan =

    40

Elapsed time is 376.046224 seconds.

chan =

    41

Elapsed time is 373.456799 seconds.

chan =

    42

Elapsed time is 373.807329 seconds.

chan =

    43

Elapsed time is 370.092193 seconds.

chan =

    44

Elapsed time is 371.112716 seconds.

chan =

    45

Elapsed time is 372.611403 seconds.

chan =

    46

Elapsed time is 371.452971 seconds.

chan =

    47

Elapsed time is 372.548836 seconds.

chan =

    48

Elapsed time is 342.644240 seconds.

chan =

    49

Elapsed time is 243.074184 seconds.

chan =

    50

Elapsed time is 394.404014 seconds.

chan =

    51

Elapsed time is 394.156783 seconds.

chan =

    52

Elapsed time is 390.987528 seconds.

chan =

    53

Elapsed time is 394.055811 seconds.

chan =

    54

Elapsed time is 387.748494 seconds.

chan =

    55

Elapsed time is 383.401743 seconds.

chan =

    56

Elapsed time is 378.413125 seconds.

chan =

    57

Elapsed time is 380.953321 seconds.

chan =

    58

Elapsed time is 382.172673 seconds.

chan =

    59

Elapsed time is 380.515469 seconds.

chan =

    60

Elapsed time is 380.767422 seconds.

chan =

    61

Elapsed time is 386.558707 seconds.

chan =

    62

Elapsed time is 380.472076 seconds.

chan =

    63

Elapsed time is 380.474676 seconds.

chan =

    64

Elapsed time is 378.853056 seconds.

chan =

    65

Elapsed time is 385.430981 seconds.

chan =

    66

Elapsed time is 380.738057 seconds.

chan =

    67

Elapsed time is 384.755059 seconds.

chan =

    68

Elapsed time is 381.258390 seconds.

chan =

    69

Elapsed time is 378.092421 seconds.

chan =

    70

Elapsed time is 372.701729 seconds.

chan =

    71

Elapsed time is 381.997496 seconds.

chan =

    72

Elapsed time is 376.668676 seconds.

chan =

    73

Elapsed time is 379.144850 seconds.

chan =

    74

Elapsed time is 374.701710 seconds.

chan =

    75

Elapsed time is 376.417754 seconds.

chan =

    76

Elapsed time is 377.440770 seconds.

chan =

    77

Elapsed time is 265.442640 seconds.

chan =

    78

Elapsed time is 182.958031 seconds.

chan =

    79

Elapsed time is 182.298600 seconds.

chan =

    80

Elapsed time is 181.920706 seconds.

chan =

    81

Elapsed time is 182.367954 seconds.

chan =

    82

Elapsed time is 181.509346 seconds.

chan =

    83

Elapsed time is 186.468026 seconds.

chan =

    84

Elapsed time is 197.691644 seconds.

chan =

    85

Elapsed time is 197.951084 seconds.

chan =

    86

Elapsed time is 196.649926 seconds.

chan =

    87

Elapsed time is 181.684249 seconds.

chan =

    88

Elapsed time is 179.778328 seconds.

chan =

    89

Elapsed time is 181.707673 seconds.

chan =

    90

Elapsed time is 181.842945 seconds.

chan =

    91

Elapsed time is 181.374412 seconds.

chan =

    92

Elapsed time is 181.144241 seconds.

chan =

    93

Elapsed time is 181.811306 seconds.

chan =

    94

Elapsed time is 181.362942 seconds.

chan =

    95

Elapsed time is 181.259154 seconds.

chan =

    96

Elapsed time is 181.416160 seconds.

chan =

    97

Elapsed time is 181.253810 seconds.

chan =

    98

Elapsed time is 180.696892 seconds.

chan =

    99

Elapsed time is 178.937925 seconds.

chan =

   100

Elapsed time is 180.191486 seconds.

chan =

   101

Elapsed time is 183.714477 seconds.

chan =

   102

Elapsed time is 182.985726 seconds.

chan =

   103

Elapsed time is 182.815852 seconds.

chan =

   104

Elapsed time is 182.430227 seconds.

chan =

   105

Elapsed time is 183.378587 seconds.

chan =

   106

Elapsed time is 182.515298 seconds.

chan =

   107

Elapsed time is 182.369943 seconds.
attempting saving
save success: /projects/p31578/dtf8829/QuestConnect/CHANDAT/chanDat_OH27_026.mat
working on TF
encoding done
encoding RT done
retrieval 1 done
retrieval 2 done
attempting saving
save success: /projects/p31578/dtf8829/QuestConnect/CHANDAT/chanDat_OH27_026.mat
working on ISPC
channel: 1 took 0 minutes
channel: 2 took 0 minutes
channel: 3 took 0 minutes
channel: 4 took 0 minutes
channel: 5 took 0 minutes
channel: 6 took 0 minutes
channel: 7 took 0 minutes
channel: 8 took 0 minutes
channel: 9 took 0 minutes
channel: 10 took 0 minutes
channel: 11 took 0 minutes
channel: 12 took 0 minutes
channel: 13 took 0 minutes
channel: 14 took 0 minutes
channel: 15 took 0 minutes
channel: 16 took 0 minutes
channel: 17 took 0 minutes
channel: 18 took 0 minutes
channel: 19 took 0 minutes
channel: 20 took 0 minutes
channel: 21 took 0 minutes
channel: 22 took 0 minutes
channel: 23 took 0 minutes
channel: 24 took 0 minutes
channel: 25 took 0 minutes
channel: 26 took 0 minutes
channel: 27 took 2.7 minutes
channel: 28 took 2.6 minutes
channel: 29 took 2.6 minutes
channel: 30 took 2.6 minutes
channel: 31 took 2.6 minutes
channel: 32 took 2.6 minutes
channel: 33 took 2.6 minutes
channel: 34 took 2.6 minutes
channel: 35 took 2.6 minutes
channel: 36 took 2.6 minutes
channel: 37 took 2.6 minutes
channel: 38 took 2.6 minutes
channel: 39 took 2.6 minutes
channel: 40 took 2.6 minutes
channel: 41 took 2.6 minutes
channel: 42 took 2.6 minutes
channel: 43 took 2.6 minutes
channel: 44 took 2.6 minutes
channel: 45 took 2.6 minutes
channel: 46 took 2.6 minutes
channel: 47 took 2.6 minutes
channel: 48 took 2.6 minutes
channel: 49 took 2.6 minutes
channel: 50 took 2.6 minutes
channel: 51 took 2.6 minutes
channel: 52 took 2.6 minutes
channel: 53 took 2.6 minutes
channel: 54 took 2.6 minutes
channel: 55 took 2.6 minutes
channel: 56 took 2.6 minutes
channel: 57 took 2.6 minutes
channel: 58 took 2.6 minutes
channel: 59 took 2.6 minutes
channel: 60 took 2.6 minutes
channel: 61 took 2.6 minutes
channel: 62 took 2.6 minutes
channel: 63 took 2.7 minutes
channel: 64 took 2.7 minutes
channel: 65 took 2.7 minutes
channel: 66 took 2.7 minutes
channel: 67 took 2.7 minutes
channel: 68 took 2.7 minutes
channel: 69 took 2.7 minutes
channel: 70 took 2.7 minutes
channel: 71 took 2.7 minutes
channel: 72 took 2.7 minutes
channel: 73 took 2.7 minutes
channel: 74 took 2.7 minutes
channel: 75 took 2.7 minutes
channel: 76 took 2.7 minutes
channel: 77 took 2.7 minutes
channel: 78 took 2.7 minutes
channel: 79 took 2.7 minutes
channel: 80 took 2.7 minutes
channel: 81 took 2.7 minutes
channel: 82 took 2.7 minutes
channel: 83 took 2.7 minutes
channel: 84 took 2.7 minutes
channel: 85 took 2.7 minutes
channel: 86 took 2.7 minutes
channel: 87 took 2.7 minutes
channel: 88 took 2.7 minutes
channel: 89 took 2.7 minutes
channel: 90 took 2.7 minutes
channel: 91 took 2.7 minutes
channel: 92 took 2.7 minutes
channel: 93 took 2.7 minutes
channel: 94 took 2.7 minutes
channel: 95 took 2.7 minutes
channel: 96 took 2.7 minutes
channel: 97 took 2.7 minutes
channel: 98 took 2.7 minutes
channel: 99 took 2.7 minutes
channel: 100 took 2.7 minutes
channel: 101 took 2.7 minutes
channel: 102 took 2.7 minutes
channel: 103 took 2.7 minutes
channel: 104 took 2.7 minutes
channel: 105 took 2.7 minutes
channel: 106 took 2.7 minutes
channel: 107 took 2.7 minutes
attempting saving
save success: /projects/p31578/dtf8829/QuestConnect/CHANDAT/chanDat_OH27_026.mat
Elapsed time is 168.279714 seconds.
