getting started: 2387
attempting file: 2387
going for LC02 12
data loaded: LC02 2
TF already done, skipping
working on ISPC

chan =

     1


chan =

     2


chan =

     3


chan =

     4


chan =

     5


chan =

     6


chan =

     7


chan =

     8


chan =

     9


chan =

    10


chan =

    11


chan =

    12


chan =

    13


chan =

    14


chan =

    15


chan =

    16


chan =

    17


chan =

    18


chan =

    19


chan =

    20

attempting saving
save success: /projects/p31578/dtf8829/QuestConnect/CHANDAT/chanDat_LC02_2.mat
Elapsed time is 866.174857 seconds.
