getting started: 2817
attempting file: 2817
going for OH27 23
data loaded: OH27 23
HFB already done

chan =

     1

Elapsed time is 197.919247 seconds.

chan =

     2

Elapsed time is 192.839769 seconds.

chan =

     3

Elapsed time is 193.907490 seconds.

chan =

     4

Elapsed time is 202.252499 seconds.

chan =

     5

Elapsed time is 197.231132 seconds.

chan =

     6

Elapsed time is 198.770581 seconds.

chan =

     7

Elapsed time is 198.133355 seconds.

chan =

     8

Elapsed time is 193.257435 seconds.

chan =

     9

Elapsed time is 199.274344 seconds.

chan =

    10

Elapsed time is 196.478316 seconds.

chan =

    11

Elapsed time is 196.132458 seconds.

chan =

    12

Elapsed time is 195.688044 seconds.

chan =

    13

Elapsed time is 193.148826 seconds.

chan =

    14

Elapsed time is 194.027957 seconds.

chan =

    15

Elapsed time is 195.479899 seconds.

chan =

    16

Elapsed time is 192.179004 seconds.

chan =

    17

Elapsed time is 194.263944 seconds.

chan =

    18

Elapsed time is 195.942042 seconds.

chan =

    19

Elapsed time is 191.736244 seconds.

chan =

    20

Elapsed time is 197.031100 seconds.

chan =

    21

Elapsed time is 194.733430 seconds.

chan =

    22

Elapsed time is 198.456367 seconds.

chan =

    23

Elapsed time is 196.583749 seconds.

chan =

    24

Elapsed time is 194.259173 seconds.

chan =

    25

Elapsed time is 195.652781 seconds.

chan =

    26

Elapsed time is 194.515854 seconds.

chan =

    27

Elapsed time is 195.216761 seconds.

chan =

    28

Elapsed time is 195.240149 seconds.

chan =

    29

Elapsed time is 194.910113 seconds.

chan =

    30

Elapsed time is 192.162084 seconds.

chan =

    31

Elapsed time is 194.381577 seconds.

chan =

    32

Elapsed time is 191.159083 seconds.

chan =

    33

Elapsed time is 196.438858 seconds.

chan =

    34

Elapsed time is 192.448110 seconds.

chan =

    35

Elapsed time is 197.691065 seconds.

chan =

    36

Elapsed time is 196.014652 seconds.

chan =

    37

Elapsed time is 194.769628 seconds.

chan =

    38

Elapsed time is 194.613067 seconds.

chan =

    39

Elapsed time is 193.143108 seconds.

chan =

    40

Elapsed time is 194.666245 seconds.

chan =

    41

Elapsed time is 196.473031 seconds.

chan =

    42

Elapsed time is 195.804056 seconds.

chan =

    43

Elapsed time is 193.231023 seconds.

chan =

    44

Elapsed time is 193.632147 seconds.

chan =

    45

Elapsed time is 196.997475 seconds.

chan =

    46

Elapsed time is 197.851720 seconds.

chan =

    47

Elapsed time is 197.856376 seconds.

chan =

    48

Elapsed time is 198.006628 seconds.

chan =

    49

Elapsed time is 197.012086 seconds.

chan =

    50

Elapsed time is 196.797415 seconds.

chan =

    51

Elapsed time is 191.648700 seconds.

chan =

    52

Elapsed time is 197.165408 seconds.

chan =

    53

Elapsed time is 197.702303 seconds.

chan =

    54

Elapsed time is 195.056011 seconds.

chan =

    55

Elapsed time is 191.205997 seconds.

chan =

    56

Elapsed time is 195.495192 seconds.

chan =

    57

Elapsed time is 194.426371 seconds.

chan =

    58

Elapsed time is 192.143350 seconds.

chan =

    59

Elapsed time is 197.138549 seconds.

chan =

    60

Elapsed time is 196.248932 seconds.

chan =

    61

Elapsed time is 197.261107 seconds.

chan =

    62

Elapsed time is 198.162303 seconds.

chan =

    63

Elapsed time is 196.547770 seconds.

chan =

    64

Elapsed time is 196.753806 seconds.

chan =

    65

Elapsed time is 195.054611 seconds.

chan =

    66

Elapsed time is 197.227092 seconds.

chan =

    67

Elapsed time is 192.252422 seconds.

chan =

    68

Elapsed time is 196.413613 seconds.

chan =

    69

Elapsed time is 190.369211 seconds.

chan =

    70

Elapsed time is 196.041762 seconds.

chan =

    71

Elapsed time is 197.717753 seconds.

chan =

    72

Elapsed time is 197.766092 seconds.

chan =

    73

Elapsed time is 197.942022 seconds.

chan =

    74

Elapsed time is 196.331900 seconds.

chan =

    75

Elapsed time is 195.647737 seconds.

chan =

    76

Elapsed time is 196.093023 seconds.

chan =

    77

Elapsed time is 195.134844 seconds.

chan =

    78

Elapsed time is 197.900866 seconds.

chan =

    79

Elapsed time is 195.172180 seconds.

chan =

    80

Elapsed time is 193.716402 seconds.

chan =

    81

Elapsed time is 195.915287 seconds.

chan =

    82

Elapsed time is 197.747821 seconds.

chan =

    83

Elapsed time is 195.974281 seconds.

chan =

    84

Elapsed time is 194.628538 seconds.

chan =

    85

Elapsed time is 191.749662 seconds.

chan =

    86

Elapsed time is 193.137213 seconds.

chan =

    87

Elapsed time is 194.749178 seconds.

chan =

    88

Elapsed time is 194.418822 seconds.

chan =

    89

Elapsed time is 192.391919 seconds.

chan =

    90

Elapsed time is 198.067393 seconds.

chan =

    91

Elapsed time is 193.953397 seconds.

chan =

    92

Elapsed time is 194.885953 seconds.

chan =

    93

Elapsed time is 195.838890 seconds.

chan =

    94

Elapsed time is 196.515248 seconds.

chan =

    95

Elapsed time is 198.140812 seconds.

chan =

    96

Elapsed time is 195.269843 seconds.

chan =

    97

Elapsed time is 195.544186 seconds.

chan =

    98

Elapsed time is 194.576798 seconds.

chan =

    99

Elapsed time is 190.706328 seconds.

chan =

   100

Elapsed time is 192.747294 seconds.

chan =

   101

Elapsed time is 197.448543 seconds.

chan =

   102

Elapsed time is 198.694237 seconds.

chan =

   103

Elapsed time is 198.511921 seconds.

chan =

   104

Elapsed time is 198.286265 seconds.

chan =

   105

Elapsed time is 197.195008 seconds.

chan =

   106

Elapsed time is 196.787545 seconds.

chan =

   107

Elapsed time is 197.402564 seconds.
attempting saving
save success: /projects/p31578/dtf8829/QuestConnect/CHANDAT/chanDat_OH27_023.mat
working on TF
encoding done
encoding RT done
retrieval 1 done
retrieval 2 done
attempting saving
save success: /projects/p31578/dtf8829/QuestConnect/CHANDAT/chanDat_OH27_023.mat
working on ISPC
channel: 1 took 0 minutes
channel: 2 took 0 minutes
channel: 3 took 0 minutes
channel: 4 took 0 minutes
channel: 5 took 0 minutes
channel: 6 took 0 minutes
channel: 7 took 0 minutes
channel: 8 took 0 minutes
channel: 9 took 0 minutes
channel: 10 took 0 minutes
channel: 11 took 0 minutes
channel: 12 took 0 minutes
channel: 13 took 0 minutes
channel: 14 took 0 minutes
channel: 15 took 0 minutes
channel: 16 took 0 minutes
channel: 17 took 0 minutes
channel: 18 took 0 minutes
channel: 19 took 0 minutes
channel: 20 took 0 minutes
channel: 21 took 0 minutes
channel: 22 took 0 minutes
channel: 23 took 0 minutes
channel: 24 took 2.7 minutes
channel: 25 took 2.7 minutes
channel: 26 took 2.8 minutes
channel: 27 took 2.7 minutes
channel: 28 took 2.7 minutes
channel: 29 took 2.7 minutes
channel: 30 took 2.7 minutes
channel: 31 took 2.7 minutes
channel: 32 took 2.7 minutes
channel: 33 took 2.7 minutes
channel: 34 took 2.7 minutes
channel: 35 took 2.7 minutes
channel: 36 took 2.7 minutes
channel: 37 took 2.7 minutes
channel: 38 took 2.7 minutes
channel: 39 took 2.7 minutes
channel: 40 took 2.7 minutes
channel: 41 took 2.7 minutes
channel: 42 took 2.7 minutes
channel: 43 took 2.7 minutes
channel: 44 took 2.7 minutes
channel: 45 took 2.7 minutes
channel: 46 took 2.7 minutes
channel: 47 took 2.7 minutes
channel: 48 took 2.7 minutes
channel: 49 took 2.7 minutes
channel: 50 took 2.7 minutes
channel: 51 took 2.7 minutes
channel: 52 took 2.7 minutes
channel: 53 took 2.7 minutes
channel: 54 took 2.7 minutes
channel: 55 took 2.7 minutes
channel: 56 took 2.7 minutes
channel: 57 took 2.7 minutes
channel: 58 took 2.7 minutes
channel: 59 took 2.7 minutes
channel: 60 took 2.7 minutes
channel: 61 took 2.7 minutes
channel: 62 took 2.7 minutes
channel: 63 took 2.7 minutes
channel: 64 took 2.7 minutes
channel: 65 took 2.7 minutes
channel: 66 took 2.7 minutes
channel: 67 took 2.7 minutes
channel: 68 took 2.7 minutes
channel: 69 took 2.7 minutes
channel: 70 took 2.7 minutes
channel: 71 took 2.7 minutes
channel: 72 took 2.7 minutes
channel: 73 took 2.7 minutes
channel: 74 took 2.7 minutes
channel: 75 took 2.7 minutes
channel: 76 took 2.7 minutes
channel: 77 took 2.7 minutes
channel: 78 took 2.7 minutes
channel: 79 took 2.7 minutes
channel: 80 took 2.7 minutes
channel: 81 took 2.7 minutes
channel: 82 took 2.7 minutes
channel: 83 took 2.7 minutes
channel: 84 took 2.7 minutes
channel: 85 took 2.7 minutes
channel: 86 took 2.7 minutes
channel: 87 took 2.7 minutes
channel: 88 took 2.7 minutes
channel: 89 took 2.7 minutes
channel: 90 took 2.7 minutes
channel: 91 took 2.7 minutes
channel: 92 took 2.7 minutes
channel: 93 took 2.7 minutes
channel: 94 took 2.7 minutes
channel: 95 took 2.7 minutes
channel: 96 took 2.7 minutes
channel: 97 took 2.7 minutes
channel: 98 took 2.7 minutes
channel: 99 took 2.7 minutes
channel: 100 took 2.7 minutes
channel: 101 took 2.7 minutes
channel: 102 took 2.7 minutes
channel: 103 took 2.7 minutes
channel: 104 took 2.7 minutes
channel: 105 took 2.7 minutes
channel: 106 took 2.7 minutes
channel: 107 took 2.7 minutes
attempting saving
save success: /projects/p31578/dtf8829/QuestConnect/CHANDAT/chanDat_OH27_023.mat
Elapsed time is 170.031603 seconds.
