getting started: 2313
attempting file: 2313
going for ECoG37 19
data loaded: ECoG37 19
     1

     2

     3

     4

     5

     6

     7

     8

     9

    10

    11

    12

    13

    14

    15

    16

    17

    18

    19

    20

    21

    22

    23

    24

    25

    26

    27

    28

    29

    30

    31

    32

    33

    34

MISMATCH WITH ZACH COORDINATES!!!
HFB already done

chan =

     1

Elapsed time is 277.309466 seconds.

chan =

     2

Elapsed time is 271.893361 seconds.

chan =

     3

Elapsed time is 271.199841 seconds.

chan =

     4

Elapsed time is 272.116582 seconds.

chan =

     5

Elapsed time is 271.173766 seconds.

chan =

     6

Elapsed time is 272.551058 seconds.

chan =

     7

Elapsed time is 272.784884 seconds.

chan =

     8

Elapsed time is 272.340808 seconds.

chan =

     9

Elapsed time is 271.813683 seconds.

chan =

    10

Elapsed time is 273.304427 seconds.

chan =

    11

Elapsed time is 270.169650 seconds.

chan =

    12

Elapsed time is 269.667351 seconds.

chan =

    13

Elapsed time is 270.353467 seconds.

chan =

    14

Elapsed time is 270.521012 seconds.

chan =

    15

Elapsed time is 268.373160 seconds.

chan =

    16

Elapsed time is 262.808975 seconds.

chan =

    17

Elapsed time is 262.357856 seconds.

chan =

    18

Elapsed time is 263.571797 seconds.

chan =

    19

Elapsed time is 264.016919 seconds.

chan =

    20

Elapsed time is 264.465874 seconds.

chan =

    21

Elapsed time is 264.418269 seconds.

chan =

    22

Elapsed time is 270.777153 seconds.

chan =

    23

Elapsed time is 268.758488 seconds.

chan =

    24

Elapsed time is 271.242088 seconds.

chan =

    25

Elapsed time is 273.271002 seconds.

chan =

    26

Elapsed time is 273.876547 seconds.

chan =

    27

Elapsed time is 271.424524 seconds.

chan =

    28

Elapsed time is 273.316972 seconds.

chan =

    29

Elapsed time is 264.755225 seconds.

chan =

    30

Elapsed time is 260.920299 seconds.

chan =

    31

Elapsed time is 256.888797 seconds.

chan =

    32

Elapsed time is 254.178598 seconds.

chan =

    33

Elapsed time is 248.353403 seconds.

chan =

    34

Elapsed time is 239.195340 seconds.
attempting saving
save success: /projects/p31578/dtf8829/QuestConnect/CHANDAT/chanDat_ECoG37_019.mat
working on TF
encoding done
encoding RT done
retrieval 1 done
retrieval 2 done
attempting saving
save success: /projects/p31578/dtf8829/QuestConnect/CHANDAT/chanDat_ECoG37_019.mat
working on ISPC
channel: 1 took 0 minutes
channel: 2 took 0 minutes
channel: 3 took 0 minutes
channel: 4 took 0 minutes
channel: 5 took 0 minutes
channel: 6 took 0 minutes
channel: 7 took 0 minutes
channel: 8 took 0 minutes
channel: 9 took 0 minutes
channel: 10 took 0 minutes
channel: 11 took 0 minutes
channel: 12 took 0 minutes
channel: 13 took 0 minutes
channel: 14 took 0 minutes
channel: 15 took 0 minutes
channel: 16 took 0 minutes
channel: 17 took 0 minutes
channel: 18 took 0 minutes
channel: 19 took 0 minutes
channel: 20 took 3.6 minutes
channel: 21 took 3.6 minutes
channel: 22 took 3.5 minutes
channel: 23 took 3.4 minutes
channel: 24 took 3.3 minutes
channel: 25 took 3.2 minutes
channel: 26 took 3.3 minutes
channel: 27 took 3.6 minutes
channel: 28 took 3.4 minutes
channel: 29 took 3.1 minutes
channel: 30 took 3 minutes
channel: 31 took 3.6 minutes
channel: 32 took 3.5 minutes
channel: 33 took 3.5 minutes
channel: 34 took 3.5 minutes
attempting saving
save success: /projects/p31578/dtf8829/QuestConnect/CHANDAT/chanDat_ECoG37_019.mat
Elapsed time is 214.876681 seconds.
