getting started: 2551
attempting file: 2551
going for NM02 33
data loaded: NM02 9
working on TF
encoding done
retrieval 1 done
retrieval 2 done
attempting saving
save success: /projects/p31578/dtf8829/QuestConnect/CHANDAT/chanDat_NM02_9.mat
working on ISPC

chan =

     1


chan =

     2


chan =

     3


chan =

     4


chan =

     5


chan =

     6


chan =

     7


chan =

     8


chan =

     9


chan =

    10


chan =

    11


chan =

    12


chan =

    13


chan =

    14


chan =

    15


chan =

    16


chan =

    17


chan =

    18


chan =

    19


chan =

    20


chan =

    21


chan =

    22


chan =

    23


chan =

    24


chan =

    25


chan =

    26


chan =

    27


chan =

    28


chan =

    29


chan =

    30


chan =

    31


chan =

    32


chan =

    33

attempting saving
save success: /projects/p31578/dtf8829/QuestConnect/CHANDAT/chanDat_NM02_9.mat
Elapsed time is 1958.980824 seconds.
