getting started: 2848
attempting file: 2848
going for OH27 54
data loaded: OH27 54
HFB already done

chan =

     1

Elapsed time is 226.620970 seconds.

chan =

     2

Elapsed time is 223.920259 seconds.

chan =

     3

Elapsed time is 224.643814 seconds.

chan =

     4

Elapsed time is 226.411208 seconds.

chan =

     5

Elapsed time is 224.969413 seconds.

chan =

     6

Elapsed time is 225.275593 seconds.

chan =

     7

Elapsed time is 225.667867 seconds.

chan =

     8

Elapsed time is 223.707351 seconds.

chan =

     9

Elapsed time is 223.725337 seconds.

chan =

    10

Elapsed time is 224.568857 seconds.

chan =

    11

Elapsed time is 225.306205 seconds.

chan =

    12

Elapsed time is 225.952744 seconds.

chan =

    13

Elapsed time is 223.690304 seconds.

chan =

    14

Elapsed time is 225.858823 seconds.

chan =

    15

Elapsed time is 223.668917 seconds.

chan =

    16

Elapsed time is 223.907301 seconds.

chan =

    17

Elapsed time is 222.971252 seconds.

chan =

    18

Elapsed time is 226.255979 seconds.

chan =

    19

Elapsed time is 222.451457 seconds.

chan =

    20

Elapsed time is 225.315210 seconds.

chan =

    21

Elapsed time is 224.050584 seconds.

chan =

    22

Elapsed time is 225.096277 seconds.

chan =

    23

Elapsed time is 224.288474 seconds.

chan =

    24

Elapsed time is 225.092567 seconds.

chan =

    25

Elapsed time is 223.887656 seconds.

chan =

    26

Elapsed time is 223.717207 seconds.

chan =

    27

Elapsed time is 223.106454 seconds.

chan =

    28

Elapsed time is 224.522041 seconds.

chan =

    29

Elapsed time is 223.789879 seconds.

chan =

    30

Elapsed time is 224.755539 seconds.

chan =

    31

Elapsed time is 224.383333 seconds.

chan =

    32

Elapsed time is 224.135127 seconds.

chan =

    33

Elapsed time is 223.622248 seconds.

chan =

    34

Elapsed time is 225.921629 seconds.

chan =

    35

Elapsed time is 226.043488 seconds.

chan =

    36

Elapsed time is 225.682346 seconds.

chan =

    37

Elapsed time is 225.801882 seconds.

chan =

    38

Elapsed time is 225.563438 seconds.

chan =

    39

Elapsed time is 224.478806 seconds.

chan =

    40

Elapsed time is 225.880513 seconds.

chan =

    41

Elapsed time is 225.356802 seconds.

chan =

    42

Elapsed time is 225.761811 seconds.

chan =

    43

Elapsed time is 223.411051 seconds.

chan =

    44

Elapsed time is 226.238603 seconds.

chan =

    45

Elapsed time is 225.950501 seconds.

chan =

    46

Elapsed time is 225.848585 seconds.

chan =

    47

Elapsed time is 223.638073 seconds.

chan =

    48

Elapsed time is 225.561524 seconds.

chan =

    49

Elapsed time is 220.462022 seconds.

chan =

    50

Elapsed time is 220.237236 seconds.

chan =

    51

Elapsed time is 220.578485 seconds.

chan =

    52

Elapsed time is 221.305035 seconds.

chan =

    53

Elapsed time is 222.260199 seconds.

chan =

    54

Elapsed time is 221.721014 seconds.

chan =

    55

Elapsed time is 221.089444 seconds.

chan =

    56

Elapsed time is 221.835870 seconds.

chan =

    57

Elapsed time is 220.534665 seconds.

chan =

    58

Elapsed time is 222.496631 seconds.

chan =

    59

Elapsed time is 220.469982 seconds.

chan =

    60

Elapsed time is 222.577998 seconds.

chan =

    61

Elapsed time is 222.156315 seconds.

chan =

    62

Elapsed time is 221.509496 seconds.

chan =

    63

Elapsed time is 222.582843 seconds.

chan =

    64

Elapsed time is 221.281159 seconds.

chan =

    65

Elapsed time is 219.823273 seconds.

chan =

    66

Elapsed time is 223.407267 seconds.

chan =

    67

Elapsed time is 222.995188 seconds.

chan =

    68

Elapsed time is 222.242095 seconds.

chan =

    69

Elapsed time is 222.311886 seconds.

chan =

    70

Elapsed time is 221.091913 seconds.

chan =

    71

Elapsed time is 221.858066 seconds.

chan =

    72

Elapsed time is 222.896281 seconds.

chan =

    73

Elapsed time is 222.257924 seconds.

chan =

    74

Elapsed time is 221.984328 seconds.

chan =

    75

Elapsed time is 223.162725 seconds.

chan =

    76

Elapsed time is 221.193498 seconds.

chan =

    77

Elapsed time is 222.621924 seconds.

chan =

    78

Elapsed time is 224.381728 seconds.

chan =

    79

Elapsed time is 224.216380 seconds.

chan =

    80

Elapsed time is 223.533755 seconds.

chan =

    81

Elapsed time is 223.385218 seconds.

chan =

    82

Elapsed time is 224.236127 seconds.

chan =

    83

Elapsed time is 223.970049 seconds.

chan =

    84

Elapsed time is 224.333795 seconds.

chan =

    85

Elapsed time is 219.989673 seconds.

chan =

    86

Elapsed time is 218.287686 seconds.

chan =

    87

Elapsed time is 219.582040 seconds.

chan =

    88

Elapsed time is 217.151943 seconds.

chan =

    89

Elapsed time is 220.450426 seconds.

chan =

    90

Elapsed time is 221.898807 seconds.

chan =

    91

Elapsed time is 218.619502 seconds.

chan =

    92

Elapsed time is 216.730581 seconds.

chan =

    93

Elapsed time is 217.169861 seconds.

chan =

    94

Elapsed time is 216.329133 seconds.

chan =

    95

Elapsed time is 216.328296 seconds.

chan =

    96

Elapsed time is 215.924135 seconds.

chan =

    97

Elapsed time is 215.801468 seconds.

chan =

    98

Elapsed time is 215.447721 seconds.

chan =

    99

Elapsed time is 214.900126 seconds.

chan =

   100

Elapsed time is 216.189426 seconds.

chan =

   101

Elapsed time is 218.304426 seconds.

chan =

   102

Elapsed time is 217.578823 seconds.

chan =

   103

Elapsed time is 217.844053 seconds.

chan =

   104

Elapsed time is 216.789955 seconds.

chan =

   105

Elapsed time is 217.363355 seconds.

chan =

   106

Elapsed time is 217.140589 seconds.

chan =

   107

Elapsed time is 217.722664 seconds.
attempting saving
save success: /projects/p31578/dtf8829/QuestConnect/CHANDAT/chanDat_OH27_054.mat
working on TF
encoding done
encoding RT done
retrieval 1 done
retrieval 2 done
attempting saving
save success: /projects/p31578/dtf8829/QuestConnect/CHANDAT/chanDat_OH27_054.mat
working on ISPC
channel: 1 took 0 minutes
channel: 2 took 0 minutes
channel: 3 took 0 minutes
channel: 4 took 0 minutes
channel: 5 took 0 minutes
channel: 6 took 0 minutes
channel: 7 took 0 minutes
channel: 8 took 0 minutes
channel: 9 took 0 minutes
channel: 10 took 0 minutes
channel: 11 took 0 minutes
channel: 12 took 0 minutes
channel: 13 took 0 minutes
channel: 14 took 0 minutes
channel: 15 took 0 minutes
channel: 16 took 0 minutes
channel: 17 took 0 minutes
channel: 18 took 0 minutes
channel: 19 took 0 minutes
channel: 20 took 0 minutes
channel: 21 took 0 minutes
channel: 22 took 0 minutes
channel: 23 took 0 minutes
channel: 24 took 0 minutes
channel: 25 took 0 minutes
channel: 26 took 0 minutes
channel: 27 took 0 minutes
channel: 28 took 0 minutes
channel: 29 took 0 minutes
channel: 30 took 0 minutes
channel: 31 took 0 minutes
channel: 32 took 0 minutes
channel: 33 took 0 minutes
channel: 34 took 0 minutes
channel: 35 took 0 minutes
channel: 36 took 0 minutes
channel: 37 took 0 minutes
channel: 38 took 0 minutes
channel: 39 took 0 minutes
channel: 40 took 0 minutes
channel: 41 took 0 minutes
channel: 42 took 0 minutes
channel: 43 took 0 minutes
channel: 44 took 0 minutes
channel: 45 took 0 minutes
channel: 46 took 0 minutes
channel: 47 took 0 minutes
channel: 48 took 0 minutes
channel: 49 took 0 minutes
channel: 50 took 0 minutes
channel: 51 took 0 minutes
channel: 52 took 0 minutes
channel: 53 took 0 minutes
channel: 54 took 0 minutes
channel: 55 took 3.2 minutes
channel: 56 took 3.1 minutes
channel: 57 took 3.1 minutes
channel: 58 took 3.1 minutes
channel: 59 took 3.1 minutes
channel: 60 took 3.1 minutes
channel: 61 took 3.1 minutes
channel: 62 took 3.1 minutes
channel: 63 took 3.1 minutes
channel: 64 took 3.1 minutes
channel: 65 took 3.1 minutes
channel: 66 took 3.1 minutes
channel: 67 took 3.1 minutes
channel: 68 took 3.1 minutes
channel: 69 took 3.1 minutes
channel: 70 took 3.1 minutes
channel: 71 took 3.1 minutes
channel: 72 took 3.1 minutes
channel: 73 took 3.1 minutes
channel: 74 took 3.1 minutes
channel: 75 took 3.1 minutes
channel: 76 took 3.1 minutes
channel: 77 took 3.1 minutes
channel: 78 took 3.1 minutes
channel: 79 took 3.1 minutes
channel: 80 took 3.1 minutes
channel: 81 took 3.1 minutes
channel: 82 took 3.1 minutes
channel: 83 took 3.1 minutes
channel: 84 took 3.1 minutes
channel: 85 took 3.1 minutes
channel: 86 took 3.1 minutes
channel: 87 took 3.1 minutes
channel: 88 took 3.1 minutes
channel: 89 took 3.1 minutes
channel: 90 took 3.1 minutes
channel: 91 took 3.1 minutes
channel: 92 took 3.1 minutes
channel: 93 took 3.1 minutes
channel: 94 took 3.1 minutes
channel: 95 took 3.1 minutes
channel: 96 took 3.1 minutes
channel: 97 took 3.1 minutes
channel: 98 took 3.1 minutes
channel: 99 took 3.1 minutes
channel: 100 took 3.1 minutes
channel: 101 took 3.1 minutes
channel: 102 took 3.1 minutes
channel: 103 took 3.1 minutes
channel: 104 took 3.1 minutes
channel: 105 took 3.1 minutes
channel: 106 took 3.1 minutes
channel: 107 took 3.1 minutes
attempting saving
save success: /projects/p31578/dtf8829/QuestConnect/CHANDAT/chanDat_OH27_054.mat
Elapsed time is 189.704427 seconds.
