getting started: 2311
attempting file: 2311
going for ECoG37 17
data loaded: ECoG37 17
     1

     2

     3

     4

     5

     6

     7

     8

     9

    10

    11

    12

    13

    14

    15

    16

    17

    18

    19

    20

    21

    22

    23

    24

    25

    26

    27

    28

    29

    30

    31

    32

    33

    34

MISMATCH WITH ZACH COORDINATES!!!
HFB already done

chan =

     1

Elapsed time is 266.298248 seconds.

chan =

     2

Elapsed time is 268.259741 seconds.

chan =

     3

Elapsed time is 266.264829 seconds.

chan =

     4

Elapsed time is 265.076019 seconds.

chan =

     5

Elapsed time is 262.708466 seconds.

chan =

     6

Elapsed time is 270.549950 seconds.

chan =

     7

Elapsed time is 273.115152 seconds.

chan =

     8

Elapsed time is 268.503644 seconds.

chan =

     9

Elapsed time is 270.842731 seconds.

chan =

    10

Elapsed time is 267.333259 seconds.

chan =

    11

Elapsed time is 266.733401 seconds.

chan =

    12

Elapsed time is 268.823758 seconds.

chan =

    13

Elapsed time is 268.737294 seconds.

chan =

    14

Elapsed time is 266.844550 seconds.

chan =

    15

Elapsed time is 266.818576 seconds.

chan =

    16

Elapsed time is 265.296752 seconds.

chan =

    17

Elapsed time is 265.598581 seconds.

chan =

    18

Elapsed time is 263.446553 seconds.

chan =

    19

Elapsed time is 265.179960 seconds.

chan =

    20

Elapsed time is 259.172589 seconds.

chan =

    21

Elapsed time is 256.402716 seconds.

chan =

    22

Elapsed time is 249.445780 seconds.

chan =

    23

Elapsed time is 241.683484 seconds.

chan =

    24

Elapsed time is 237.025824 seconds.

chan =

    25

Elapsed time is 237.467292 seconds.

chan =

    26

Elapsed time is 235.329936 seconds.

chan =

    27

Elapsed time is 236.150391 seconds.

chan =

    28

Elapsed time is 236.057834 seconds.

chan =

    29

Elapsed time is 233.465203 seconds.

chan =

    30

Elapsed time is 230.979392 seconds.

chan =

    31

Elapsed time is 237.169215 seconds.

chan =

    32

Elapsed time is 238.527260 seconds.

chan =

    33

Elapsed time is 240.475319 seconds.

chan =

    34

Elapsed time is 244.359182 seconds.
attempting saving
save success: /projects/p31578/dtf8829/QuestConnect/CHANDAT/chanDat_ECoG37_017.mat
working on TF
encoding done
encoding RT done
retrieval 1 done
retrieval 2 done
attempting saving
save success: /projects/p31578/dtf8829/QuestConnect/CHANDAT/chanDat_ECoG37_017.mat
working on ISPC
channel: 1 took 0 minutes
channel: 2 took 0 minutes
channel: 3 took 0 minutes
channel: 4 took 0 minutes
channel: 5 took 0 minutes
channel: 6 took 0 minutes
channel: 7 took 0 minutes
channel: 8 took 0 minutes
channel: 9 took 0 minutes
channel: 10 took 0 minutes
channel: 11 took 0 minutes
channel: 12 took 0 minutes
channel: 13 took 0 minutes
channel: 14 took 0 minutes
channel: 15 took 0 minutes
channel: 16 took 0 minutes
channel: 17 took 0 minutes
channel: 18 took 3.8 minutes
channel: 19 took 3.4 minutes
channel: 20 took 3.6 minutes
channel: 21 took 3.6 minutes
channel: 22 took 3.6 minutes
channel: 23 took 3.6 minutes
channel: 24 took 3.6 minutes
channel: 25 took 3.5 minutes
channel: 26 took 3.5 minutes
channel: 27 took 3.6 minutes
channel: 28 took 3.6 minutes
channel: 29 took 3.6 minutes
channel: 30 took 3.6 minutes
channel: 31 took 3.5 minutes
channel: 32 took 3.6 minutes
channel: 33 took 3.6 minutes
channel: 34 took 3.6 minutes
attempting saving
save success: /projects/p31578/dtf8829/QuestConnect/CHANDAT/chanDat_ECoG37_017.mat
Elapsed time is 218.311467 seconds.
