getting started: 2583
attempting file: 2583
going for LC05 12
data loaded: LC05 12
HFB already done
already done with leadLag
working on TF
encoding done
encoding RT done
retrieval 1 done
retrieval 2 done
attempting saving
save success: /projects/p31578/dtf8829/QuestConnect/CHANDAT/chanDat_LC05_012.mat
working on ISPC
channel: 1 took 0 minutes
channel: 2 took 0 minutes
channel: 3 took 0 minutes
channel: 4 took 0 minutes
channel: 5 took 0 minutes
channel: 6 took 0 minutes
channel: 7 took 0 minutes
channel: 8 took 0 minutes
channel: 9 took 0 minutes
channel: 10 took 0 minutes
channel: 11 took 0 minutes
channel: 12 took 0 minutes
channel: 13 took 2.2 minutes
channel: 14 took 2.2 minutes
channel: 15 took 2.2 minutes
channel: 16 took 2.2 minutes
channel: 17 took 2.2 minutes
channel: 18 took 2.2 minutes
channel: 19 took 2.2 minutes
channel: 20 took 2.2 minutes
channel: 21 took 2.2 minutes
channel: 22 took 2.2 minutes
channel: 23 took 2.2 minutes
channel: 24 took 2.2 minutes
channel: 25 took 2.2 minutes
channel: 26 took 2.2 minutes
channel: 27 took 2.2 minutes
channel: 28 took 2.2 minutes
channel: 29 took 2.2 minutes
channel: 30 took 2.2 minutes
channel: 31 took 2.2 minutes
channel: 32 took 2.2 minutes
channel: 33 took 2.2 minutes
attempting saving
save success: /projects/p31578/dtf8829/QuestConnect/CHANDAT/chanDat_LC05_012.mat
Elapsed time is 133.084358 seconds.
