getting started: 249
attempting file: 249
going for DA8 3
data loaded: DA8 3
HFB already done
already done with leadLag
working on TF
encoding done
encoding RT done
retrieval 1 done
retrieval 2 done
attempting saving
save success: /projects/p31578/dtf8829/QuestConnect/CHANDAT/chanDat_DA8_003.mat
working on ISPC
channel: 1 took 0 minutes
channel: 2 took 0 minutes
channel: 3 took 0 minutes
channel: 4 took 4.7 minutes
channel: 5 took 4.2 minutes
channel: 6 took 4.5 minutes
channel: 7 took 4.4 minutes
channel: 8 took 4.9 minutes
channel: 9 took 4.8 minutes
channel: 10 took 4.9 minutes
channel: 11 took 4.9 minutes
channel: 12 took 4.9 minutes
channel: 13 took 4.9 minutes
channel: 14 took 4.8 minutes
channel: 15 took 4.9 minutes
channel: 16 took 5 minutes
channel: 17 took 5 minutes
attempting saving
save success: /projects/p31578/dtf8829/QuestConnect/CHANDAT/chanDat_DA8_003.mat
Elapsed time is 303.258393 seconds.
