getting started: 2312
attempting file: 2312
going for ECoG37 18
data loaded: ECoG37 18
     1

     2

     3

     4

     5

     6

     7

     8

     9

    10

    11

    12

    13

    14

    15

    16

    17

    18

    19

    20

    21

    22

    23

    24

    25

    26

    27

    28

    29

    30

    31

    32

    33

    34

MISMATCH WITH ZACH COORDINATES!!!
HFB already done

chan =

     1

Elapsed time is 270.972117 seconds.

chan =

     2

Elapsed time is 266.448805 seconds.

chan =

     3

Elapsed time is 266.263553 seconds.

chan =

     4

Elapsed time is 265.976773 seconds.

chan =

     5

Elapsed time is 263.616063 seconds.

chan =

     6

Elapsed time is 266.739812 seconds.

chan =

     7

Elapsed time is 266.824271 seconds.

chan =

     8

Elapsed time is 266.335034 seconds.

chan =

     9

Elapsed time is 265.308880 seconds.

chan =

    10

Elapsed time is 265.415991 seconds.

chan =

    11

Elapsed time is 263.329371 seconds.

chan =

    12

Elapsed time is 265.125375 seconds.

chan =

    13

Elapsed time is 265.208751 seconds.

chan =

    14

Elapsed time is 266.296804 seconds.

chan =

    15

Elapsed time is 266.060102 seconds.

chan =

    16

Elapsed time is 265.870391 seconds.

chan =

    17

Elapsed time is 262.780169 seconds.

chan =

    18

Elapsed time is 262.324167 seconds.

chan =

    19

Elapsed time is 262.598099 seconds.

chan =

    20

Elapsed time is 262.787769 seconds.

chan =

    21

Elapsed time is 263.028909 seconds.

chan =

    22

Elapsed time is 261.020349 seconds.

chan =

    23

Elapsed time is 259.429169 seconds.

chan =

    24

Elapsed time is 259.554648 seconds.

chan =

    25

Elapsed time is 261.937439 seconds.

chan =

    26

Elapsed time is 263.195204 seconds.

chan =

    27

Elapsed time is 259.529618 seconds.

chan =

    28

Elapsed time is 261.327729 seconds.

chan =

    29

Elapsed time is 261.014460 seconds.

chan =

    30

Elapsed time is 260.074666 seconds.

chan =

    31

Elapsed time is 263.705074 seconds.

chan =

    32

Elapsed time is 263.443880 seconds.

chan =

    33

Elapsed time is 260.469003 seconds.

chan =

    34

Elapsed time is 262.023642 seconds.
attempting saving
save success: /projects/p31578/dtf8829/QuestConnect/CHANDAT/chanDat_ECoG37_018.mat
working on TF
encoding done
encoding RT done
retrieval 1 done
retrieval 2 done
attempting saving
save success: /projects/p31578/dtf8829/QuestConnect/CHANDAT/chanDat_ECoG37_018.mat
working on ISPC
channel: 1 took 0 minutes
channel: 2 took 0 minutes
channel: 3 took 0 minutes
channel: 4 took 0 minutes
channel: 5 took 0 minutes
channel: 6 took 0 minutes
channel: 7 took 0 minutes
channel: 8 took 0 minutes
channel: 9 took 0 minutes
channel: 10 took 0 minutes
channel: 11 took 0 minutes
channel: 12 took 0 minutes
channel: 13 took 0 minutes
channel: 14 took 0 minutes
channel: 15 took 0 minutes
channel: 16 took 0 minutes
channel: 17 took 0 minutes
channel: 18 took 0 minutes
channel: 19 took 4.1 minutes
channel: 20 took 4.1 minutes
channel: 21 took 4.1 minutes
channel: 22 took 4 minutes
channel: 23 took 4 minutes
channel: 24 took 4.1 minutes
channel: 25 took 4.1 minutes
channel: 26 took 4 minutes
channel: 27 took 4 minutes
channel: 28 took 4 minutes
channel: 29 took 4.1 minutes
channel: 30 took 4 minutes
channel: 31 took 4.1 minutes
channel: 32 took 4.1 minutes
channel: 33 took 4.1 minutes
channel: 34 took 4.1 minutes
attempting saving
save success: /projects/p31578/dtf8829/QuestConnect/CHANDAT/chanDat_ECoG37_018.mat
Elapsed time is 245.889718 seconds.
