getting started: 2308
attempting file: 2308
going for ECoG37 14
data loaded: ECoG37 14
     1

     2

     3

     4

     5

     6

     7

     8

     9

    10

    11

    12

    13

    14

    15

    16

    17

    18

    19

    20

    21

    22

    23

    24

    25

    26

    27

    28

    29

    30

    31

    32

    33

    34

MISMATCH WITH ZACH COORDINATES!!!
HFB already done

chan =

     1

Elapsed time is 288.827223 seconds.

chan =

     2

Elapsed time is 276.187955 seconds.

chan =

     3

Elapsed time is 273.885439 seconds.

chan =

     4

Elapsed time is 279.046581 seconds.

chan =

     5

Elapsed time is 283.957268 seconds.

chan =

     6

Elapsed time is 283.377164 seconds.

chan =

     7

Elapsed time is 284.014607 seconds.

chan =

     8

Elapsed time is 283.132816 seconds.

chan =

     9

Elapsed time is 283.695833 seconds.

chan =

    10

Elapsed time is 282.115947 seconds.

chan =

    11

Elapsed time is 279.223198 seconds.

chan =

    12

Elapsed time is 281.736729 seconds.

chan =

    13

Elapsed time is 282.559603 seconds.

chan =

    14

Elapsed time is 284.398041 seconds.

chan =

    15

Elapsed time is 279.644477 seconds.

chan =

    16

Elapsed time is 276.063630 seconds.

chan =

    17

Elapsed time is 275.264264 seconds.

chan =

    18

Elapsed time is 276.545721 seconds.

chan =

    19

Elapsed time is 275.825768 seconds.

chan =

    20

Elapsed time is 275.871346 seconds.

chan =

    21

Elapsed time is 276.364855 seconds.

chan =

    22

Elapsed time is 274.584484 seconds.

chan =

    23

Elapsed time is 272.736624 seconds.

chan =

    24

Elapsed time is 274.400614 seconds.

chan =

    25

Elapsed time is 275.218003 seconds.

chan =

    26

Elapsed time is 273.127497 seconds.

chan =

    27

Elapsed time is 266.151303 seconds.

chan =

    28

Elapsed time is 262.580913 seconds.

chan =

    29

Elapsed time is 258.842429 seconds.

chan =

    30

Elapsed time is 257.417244 seconds.

chan =

    31

Elapsed time is 258.708480 seconds.

chan =

    32

Elapsed time is 269.220327 seconds.

chan =

    33

Elapsed time is 265.247172 seconds.

chan =

    34

Elapsed time is 257.585393 seconds.
attempting saving
save success: /projects/p31578/dtf8829/QuestConnect/CHANDAT/chanDat_ECoG37_014.mat
working on TF
encoding done
encoding RT done
retrieval 1 done
retrieval 2 done
attempting saving
save success: /projects/p31578/dtf8829/QuestConnect/CHANDAT/chanDat_ECoG37_014.mat
working on ISPC
channel: 1 took 0 minutes
channel: 2 took 0 minutes
channel: 3 took 0 minutes
channel: 4 took 0 minutes
channel: 5 took 0 minutes
channel: 6 took 0 minutes
channel: 7 took 0 minutes
channel: 8 took 0 minutes
channel: 9 took 0 minutes
channel: 10 took 0 minutes
channel: 11 took 0 minutes
channel: 12 took 0 minutes
channel: 13 took 0 minutes
channel: 14 took 0 minutes
channel: 15 took 3.9 minutes
channel: 16 took 3.9 minutes
channel: 17 took 3.9 minutes
channel: 18 took 3.8 minutes
channel: 19 took 3.8 minutes
channel: 20 took 3.9 minutes
channel: 21 took 3.9 minutes
channel: 22 took 3.9 minutes
channel: 23 took 3.9 minutes
channel: 24 took 3.8 minutes
channel: 25 took 3.8 minutes
channel: 26 took 3.9 minutes
channel: 27 took 3.9 minutes
channel: 28 took 3.9 minutes
channel: 29 took 3.9 minutes
channel: 30 took 3.8 minutes
channel: 31 took 3.8 minutes
channel: 32 took 3.8 minutes
channel: 33 took 3.8 minutes
channel: 34 took 3.7 minutes
attempting saving
save success: /projects/p31578/dtf8829/QuestConnect/CHANDAT/chanDat_ECoG37_014.mat
Elapsed time is 226.863305 seconds.
