getting started: 2295
attempting file: 2295
going for ECoG37 1
data loaded: ECoG37 1
     1

     2

     3

     4

     5

     6

     7

     8

     9

    10

    11

    12

    13

    14

    15

    16

    17

    18

    19

    20

    21

    22

    23

    24

    25

    26

    27

    28

    29

    30

    31

    32

    33

    34

MISMATCH WITH ZACH COORDINATES!!!
HFB already done

chan =

     1

Elapsed time is 259.697708 seconds.

chan =

     2

Elapsed time is 253.406251 seconds.

chan =

     3

Elapsed time is 251.130231 seconds.

chan =

     4

Elapsed time is 270.713439 seconds.

chan =

     5

Elapsed time is 268.451070 seconds.

chan =

     6

Elapsed time is 273.677140 seconds.

chan =

     7

Elapsed time is 282.167177 seconds.

chan =

     8

Elapsed time is 269.195921 seconds.

chan =

     9

Elapsed time is 269.044652 seconds.

chan =

    10

Elapsed time is 266.748763 seconds.

chan =

    11

Elapsed time is 263.713025 seconds.

chan =

    12

Elapsed time is 267.101772 seconds.

chan =

    13

Elapsed time is 280.099800 seconds.

chan =

    14

Elapsed time is 276.373972 seconds.

chan =

    15

Elapsed time is 274.494077 seconds.

chan =

    16

Elapsed time is 275.389086 seconds.

chan =

    17

Elapsed time is 276.270571 seconds.

chan =

    18

Elapsed time is 276.131987 seconds.

chan =

    19

Elapsed time is 277.498193 seconds.

chan =

    20

Elapsed time is 277.559242 seconds.

chan =

    21

Elapsed time is 268.103828 seconds.

chan =

    22

Elapsed time is 271.914045 seconds.

chan =

    23

Elapsed time is 271.301350 seconds.

chan =

    24

Elapsed time is 270.265635 seconds.

chan =

    25

Elapsed time is 271.375225 seconds.

chan =

    26

Elapsed time is 272.018697 seconds.

chan =

    27

Elapsed time is 259.988912 seconds.

chan =

    28

Elapsed time is 272.884190 seconds.

chan =

    29

Elapsed time is 270.390294 seconds.

chan =

    30

Elapsed time is 270.508432 seconds.

chan =

    31

Elapsed time is 276.550174 seconds.

chan =

    32

Elapsed time is 271.803672 seconds.

chan =

    33

Elapsed time is 254.857504 seconds.

chan =

    34

Elapsed time is 258.387207 seconds.
attempting saving
save success: /projects/p31578/dtf8829/QuestConnect/CHANDAT/chanDat_ECoG37_001.mat
working on TF
encoding done
encoding RT done
retrieval 1 done
retrieval 2 done
attempting saving
save success: /projects/p31578/dtf8829/QuestConnect/CHANDAT/chanDat_ECoG37_001.mat
working on ISPC
channel: 1 took 0 minutes
channel: 2 took 4.1 minutes
channel: 3 took 4.1 minutes
channel: 4 took 4.1 minutes
channel: 5 took 4.1 minutes
channel: 6 took 3.8 minutes
channel: 7 took 3.9 minutes
channel: 8 took 3.9 minutes
channel: 9 took 4.1 minutes
channel: 10 took 4.1 minutes
channel: 11 took 4.1 minutes
channel: 12 took 3.8 minutes
channel: 13 took 3.9 minutes
channel: 14 took 3.8 minutes
channel: 15 took 4.1 minutes
channel: 16 took 4.1 minutes
channel: 17 took 4.1 minutes
channel: 18 took 3.9 minutes
channel: 19 took 4 minutes
channel: 20 took 4 minutes
channel: 21 took 4.1 minutes
channel: 22 took 4.1 minutes
channel: 23 took 4.1 minutes
channel: 24 took 3.9 minutes
channel: 25 took 4 minutes
channel: 26 took 4 minutes
channel: 27 took 4.1 minutes
channel: 28 took 4.1 minutes
channel: 29 took 4.1 minutes
channel: 30 took 3.8 minutes
channel: 31 took 3.9 minutes
channel: 32 took 4 minutes
channel: 33 took 4 minutes
channel: 34 took 4 minutes
attempting saving
save success: /projects/p31578/dtf8829/QuestConnect/CHANDAT/chanDat_ECoG37_001.mat
Elapsed time is 244.591083 seconds.
