getting started: 2325
attempting file: 2325
going for ECoG37 31
data loaded: ECoG37 31
     1

     2

     3

     4

     5

     6

     7

     8

     9

    10

    11

    12

    13

    14

    15

    16

    17

    18

    19

    20

    21

    22

    23

    24

    25

    26

    27

    28

    29

    30

    31

    32

    33

    34

MISMATCH WITH ZACH COORDINATES!!!
HFB already done

chan =

     1

Elapsed time is 220.053560 seconds.

chan =

     2

Elapsed time is 220.793063 seconds.

chan =

     3

Elapsed time is 221.449370 seconds.

chan =

     4

Elapsed time is 219.920429 seconds.

chan =

     5

Elapsed time is 219.311817 seconds.

chan =

     6

Elapsed time is 218.700550 seconds.

chan =

     7

Elapsed time is 245.180800 seconds.

chan =

     8

Elapsed time is 244.726548 seconds.

chan =

     9

Elapsed time is 247.278970 seconds.

chan =

    10

Elapsed time is 247.024434 seconds.

chan =

    11

Elapsed time is 244.199815 seconds.

chan =

    12

Elapsed time is 246.258547 seconds.

chan =

    13

Elapsed time is 258.126028 seconds.

chan =

    14

Elapsed time is 262.246177 seconds.

chan =

    15

Elapsed time is 260.327402 seconds.

chan =

    16

Elapsed time is 266.280013 seconds.

chan =

    17

Elapsed time is 260.269647 seconds.

chan =

    18

Elapsed time is 266.118864 seconds.

chan =

    19

Elapsed time is 263.272442 seconds.

chan =

    20

Elapsed time is 264.228748 seconds.

chan =

    21

Elapsed time is 259.811874 seconds.

chan =

    22

Elapsed time is 262.457731 seconds.

chan =

    23

Elapsed time is 261.679181 seconds.

chan =

    24

Elapsed time is 263.420783 seconds.

chan =

    25

Elapsed time is 264.164141 seconds.

chan =

    26

Elapsed time is 260.703271 seconds.

chan =

    27

Elapsed time is 260.987342 seconds.

chan =

    28

Elapsed time is 261.601742 seconds.

chan =

    29

Elapsed time is 258.877567 seconds.

chan =

    30

Elapsed time is 260.946558 seconds.

chan =

    31

Elapsed time is 262.345134 seconds.

chan =

    32

Elapsed time is 266.123993 seconds.

chan =

    33

Elapsed time is 263.544083 seconds.

chan =

    34

Elapsed time is 256.120852 seconds.
attempting saving
save success: /projects/p31578/dtf8829/QuestConnect/CHANDAT/chanDat_ECoG37_031.mat
working on TF
encoding done
encoding RT done
retrieval 1 done
retrieval 2 done
attempting saving
save success: /projects/p31578/dtf8829/QuestConnect/CHANDAT/chanDat_ECoG37_031.mat
working on ISPC
channel: 1 took 0 minutes
channel: 2 took 0 minutes
channel: 3 took 0 minutes
channel: 4 took 0 minutes
channel: 5 took 0 minutes
channel: 6 took 0 minutes
channel: 7 took 0 minutes
channel: 8 took 0 minutes
channel: 9 took 0 minutes
channel: 10 took 0 minutes
channel: 11 took 0 minutes
channel: 12 took 0 minutes
channel: 13 took 0 minutes
channel: 14 took 0 minutes
channel: 15 took 0 minutes
channel: 16 took 0 minutes
channel: 17 took 0 minutes
channel: 18 took 0 minutes
channel: 19 took 0 minutes
channel: 20 took 0 minutes
channel: 21 took 0 minutes
channel: 22 took 0 minutes
channel: 23 took 0 minutes
channel: 24 took 0 minutes
channel: 25 took 0 minutes
channel: 26 took 0 minutes
channel: 27 took 0 minutes
channel: 28 took 0 minutes
channel: 29 took 0 minutes
channel: 30 took 0 minutes
channel: 31 took 0 minutes
channel: 32 took 3.4 minutes
channel: 33 took 3.4 minutes
channel: 34 took 3.3 minutes
attempting saving
save success: /projects/p31578/dtf8829/QuestConnect/CHANDAT/chanDat_ECoG37_031.mat
Elapsed time is 201.932194 seconds.
