getting started: 2328
attempting file: 2328
going for ECoG37 34
data loaded: ECoG37 34
     1

     2

     3

     4

     5

     6

     7

     8

     9

    10

    11

    12

    13

    14

    15

    16

    17

    18

    19

    20

    21

    22

    23

    24

    25

    26

    27

    28

    29

    30

    31

    32

    33

    34

MISMATCH WITH ZACH COORDINATES!!!
HFB already done

chan =

     1

Elapsed time is 235.700778 seconds.

chan =

     2

Elapsed time is 233.000695 seconds.

chan =

     3

Elapsed time is 225.883506 seconds.

chan =

     4

Elapsed time is 232.719099 seconds.

chan =

     5

Elapsed time is 231.195403 seconds.

chan =

     6

Elapsed time is 226.456136 seconds.

chan =

     7

Elapsed time is 222.135681 seconds.

chan =

     8

Elapsed time is 249.957590 seconds.

chan =

     9

Elapsed time is 243.268218 seconds.

chan =

    10

Elapsed time is 245.075802 seconds.

chan =

    11

Elapsed time is 251.146893 seconds.

chan =

    12

Elapsed time is 244.610346 seconds.

chan =

    13

Elapsed time is 259.866672 seconds.

chan =

    14

Elapsed time is 257.894014 seconds.

chan =

    15

Elapsed time is 263.102878 seconds.

chan =

    16

Elapsed time is 265.078856 seconds.

chan =

    17

Elapsed time is 263.720675 seconds.

chan =

    18

Elapsed time is 263.549308 seconds.

chan =

    19

Elapsed time is 266.013522 seconds.

chan =

    20

Elapsed time is 260.411252 seconds.

chan =

    21

Elapsed time is 260.761205 seconds.

chan =

    22

Elapsed time is 261.589754 seconds.

chan =

    23

Elapsed time is 263.968180 seconds.

chan =

    24

Elapsed time is 260.924232 seconds.

chan =

    25

Elapsed time is 258.777119 seconds.

chan =

    26

Elapsed time is 257.111221 seconds.

chan =

    27

Elapsed time is 257.806170 seconds.

chan =

    28

Elapsed time is 259.609491 seconds.

chan =

    29

Elapsed time is 258.560698 seconds.

chan =

    30

Elapsed time is 254.323610 seconds.

chan =

    31

Elapsed time is 259.491843 seconds.

chan =

    32

Elapsed time is 262.724037 seconds.

chan =

    33

Elapsed time is 257.468043 seconds.

chan =

    34

Elapsed time is 258.264525 seconds.
attempting saving
save success: /projects/p31578/dtf8829/QuestConnect/CHANDAT/chanDat_ECoG37_034.mat
working on TF
encoding done
encoding RT done
retrieval 1 done
retrieval 2 done
attempting saving
save success: /projects/p31578/dtf8829/QuestConnect/CHANDAT/chanDat_ECoG37_034.mat
working on ISPC
channel: 1 took 0 minutes
channel: 2 took 0 minutes
channel: 3 took 0 minutes
channel: 4 took 0 minutes
channel: 5 took 0 minutes
channel: 6 took 0 minutes
channel: 7 took 0 minutes
channel: 8 took 0 minutes
channel: 9 took 0 minutes
channel: 10 took 0 minutes
channel: 11 took 0 minutes
channel: 12 took 0 minutes
channel: 13 took 0 minutes
channel: 14 took 0 minutes
channel: 15 took 0 minutes
channel: 16 took 0 minutes
channel: 17 took 0 minutes
channel: 18 took 0 minutes
channel: 19 took 0 minutes
channel: 20 took 0 minutes
channel: 21 took 0 minutes
channel: 22 took 0 minutes
channel: 23 took 0 minutes
channel: 24 took 0 minutes
channel: 25 took 0 minutes
channel: 26 took 0 minutes
channel: 27 took 0 minutes
channel: 28 took 0 minutes
channel: 29 took 0 minutes
channel: 30 took 0 minutes
channel: 31 took 0 minutes
channel: 32 took 0 minutes
channel: 33 took 0 minutes
channel: 34 took 0 minutes
attempting saving
save success: /projects/p31578/dtf8829/QuestConnect/CHANDAT/chanDat_ECoG37_034.mat
Elapsed time is 1.712938 seconds.
