getting started: 2296
attempting file: 2296
going for ECoG37 2
data loaded: ECoG37 2
     1

     2

     3

     4

     5

     6

     7

     8

     9

    10

    11

    12

    13

    14

    15

    16

    17

    18

    19

    20

    21

    22

    23

    24

    25

    26

    27

    28

    29

    30

    31

    32

    33

    34

MISMATCH WITH ZACH COORDINATES!!!
HFB already done

chan =

     1

Elapsed time is 259.887180 seconds.

chan =

     2

Elapsed time is 253.530257 seconds.

chan =

     3

Elapsed time is 252.524981 seconds.

chan =

     4

Elapsed time is 270.020389 seconds.

chan =

     5

Elapsed time is 269.404724 seconds.

chan =

     6

Elapsed time is 274.090604 seconds.

chan =

     7

Elapsed time is 281.280397 seconds.

chan =

     8

Elapsed time is 269.068457 seconds.

chan =

     9

Elapsed time is 269.971371 seconds.

chan =

    10

Elapsed time is 266.681578 seconds.

chan =

    11

Elapsed time is 262.889257 seconds.

chan =

    12

Elapsed time is 264.137527 seconds.

chan =

    13

Elapsed time is 276.705401 seconds.

chan =

    14

Elapsed time is 273.365530 seconds.

chan =

    15

Elapsed time is 270.445364 seconds.

chan =

    16

Elapsed time is 271.049989 seconds.

chan =

    17

Elapsed time is 272.581174 seconds.

chan =

    18

Elapsed time is 270.844995 seconds.

chan =

    19

Elapsed time is 274.184703 seconds.

chan =

    20

Elapsed time is 275.037785 seconds.

chan =

    21

Elapsed time is 268.120117 seconds.

chan =

    22

Elapsed time is 272.930144 seconds.

chan =

    23

Elapsed time is 270.801969 seconds.

chan =

    24

Elapsed time is 269.706597 seconds.

chan =

    25

Elapsed time is 271.095553 seconds.

chan =

    26

Elapsed time is 272.830115 seconds.

chan =

    27

Elapsed time is 258.895500 seconds.

chan =

    28

Elapsed time is 272.260399 seconds.

chan =

    29

Elapsed time is 269.175553 seconds.

chan =

    30

Elapsed time is 269.121421 seconds.

chan =

    31

Elapsed time is 274.043803 seconds.

chan =

    32

Elapsed time is 272.563160 seconds.

chan =

    33

Elapsed time is 254.331080 seconds.

chan =

    34

Elapsed time is 257.093165 seconds.
attempting saving
save success: /projects/p31578/dtf8829/QuestConnect/CHANDAT/chanDat_ECoG37_002.mat
working on TF
encoding done
encoding RT done
retrieval 1 done
retrieval 2 done
attempting saving
save success: /projects/p31578/dtf8829/QuestConnect/CHANDAT/chanDat_ECoG37_002.mat
working on ISPC
channel: 1 took 0 minutes
channel: 2 took 0 minutes
channel: 3 took 4 minutes
channel: 4 took 4 minutes
channel: 5 took 4.1 minutes
channel: 6 took 4 minutes
channel: 7 took 3.9 minutes
channel: 8 took 3.8 minutes
channel: 9 took 3.8 minutes
channel: 10 took 4 minutes
channel: 11 took 4 minutes
channel: 12 took 4 minutes
channel: 13 took 3.9 minutes
channel: 14 took 3.7 minutes
channel: 15 took 3.8 minutes
channel: 16 took 3.9 minutes
channel: 17 took 4.1 minutes
channel: 18 took 4.1 minutes
channel: 19 took 4 minutes
channel: 20 took 3.8 minutes
channel: 21 took 3.9 minutes
channel: 22 took 4 minutes
channel: 23 took 4.1 minutes
channel: 24 took 4.1 minutes
channel: 25 took 4 minutes
channel: 26 took 3.9 minutes
channel: 27 took 3.9 minutes
channel: 28 took 4.1 minutes
channel: 29 took 4.1 minutes
channel: 30 took 4.1 minutes
channel: 31 took 4 minutes
channel: 32 took 3.8 minutes
channel: 33 took 3.8 minutes
channel: 34 took 4 minutes
attempting saving
save success: /projects/p31578/dtf8829/QuestConnect/CHANDAT/chanDat_ECoG37_002.mat
Elapsed time is 242.689881 seconds.
