getting started: 2864
attempting file: 2864
going for OH27 70
data loaded: OH27 70
HFB already done

chan =

     1

Elapsed time is 316.190190 seconds.

chan =

     2

Elapsed time is 311.294494 seconds.

chan =

     3

Elapsed time is 201.819753 seconds.

chan =

     4

Elapsed time is 203.699214 seconds.

chan =

     5

Elapsed time is 217.787017 seconds.

chan =

     6

Elapsed time is 289.697331 seconds.

chan =

     7

Elapsed time is 288.916090 seconds.

chan =

     8

Elapsed time is 287.276441 seconds.

chan =

     9

Elapsed time is 287.816013 seconds.

chan =

    10

Elapsed time is 288.316698 seconds.

chan =

    11

Elapsed time is 287.299092 seconds.

chan =

    12

Elapsed time is 290.792944 seconds.

chan =

    13

Elapsed time is 288.366558 seconds.

chan =

    14

Elapsed time is 289.615439 seconds.

chan =

    15

Elapsed time is 287.939203 seconds.

chan =

    16

Elapsed time is 287.056620 seconds.

chan =

    17

Elapsed time is 286.092482 seconds.

chan =

    18

Elapsed time is 288.585996 seconds.

chan =

    19

Elapsed time is 285.499045 seconds.

chan =

    20

Elapsed time is 289.146955 seconds.

chan =

    21

Elapsed time is 289.305032 seconds.

chan =

    22

Elapsed time is 289.123681 seconds.

chan =

    23

Elapsed time is 288.126596 seconds.

chan =

    24

Elapsed time is 289.253471 seconds.

chan =

    25

Elapsed time is 286.827103 seconds.

chan =

    26

Elapsed time is 287.488553 seconds.

chan =

    27

Elapsed time is 286.325300 seconds.

chan =

    28

Elapsed time is 284.368163 seconds.

chan =

    29

Elapsed time is 278.645347 seconds.

chan =

    30

Elapsed time is 279.190635 seconds.

chan =

    31

Elapsed time is 275.701583 seconds.

chan =

    32

Elapsed time is 273.406194 seconds.

chan =

    33

Elapsed time is 270.122435 seconds.

chan =

    34

Elapsed time is 272.320674 seconds.

chan =

    35

Elapsed time is 276.641471 seconds.

chan =

    36

Elapsed time is 270.320781 seconds.

chan =

    37

Elapsed time is 249.263967 seconds.

chan =

    38

Elapsed time is 255.879232 seconds.

chan =

    39

Elapsed time is 262.260169 seconds.

chan =

    40

Elapsed time is 242.944121 seconds.

chan =

    41

Elapsed time is 250.942346 seconds.

chan =

    42

Elapsed time is 248.510584 seconds.

chan =

    43

Elapsed time is 242.255665 seconds.

chan =

    44

Elapsed time is 249.764132 seconds.

chan =

    45

Elapsed time is 262.433217 seconds.

chan =

    46

Elapsed time is 250.484507 seconds.

chan =

    47

Elapsed time is 250.106687 seconds.

chan =

    48

Elapsed time is 241.025413 seconds.

chan =

    49

Elapsed time is 213.478285 seconds.

chan =

    50

Elapsed time is 246.519447 seconds.

chan =

    51

Elapsed time is 243.028032 seconds.

chan =

    52

Elapsed time is 216.392450 seconds.

chan =

    53

Elapsed time is 203.875259 seconds.

chan =

    54

Elapsed time is 234.550939 seconds.

chan =

    55

Elapsed time is 219.316930 seconds.

chan =

    56

Elapsed time is 201.703428 seconds.

chan =

    57

Elapsed time is 200.413391 seconds.

chan =

    58

Elapsed time is 199.247589 seconds.

chan =

    59

Elapsed time is 198.382848 seconds.

chan =

    60

Elapsed time is 198.776599 seconds.

chan =

    61

Elapsed time is 199.584247 seconds.

chan =

    62

Elapsed time is 199.353967 seconds.

chan =

    63

Elapsed time is 197.999058 seconds.

chan =

    64

Elapsed time is 198.526540 seconds.

chan =

    65

Elapsed time is 195.962274 seconds.

chan =

    66

Elapsed time is 199.822268 seconds.

chan =

    67

Elapsed time is 198.241670 seconds.

chan =

    68

Elapsed time is 200.111573 seconds.

chan =

    69

Elapsed time is 197.457877 seconds.

chan =

    70

Elapsed time is 198.303125 seconds.

chan =

    71

Elapsed time is 198.612245 seconds.

chan =

    72

Elapsed time is 199.382002 seconds.

chan =

    73

Elapsed time is 198.741231 seconds.

chan =

    74

Elapsed time is 198.389026 seconds.

chan =

    75

Elapsed time is 197.953947 seconds.

chan =

    76

Elapsed time is 197.541190 seconds.

chan =

    77

Elapsed time is 197.856598 seconds.

chan =

    78

Elapsed time is 198.934669 seconds.

chan =

    79

Elapsed time is 198.330006 seconds.

chan =

    80

Elapsed time is 198.459271 seconds.

chan =

    81

Elapsed time is 198.658281 seconds.

chan =

    82

Elapsed time is 197.382681 seconds.

chan =

    83

Elapsed time is 197.622153 seconds.

chan =

    84

Elapsed time is 196.323582 seconds.

chan =

    85

Elapsed time is 196.815373 seconds.

chan =

    86

Elapsed time is 195.980140 seconds.

chan =

    87

Elapsed time is 198.267230 seconds.

chan =

    88

Elapsed time is 195.418126 seconds.

chan =

    89

Elapsed time is 198.510043 seconds.

chan =

    90

Elapsed time is 198.247511 seconds.

chan =

    91

Elapsed time is 198.136592 seconds.

chan =

    92

Elapsed time is 197.568403 seconds.

chan =

    93

Elapsed time is 198.151948 seconds.

chan =

    94

Elapsed time is 197.662826 seconds.

chan =

    95

Elapsed time is 197.942264 seconds.

chan =

    96

Elapsed time is 198.039536 seconds.

chan =

    97

Elapsed time is 196.768833 seconds.

chan =

    98

Elapsed time is 197.341704 seconds.

chan =

    99

Elapsed time is 195.227142 seconds.

chan =

   100

Elapsed time is 196.973529 seconds.

chan =

   101

Elapsed time is 199.405245 seconds.

chan =

   102

Elapsed time is 198.906960 seconds.

chan =

   103

Elapsed time is 197.682651 seconds.

chan =

   104

Elapsed time is 199.123380 seconds.

chan =

   105

Elapsed time is 197.334529 seconds.

chan =

   106

Elapsed time is 199.346178 seconds.

chan =

   107

Elapsed time is 197.224667 seconds.
attempting saving
save success: /projects/p31578/dtf8829/QuestConnect/CHANDAT/chanDat_OH27_070.mat
working on TF
encoding done
encoding RT done
retrieval 1 done
retrieval 2 done
attempting saving
save success: /projects/p31578/dtf8829/QuestConnect/CHANDAT/chanDat_OH27_070.mat
working on ISPC
channel: 1 took 0 minutes
channel: 2 took 0 minutes
channel: 3 took 0 minutes
channel: 4 took 0 minutes
channel: 5 took 0 minutes
channel: 6 took 0 minutes
channel: 7 took 0 minutes
channel: 8 took 0 minutes
channel: 9 took 0 minutes
channel: 10 took 0 minutes
channel: 11 took 0 minutes
channel: 12 took 0 minutes
channel: 13 took 0 minutes
channel: 14 took 0 minutes
channel: 15 took 0 minutes
channel: 16 took 0 minutes
channel: 17 took 0 minutes
channel: 18 took 0 minutes
channel: 19 took 0 minutes
channel: 20 took 0 minutes
channel: 21 took 0 minutes
channel: 22 took 0 minutes
channel: 23 took 0 minutes
channel: 24 took 0 minutes
channel: 25 took 0 minutes
channel: 26 took 0 minutes
channel: 27 took 0 minutes
channel: 28 took 0 minutes
channel: 29 took 0 minutes
channel: 30 took 0 minutes
channel: 31 took 0 minutes
channel: 32 took 0 minutes
channel: 33 took 0 minutes
channel: 34 took 0 minutes
channel: 35 took 0 minutes
channel: 36 took 0 minutes
channel: 37 took 0 minutes
channel: 38 took 0 minutes
channel: 39 took 0 minutes
channel: 40 took 0 minutes
channel: 41 took 0 minutes
channel: 42 took 0 minutes
channel: 43 took 0 minutes
channel: 44 took 0 minutes
channel: 45 took 0 minutes
channel: 46 took 0 minutes
channel: 47 took 0 minutes
channel: 48 took 0 minutes
channel: 49 took 0 minutes
channel: 50 took 0 minutes
channel: 51 took 0 minutes
channel: 52 took 0 minutes
channel: 53 took 0 minutes
channel: 54 took 0 minutes
channel: 55 took 0 minutes
channel: 56 took 0 minutes
channel: 57 took 0 minutes
channel: 58 took 0 minutes
channel: 59 took 0 minutes
channel: 60 took 0 minutes
channel: 61 took 0 minutes
channel: 62 took 0 minutes
channel: 63 took 0 minutes
channel: 64 took 0 minutes
channel: 65 took 0 minutes
channel: 66 took 0 minutes
channel: 67 took 0 minutes
channel: 68 took 0 minutes
channel: 69 took 0 minutes
channel: 70 took 0 minutes
channel: 71 took 2.9 minutes
channel: 72 took 2.9 minutes
channel: 73 took 2.9 minutes
channel: 74 took 2.9 minutes
channel: 75 took 2.9 minutes
channel: 76 took 2.9 minutes
channel: 77 took 2.9 minutes
channel: 78 took 2.9 minutes
channel: 79 took 2.9 minutes
channel: 80 took 2.9 minutes
channel: 81 took 2.9 minutes
channel: 82 took 2.9 minutes
channel: 83 took 2.9 minutes
channel: 84 took 2.9 minutes
channel: 85 took 3.1 minutes
channel: 86 took 3.6 minutes
channel: 87 took 3.6 minutes
channel: 88 took 3.6 minutes
channel: 89 took 3.6 minutes
channel: 90 took 3.4 minutes
channel: 91 took 3 minutes
channel: 92 took 3 minutes
channel: 93 took 3 minutes
channel: 94 took 2.9 minutes
channel: 95 took 3 minutes
channel: 96 took 3 minutes
channel: 97 took 3.1 minutes
channel: 98 took 3 minutes
channel: 99 took 3 minutes
channel: 100 took 2.9 minutes
channel: 101 took 2.9 minutes
channel: 102 took 3 minutes
channel: 103 took 3.3 minutes
channel: 104 took 3 minutes
channel: 105 took 3.2 minutes
channel: 106 took 3 minutes
channel: 107 took 3 minutes
attempting saving
save success: /projects/p31578/dtf8829/QuestConnect/CHANDAT/chanDat_OH27_070.mat
Elapsed time is 185.981024 seconds.
