getting started: 260
attempting file: 260
going for DA8 14
data loaded: DA8 6
TF already done, skipping
working on ISPC

chan =

     1


chan =

     2


chan =

     3


chan =

     4


chan =

     5


chan =

     6


chan =

     7


chan =

     8


chan =

     9


chan =

    10


chan =

    11


chan =

    12


chan =

    13


chan =

    14


chan =

    15


chan =

    16


chan =

    17

attempting saving
save success: /projects/p31578/dtf8829/QuestConnect/CHANDAT/chanDat_DA8_6.mat
Elapsed time is 910.378926 seconds.
