getting started: 2306
attempting file: 2306
going for ECoG37 12
data loaded: ECoG37 12
     1

     2

     3

     4

     5

     6

     7

     8

     9

    10

    11

    12

    13

    14

    15

    16

    17

    18

    19

    20

    21

    22

    23

    24

    25

    26

    27

    28

    29

    30

    31

    32

    33

    34

MISMATCH WITH ZACH COORDINATES!!!
HFB already done

chan =

     1

Elapsed time is 192.156384 seconds.

chan =

     2

Elapsed time is 190.120450 seconds.

chan =

     3

Elapsed time is 189.898660 seconds.

chan =

     4

Elapsed time is 189.440404 seconds.

chan =

     5

Elapsed time is 189.874733 seconds.

chan =

     6

Elapsed time is 191.722726 seconds.

chan =

     7

Elapsed time is 191.150717 seconds.

chan =

     8

Elapsed time is 192.843461 seconds.

chan =

     9

Elapsed time is 191.564608 seconds.

chan =

    10

Elapsed time is 191.525354 seconds.

chan =

    11

Elapsed time is 191.513165 seconds.

chan =

    12

Elapsed time is 192.550117 seconds.

chan =

    13

Elapsed time is 192.356256 seconds.

chan =

    14

Elapsed time is 197.383002 seconds.

chan =

    15

Elapsed time is 192.259124 seconds.

chan =

    16

Elapsed time is 192.278605 seconds.

chan =

    17

Elapsed time is 192.413607 seconds.

chan =

    18

Elapsed time is 190.893009 seconds.

chan =

    19

Elapsed time is 191.786317 seconds.

chan =

    20

Elapsed time is 194.864795 seconds.

chan =

    21

Elapsed time is 192.830769 seconds.

chan =

    22

Elapsed time is 192.950696 seconds.

chan =

    23

Elapsed time is 188.862080 seconds.

chan =

    24

Elapsed time is 191.426604 seconds.

chan =

    25

Elapsed time is 192.456703 seconds.

chan =

    26

Elapsed time is 193.737507 seconds.

chan =

    27

Elapsed time is 192.694028 seconds.

chan =

    28

Elapsed time is 191.902299 seconds.

chan =

    29

Elapsed time is 191.686465 seconds.

chan =

    30

Elapsed time is 191.787045 seconds.

chan =

    31

Elapsed time is 191.163679 seconds.

chan =

    32

Elapsed time is 194.937928 seconds.

chan =

    33

Elapsed time is 192.504534 seconds.

chan =

    34

Elapsed time is 192.601514 seconds.
attempting saving
save success: /projects/p31578/dtf8829/QuestConnect/CHANDAT/chanDat_ECoG37_012.mat
working on TF
encoding done
encoding RT done
retrieval 1 done
retrieval 2 done
attempting saving
save success: /projects/p31578/dtf8829/QuestConnect/CHANDAT/chanDat_ECoG37_012.mat
working on ISPC
channel: 1 took 0 minutes
channel: 2 took 0 minutes
channel: 3 took 0 minutes
channel: 4 took 0 minutes
channel: 5 took 0 minutes
channel: 6 took 0 minutes
channel: 7 took 0 minutes
channel: 8 took 0 minutes
channel: 9 took 0 minutes
channel: 10 took 0 minutes
channel: 11 took 0 minutes
channel: 12 took 0 minutes
channel: 13 took 3 minutes
channel: 14 took 3 minutes
channel: 15 took 3 minutes
channel: 16 took 3 minutes
channel: 17 took 2.9 minutes
channel: 18 took 2.9 minutes
channel: 19 took 2.9 minutes
channel: 20 took 2.9 minutes
channel: 21 took 3 minutes
channel: 22 took 2.9 minutes
channel: 23 took 2.9 minutes
channel: 24 took 2.9 minutes
channel: 25 took 2.9 minutes
channel: 26 took 2.9 minutes
channel: 27 took 2.9 minutes
channel: 28 took 2.9 minutes
channel: 29 took 2.9 minutes
channel: 30 took 2.9 minutes
channel: 31 took 2.9 minutes
channel: 32 took 2.9 minutes
channel: 33 took 2.9 minutes
channel: 34 took 2.9 minutes
attempting saving
save success: /projects/p31578/dtf8829/QuestConnect/CHANDAT/chanDat_ECoG37_012.mat
Elapsed time is 175.839660 seconds.
