getting started: 2303
attempting file: 2303
going for ECoG37 9
data loaded: ECoG37 9
     1

     2

     3

     4

     5

     6

     7

     8

     9

    10

    11

    12

    13

    14

    15

    16

    17

    18

    19

    20

    21

    22

    23

    24

    25

    26

    27

    28

    29

    30

    31

    32

    33

    34

MISMATCH WITH ZACH COORDINATES!!!
HFB already done

chan =

     1

Elapsed time is 255.684337 seconds.

chan =

     2

Elapsed time is 255.766900 seconds.

chan =

     3

Elapsed time is 252.487191 seconds.

chan =

     4

Elapsed time is 251.641247 seconds.

chan =

     5

Elapsed time is 252.065985 seconds.

chan =

     6

Elapsed time is 253.471015 seconds.

chan =

     7

Elapsed time is 256.701835 seconds.

chan =

     8

Elapsed time is 258.618374 seconds.

chan =

     9

Elapsed time is 258.078087 seconds.

chan =

    10

Elapsed time is 259.114147 seconds.

chan =

    11

Elapsed time is 265.503046 seconds.

chan =

    12

Elapsed time is 259.820583 seconds.

chan =

    13

Elapsed time is 258.570400 seconds.

chan =

    14

Elapsed time is 266.486680 seconds.

chan =

    15

Elapsed time is 263.190725 seconds.

chan =

    16

Elapsed time is 260.979019 seconds.

chan =

    17

Elapsed time is 265.645299 seconds.

chan =

    18

Elapsed time is 263.910616 seconds.

chan =

    19

Elapsed time is 252.879039 seconds.

chan =

    20

Elapsed time is 254.640668 seconds.

chan =

    21

Elapsed time is 255.215428 seconds.

chan =

    22

Elapsed time is 253.583986 seconds.

chan =

    23

Elapsed time is 255.578507 seconds.

chan =

    24

Elapsed time is 257.579455 seconds.

chan =

    25

Elapsed time is 255.742710 seconds.

chan =

    26

Elapsed time is 258.886028 seconds.

chan =

    27

Elapsed time is 257.260849 seconds.

chan =

    28

Elapsed time is 258.842122 seconds.

chan =

    29

Elapsed time is 259.244405 seconds.

chan =

    30

Elapsed time is 255.506127 seconds.

chan =

    31

Elapsed time is 260.412718 seconds.

chan =

    32

Elapsed time is 258.226974 seconds.

chan =

    33

Elapsed time is 257.085274 seconds.

chan =

    34

Elapsed time is 263.273782 seconds.
attempting saving
save success: /projects/p31578/dtf8829/QuestConnect/CHANDAT/chanDat_ECoG37_009.mat
working on TF
encoding done
encoding RT done
retrieval 1 done
retrieval 2 done
attempting saving
save success: /projects/p31578/dtf8829/QuestConnect/CHANDAT/chanDat_ECoG37_009.mat
working on ISPC
channel: 1 took 0 minutes
channel: 2 took 0 minutes
channel: 3 took 0 minutes
channel: 4 took 0 minutes
channel: 5 took 0 minutes
channel: 6 took 0 minutes
channel: 7 took 0 minutes
channel: 8 took 0 minutes
channel: 9 took 0 minutes
channel: 10 took 3.8 minutes
channel: 11 took 3.8 minutes
channel: 12 took 3.7 minutes
channel: 13 took 3.5 minutes
channel: 14 took 3.4 minutes
channel: 15 took 3.5 minutes
channel: 16 took 3.7 minutes
channel: 17 took 3.7 minutes
channel: 18 took 3.7 minutes
channel: 19 took 3.7 minutes
channel: 20 took 3.5 minutes
channel: 21 took 3.5 minutes
channel: 22 took 3.6 minutes
channel: 23 took 3.5 minutes
channel: 24 took 3.7 minutes
channel: 25 took 3.4 minutes
channel: 26 took 3.5 minutes
channel: 27 took 3.5 minutes
channel: 28 took 3.4 minutes
channel: 29 took 3.6 minutes
channel: 30 took 3.4 minutes
channel: 31 took 3.7 minutes
channel: 32 took 3.4 minutes
channel: 33 took 3.4 minutes
channel: 34 took 3.2 minutes
attempting saving
save success: /projects/p31578/dtf8829/QuestConnect/CHANDAT/chanDat_ECoG37_009.mat
Elapsed time is 195.730030 seconds.
