getting started: 252
attempting file: 252
going for DA8 6
data loaded: DA8 14
TF already done, skipping
working on ISPC

chan =

     1


chan =

     2


chan =

     3


chan =

     4


chan =

     5


chan =

     6


chan =

     7


chan =

     8


chan =

     9


chan =

    10


chan =

    11


chan =

    12


chan =

    13


chan =

    14


chan =

    15


chan =

    16


chan =

    17

attempting saving
save success: /projects/p31578/dtf8829/QuestConnect/CHANDAT/chanDat_DA8_14.mat
Elapsed time is 1481.006359 seconds.
