getting started: 2316
attempting file: 2316
going for ECoG37 22
data loaded: ECoG37 22
     1

     2

     3

     4

     5

     6

     7

     8

     9

    10

    11

    12

    13

    14

    15

    16

    17

    18

    19

    20

    21

    22

    23

    24

    25

    26

    27

    28

    29

    30

    31

    32

    33

    34

MISMATCH WITH ZACH COORDINATES!!!
HFB already done

chan =

     1

Elapsed time is 259.530047 seconds.

chan =

     2

Elapsed time is 251.010899 seconds.

chan =

     3

Elapsed time is 258.646827 seconds.

chan =

     4

Elapsed time is 268.067299 seconds.

chan =

     5

Elapsed time is 268.897176 seconds.

chan =

     6

Elapsed time is 269.810453 seconds.

chan =

     7

Elapsed time is 273.019608 seconds.

chan =

     8

Elapsed time is 272.265871 seconds.

chan =

     9

Elapsed time is 272.708766 seconds.

chan =

    10

Elapsed time is 271.604303 seconds.

chan =

    11

Elapsed time is 270.839353 seconds.

chan =

    12

Elapsed time is 267.678840 seconds.

chan =

    13

Elapsed time is 269.728703 seconds.

chan =

    14

Elapsed time is 267.689349 seconds.

chan =

    15

Elapsed time is 266.866405 seconds.

chan =

    16

Elapsed time is 266.170894 seconds.

chan =

    17

Elapsed time is 267.920237 seconds.

chan =

    18

Elapsed time is 262.724781 seconds.

chan =

    19

Elapsed time is 262.209574 seconds.

chan =

    20

Elapsed time is 263.622232 seconds.

chan =

    21

Elapsed time is 258.902981 seconds.

chan =

    22

Elapsed time is 257.819539 seconds.

chan =

    23

Elapsed time is 257.914539 seconds.

chan =

    24

Elapsed time is 258.322901 seconds.

chan =

    25

Elapsed time is 260.056396 seconds.

chan =

    26

Elapsed time is 254.830199 seconds.

chan =

    27

Elapsed time is 255.414526 seconds.

chan =

    28

Elapsed time is 257.794845 seconds.

chan =

    29

Elapsed time is 255.485416 seconds.

chan =

    30

Elapsed time is 256.775359 seconds.

chan =

    31

Elapsed time is 260.042884 seconds.

chan =

    32

Elapsed time is 257.681267 seconds.

chan =

    33

Elapsed time is 256.809473 seconds.

chan =

    34

Elapsed time is 254.530533 seconds.
attempting saving
save success: /projects/p31578/dtf8829/QuestConnect/CHANDAT/chanDat_ECoG37_022.mat
working on TF
encoding done
encoding RT done
retrieval 1 done
retrieval 2 done
attempting saving
save success: /projects/p31578/dtf8829/QuestConnect/CHANDAT/chanDat_ECoG37_022.mat
working on ISPC
channel: 1 took 0 minutes
channel: 2 took 0 minutes
channel: 3 took 0 minutes
channel: 4 took 0 minutes
channel: 5 took 0 minutes
channel: 6 took 0 minutes
channel: 7 took 0 minutes
channel: 8 took 0 minutes
channel: 9 took 0 minutes
channel: 10 took 0 minutes
channel: 11 took 0 minutes
channel: 12 took 0 minutes
channel: 13 took 0 minutes
channel: 14 took 0 minutes
channel: 15 took 0 minutes
channel: 16 took 0 minutes
channel: 17 took 0 minutes
channel: 18 took 0 minutes
channel: 19 took 0 minutes
channel: 20 took 0 minutes
channel: 21 took 0 minutes
channel: 22 took 0 minutes
channel: 23 took 3.2 minutes
channel: 24 took 3.3 minutes
channel: 25 took 3.3 minutes
channel: 26 took 3.3 minutes
channel: 27 took 3.3 minutes
channel: 28 took 3.3 minutes
channel: 29 took 3.3 minutes
channel: 30 took 3.3 minutes
channel: 31 took 3.3 minutes
channel: 32 took 3.1 minutes
channel: 33 took 3.2 minutes
channel: 34 took 3.2 minutes
attempting saving
save success: /projects/p31578/dtf8829/QuestConnect/CHANDAT/chanDat_ECoG37_022.mat
Elapsed time is 194.642588 seconds.
