getting started: 2433
attempting file: 2433
going for LC02 5
data loaded: LC02 5
HFB already done
already done with leadLag
working on TF
encoding done
encoding RT done
retrieval 1 done
retrieval 2 done
attempting saving
save success: /projects/p31578/dtf8829/QuestConnect/CHANDAT/chanDat_LC02_005.mat
working on ISPC
channel: 1 took 0 minutes
channel: 2 took 0 minutes
channel: 3 took 0 minutes
channel: 4 took 0 minutes
channel: 5 took 0 minutes
channel: 6 took 2.2 minutes
channel: 7 took 2.3 minutes
channel: 8 took 2.3 minutes
channel: 9 took 2.3 minutes
channel: 10 took 2.2 minutes
channel: 11 took 2.1 minutes
channel: 12 took 2.1 minutes
channel: 13 took 2.2 minutes
channel: 14 took 2.4 minutes
channel: 15 took 2.3 minutes
channel: 16 took 2.4 minutes
channel: 17 took 2.4 minutes
channel: 18 took 2.4 minutes
channel: 19 took 2.3 minutes
channel: 20 took 2.2 minutes
attempting saving
save success: /projects/p31578/dtf8829/QuestConnect/CHANDAT/chanDat_LC02_005.mat
Elapsed time is 135.361185 seconds.
