getting started: 2326
attempting file: 2326
going for ECoG37 32
data loaded: ECoG37 32
     1

     2

     3

     4

     5

     6

     7

     8

     9

    10

    11

    12

    13

    14

    15

    16

    17

    18

    19

    20

    21

    22

    23

    24

    25

    26

    27

    28

    29

    30

    31

    32

    33

    34

MISMATCH WITH ZACH COORDINATES!!!
HFB already done

chan =

     1

Elapsed time is 273.490331 seconds.

chan =

     2

Elapsed time is 261.800056 seconds.

chan =

     3

Elapsed time is 270.355700 seconds.

chan =

     4

Elapsed time is 259.239265 seconds.

chan =

     5

Elapsed time is 241.874583 seconds.

chan =

     6

Elapsed time is 319.483393 seconds.

chan =

     7

Elapsed time is 302.089801 seconds.

chan =

     8

Elapsed time is 300.515275 seconds.

chan =

     9

Elapsed time is 300.354729 seconds.

chan =

    10

Elapsed time is 301.464129 seconds.

chan =

    11

Elapsed time is 305.307493 seconds.

chan =

    12

Elapsed time is 303.809947 seconds.

chan =

    13

Elapsed time is 307.958883 seconds.

chan =

    14

Elapsed time is 307.747105 seconds.

chan =

    15

Elapsed time is 309.251693 seconds.

chan =

    16

Elapsed time is 303.435329 seconds.

chan =

    17

Elapsed time is 305.153959 seconds.

chan =

    18

Elapsed time is 297.030355 seconds.

chan =

    19

Elapsed time is 293.627486 seconds.

chan =

    20

Elapsed time is 290.274992 seconds.

chan =

    21

Elapsed time is 294.990362 seconds.

chan =

    22

Elapsed time is 294.811811 seconds.

chan =

    23

Elapsed time is 290.355545 seconds.

chan =

    24

Elapsed time is 283.478518 seconds.

chan =

    25

Elapsed time is 294.742577 seconds.

chan =

    26

Elapsed time is 292.016090 seconds.

chan =

    27

Elapsed time is 291.629674 seconds.

chan =

    28

Elapsed time is 288.963471 seconds.

chan =

    29

Elapsed time is 292.546286 seconds.

chan =

    30

Elapsed time is 296.240946 seconds.

chan =

    31

Elapsed time is 286.633145 seconds.

chan =

    32

Elapsed time is 293.983745 seconds.

chan =

    33

Elapsed time is 296.764320 seconds.

chan =

    34

Elapsed time is 288.101867 seconds.
attempting saving
save success: /projects/p31578/dtf8829/QuestConnect/CHANDAT/chanDat_ECoG37_032.mat
working on TF
encoding done
encoding RT done
retrieval 1 done
retrieval 2 done
attempting saving
save success: /projects/p31578/dtf8829/QuestConnect/CHANDAT/chanDat_ECoG37_032.mat
working on ISPC
channel: 1 took 0 minutes
channel: 2 took 0 minutes
channel: 3 took 0 minutes
channel: 4 took 0 minutes
channel: 5 took 0 minutes
channel: 6 took 0 minutes
channel: 7 took 0 minutes
channel: 8 took 0 minutes
channel: 9 took 0 minutes
channel: 10 took 0 minutes
channel: 11 took 0 minutes
channel: 12 took 0 minutes
channel: 13 took 0 minutes
channel: 14 took 0 minutes
channel: 15 took 0 minutes
channel: 16 took 0 minutes
channel: 17 took 0 minutes
channel: 18 took 0 minutes
channel: 19 took 0 minutes
channel: 20 took 0 minutes
channel: 21 took 0 minutes
channel: 22 took 0 minutes
channel: 23 took 0 minutes
channel: 24 took 0 minutes
channel: 25 took 0 minutes
channel: 26 took 0 minutes
channel: 27 took 0 minutes
channel: 28 took 0 minutes
channel: 29 took 0 minutes
channel: 30 took 0 minutes
channel: 31 took 0 minutes
channel: 32 took 0 minutes
channel: 33 took 3.8 minutes
channel: 34 took 3.9 minutes
attempting saving
save success: /projects/p31578/dtf8829/QuestConnect/CHANDAT/chanDat_ECoG37_032.mat
Elapsed time is 233.250964 seconds.
