getting started: 3536
attempting file: 3536
going for SLCH006 58
data loaded: SLCH006 58
MISMATCH WITH ZACH COORDINATES!!!
HFB already done

chan =

     1

Elapsed time is 284.456676 seconds.

chan =

     2

Elapsed time is 283.505536 seconds.

chan =

     3

Elapsed time is 284.081254 seconds.

chan =

     4

Elapsed time is 285.152810 seconds.

chan =

     5

Elapsed time is 284.220187 seconds.

chan =

     6

Elapsed time is 282.049246 seconds.

chan =

     7

Elapsed time is 282.867748 seconds.

chan =

     8

Elapsed time is 285.451537 seconds.

chan =

     9

Elapsed time is 281.293885 seconds.

chan =

    10

Elapsed time is 281.169017 seconds.

chan =

    11

Elapsed time is 277.848607 seconds.

chan =

    12

Elapsed time is 281.119814 seconds.

chan =

    13

Elapsed time is 281.211245 seconds.

chan =

    14

Elapsed time is 279.349885 seconds.

chan =

    15

Elapsed time is 278.809323 seconds.

chan =

    16

Elapsed time is 280.115093 seconds.

chan =

    17

Elapsed time is 280.378259 seconds.

chan =

    18

Elapsed time is 282.779525 seconds.

chan =

    19

Elapsed time is 282.489996 seconds.

chan =

    20

Elapsed time is 280.286441 seconds.

chan =

    21

Elapsed time is 276.208370 seconds.

chan =

    22

Elapsed time is 268.293170 seconds.

chan =

    23

Elapsed time is 263.227079 seconds.

chan =

    24

Elapsed time is 285.257698 seconds.

chan =

    25

Elapsed time is 280.587475 seconds.

chan =

    26

Elapsed time is 285.091575 seconds.

chan =

    27

Elapsed time is 286.495895 seconds.

chan =

    28

Elapsed time is 280.586254 seconds.

chan =

    29

Elapsed time is 266.891950 seconds.

chan =

    30

Elapsed time is 282.020168 seconds.

chan =

    31

Elapsed time is 280.216000 seconds.

chan =

    32

Elapsed time is 280.608065 seconds.

chan =

    33

Elapsed time is 283.530263 seconds.

chan =

    34

Elapsed time is 273.874711 seconds.

chan =

    35

Elapsed time is 278.768513 seconds.

chan =

    36

Elapsed time is 279.125482 seconds.

chan =

    37

Elapsed time is 281.174330 seconds.

chan =

    38

Elapsed time is 281.081013 seconds.

chan =

    39

Elapsed time is 280.795121 seconds.

chan =

    40

Elapsed time is 277.818410 seconds.

chan =

    41

Elapsed time is 279.170849 seconds.

chan =

    42

Elapsed time is 274.676243 seconds.

chan =

    43

Elapsed time is 279.270946 seconds.

chan =

    44

Elapsed time is 275.609196 seconds.

chan =

    45

Elapsed time is 274.265216 seconds.

chan =

    46

Elapsed time is 280.850140 seconds.

chan =

    47

Elapsed time is 278.763949 seconds.

chan =

    48

Elapsed time is 281.644818 seconds.

chan =

    49

Elapsed time is 280.128758 seconds.

chan =

    50

Elapsed time is 273.504527 seconds.

chan =

    51

Elapsed time is 281.040648 seconds.

chan =

    52

Elapsed time is 276.311897 seconds.

chan =

    53

Elapsed time is 280.336496 seconds.

chan =

    54

Elapsed time is 278.274577 seconds.

chan =

    55

Elapsed time is 276.799583 seconds.

chan =

    56

Elapsed time is 276.975931 seconds.

chan =

    57

Elapsed time is 276.281990 seconds.

chan =

    58

Elapsed time is 277.306049 seconds.

chan =

    59

Elapsed time is 277.972843 seconds.

chan =

    60

Elapsed time is 277.527735 seconds.

chan =

    61

Elapsed time is 267.717588 seconds.

chan =

    62

Elapsed time is 274.279617 seconds.

chan =

    63

Elapsed time is 279.503728 seconds.

chan =

    64

Elapsed time is 275.639119 seconds.

chan =

    65

Elapsed time is 276.017058 seconds.

chan =

    66

Elapsed time is 278.494023 seconds.

chan =

    67

Elapsed time is 279.002876 seconds.

chan =

    68

Elapsed time is 278.867103 seconds.

chan =

    69

Elapsed time is 281.599837 seconds.

chan =

    70

Elapsed time is 279.465339 seconds.

chan =

    71

Elapsed time is 282.218019 seconds.

chan =

    72

Elapsed time is 272.690360 seconds.

chan =

    73

Elapsed time is 277.836608 seconds.

chan =

    74

Elapsed time is 279.964271 seconds.

chan =

    75

Elapsed time is 277.716812 seconds.

chan =

    76

Elapsed time is 275.797342 seconds.

chan =

    77

Elapsed time is 275.137561 seconds.

chan =

    78

Elapsed time is 274.191018 seconds.

chan =

    79

Elapsed time is 275.773557 seconds.

chan =

    80

Elapsed time is 275.570003 seconds.

chan =

    81

Elapsed time is 279.727582 seconds.

chan =

    82

Elapsed time is 281.328487 seconds.

chan =

    83

Elapsed time is 277.268079 seconds.

chan =

    84

Elapsed time is 277.914017 seconds.

chan =

    85

Elapsed time is 279.290245 seconds.

chan =

    86

Elapsed time is 278.695383 seconds.

chan =

    87

Elapsed time is 279.639718 seconds.

chan =

    88

Elapsed time is 267.911805 seconds.

chan =

    89

Elapsed time is 280.030535 seconds.

chan =

    90

Elapsed time is 278.608599 seconds.

chan =

    91

Elapsed time is 274.923723 seconds.

chan =

    92

Elapsed time is 274.530492 seconds.

chan =

    93

Elapsed time is 273.282163 seconds.

chan =

    94

Elapsed time is 270.816279 seconds.

chan =

    95

Elapsed time is 277.416774 seconds.

chan =

    96

Elapsed time is 275.746624 seconds.

chan =

    97

Elapsed time is 275.718043 seconds.

chan =

    98

Elapsed time is 274.173643 seconds.

chan =

    99

Elapsed time is 265.319753 seconds.

chan =

   100

Elapsed time is 276.456015 seconds.

chan =

   101

Elapsed time is 275.949225 seconds.

chan =

   102

Elapsed time is 276.125782 seconds.

chan =

   103

Elapsed time is 276.778230 seconds.

chan =

   104

Elapsed time is 270.250155 seconds.

chan =

   105

Elapsed time is 275.699655 seconds.

chan =

   106

Elapsed time is 274.850822 seconds.

chan =

   107

Elapsed time is 276.059133 seconds.

chan =

   108

Elapsed time is 276.183385 seconds.

chan =

   109

Elapsed time is 268.511759 seconds.

chan =

   110

Elapsed time is 272.877239 seconds.

chan =

   111

Elapsed time is 277.017903 seconds.

chan =

   112

Elapsed time is 275.971282 seconds.

chan =

   113

Elapsed time is 278.481471 seconds.

chan =

   114

Elapsed time is 271.114720 seconds.

chan =

   115

Elapsed time is 266.483689 seconds.

chan =

   116

Elapsed time is 262.168542 seconds.
attempting saving
save success: /projects/p31578/dtf8829/QuestConnect/CHANDAT/chanDat_SLCH006_058.mat
working on TF
encoding done
encoding RT done
retrieval 1 done
retrieval 2 done
attempting saving
save success: /projects/p31578/dtf8829/QuestConnect/CHANDAT/chanDat_SLCH006_058.mat
working on ISPC
channel: 1 took 0 minutes
channel: 2 took 0 minutes
channel: 3 took 0 minutes
channel: 4 took 0 minutes
channel: 5 took 0 minutes
channel: 6 took 0 minutes
channel: 7 took 0 minutes
channel: 8 took 0 minutes
channel: 9 took 0 minutes
channel: 10 took 0 minutes
channel: 11 took 0 minutes
channel: 12 took 0 minutes
channel: 13 took 0 minutes
channel: 14 took 0 minutes
channel: 15 took 0 minutes
channel: 16 took 0 minutes
channel: 17 took 0 minutes
channel: 18 took 0 minutes
channel: 19 took 0 minutes
channel: 20 took 0 minutes
channel: 21 took 0 minutes
channel: 22 took 0 minutes
channel: 23 took 0 minutes
channel: 24 took 0 minutes
channel: 25 took 0 minutes
channel: 26 took 0 minutes
channel: 27 took 0 minutes
channel: 28 took 0 minutes
channel: 29 took 0 minutes
channel: 30 took 0 minutes
channel: 31 took 0 minutes
channel: 32 took 0 minutes
channel: 33 took 0 minutes
channel: 34 took 0 minutes
channel: 35 took 0 minutes
channel: 36 took 0 minutes
channel: 37 took 0 minutes
channel: 38 took 0 minutes
channel: 39 took 0 minutes
channel: 40 took 0 minutes
channel: 41 took 0 minutes
channel: 42 took 0 minutes
channel: 43 took 0 minutes
channel: 44 took 0 minutes
channel: 45 took 0 minutes
channel: 46 took 0 minutes
channel: 47 took 0 minutes
channel: 48 took 0 minutes
channel: 49 took 0 minutes
channel: 50 took 0 minutes
channel: 51 took 0 minutes
channel: 52 took 0 minutes
channel: 53 took 0 minutes
channel: 54 took 0 minutes
channel: 55 took 0 minutes
channel: 56 took 0 minutes
channel: 57 took 0 minutes
channel: 58 took 0 minutes
channel: 59 took 5.3 minutes
channel: 60 took 5.4 minutes
channel: 61 took 5 minutes
channel: 62 took 5.3 minutes
channel: 63 took 5.2 minutes
channel: 64 took 5.3 minutes
channel: 65 took 5.3 minutes
channel: 66 took 5.1 minutes
channel: 67 took 5.3 minutes
channel: 68 took 5.3 minutes
channel: 69 took 5.3 minutes
channel: 70 took 5.2 minutes
channel: 71 took 5.3 minutes
channel: 72 took 5.2 minutes
channel: 73 took 5.3 minutes
channel: 74 took 5.2 minutes
channel: 75 took 5.3 minutes
channel: 76 took 5.2 minutes
channel: 77 took 5.3 minutes
channel: 78 took 5.3 minutes
channel: 79 took 4.8 minutes
channel: 80 took 5.3 minutes
channel: 81 took 5.3 minutes
channel: 82 took 5.3 minutes
channel: 83 took 5.3 minutes
channel: 84 took 5.1 minutes
channel: 85 took 5.3 minutes
channel: 86 took 5.3 minutes
channel: 87 took 5.3 minutes
channel: 88 took 4.8 minutes
channel: 89 took 5.2 minutes
channel: 90 took 5.2 minutes
channel: 91 took 5.3 minutes
channel: 92 took 5.3 minutes
channel: 93 took 5.1 minutes
channel: 94 took 5.2 minutes
channel: 95 took 5.3 minutes
channel: 96 took 5.3 minutes
channel: 97 took 5.1 minutes
channel: 98 took 5.3 minutes
channel: 99 took 5.3 minutes
channel: 100 took 5.3 minutes
channel: 101 took 5.3 minutes
channel: 102 took 5.1 minutes
channel: 103 took 5.3 minutes
channel: 104 took 5.3 minutes
channel: 105 took 5.3 minutes
channel: 106 took 4.9 minutes
channel: 107 took 5.2 minutes
channel: 108 took 5.3 minutes
channel: 109 took 5.3 minutes
channel: 110 took 5.3 minutes
channel: 111 took 4.7 minutes
channel: 112 took 4.4 minutes
channel: 113 took 4.3 minutes
channel: 114 took 4.3 minutes
channel: 115 took 4.4 minutes
channel: 116 took 4.3 minutes
attempting saving
save success: /projects/p31578/dtf8829/QuestConnect/CHANDAT/chanDat_SLCH006_058.mat
Elapsed time is 266.803114 seconds.
