getting started: 3523
attempting file: 3523
going for SLCH006 45
data loaded: SLCH006 45
MISMATCH WITH ZACH COORDINATES!!!
HFB already done

chan =

     1

Elapsed time is 268.856598 seconds.

chan =

     2

Elapsed time is 265.296853 seconds.

chan =

     3

Elapsed time is 265.900036 seconds.

chan =

     4

Elapsed time is 267.866090 seconds.

chan =

     5

Elapsed time is 264.452460 seconds.

chan =

     6

Elapsed time is 265.845547 seconds.

chan =

     7

Elapsed time is 267.205179 seconds.

chan =

     8

Elapsed time is 265.911343 seconds.

chan =

     9

Elapsed time is 265.432271 seconds.

chan =

    10

Elapsed time is 263.475784 seconds.

chan =

    11

Elapsed time is 266.704773 seconds.

chan =

    12

Elapsed time is 265.176725 seconds.

chan =

    13

Elapsed time is 265.568849 seconds.

chan =

    14

Elapsed time is 264.925740 seconds.

chan =

    15

Elapsed time is 266.093677 seconds.

chan =

    16

Elapsed time is 264.903577 seconds.

chan =

    17

Elapsed time is 266.989836 seconds.

chan =

    18

Elapsed time is 264.950999 seconds.

chan =

    19

Elapsed time is 265.553892 seconds.

chan =

    20

Elapsed time is 265.974089 seconds.

chan =

    21

Elapsed time is 266.701715 seconds.

chan =

    22

Elapsed time is 267.078941 seconds.

chan =

    23

Elapsed time is 267.356507 seconds.

chan =

    24

Elapsed time is 270.463950 seconds.

chan =

    25

Elapsed time is 264.011095 seconds.

chan =

    26

Elapsed time is 268.935448 seconds.

chan =

    27

Elapsed time is 268.150888 seconds.

chan =

    28

Elapsed time is 269.963288 seconds.

chan =

    29

Elapsed time is 270.482954 seconds.

chan =

    30

Elapsed time is 266.477136 seconds.

chan =

    31

Elapsed time is 263.892092 seconds.

chan =

    32

Elapsed time is 264.736492 seconds.

chan =

    33

Elapsed time is 263.423915 seconds.

chan =

    34

Elapsed time is 261.117969 seconds.

chan =

    35

Elapsed time is 258.790418 seconds.

chan =

    36

Elapsed time is 261.534770 seconds.

chan =

    37

Elapsed time is 264.054513 seconds.

chan =

    38

Elapsed time is 260.775533 seconds.

chan =

    39

Elapsed time is 265.353465 seconds.

chan =

    40

Elapsed time is 262.094738 seconds.

chan =

    41

Elapsed time is 263.146519 seconds.

chan =

    42

Elapsed time is 259.277004 seconds.

chan =

    43

Elapsed time is 257.894120 seconds.

chan =

    44

Elapsed time is 258.836474 seconds.

chan =

    45

Elapsed time is 260.561628 seconds.

chan =

    46

Elapsed time is 259.514386 seconds.

chan =

    47

Elapsed time is 261.490005 seconds.

chan =

    48

Elapsed time is 261.429289 seconds.

chan =

    49

Elapsed time is 260.420163 seconds.

chan =

    50

Elapsed time is 263.563198 seconds.

chan =

    51

Elapsed time is 262.250682 seconds.

chan =

    52

Elapsed time is 263.908493 seconds.

chan =

    53

Elapsed time is 265.356303 seconds.

chan =

    54

Elapsed time is 259.977255 seconds.

chan =

    55

Elapsed time is 260.095213 seconds.

chan =

    56

Elapsed time is 260.850740 seconds.

chan =

    57

Elapsed time is 262.385051 seconds.

chan =

    58

Elapsed time is 263.824227 seconds.

chan =

    59

Elapsed time is 264.339875 seconds.

chan =

    60

Elapsed time is 262.481024 seconds.

chan =

    61

Elapsed time is 265.042866 seconds.

chan =

    62

Elapsed time is 263.143806 seconds.

chan =

    63

Elapsed time is 264.403350 seconds.

chan =

    64

Elapsed time is 264.865525 seconds.

chan =

    65

Elapsed time is 262.523696 seconds.

chan =

    66

Elapsed time is 263.271068 seconds.

chan =

    67

Elapsed time is 261.905986 seconds.

chan =

    68

Elapsed time is 264.819824 seconds.

chan =

    69

Elapsed time is 265.624689 seconds.

chan =

    70

Elapsed time is 264.295330 seconds.

chan =

    71

Elapsed time is 266.142321 seconds.

chan =

    72

Elapsed time is 262.409970 seconds.

chan =

    73

Elapsed time is 260.564186 seconds.

chan =

    74

Elapsed time is 259.859179 seconds.

chan =

    75

Elapsed time is 260.103404 seconds.

chan =

    76

Elapsed time is 258.801445 seconds.

chan =

    77

Elapsed time is 259.409306 seconds.

chan =

    78

Elapsed time is 259.148922 seconds.

chan =

    79

Elapsed time is 259.734661 seconds.

chan =

    80

Elapsed time is 259.392400 seconds.

chan =

    81

Elapsed time is 262.259437 seconds.

chan =

    82

Elapsed time is 262.652316 seconds.

chan =

    83

Elapsed time is 262.541923 seconds.

chan =

    84

Elapsed time is 262.283413 seconds.

chan =

    85

Elapsed time is 264.540027 seconds.

chan =

    86

Elapsed time is 266.049171 seconds.

chan =

    87

Elapsed time is 265.706107 seconds.

chan =

    88

Elapsed time is 264.013398 seconds.

chan =

    89

Elapsed time is 266.060266 seconds.

chan =

    90

Elapsed time is 263.099916 seconds.

chan =

    91

Elapsed time is 262.395142 seconds.

chan =

    92

Elapsed time is 259.240724 seconds.

chan =

    93

Elapsed time is 260.762100 seconds.

chan =

    94

Elapsed time is 264.288702 seconds.

chan =

    95

Elapsed time is 260.985814 seconds.

chan =

    96

Elapsed time is 262.327856 seconds.

chan =

    97

Elapsed time is 264.945614 seconds.

chan =

    98

Elapsed time is 263.385543 seconds.

chan =

    99

Elapsed time is 261.471615 seconds.

chan =

   100

Elapsed time is 265.498424 seconds.

chan =

   101

Elapsed time is 267.456109 seconds.

chan =

   102

Elapsed time is 266.916243 seconds.

chan =

   103

Elapsed time is 267.442080 seconds.

chan =

   104

Elapsed time is 265.015000 seconds.

chan =

   105

Elapsed time is 264.575551 seconds.

chan =

   106

Elapsed time is 264.733329 seconds.

chan =

   107

Elapsed time is 265.314982 seconds.

chan =

   108

Elapsed time is 263.790863 seconds.

chan =

   109

Elapsed time is 265.617236 seconds.

chan =

   110

Elapsed time is 266.832028 seconds.

chan =

   111

Elapsed time is 264.563841 seconds.

chan =

   112

Elapsed time is 263.795718 seconds.

chan =

   113

Elapsed time is 266.596365 seconds.

chan =

   114

Elapsed time is 264.655699 seconds.

chan =

   115

Elapsed time is 264.454206 seconds.

chan =

   116

Elapsed time is 260.861733 seconds.
attempting saving
save success: /projects/p31578/dtf8829/QuestConnect/CHANDAT/chanDat_SLCH006_045.mat
working on TF
encoding done
encoding RT done
retrieval 1 done
retrieval 2 done
attempting saving
save success: /projects/p31578/dtf8829/QuestConnect/CHANDAT/chanDat_SLCH006_045.mat
working on ISPC
channel: 1 took 0 minutes
channel: 2 took 0 minutes
channel: 3 took 0 minutes
channel: 4 took 0 minutes
channel: 5 took 0 minutes
channel: 6 took 0 minutes
channel: 7 took 0 minutes
channel: 8 took 0 minutes
channel: 9 took 0 minutes
channel: 10 took 0 minutes
channel: 11 took 0 minutes
channel: 12 took 0 minutes
channel: 13 took 0 minutes
channel: 14 took 0 minutes
channel: 15 took 0 minutes
channel: 16 took 0 minutes
channel: 17 took 0 minutes
channel: 18 took 0 minutes
channel: 19 took 0 minutes
channel: 20 took 0 minutes
channel: 21 took 0 minutes
channel: 22 took 0 minutes
channel: 23 took 0 minutes
channel: 24 took 0 minutes
channel: 25 took 0 minutes
channel: 26 took 0 minutes
channel: 27 took 0 minutes
channel: 28 took 0 minutes
channel: 29 took 0 minutes
channel: 30 took 0 minutes
channel: 31 took 0 minutes
channel: 32 took 0 minutes
channel: 33 took 0 minutes
channel: 34 took 0 minutes
channel: 35 took 0 minutes
channel: 36 took 0 minutes
channel: 37 took 0 minutes
channel: 38 took 0 minutes
channel: 39 took 0 minutes
channel: 40 took 0 minutes
channel: 41 took 0 minutes
channel: 42 took 0 minutes
channel: 43 took 0 minutes
channel: 44 took 0 minutes
channel: 45 took 0 minutes
channel: 46 took 4.4 minutes
channel: 47 took 4.5 minutes
channel: 48 took 4.5 minutes
channel: 49 took 4.5 minutes
channel: 50 took 4.5 minutes
channel: 51 took 4.4 minutes
channel: 52 took 4.5 minutes
channel: 53 took 4.5 minutes
channel: 54 took 4.5 minutes
channel: 55 took 4.5 minutes
channel: 56 took 4.5 minutes
channel: 57 took 4.5 minutes
channel: 58 took 4.5 minutes
channel: 59 took 4.5 minutes
channel: 60 took 4.5 minutes
channel: 61 took 4.5 minutes
channel: 62 took 4.5 minutes
channel: 63 took 4.5 minutes
channel: 64 took 4.5 minutes
channel: 65 took 4.5 minutes
channel: 66 took 4.5 minutes
channel: 67 took 4.5 minutes
channel: 68 took 4.5 minutes
channel: 69 took 4.5 minutes
channel: 70 took 4.5 minutes
channel: 71 took 4.5 minutes
channel: 72 took 4.5 minutes
channel: 73 took 4.5 minutes
channel: 74 took 4.5 minutes
channel: 75 took 4.5 minutes
channel: 76 took 4.5 minutes
channel: 77 took 4.5 minutes
channel: 78 took 4.5 minutes
channel: 79 took 4.5 minutes
channel: 80 took 4.5 minutes
channel: 81 took 4.5 minutes
channel: 82 took 4.5 minutes
channel: 83 took 4.5 minutes
channel: 84 took 4.5 minutes
channel: 85 took 4.5 minutes
channel: 86 took 4.5 minutes
channel: 87 took 4.5 minutes
channel: 88 took 4.5 minutes
channel: 89 took 4.5 minutes
channel: 90 took 4.5 minutes
channel: 91 took 4.5 minutes
channel: 92 took 4.5 minutes
channel: 93 took 4.5 minutes
channel: 94 took 4.5 minutes
channel: 95 took 4.5 minutes
channel: 96 took 4.5 minutes
channel: 97 took 4.5 minutes
channel: 98 took 4.5 minutes
channel: 99 took 4.5 minutes
channel: 100 took 4.5 minutes
channel: 101 took 4.5 minutes
channel: 102 took 4.5 minutes
channel: 103 took 4.5 minutes
channel: 104 took 4.5 minutes
channel: 105 took 4.5 minutes
channel: 106 took 4.5 minutes
channel: 107 took 4.5 minutes
channel: 108 took 4.5 minutes
channel: 109 took 4.5 minutes
channel: 110 took 4.5 minutes
channel: 111 took 4.5 minutes
channel: 112 took 4.5 minutes
channel: 113 took 4.5 minutes
channel: 114 took 4.5 minutes
channel: 115 took 4.5 minutes
channel: 116 took 4.5 minutes
attempting saving
save success: /projects/p31578/dtf8829/QuestConnect/CHANDAT/chanDat_SLCH006_045.mat
Elapsed time is 274.991797 seconds.
