getting started: 3574
attempting file: 3574
going for SLCH006 96
data loaded: SLCH006 96
MISMATCH WITH ZACH COORDINATES!!!
HFB already done

chan =

     1

Elapsed time is 240.956879 seconds.

chan =

     2

Elapsed time is 240.305304 seconds.

chan =

     3

Elapsed time is 237.904679 seconds.

chan =

     4

Elapsed time is 235.896675 seconds.

chan =

     5

Elapsed time is 234.361912 seconds.

chan =

     6

Elapsed time is 228.435625 seconds.

chan =

     7

Elapsed time is 224.351430 seconds.

chan =

     8

Elapsed time is 224.303182 seconds.

chan =

     9

Elapsed time is 223.644833 seconds.

chan =

    10

Elapsed time is 220.778322 seconds.

chan =

    11

Elapsed time is 218.072991 seconds.

chan =

    12

Elapsed time is 214.771516 seconds.

chan =

    13

Elapsed time is 214.202909 seconds.

chan =

    14

Elapsed time is 214.942485 seconds.

chan =

    15

Elapsed time is 216.407207 seconds.

chan =

    16

Elapsed time is 216.582759 seconds.

chan =

    17

Elapsed time is 216.345444 seconds.

chan =

    18

Elapsed time is 220.460923 seconds.

chan =

    19

Elapsed time is 217.701094 seconds.

chan =

    20

Elapsed time is 215.176374 seconds.

chan =

    21

Elapsed time is 216.332277 seconds.

chan =

    22

Elapsed time is 215.101300 seconds.

chan =

    23

Elapsed time is 215.000711 seconds.

chan =

    24

Elapsed time is 219.503904 seconds.

chan =

    25

Elapsed time is 219.489559 seconds.

chan =

    26

Elapsed time is 223.519378 seconds.

chan =

    27

Elapsed time is 239.830761 seconds.

chan =

    28

Elapsed time is 240.498822 seconds.

chan =

    29

Elapsed time is 236.774718 seconds.

chan =

    30

Elapsed time is 237.105100 seconds.

chan =

    31

Elapsed time is 236.563578 seconds.

chan =

    32

Elapsed time is 238.609696 seconds.

chan =

    33

Elapsed time is 229.632095 seconds.

chan =

    34

Elapsed time is 231.655671 seconds.

chan =

    35

Elapsed time is 236.640592 seconds.

chan =

    36

Elapsed time is 238.256757 seconds.

chan =

    37

Elapsed time is 230.859538 seconds.

chan =

    38

Elapsed time is 215.425940 seconds.

chan =

    39

Elapsed time is 195.074481 seconds.

chan =

    40

Elapsed time is 190.036196 seconds.

chan =

    41

Elapsed time is 203.565787 seconds.

chan =

    42

Elapsed time is 203.543359 seconds.

chan =

    43

Elapsed time is 199.173303 seconds.

chan =

    44

Elapsed time is 196.900995 seconds.

chan =

    45

Elapsed time is 204.870851 seconds.

chan =

    46

Elapsed time is 202.091747 seconds.

chan =

    47

Elapsed time is 204.127529 seconds.

chan =

    48

Elapsed time is 204.422847 seconds.

chan =

    49

Elapsed time is 194.942430 seconds.

chan =

    50

Elapsed time is 186.554621 seconds.

chan =

    51

Elapsed time is 198.386278 seconds.

chan =

    52

Elapsed time is 188.448775 seconds.

chan =

    53

Elapsed time is 188.743005 seconds.

chan =

    54

Elapsed time is 186.210278 seconds.

chan =

    55

Elapsed time is 193.692386 seconds.

chan =

    56

Elapsed time is 194.884725 seconds.

chan =

    57

Elapsed time is 187.484550 seconds.

chan =

    58

Elapsed time is 191.940043 seconds.

chan =

    59

Elapsed time is 201.697190 seconds.

chan =

    60

Elapsed time is 201.060810 seconds.

chan =

    61

Elapsed time is 192.231868 seconds.

chan =

    62

Elapsed time is 184.289388 seconds.

chan =

    63

Elapsed time is 186.408221 seconds.

chan =

    64

Elapsed time is 184.148812 seconds.

chan =

    65

Elapsed time is 186.108149 seconds.

chan =

    66

Elapsed time is 189.217147 seconds.

chan =

    67

Elapsed time is 191.565035 seconds.

chan =

    68

Elapsed time is 188.595899 seconds.

chan =

    69

Elapsed time is 188.810185 seconds.

chan =

    70

Elapsed time is 188.586972 seconds.

chan =

    71

Elapsed time is 186.285068 seconds.

chan =

    72

Elapsed time is 188.848968 seconds.

chan =

    73

Elapsed time is 186.976231 seconds.

chan =

    74

Elapsed time is 186.017959 seconds.

chan =

    75

Elapsed time is 187.832681 seconds.

chan =

    76

Elapsed time is 187.517287 seconds.

chan =

    77

Elapsed time is 186.474570 seconds.

chan =

    78

Elapsed time is 185.129998 seconds.

chan =

    79

Elapsed time is 186.533527 seconds.

chan =

    80

Elapsed time is 188.152311 seconds.

chan =

    81

Elapsed time is 189.231735 seconds.

chan =

    82

Elapsed time is 187.181964 seconds.

chan =

    83

Elapsed time is 190.403140 seconds.

chan =

    84

Elapsed time is 184.854622 seconds.

chan =

    85

Elapsed time is 185.791784 seconds.

chan =

    86

Elapsed time is 184.896759 seconds.

chan =

    87

Elapsed time is 189.516666 seconds.

chan =

    88

Elapsed time is 186.136470 seconds.

chan =

    89

Elapsed time is 185.876112 seconds.

chan =

    90

Elapsed time is 186.133371 seconds.

chan =

    91

Elapsed time is 187.973409 seconds.

chan =

    92

Elapsed time is 186.172961 seconds.

chan =

    93

Elapsed time is 187.265362 seconds.

chan =

    94

Elapsed time is 186.498541 seconds.

chan =

    95

Elapsed time is 185.991602 seconds.

chan =

    96

Elapsed time is 185.468598 seconds.

chan =

    97

Elapsed time is 184.872079 seconds.

chan =

    98

Elapsed time is 184.394878 seconds.

chan =

    99

Elapsed time is 190.378358 seconds.

chan =

   100

Elapsed time is 189.031254 seconds.

chan =

   101

Elapsed time is 186.143118 seconds.

chan =

   102

Elapsed time is 183.671625 seconds.

chan =

   103

Elapsed time is 186.683478 seconds.

chan =

   104

Elapsed time is 185.575455 seconds.

chan =

   105

Elapsed time is 188.269342 seconds.

chan =

   106

Elapsed time is 185.302868 seconds.

chan =

   107

Elapsed time is 185.740600 seconds.

chan =

   108

Elapsed time is 184.150935 seconds.

chan =

   109

Elapsed time is 185.251640 seconds.

chan =

   110

Elapsed time is 185.013621 seconds.

chan =

   111

Elapsed time is 338.201102 seconds.

chan =

   112

Elapsed time is 288.458611 seconds.

chan =

   113

Elapsed time is 233.590198 seconds.

chan =

   114

Elapsed time is 232.236811 seconds.

chan =

   115

Elapsed time is 229.367747 seconds.

chan =

   116

Elapsed time is 228.239893 seconds.
attempting saving
save success: /projects/p31578/dtf8829/QuestConnect/CHANDAT/chanDat_SLCH006_096.mat
working on TF
encoding done
encoding RT done
retrieval 1 done
retrieval 2 done
attempting saving
save success: /projects/p31578/dtf8829/QuestConnect/CHANDAT/chanDat_SLCH006_096.mat
working on ISPC
channel: 1 took 0 minutes
channel: 2 took 0 minutes
channel: 3 took 0 minutes
channel: 4 took 0 minutes
channel: 5 took 0 minutes
channel: 6 took 0 minutes
channel: 7 took 0 minutes
channel: 8 took 0 minutes
channel: 9 took 0 minutes
channel: 10 took 0 minutes
channel: 11 took 0 minutes
channel: 12 took 0 minutes
channel: 13 took 0 minutes
channel: 14 took 0 minutes
channel: 15 took 0 minutes
channel: 16 took 0 minutes
channel: 17 took 0 minutes
channel: 18 took 0 minutes
channel: 19 took 0 minutes
channel: 20 took 0 minutes
channel: 21 took 0 minutes
channel: 22 took 0 minutes
channel: 23 took 0 minutes
channel: 24 took 0 minutes
channel: 25 took 0 minutes
channel: 26 took 0 minutes
channel: 27 took 0 minutes
channel: 28 took 0 minutes
channel: 29 took 0 minutes
channel: 30 took 0 minutes
channel: 31 took 0 minutes
channel: 32 took 0 minutes
channel: 33 took 0 minutes
channel: 34 took 0 minutes
channel: 35 took 0 minutes
channel: 36 took 0 minutes
channel: 37 took 0 minutes
channel: 38 took 0 minutes
channel: 39 took 0 minutes
channel: 40 took 0 minutes
channel: 41 took 0 minutes
channel: 42 took 0 minutes
channel: 43 took 0 minutes
channel: 44 took 0 minutes
channel: 45 took 0 minutes
channel: 46 took 0 minutes
channel: 47 took 0 minutes
channel: 48 took 0 minutes
channel: 49 took 0 minutes
channel: 50 took 0 minutes
channel: 51 took 0 minutes
channel: 52 took 0 minutes
channel: 53 took 0 minutes
channel: 54 took 0 minutes
channel: 55 took 0 minutes
channel: 56 took 0 minutes
channel: 57 took 0 minutes
channel: 58 took 0 minutes
channel: 59 took 0 minutes
channel: 60 took 0 minutes
channel: 61 took 0 minutes
channel: 62 took 0 minutes
channel: 63 took 0 minutes
channel: 64 took 0 minutes
channel: 65 took 0 minutes
channel: 66 took 0 minutes
channel: 67 took 0 minutes
channel: 68 took 0 minutes
channel: 69 took 0 minutes
channel: 70 took 0 minutes
channel: 71 took 0 minutes
channel: 72 took 0 minutes
channel: 73 took 0 minutes
channel: 74 took 0 minutes
channel: 75 took 0 minutes
channel: 76 took 0 minutes
channel: 77 took 0 minutes
channel: 78 took 0 minutes
channel: 79 took 0 minutes
channel: 80 took 0 minutes
channel: 81 took 0 minutes
channel: 82 took 0 minutes
channel: 83 took 0 minutes
channel: 84 took 0 minutes
channel: 85 took 0 minutes
channel: 86 took 0 minutes
channel: 87 took 0 minutes
channel: 88 took 0 minutes
channel: 89 took 0 minutes
channel: 90 took 0 minutes
channel: 91 took 0 minutes
channel: 92 took 0 minutes
channel: 93 took 0 minutes
channel: 94 took 0 minutes
channel: 95 took 0 minutes
channel: 96 took 0 minutes
channel: 97 took 4 minutes
channel: 98 took 4.2 minutes
channel: 99 took 4.2 minutes
channel: 100 took 4.2 minutes
channel: 101 took 4.2 minutes
channel: 102 took 4 minutes
channel: 103 took 4.2 minutes
channel: 104 took 4.2 minutes
channel: 105 took 4.2 minutes
channel: 106 took 4.2 minutes
channel: 107 took 4 minutes
channel: 108 took 4.1 minutes
channel: 109 took 4.2 minutes
channel: 110 took 4.2 minutes
channel: 111 took 4.2 minutes
channel: 112 took 4 minutes
channel: 113 took 4 minutes
channel: 114 took 4.2 minutes
channel: 115 took 4.2 minutes
channel: 116 took 4.2 minutes
attempting saving
save success: /projects/p31578/dtf8829/QuestConnect/CHANDAT/chanDat_SLCH006_096.mat
Elapsed time is 259.861960 seconds.
