getting started: 3526
attempting file: 3526
going for SLCH006 48
data loaded: SLCH006 48
MISMATCH WITH ZACH COORDINATES!!!
HFB already done

chan =

     1

Elapsed time is 254.591367 seconds.

chan =

     2

Elapsed time is 247.385611 seconds.

chan =

     3

Elapsed time is 246.758715 seconds.

chan =

     4

Elapsed time is 247.074489 seconds.

chan =

     5

Elapsed time is 244.351138 seconds.

chan =

     6

Elapsed time is 242.921566 seconds.

chan =

     7

Elapsed time is 239.498873 seconds.

chan =

     8

Elapsed time is 243.709942 seconds.

chan =

     9

Elapsed time is 247.601384 seconds.

chan =

    10

Elapsed time is 242.862782 seconds.

chan =

    11

Elapsed time is 242.022659 seconds.

chan =

    12

Elapsed time is 238.506842 seconds.

chan =

    13

Elapsed time is 239.474997 seconds.

chan =

    14

Elapsed time is 241.128942 seconds.

chan =

    15

Elapsed time is 239.066591 seconds.

chan =

    16

Elapsed time is 242.004245 seconds.

chan =

    17

Elapsed time is 243.278985 seconds.

chan =

    18

Elapsed time is 242.698924 seconds.

chan =

    19

Elapsed time is 241.202021 seconds.

chan =

    20

Elapsed time is 238.740298 seconds.

chan =

    21

Elapsed time is 241.765602 seconds.

chan =

    22

Elapsed time is 240.658246 seconds.

chan =

    23

Elapsed time is 243.111403 seconds.

chan =

    24

Elapsed time is 240.116179 seconds.

chan =

    25

Elapsed time is 244.761516 seconds.

chan =

    26

Elapsed time is 247.155147 seconds.

chan =

    27

Elapsed time is 246.202938 seconds.

chan =

    28

Elapsed time is 244.595182 seconds.

chan =

    29

Elapsed time is 243.401404 seconds.

chan =

    30

Elapsed time is 245.447805 seconds.

chan =

    31

Elapsed time is 242.506861 seconds.

chan =

    32

Elapsed time is 242.592666 seconds.

chan =

    33

Elapsed time is 236.626934 seconds.

chan =

    34

Elapsed time is 233.146738 seconds.

chan =

    35

Elapsed time is 230.369841 seconds.

chan =

    36

Elapsed time is 232.847941 seconds.

chan =

    37

Elapsed time is 233.663837 seconds.

chan =

    38

Elapsed time is 237.648659 seconds.

chan =

    39

Elapsed time is 241.839252 seconds.

chan =

    40

Elapsed time is 239.844053 seconds.

chan =

    41

Elapsed time is 238.132583 seconds.

chan =

    42

Elapsed time is 239.063927 seconds.

chan =

    43

Elapsed time is 241.012277 seconds.

chan =

    44

Elapsed time is 235.809637 seconds.

chan =

    45

Elapsed time is 237.842648 seconds.

chan =

    46

Elapsed time is 238.482522 seconds.

chan =

    47

Elapsed time is 238.950626 seconds.

chan =

    48

Elapsed time is 239.640388 seconds.

chan =

    49

Elapsed time is 238.413697 seconds.

chan =

    50

Elapsed time is 236.460580 seconds.

chan =

    51

Elapsed time is 236.345297 seconds.

chan =

    52

Elapsed time is 237.181223 seconds.

chan =

    53

Elapsed time is 237.191426 seconds.

chan =

    54

Elapsed time is 237.877233 seconds.

chan =

    55

Elapsed time is 238.856666 seconds.

chan =

    56

Elapsed time is 238.448673 seconds.

chan =

    57

Elapsed time is 237.021490 seconds.

chan =

    58

Elapsed time is 241.428371 seconds.

chan =

    59

Elapsed time is 246.907994 seconds.

chan =

    60

Elapsed time is 244.572303 seconds.

chan =

    61

Elapsed time is 236.070075 seconds.

chan =

    62

Elapsed time is 236.698674 seconds.

chan =

    63

Elapsed time is 241.521568 seconds.

chan =

    64

Elapsed time is 241.193772 seconds.

chan =

    65

Elapsed time is 236.046870 seconds.

chan =

    66

Elapsed time is 239.867136 seconds.

chan =

    67

Elapsed time is 240.346385 seconds.

chan =

    68

Elapsed time is 237.705031 seconds.

chan =

    69

Elapsed time is 240.654024 seconds.

chan =

    70

Elapsed time is 239.831436 seconds.

chan =

    71

Elapsed time is 242.352184 seconds.

chan =

    72

Elapsed time is 242.630070 seconds.

chan =

    73

Elapsed time is 239.330368 seconds.

chan =

    74

Elapsed time is 239.312494 seconds.

chan =

    75

Elapsed time is 242.290783 seconds.

chan =

    76

Elapsed time is 238.137582 seconds.

chan =

    77

Elapsed time is 237.378596 seconds.

chan =

    78

Elapsed time is 239.984007 seconds.

chan =

    79

Elapsed time is 237.461455 seconds.

chan =

    80

Elapsed time is 236.313507 seconds.

chan =

    81

Elapsed time is 241.398640 seconds.

chan =

    82

Elapsed time is 238.398770 seconds.

chan =

    83

Elapsed time is 236.118681 seconds.

chan =

    84

Elapsed time is 242.508871 seconds.

chan =

    85

Elapsed time is 241.919613 seconds.

chan =

    86

Elapsed time is 233.078249 seconds.

chan =

    87

Elapsed time is 233.098357 seconds.

chan =

    88

Elapsed time is 234.740906 seconds.

chan =

    89

Elapsed time is 236.281902 seconds.

chan =

    90

Elapsed time is 236.705554 seconds.

chan =

    91

Elapsed time is 236.901893 seconds.

chan =

    92

Elapsed time is 242.135346 seconds.

chan =

    93

Elapsed time is 241.524769 seconds.

chan =

    94

Elapsed time is 242.418650 seconds.

chan =

    95

Elapsed time is 239.304726 seconds.

chan =

    96

Elapsed time is 250.206672 seconds.

chan =

    97

Elapsed time is 252.772440 seconds.

chan =

    98

Elapsed time is 245.687813 seconds.

chan =

    99

Elapsed time is 249.978033 seconds.

chan =

   100

Elapsed time is 255.547562 seconds.

chan =

   101

Elapsed time is 250.287844 seconds.

chan =

   102

Elapsed time is 246.875118 seconds.

chan =

   103

Elapsed time is 248.487870 seconds.

chan =

   104

Elapsed time is 246.516392 seconds.

chan =

   105

Elapsed time is 249.058246 seconds.

chan =

   106

Elapsed time is 245.799801 seconds.

chan =

   107

Elapsed time is 251.022319 seconds.

chan =

   108

Elapsed time is 250.812561 seconds.

chan =

   109

Elapsed time is 253.199017 seconds.

chan =

   110

Elapsed time is 251.668832 seconds.

chan =

   111

Elapsed time is 250.808139 seconds.

chan =

   112

Elapsed time is 251.016913 seconds.

chan =

   113

Elapsed time is 242.855469 seconds.

chan =

   114

Elapsed time is 244.581238 seconds.

chan =

   115

Elapsed time is 245.695110 seconds.

chan =

   116

Elapsed time is 236.682995 seconds.
attempting saving
save success: /projects/p31578/dtf8829/QuestConnect/CHANDAT/chanDat_SLCH006_048.mat
working on TF
encoding done
encoding RT done
retrieval 1 done
retrieval 2 done
attempting saving
save success: /projects/p31578/dtf8829/QuestConnect/CHANDAT/chanDat_SLCH006_048.mat
working on ISPC
channel: 1 took 0 minutes
channel: 2 took 0 minutes
channel: 3 took 0 minutes
channel: 4 took 0 minutes
channel: 5 took 0 minutes
channel: 6 took 0 minutes
channel: 7 took 0 minutes
channel: 8 took 0 minutes
channel: 9 took 0 minutes
channel: 10 took 0 minutes
channel: 11 took 0 minutes
channel: 12 took 0 minutes
channel: 13 took 0 minutes
channel: 14 took 0 minutes
channel: 15 took 0 minutes
channel: 16 took 0 minutes
channel: 17 took 0 minutes
channel: 18 took 0 minutes
channel: 19 took 0 minutes
channel: 20 took 0 minutes
channel: 21 took 0 minutes
channel: 22 took 0 minutes
channel: 23 took 0 minutes
channel: 24 took 0 minutes
channel: 25 took 0 minutes
channel: 26 took 0 minutes
channel: 27 took 0 minutes
channel: 28 took 0 minutes
channel: 29 took 0 minutes
channel: 30 took 0 minutes
channel: 31 took 0 minutes
channel: 32 took 0 minutes
channel: 33 took 0 minutes
channel: 34 took 0 minutes
channel: 35 took 0 minutes
channel: 36 took 0 minutes
channel: 37 took 0 minutes
channel: 38 took 0 minutes
channel: 39 took 0 minutes
channel: 40 took 0 minutes
channel: 41 took 0 minutes
channel: 42 took 0 minutes
channel: 43 took 0 minutes
channel: 44 took 0 minutes
channel: 45 took 0 minutes
channel: 46 took 0 minutes
channel: 47 took 0 minutes
channel: 48 took 0 minutes
channel: 49 took 4.4 minutes
channel: 50 took 4.4 minutes
channel: 51 took 4.4 minutes
channel: 52 took 4.4 minutes
channel: 53 took 4.4 minutes
channel: 54 took 4.3 minutes
channel: 55 took 4.4 minutes
channel: 56 took 4.4 minutes
channel: 57 took 4.4 minutes
channel: 58 took 4.4 minutes
channel: 59 took 4.4 minutes
channel: 60 took 4.4 minutes
channel: 61 took 4.4 minutes
channel: 62 took 4.4 minutes
channel: 63 took 4.4 minutes
channel: 64 took 4.4 minutes
channel: 65 took 4.4 minutes
channel: 66 took 4.4 minutes
channel: 67 took 4.4 minutes
channel: 68 took 4.3 minutes
channel: 69 took 4.3 minutes
channel: 70 took 4.2 minutes
channel: 71 took 4.3 minutes
channel: 72 took 4.3 minutes
channel: 73 took 4.2 minutes
channel: 74 took 4.2 minutes
channel: 75 took 4.2 minutes
channel: 76 took 4.2 minutes
channel: 77 took 4.2 minutes
channel: 78 took 4.2 minutes
channel: 79 took 4.2 minutes
channel: 80 took 4.2 minutes
channel: 81 took 4.2 minutes
channel: 82 took 4.2 minutes
channel: 83 took 4.2 minutes
channel: 84 took 4.2 minutes
channel: 85 took 4.2 minutes
channel: 86 took 4.3 minutes
channel: 87 took 4.3 minutes
channel: 88 took 4.2 minutes
channel: 89 took 4.2 minutes
channel: 90 took 4.2 minutes
channel: 91 took 4.2 minutes
channel: 92 took 4.2 minutes
channel: 93 took 4.2 minutes
channel: 94 took 4.3 minutes
channel: 95 took 4.2 minutes
channel: 96 took 4.2 minutes
channel: 97 took 4.2 minutes
channel: 98 took 4.2 minutes
channel: 99 took 4.2 minutes
channel: 100 took 4.2 minutes
channel: 101 took 4.2 minutes
channel: 102 took 4.2 minutes
channel: 103 took 4.2 minutes
channel: 104 took 4.2 minutes
channel: 105 took 4.2 minutes
channel: 106 took 4.2 minutes
channel: 107 took 4.2 minutes
channel: 108 took 4.2 minutes
channel: 109 took 4.2 minutes
channel: 110 took 4.2 minutes
channel: 111 took 4.2 minutes
channel: 112 took 4.1 minutes
channel: 113 took 4.1 minutes
channel: 114 took 4.1 minutes
channel: 115 took 4.1 minutes
channel: 116 took 4.1 minutes
attempting saving
save success: /projects/p31578/dtf8829/QuestConnect/CHANDAT/chanDat_SLCH006_048.mat
Elapsed time is 250.534998 seconds.
