getting started: 3524
attempting file: 3524
going for SLCH006 46
data loaded: SLCH006 46
MISMATCH WITH ZACH COORDINATES!!!
HFB already done

chan =

     1

Elapsed time is 246.909050 seconds.

chan =

     2

Elapsed time is 245.963165 seconds.

chan =

     3

Elapsed time is 247.965618 seconds.

chan =

     4

Elapsed time is 254.830644 seconds.

chan =

     5

Elapsed time is 248.652419 seconds.

chan =

     6

Elapsed time is 249.148887 seconds.

chan =

     7

Elapsed time is 249.127307 seconds.

chan =

     8

Elapsed time is 252.251338 seconds.

chan =

     9

Elapsed time is 249.450132 seconds.

chan =

    10

Elapsed time is 245.322562 seconds.

chan =

    11

Elapsed time is 250.250857 seconds.

chan =

    12

Elapsed time is 243.978537 seconds.

chan =

    13

Elapsed time is 246.145865 seconds.

chan =

    14

Elapsed time is 245.346747 seconds.

chan =

    15

Elapsed time is 248.621512 seconds.

chan =

    16

Elapsed time is 243.866820 seconds.

chan =

    17

Elapsed time is 245.640693 seconds.

chan =

    18

Elapsed time is 244.959869 seconds.

chan =

    19

Elapsed time is 247.612120 seconds.

chan =

    20

Elapsed time is 245.566962 seconds.

chan =

    21

Elapsed time is 248.250999 seconds.

chan =

    22

Elapsed time is 245.125013 seconds.

chan =

    23

Elapsed time is 244.566254 seconds.

chan =

    24

Elapsed time is 245.529782 seconds.

chan =

    25

Elapsed time is 254.288087 seconds.

chan =

    26

Elapsed time is 254.516296 seconds.

chan =

    27

Elapsed time is 254.508390 seconds.

chan =

    28

Elapsed time is 253.845203 seconds.

chan =

    29

Elapsed time is 250.766257 seconds.

chan =

    30

Elapsed time is 247.455130 seconds.

chan =

    31

Elapsed time is 253.569563 seconds.

chan =

    32

Elapsed time is 248.154643 seconds.

chan =

    33

Elapsed time is 245.608564 seconds.

chan =

    34

Elapsed time is 246.004354 seconds.

chan =

    35

Elapsed time is 249.539281 seconds.

chan =

    36

Elapsed time is 246.009870 seconds.

chan =

    37

Elapsed time is 249.246303 seconds.

chan =

    38

Elapsed time is 244.072378 seconds.

chan =

    39

Elapsed time is 247.789999 seconds.

chan =

    40

Elapsed time is 244.062299 seconds.

chan =

    41

Elapsed time is 244.257010 seconds.

chan =

    42

Elapsed time is 243.468817 seconds.

chan =

    43

Elapsed time is 244.882194 seconds.

chan =

    44

Elapsed time is 251.592037 seconds.

chan =

    45

Elapsed time is 246.206894 seconds.

chan =

    46

Elapsed time is 242.329425 seconds.

chan =

    47

Elapsed time is 242.596437 seconds.

chan =

    48

Elapsed time is 244.112346 seconds.

chan =

    49

Elapsed time is 244.274682 seconds.

chan =

    50

Elapsed time is 243.640489 seconds.

chan =

    51

Elapsed time is 245.925035 seconds.

chan =

    52

Elapsed time is 243.104929 seconds.

chan =

    53

Elapsed time is 247.920118 seconds.

chan =

    54

Elapsed time is 248.738645 seconds.

chan =

    55

Elapsed time is 246.129869 seconds.

chan =

    56

Elapsed time is 248.051008 seconds.

chan =

    57

Elapsed time is 249.433104 seconds.

chan =

    58

Elapsed time is 241.053833 seconds.

chan =

    59

Elapsed time is 242.891267 seconds.

chan =

    60

Elapsed time is 242.528255 seconds.

chan =

    61

Elapsed time is 246.452934 seconds.

chan =

    62

Elapsed time is 244.381900 seconds.

chan =

    63

Elapsed time is 252.271790 seconds.

chan =

    64

Elapsed time is 249.070590 seconds.

chan =

    65

Elapsed time is 247.989788 seconds.

chan =

    66

Elapsed time is 247.606500 seconds.

chan =

    67

Elapsed time is 250.528083 seconds.

chan =

    68

Elapsed time is 249.147275 seconds.

chan =

    69

Elapsed time is 252.187116 seconds.

chan =

    70

Elapsed time is 249.257692 seconds.

chan =

    71

Elapsed time is 251.603021 seconds.

chan =

    72

Elapsed time is 248.022894 seconds.

chan =

    73

Elapsed time is 248.922501 seconds.

chan =

    74

Elapsed time is 251.284893 seconds.

chan =

    75

Elapsed time is 248.584133 seconds.

chan =

    76

Elapsed time is 251.393818 seconds.

chan =

    77

Elapsed time is 244.969347 seconds.

chan =

    78

Elapsed time is 242.501711 seconds.

chan =

    79

Elapsed time is 243.811128 seconds.

chan =

    80

Elapsed time is 238.405930 seconds.

chan =

    81

Elapsed time is 244.886585 seconds.

chan =

    82

Elapsed time is 242.896990 seconds.

chan =

    83

Elapsed time is 244.098001 seconds.

chan =

    84

Elapsed time is 239.535436 seconds.

chan =

    85

Elapsed time is 241.839896 seconds.

chan =

    86

Elapsed time is 244.906738 seconds.

chan =

    87

Elapsed time is 244.107641 seconds.

chan =

    88

Elapsed time is 241.519521 seconds.

chan =

    89

Elapsed time is 244.710983 seconds.

chan =

    90

Elapsed time is 244.229237 seconds.

chan =

    91

Elapsed time is 248.903044 seconds.

chan =

    92

Elapsed time is 247.724102 seconds.

chan =

    93

Elapsed time is 247.932209 seconds.

chan =

    94

Elapsed time is 247.550325 seconds.

chan =

    95

Elapsed time is 250.144246 seconds.

chan =

    96

Elapsed time is 249.503101 seconds.

chan =

    97

Elapsed time is 244.365068 seconds.

chan =

    98

Elapsed time is 243.153926 seconds.

chan =

    99

Elapsed time is 244.666742 seconds.

chan =

   100

Elapsed time is 246.537057 seconds.

chan =

   101

Elapsed time is 247.544434 seconds.

chan =

   102

Elapsed time is 246.943881 seconds.

chan =

   103

Elapsed time is 248.791961 seconds.

chan =

   104

Elapsed time is 248.877322 seconds.

chan =

   105

Elapsed time is 247.807814 seconds.

chan =

   106

Elapsed time is 238.528430 seconds.

chan =

   107

Elapsed time is 250.114649 seconds.

chan =

   108

Elapsed time is 248.829820 seconds.

chan =

   109

Elapsed time is 252.892581 seconds.

chan =

   110

Elapsed time is 247.099857 seconds.

chan =

   111

Elapsed time is 247.385097 seconds.

chan =

   112

Elapsed time is 247.301532 seconds.

chan =

   113

Elapsed time is 246.725322 seconds.

chan =

   114

Elapsed time is 242.114677 seconds.

chan =

   115

Elapsed time is 244.001252 seconds.

chan =

   116

Elapsed time is 244.924921 seconds.
attempting saving
save success: /projects/p31578/dtf8829/QuestConnect/CHANDAT/chanDat_SLCH006_046.mat
working on TF
encoding done
encoding RT done
retrieval 1 done
retrieval 2 done
attempting saving
save success: /projects/p31578/dtf8829/QuestConnect/CHANDAT/chanDat_SLCH006_046.mat
working on ISPC
channel: 1 took 0 minutes
channel: 2 took 0 minutes
channel: 3 took 0 minutes
channel: 4 took 0 minutes
channel: 5 took 0 minutes
channel: 6 took 0 minutes
channel: 7 took 0 minutes
channel: 8 took 0 minutes
channel: 9 took 0 minutes
channel: 10 took 0 minutes
channel: 11 took 0 minutes
channel: 12 took 0 minutes
channel: 13 took 0 minutes
channel: 14 took 0 minutes
channel: 15 took 0 minutes
channel: 16 took 0 minutes
channel: 17 took 0 minutes
channel: 18 took 0 minutes
channel: 19 took 0 minutes
channel: 20 took 0 minutes
channel: 21 took 0 minutes
channel: 22 took 0 minutes
channel: 23 took 0 minutes
channel: 24 took 0 minutes
channel: 25 took 0 minutes
channel: 26 took 0 minutes
channel: 27 took 0 minutes
channel: 28 took 0 minutes
channel: 29 took 0 minutes
channel: 30 took 0 minutes
channel: 31 took 0 minutes
channel: 32 took 0 minutes
channel: 33 took 0 minutes
channel: 34 took 0 minutes
channel: 35 took 0 minutes
channel: 36 took 0 minutes
channel: 37 took 0 minutes
channel: 38 took 0 minutes
channel: 39 took 0 minutes
channel: 40 took 0 minutes
channel: 41 took 0 minutes
channel: 42 took 0 minutes
channel: 43 took 0 minutes
channel: 44 took 0 minutes
channel: 45 took 0 minutes
channel: 46 took 0 minutes
channel: 47 took 4.6 minutes
channel: 48 took 4.6 minutes
channel: 49 took 4.6 minutes
channel: 50 took 4.6 minutes
channel: 51 took 4.6 minutes
channel: 52 took 4.6 minutes
channel: 53 took 4.6 minutes
channel: 54 took 4.5 minutes
channel: 55 took 4.6 minutes
channel: 56 took 4.7 minutes
channel: 57 took 4.7 minutes
channel: 58 took 4.6 minutes
channel: 59 took 4.6 minutes
channel: 60 took 4.6 minutes
channel: 61 took 4.6 minutes
channel: 62 took 4.6 minutes
channel: 63 took 4.7 minutes
channel: 64 took 4.7 minutes
channel: 65 took 4.6 minutes
channel: 66 took 4.6 minutes
channel: 67 took 4.6 minutes
channel: 68 took 4.7 minutes
channel: 69 took 4.7 minutes
channel: 70 took 4.6 minutes
channel: 71 took 4.7 minutes
channel: 72 took 4.6 minutes
channel: 73 took 4.7 minutes
channel: 74 took 4.7 minutes
channel: 75 took 4.7 minutes
channel: 76 took 4.6 minutes
channel: 77 took 4.7 minutes
channel: 78 took 4.7 minutes
channel: 79 took 4.6 minutes
channel: 80 took 4.6 minutes
channel: 81 took 4.6 minutes
channel: 82 took 4.6 minutes
channel: 83 took 4.6 minutes
channel: 84 took 4.6 minutes
channel: 85 took 4.5 minutes
channel: 86 took 4.6 minutes
channel: 87 took 4.6 minutes
channel: 88 took 4.6 minutes
channel: 89 took 4.6 minutes
channel: 90 took 4.6 minutes
channel: 91 took 4.6 minutes
channel: 92 took 4.4 minutes
channel: 93 took 4.4 minutes
channel: 94 took 4.4 minutes
channel: 95 took 4.4 minutes
channel: 96 took 4.3 minutes
channel: 97 took 4.4 minutes
channel: 98 took 4.3 minutes
channel: 99 took 4.4 minutes
channel: 100 took 4.4 minutes
channel: 101 took 4.4 minutes
channel: 102 took 4.3 minutes
channel: 103 took 4.4 minutes
channel: 104 took 4.4 minutes
channel: 105 took 4.4 minutes
channel: 106 took 4.4 minutes
channel: 107 took 4.4 minutes
channel: 108 took 4.4 minutes
channel: 109 took 4.4 minutes
channel: 110 took 4.4 minutes
channel: 111 took 4.4 minutes
channel: 112 took 4.4 minutes
channel: 113 took 4.4 minutes
channel: 114 took 4.4 minutes
channel: 115 took 4.4 minutes
channel: 116 took 4.4 minutes
attempting saving
save success: /projects/p31578/dtf8829/QuestConnect/CHANDAT/chanDat_SLCH006_046.mat
Elapsed time is 268.923332 seconds.
