getting started: 3582
attempting file: 3582
going for SLCH006 104
data loaded: SLCH006 104
MISMATCH WITH ZACH COORDINATES!!!
HFB already done

chan =

     1

Elapsed time is 271.543733 seconds.

chan =

     2

Elapsed time is 274.416931 seconds.

chan =

     3

Elapsed time is 274.670351 seconds.

chan =

     4

Elapsed time is 275.811200 seconds.

chan =

     5

Elapsed time is 274.334177 seconds.

chan =

     6

Elapsed time is 273.860144 seconds.

chan =

     7

Elapsed time is 272.918815 seconds.

chan =

     8

Elapsed time is 272.701780 seconds.

chan =

     9

Elapsed time is 271.396411 seconds.

chan =

    10

Elapsed time is 269.549402 seconds.

chan =

    11

Elapsed time is 270.574931 seconds.

chan =

    12

Elapsed time is 268.287642 seconds.

chan =

    13

Elapsed time is 270.020859 seconds.

chan =

    14

Elapsed time is 268.980192 seconds.

chan =

    15

Elapsed time is 272.180307 seconds.

chan =

    16

Elapsed time is 270.318581 seconds.

chan =

    17

Elapsed time is 272.103299 seconds.

chan =

    18

Elapsed time is 270.774119 seconds.

chan =

    19

Elapsed time is 271.848741 seconds.

chan =

    20

Elapsed time is 270.626320 seconds.

chan =

    21

Elapsed time is 271.207890 seconds.

chan =

    22

Elapsed time is 269.864746 seconds.

chan =

    23

Elapsed time is 266.048464 seconds.

chan =

    24

Elapsed time is 267.005420 seconds.

chan =

    25

Elapsed time is 269.183786 seconds.

chan =

    26

Elapsed time is 268.669302 seconds.

chan =

    27

Elapsed time is 270.190999 seconds.

chan =

    28

Elapsed time is 267.949047 seconds.

chan =

    29

Elapsed time is 269.644116 seconds.

chan =

    30

Elapsed time is 266.283759 seconds.

chan =

    31

Elapsed time is 267.632233 seconds.

chan =

    32

Elapsed time is 266.173805 seconds.

chan =

    33

Elapsed time is 267.561630 seconds.

chan =

    34

Elapsed time is 265.678576 seconds.

chan =

    35

Elapsed time is 267.854474 seconds.

chan =

    36

Elapsed time is 266.395571 seconds.

chan =

    37

Elapsed time is 269.180669 seconds.

chan =

    38

Elapsed time is 269.448449 seconds.

chan =

    39

Elapsed time is 273.067830 seconds.

chan =

    40

Elapsed time is 271.348437 seconds.

chan =

    41

Elapsed time is 273.659780 seconds.

chan =

    42

Elapsed time is 267.007257 seconds.

chan =

    43

Elapsed time is 267.501180 seconds.

chan =

    44

Elapsed time is 268.609720 seconds.

chan =

    45

Elapsed time is 272.478816 seconds.

chan =

    46

Elapsed time is 270.779750 seconds.

chan =

    47

Elapsed time is 272.549203 seconds.

chan =

    48

Elapsed time is 270.657305 seconds.

chan =

    49

Elapsed time is 273.761646 seconds.

chan =

    50

Elapsed time is 270.163396 seconds.

chan =

    51

Elapsed time is 272.497204 seconds.

chan =

    52

Elapsed time is 269.097174 seconds.

chan =

    53

Elapsed time is 271.400367 seconds.

chan =

    54

Elapsed time is 269.781481 seconds.

chan =

    55

Elapsed time is 272.022006 seconds.

chan =

    56

Elapsed time is 268.808933 seconds.

chan =

    57

Elapsed time is 268.209056 seconds.

chan =

    58

Elapsed time is 268.117789 seconds.

chan =

    59

Elapsed time is 269.634608 seconds.

chan =

    60

Elapsed time is 266.984168 seconds.

chan =

    61

Elapsed time is 268.561849 seconds.

chan =

    62

Elapsed time is 265.530778 seconds.

chan =

    63

Elapsed time is 267.602108 seconds.

chan =

    64

Elapsed time is 267.364804 seconds.

chan =

    65

Elapsed time is 267.045012 seconds.

chan =

    66

Elapsed time is 268.468013 seconds.

chan =

    67

Elapsed time is 268.188003 seconds.

chan =

    68

Elapsed time is 268.487406 seconds.

chan =

    69

Elapsed time is 270.456831 seconds.

chan =

    70

Elapsed time is 268.518423 seconds.

chan =

    71

Elapsed time is 267.847047 seconds.

chan =

    72

Elapsed time is 266.826937 seconds.

chan =

    73

Elapsed time is 268.828558 seconds.

chan =

    74

Elapsed time is 269.316095 seconds.

chan =

    75

Elapsed time is 267.839190 seconds.

chan =

    76

Elapsed time is 266.902644 seconds.

chan =

    77

Elapsed time is 266.140968 seconds.

chan =

    78

Elapsed time is 265.536191 seconds.

chan =

    79

Elapsed time is 266.712522 seconds.

chan =

    80

Elapsed time is 266.436610 seconds.

chan =

    81

Elapsed time is 267.800909 seconds.

chan =

    82

Elapsed time is 266.304240 seconds.

chan =

    83

Elapsed time is 267.988468 seconds.

chan =

    84

Elapsed time is 265.152848 seconds.

chan =

    85

Elapsed time is 266.542561 seconds.

chan =

    86

Elapsed time is 257.447485 seconds.

chan =

    87

Elapsed time is 262.539935 seconds.

chan =

    88

Elapsed time is 261.842990 seconds.

chan =

    89

Elapsed time is 261.569574 seconds.

chan =

    90

Elapsed time is 261.333281 seconds.

chan =

    91

Elapsed time is 259.346495 seconds.

chan =

    92

Elapsed time is 261.476578 seconds.

chan =

    93

Elapsed time is 262.318237 seconds.

chan =

    94

Elapsed time is 259.760405 seconds.

chan =

    95

Elapsed time is 261.742498 seconds.

chan =

    96

Elapsed time is 256.275761 seconds.

chan =

    97

Elapsed time is 261.842662 seconds.

chan =

    98

Elapsed time is 258.584714 seconds.

chan =

    99

Elapsed time is 260.887103 seconds.

chan =

   100

Elapsed time is 261.060774 seconds.

chan =

   101

Elapsed time is 255.361474 seconds.

chan =

   102

Elapsed time is 261.922299 seconds.

chan =

   103

Elapsed time is 261.202363 seconds.

chan =

   104

Elapsed time is 260.729858 seconds.

chan =

   105

Elapsed time is 263.067333 seconds.

chan =

   106

Elapsed time is 254.666728 seconds.

chan =

   107

Elapsed time is 262.325218 seconds.

chan =

   108

Elapsed time is 259.656939 seconds.

chan =

   109

Elapsed time is 262.988920 seconds.

chan =

   110

Elapsed time is 259.509406 seconds.

chan =

   111

Elapsed time is 256.411469 seconds.

chan =

   112

Elapsed time is 263.310682 seconds.

chan =

   113

Elapsed time is 262.472367 seconds.

chan =

   114

Elapsed time is 253.942919 seconds.

chan =

   115

Elapsed time is 254.911403 seconds.

chan =

   116

Elapsed time is 241.968586 seconds.
attempting saving
save success: /projects/p31578/dtf8829/QuestConnect/CHANDAT/chanDat_SLCH006_104.mat
working on TF
encoding done
encoding RT done
retrieval 1 done
retrieval 2 done
attempting saving
save success: /projects/p31578/dtf8829/QuestConnect/CHANDAT/chanDat_SLCH006_104.mat
working on ISPC
channel: 1 took 0 minutes
channel: 2 took 0 minutes
channel: 3 took 0 minutes
channel: 4 took 0 minutes
channel: 5 took 0 minutes
channel: 6 took 0 minutes
channel: 7 took 0 minutes
channel: 8 took 0 minutes
channel: 9 took 0 minutes
channel: 10 took 0 minutes
channel: 11 took 0 minutes
channel: 12 took 0 minutes
channel: 13 took 0 minutes
channel: 14 took 0 minutes
channel: 15 took 0 minutes
channel: 16 took 0 minutes
channel: 17 took 0 minutes
channel: 18 took 0 minutes
channel: 19 took 0 minutes
channel: 20 took 0 minutes
channel: 21 took 0 minutes
channel: 22 took 0 minutes
channel: 23 took 0 minutes
channel: 24 took 0 minutes
channel: 25 took 0 minutes
channel: 26 took 0 minutes
channel: 27 took 0 minutes
channel: 28 took 0 minutes
channel: 29 took 0 minutes
channel: 30 took 0 minutes
channel: 31 took 0 minutes
channel: 32 took 0 minutes
channel: 33 took 0 minutes
channel: 34 took 0 minutes
channel: 35 took 0 minutes
channel: 36 took 0 minutes
channel: 37 took 0 minutes
channel: 38 took 0 minutes
channel: 39 took 0 minutes
channel: 40 took 0 minutes
channel: 41 took 0 minutes
channel: 42 took 0 minutes
channel: 43 took 0 minutes
channel: 44 took 0 minutes
channel: 45 took 0 minutes
channel: 46 took 0 minutes
channel: 47 took 0 minutes
channel: 48 took 0 minutes
channel: 49 took 0 minutes
channel: 50 took 0 minutes
channel: 51 took 0 minutes
channel: 52 took 0 minutes
channel: 53 took 0 minutes
channel: 54 took 0 minutes
channel: 55 took 0 minutes
channel: 56 took 0 minutes
channel: 57 took 0 minutes
channel: 58 took 0 minutes
channel: 59 took 0 minutes
channel: 60 took 0 minutes
channel: 61 took 0 minutes
channel: 62 took 0 minutes
channel: 63 took 0 minutes
channel: 64 took 0 minutes
channel: 65 took 0 minutes
channel: 66 took 0 minutes
channel: 67 took 0 minutes
channel: 68 took 0 minutes
channel: 69 took 0 minutes
channel: 70 took 0 minutes
channel: 71 took 0 minutes
channel: 72 took 0 minutes
channel: 73 took 0 minutes
channel: 74 took 0 minutes
channel: 75 took 0 minutes
channel: 76 took 0 minutes
channel: 77 took 0 minutes
channel: 78 took 0 minutes
channel: 79 took 0 minutes
channel: 80 took 0 minutes
channel: 81 took 0 minutes
channel: 82 took 0 minutes
channel: 83 took 0 minutes
channel: 84 took 0 minutes
channel: 85 took 0 minutes
channel: 86 took 0 minutes
channel: 87 took 0 minutes
channel: 88 took 0 minutes
channel: 89 took 0 minutes
channel: 90 took 0 minutes
channel: 91 took 0 minutes
channel: 92 took 0 minutes
channel: 93 took 0 minutes
channel: 94 took 0 minutes
channel: 95 took 0 minutes
channel: 96 took 0 minutes
channel: 97 took 0 minutes
channel: 98 took 0 minutes
channel: 99 took 0 minutes
channel: 100 took 0 minutes
channel: 101 took 0 minutes
channel: 102 took 0 minutes
channel: 103 took 0 minutes
channel: 104 took 0 minutes
channel: 105 took 4.7 minutes
channel: 106 took 4.7 minutes
channel: 107 took 4.7 minutes
channel: 108 took 4.6 minutes
channel: 109 took 4.6 minutes
channel: 110 took 4.7 minutes
channel: 111 took 4.7 minutes
channel: 112 took 4.7 minutes
channel: 113 took 4.6 minutes
channel: 114 took 4.7 minutes
channel: 115 took 4.6 minutes
channel: 116 took 4.7 minutes
attempting saving
save success: /projects/p31578/dtf8829/QuestConnect/CHANDAT/chanDat_SLCH006_104.mat
Elapsed time is 289.499354 seconds.
