getting started: 3576
attempting file: 3576
going for SLCH006 98
data loaded: SLCH006 98
MISMATCH WITH ZACH COORDINATES!!!
HFB already done

chan =

     1

Elapsed time is 239.725355 seconds.

chan =

     2

Elapsed time is 238.950620 seconds.

chan =

     3

Elapsed time is 237.445936 seconds.

chan =

     4

Elapsed time is 236.470115 seconds.

chan =

     5

Elapsed time is 233.332914 seconds.

chan =

     6

Elapsed time is 228.490579 seconds.

chan =

     7

Elapsed time is 224.297135 seconds.

chan =

     8

Elapsed time is 224.052255 seconds.

chan =

     9

Elapsed time is 223.438075 seconds.

chan =

    10

Elapsed time is 219.238323 seconds.

chan =

    11

Elapsed time is 219.061937 seconds.

chan =

    12

Elapsed time is 214.985828 seconds.

chan =

    13

Elapsed time is 215.359625 seconds.

chan =

    14

Elapsed time is 215.346755 seconds.

chan =

    15

Elapsed time is 217.907372 seconds.

chan =

    16

Elapsed time is 216.344149 seconds.

chan =

    17

Elapsed time is 216.046537 seconds.

chan =

    18

Elapsed time is 219.294675 seconds.

chan =

    19

Elapsed time is 218.626443 seconds.

chan =

    20

Elapsed time is 216.019380 seconds.

chan =

    21

Elapsed time is 216.174370 seconds.

chan =

    22

Elapsed time is 215.647214 seconds.

chan =

    23

Elapsed time is 215.396004 seconds.

chan =

    24

Elapsed time is 219.991712 seconds.

chan =

    25

Elapsed time is 221.674949 seconds.

chan =

    26

Elapsed time is 225.923260 seconds.

chan =

    27

Elapsed time is 239.880048 seconds.

chan =

    28

Elapsed time is 241.040037 seconds.

chan =

    29

Elapsed time is 237.656096 seconds.

chan =

    30

Elapsed time is 236.680045 seconds.

chan =

    31

Elapsed time is 237.671820 seconds.

chan =

    32

Elapsed time is 241.703569 seconds.

chan =

    33

Elapsed time is 228.643366 seconds.

chan =

    34

Elapsed time is 231.736001 seconds.

chan =

    35

Elapsed time is 237.006096 seconds.

chan =

    36

Elapsed time is 239.614027 seconds.

chan =

    37

Elapsed time is 230.019847 seconds.

chan =

    38

Elapsed time is 216.479142 seconds.

chan =

    39

Elapsed time is 196.227388 seconds.

chan =

    40

Elapsed time is 190.273515 seconds.

chan =

    41

Elapsed time is 206.400887 seconds.

chan =

    42

Elapsed time is 205.824158 seconds.

chan =

    43

Elapsed time is 199.807164 seconds.

chan =

    44

Elapsed time is 200.178239 seconds.

chan =

    45

Elapsed time is 206.514482 seconds.

chan =

    46

Elapsed time is 204.352132 seconds.

chan =

    47

Elapsed time is 207.418102 seconds.

chan =

    48

Elapsed time is 207.363413 seconds.

chan =

    49

Elapsed time is 194.560025 seconds.

chan =

    50

Elapsed time is 187.165723 seconds.

chan =

    51

Elapsed time is 199.064671 seconds.

chan =

    52

Elapsed time is 187.981556 seconds.

chan =

    53

Elapsed time is 187.636980 seconds.

chan =

    54

Elapsed time is 187.012835 seconds.

chan =

    55

Elapsed time is 195.476710 seconds.

chan =

    56

Elapsed time is 196.298297 seconds.

chan =

    57

Elapsed time is 189.387232 seconds.

chan =

    58

Elapsed time is 191.643972 seconds.

chan =

    59

Elapsed time is 206.384488 seconds.

chan =

    60

Elapsed time is 204.326614 seconds.

chan =

    61

Elapsed time is 191.554108 seconds.

chan =

    62

Elapsed time is 187.261057 seconds.

chan =

    63

Elapsed time is 185.967791 seconds.

chan =

    64

Elapsed time is 186.414618 seconds.

chan =

    65

Elapsed time is 187.525878 seconds.

chan =

    66

Elapsed time is 191.126793 seconds.

chan =

    67

Elapsed time is 194.698680 seconds.

chan =

    68

Elapsed time is 189.903773 seconds.

chan =

    69

Elapsed time is 189.350288 seconds.

chan =

    70

Elapsed time is 192.751400 seconds.

chan =

    71

Elapsed time is 191.592417 seconds.

chan =

    72

Elapsed time is 191.612554 seconds.

chan =

    73

Elapsed time is 190.526837 seconds.

chan =

    74

Elapsed time is 188.304883 seconds.

chan =

    75

Elapsed time is 190.957220 seconds.

chan =

    76

Elapsed time is 192.316252 seconds.

chan =

    77

Elapsed time is 189.350856 seconds.

chan =

    78

Elapsed time is 190.278516 seconds.

chan =

    79

Elapsed time is 188.787369 seconds.

chan =

    80

Elapsed time is 190.761867 seconds.

chan =

    81

Elapsed time is 189.695375 seconds.

chan =

    82

Elapsed time is 191.567108 seconds.

chan =

    83

Elapsed time is 190.197966 seconds.

chan =

    84

Elapsed time is 189.744162 seconds.

chan =

    85

Elapsed time is 189.610331 seconds.

chan =

    86

Elapsed time is 188.361702 seconds.

chan =

    87

Elapsed time is 190.012065 seconds.

chan =

    88

Elapsed time is 186.394417 seconds.

chan =

    89

Elapsed time is 188.131527 seconds.

chan =

    90

Elapsed time is 187.467196 seconds.

chan =

    91

Elapsed time is 189.845781 seconds.

chan =

    92

Elapsed time is 186.606513 seconds.

chan =

    93

Elapsed time is 188.247680 seconds.

chan =

    94

Elapsed time is 187.353375 seconds.

chan =

    95

Elapsed time is 188.278060 seconds.

chan =

    96

Elapsed time is 186.975805 seconds.

chan =

    97

Elapsed time is 187.808020 seconds.

chan =

    98

Elapsed time is 189.147219 seconds.

chan =

    99

Elapsed time is 191.875207 seconds.

chan =

   100

Elapsed time is 187.677604 seconds.

chan =

   101

Elapsed time is 189.065282 seconds.

chan =

   102

Elapsed time is 187.758261 seconds.

chan =

   103

Elapsed time is 190.812248 seconds.

chan =

   104

Elapsed time is 189.513535 seconds.

chan =

   105

Elapsed time is 187.544966 seconds.

chan =

   106

Elapsed time is 184.321415 seconds.

chan =

   107

Elapsed time is 188.665371 seconds.

chan =

   108

Elapsed time is 185.352634 seconds.

chan =

   109

Elapsed time is 184.566030 seconds.

chan =

   110

Elapsed time is 312.566032 seconds.

chan =

   111

Elapsed time is 314.841359 seconds.

chan =

   112

Elapsed time is 232.962691 seconds.

chan =

   113

Elapsed time is 235.400294 seconds.

chan =

   114

Elapsed time is 231.179025 seconds.

chan =

   115

Elapsed time is 231.463997 seconds.

chan =

   116

Elapsed time is 225.871964 seconds.
attempting saving
save success: /projects/p31578/dtf8829/QuestConnect/CHANDAT/chanDat_SLCH006_098.mat
working on TF
encoding done
encoding RT done
retrieval 1 done
retrieval 2 done
attempting saving
save success: /projects/p31578/dtf8829/QuestConnect/CHANDAT/chanDat_SLCH006_098.mat
working on ISPC
channel: 1 took 0 minutes
channel: 2 took 0 minutes
channel: 3 took 0 minutes
channel: 4 took 0 minutes
channel: 5 took 0 minutes
channel: 6 took 0 minutes
channel: 7 took 0 minutes
channel: 8 took 0 minutes
channel: 9 took 0 minutes
channel: 10 took 0 minutes
channel: 11 took 0 minutes
channel: 12 took 0 minutes
channel: 13 took 0 minutes
channel: 14 took 0 minutes
channel: 15 took 0 minutes
channel: 16 took 0 minutes
channel: 17 took 0 minutes
channel: 18 took 0 minutes
channel: 19 took 0 minutes
channel: 20 took 0 minutes
channel: 21 took 0 minutes
channel: 22 took 0 minutes
channel: 23 took 0 minutes
channel: 24 took 0 minutes
channel: 25 took 0 minutes
channel: 26 took 0 minutes
channel: 27 took 0 minutes
channel: 28 took 0 minutes
channel: 29 took 0 minutes
channel: 30 took 0 minutes
channel: 31 took 0 minutes
channel: 32 took 0 minutes
channel: 33 took 0 minutes
channel: 34 took 0 minutes
channel: 35 took 0 minutes
channel: 36 took 0 minutes
channel: 37 took 0 minutes
channel: 38 took 0 minutes
channel: 39 took 0 minutes
channel: 40 took 0 minutes
channel: 41 took 0 minutes
channel: 42 took 0 minutes
channel: 43 took 0 minutes
channel: 44 took 0 minutes
channel: 45 took 0 minutes
channel: 46 took 0 minutes
channel: 47 took 0 minutes
channel: 48 took 0 minutes
channel: 49 took 0 minutes
channel: 50 took 0 minutes
channel: 51 took 0 minutes
channel: 52 took 0 minutes
channel: 53 took 0 minutes
channel: 54 took 0 minutes
channel: 55 took 0 minutes
channel: 56 took 0 minutes
channel: 57 took 0 minutes
channel: 58 took 0 minutes
channel: 59 took 0 minutes
channel: 60 took 0 minutes
channel: 61 took 0 minutes
channel: 62 took 0 minutes
channel: 63 took 0 minutes
channel: 64 took 0 minutes
channel: 65 took 0 minutes
channel: 66 took 0 minutes
channel: 67 took 0 minutes
channel: 68 took 0 minutes
channel: 69 took 0 minutes
channel: 70 took 0 minutes
channel: 71 took 0 minutes
channel: 72 took 0 minutes
channel: 73 took 0 minutes
channel: 74 took 0 minutes
channel: 75 took 0 minutes
channel: 76 took 0 minutes
channel: 77 took 0 minutes
channel: 78 took 0 minutes
channel: 79 took 0 minutes
channel: 80 took 0 minutes
channel: 81 took 0 minutes
channel: 82 took 0 minutes
channel: 83 took 0 minutes
channel: 84 took 0 minutes
channel: 85 took 0 minutes
channel: 86 took 0 minutes
channel: 87 took 0 minutes
channel: 88 took 0 minutes
channel: 89 took 0 minutes
channel: 90 took 0 minutes
channel: 91 took 0 minutes
channel: 92 took 0 minutes
channel: 93 took 0 minutes
channel: 94 took 0 minutes
channel: 95 took 0 minutes
channel: 96 took 0 minutes
channel: 97 took 0 minutes
channel: 98 took 0 minutes
channel: 99 took 4.1 minutes
channel: 100 took 4.2 minutes
channel: 101 took 4.3 minutes
channel: 102 took 4.3 minutes
channel: 103 took 4.2 minutes
channel: 104 took 4 minutes
channel: 105 took 4.2 minutes
channel: 106 took 4.3 minutes
channel: 107 took 4.3 minutes
channel: 108 took 4.1 minutes
channel: 109 took 4 minutes
channel: 110 took 4.2 minutes
channel: 111 took 4.3 minutes
channel: 112 took 4.2 minutes
channel: 113 took 4.2 minutes
channel: 114 took 3.9 minutes
channel: 115 took 4.2 minutes
channel: 116 took 4.2 minutes
attempting saving
save success: /projects/p31578/dtf8829/QuestConnect/CHANDAT/chanDat_SLCH006_098.mat
Elapsed time is 260.255758 seconds.
