getting started: 3549
attempting file: 3549
going for SLCH006 71
data loaded: SLCH006 71
MISMATCH WITH ZACH COORDINATES!!!
HFB already done

chan =

     1

Elapsed time is 278.674576 seconds.

chan =

     2

Elapsed time is 274.706015 seconds.

chan =

     3

Elapsed time is 275.843991 seconds.

chan =

     4

Elapsed time is 272.954178 seconds.

chan =

     5

Elapsed time is 271.943730 seconds.

chan =

     6

Elapsed time is 269.784478 seconds.

chan =

     7

Elapsed time is 271.372341 seconds.

chan =

     8

Elapsed time is 267.060993 seconds.

chan =

     9

Elapsed time is 261.318661 seconds.

chan =

    10

Elapsed time is 259.470906 seconds.

chan =

    11

Elapsed time is 259.340635 seconds.

chan =

    12

Elapsed time is 259.536072 seconds.

chan =

    13

Elapsed time is 258.565703 seconds.

chan =

    14

Elapsed time is 260.045543 seconds.

chan =

    15

Elapsed time is 263.503419 seconds.

chan =

    16

Elapsed time is 261.249672 seconds.

chan =

    17

Elapsed time is 260.054854 seconds.

chan =

    18

Elapsed time is 261.449042 seconds.

chan =

    19

Elapsed time is 261.370297 seconds.

chan =

    20

Elapsed time is 259.240606 seconds.

chan =

    21

Elapsed time is 260.020444 seconds.

chan =

    22

Elapsed time is 267.603251 seconds.

chan =

    23

Elapsed time is 279.362281 seconds.

chan =

    24

Elapsed time is 281.255622 seconds.

chan =

    25

Elapsed time is 282.018084 seconds.

chan =

    26

Elapsed time is 278.967296 seconds.

chan =

    27

Elapsed time is 281.050972 seconds.

chan =

    28

Elapsed time is 281.588831 seconds.

chan =

    29

Elapsed time is 277.365874 seconds.

chan =

    30

Elapsed time is 272.544837 seconds.

chan =

    31

Elapsed time is 276.831231 seconds.

chan =

    32

Elapsed time is 275.574742 seconds.

chan =

    33

Elapsed time is 271.167383 seconds.

chan =

    34

Elapsed time is 264.518479 seconds.

chan =

    35

Elapsed time is 269.632423 seconds.

chan =

    36

Elapsed time is 274.043517 seconds.

chan =

    37

Elapsed time is 259.485493 seconds.

chan =

    38

Elapsed time is 265.476341 seconds.

chan =

    39

Elapsed time is 271.939033 seconds.

chan =

    40

Elapsed time is 273.603609 seconds.

chan =

    41

Elapsed time is 271.737361 seconds.

chan =

    42

Elapsed time is 262.975512 seconds.

chan =

    43

Elapsed time is 256.747325 seconds.

chan =

    44

Elapsed time is 254.315947 seconds.

chan =

    45

Elapsed time is 253.982641 seconds.

chan =

    46

Elapsed time is 248.405664 seconds.

chan =

    47

Elapsed time is 239.083432 seconds.

chan =

    48

Elapsed time is 240.173540 seconds.

chan =

    49

Elapsed time is 236.293141 seconds.

chan =

    50

Elapsed time is 220.169655 seconds.

chan =

    51

Elapsed time is 217.052053 seconds.

chan =

    52

Elapsed time is 217.343280 seconds.

chan =

    53

Elapsed time is 217.713759 seconds.

chan =

    54

Elapsed time is 217.421341 seconds.

chan =

    55

Elapsed time is 218.089854 seconds.

chan =

    56

Elapsed time is 218.468085 seconds.

chan =

    57

Elapsed time is 230.365097 seconds.

chan =

    58

Elapsed time is 216.075787 seconds.

chan =

    59

Elapsed time is 217.666315 seconds.

chan =

    60

Elapsed time is 224.784512 seconds.

chan =

    61

Elapsed time is 230.264343 seconds.

chan =

    62

Elapsed time is 229.185470 seconds.

chan =

    63

Elapsed time is 229.504452 seconds.

chan =

    64

Elapsed time is 227.972780 seconds.

chan =

    65

Elapsed time is 226.907391 seconds.

chan =

    66

Elapsed time is 227.637810 seconds.

chan =

    67

Elapsed time is 229.982516 seconds.

chan =

    68

Elapsed time is 230.923437 seconds.

chan =

    69

Elapsed time is 231.063266 seconds.

chan =

    70

Elapsed time is 231.671046 seconds.

chan =

    71

Elapsed time is 230.476366 seconds.

chan =

    72

Elapsed time is 227.556127 seconds.

chan =

    73

Elapsed time is 228.768009 seconds.

chan =

    74

Elapsed time is 230.600785 seconds.

chan =

    75

Elapsed time is 228.270307 seconds.

chan =

    76

Elapsed time is 225.685437 seconds.

chan =

    77

Elapsed time is 215.115758 seconds.

chan =

    78

Elapsed time is 213.300654 seconds.

chan =

    79

Elapsed time is 213.891236 seconds.

chan =

    80

Elapsed time is 217.052217 seconds.

chan =

    81

Elapsed time is 218.928926 seconds.

chan =

    82

Elapsed time is 219.835443 seconds.

chan =

    83

Elapsed time is 220.656681 seconds.

chan =

    84

Elapsed time is 216.514913 seconds.

chan =

    85

Elapsed time is 216.782078 seconds.

chan =

    86

Elapsed time is 215.815107 seconds.

chan =

    87

Elapsed time is 216.312531 seconds.

chan =

    88

Elapsed time is 217.460050 seconds.

chan =

    89

Elapsed time is 217.137721 seconds.

chan =

    90

Elapsed time is 211.789847 seconds.

chan =

    91

Elapsed time is 203.449877 seconds.

chan =

    92

Elapsed time is 200.553268 seconds.

chan =

    93

Elapsed time is 201.473460 seconds.

chan =

    94

Elapsed time is 200.820557 seconds.

chan =

    95

Elapsed time is 200.336182 seconds.

chan =

    96

Elapsed time is 201.076219 seconds.

chan =

    97

Elapsed time is 200.973150 seconds.

chan =

    98

Elapsed time is 200.926101 seconds.

chan =

    99

Elapsed time is 203.191663 seconds.

chan =

   100

Elapsed time is 201.129833 seconds.

chan =

   101

Elapsed time is 201.843058 seconds.

chan =

   102

Elapsed time is 202.865196 seconds.

chan =

   103

Elapsed time is 204.324969 seconds.

chan =

   104

Elapsed time is 201.626120 seconds.

chan =

   105

Elapsed time is 201.513315 seconds.

chan =

   106

Elapsed time is 200.661665 seconds.

chan =

   107

Elapsed time is 201.567883 seconds.

chan =

   108

Elapsed time is 208.357869 seconds.

chan =

   109

Elapsed time is 203.553069 seconds.

chan =

   110

Elapsed time is 208.295139 seconds.

chan =

   111

Elapsed time is 196.525864 seconds.

chan =

   112

Elapsed time is 195.797176 seconds.

chan =

   113

Elapsed time is 196.687938 seconds.

chan =

   114

Elapsed time is 195.298070 seconds.

chan =

   115

Elapsed time is 195.820593 seconds.

chan =

   116

Elapsed time is 192.200098 seconds.
attempting saving
save success: /projects/p31578/dtf8829/QuestConnect/CHANDAT/chanDat_SLCH006_071.mat
working on TF
encoding done
encoding RT done
retrieval 1 done
retrieval 2 done
attempting saving
save success: /projects/p31578/dtf8829/QuestConnect/CHANDAT/chanDat_SLCH006_071.mat
working on ISPC
channel: 1 took 0 minutes
channel: 2 took 0 minutes
channel: 3 took 0 minutes
channel: 4 took 0 minutes
channel: 5 took 0 minutes
channel: 6 took 0 minutes
channel: 7 took 0 minutes
channel: 8 took 0 minutes
channel: 9 took 0 minutes
channel: 10 took 0 minutes
channel: 11 took 0 minutes
channel: 12 took 0 minutes
channel: 13 took 0 minutes
channel: 14 took 0 minutes
channel: 15 took 0 minutes
channel: 16 took 0 minutes
channel: 17 took 0 minutes
channel: 18 took 0 minutes
channel: 19 took 0 minutes
channel: 20 took 0 minutes
channel: 21 took 0 minutes
channel: 22 took 0 minutes
channel: 23 took 0 minutes
channel: 24 took 0 minutes
channel: 25 took 0 minutes
channel: 26 took 0 minutes
channel: 27 took 0 minutes
channel: 28 took 0 minutes
channel: 29 took 0 minutes
channel: 30 took 0 minutes
channel: 31 took 0 minutes
channel: 32 took 0 minutes
channel: 33 took 0 minutes
channel: 34 took 0 minutes
channel: 35 took 0 minutes
channel: 36 took 0 minutes
channel: 37 took 0 minutes
channel: 38 took 0 minutes
channel: 39 took 0 minutes
channel: 40 took 0 minutes
channel: 41 took 0 minutes
channel: 42 took 0 minutes
channel: 43 took 0 minutes
channel: 44 took 0 minutes
channel: 45 took 0 minutes
channel: 46 took 0 minutes
channel: 47 took 0 minutes
channel: 48 took 0 minutes
channel: 49 took 0 minutes
channel: 50 took 0 minutes
channel: 51 took 0 minutes
channel: 52 took 0 minutes
channel: 53 took 0 minutes
channel: 54 took 0 minutes
channel: 55 took 0 minutes
channel: 56 took 0 minutes
channel: 57 took 0 minutes
channel: 58 took 0 minutes
channel: 59 took 0 minutes
channel: 60 took 0 minutes
channel: 61 took 0 minutes
channel: 62 took 0 minutes
channel: 63 took 0 minutes
channel: 64 took 0 minutes
channel: 65 took 0 minutes
channel: 66 took 0 minutes
channel: 67 took 0 minutes
channel: 68 took 0 minutes
channel: 69 took 0 minutes
channel: 70 took 0 minutes
channel: 71 took 0 minutes
channel: 72 took 3.8 minutes
channel: 73 took 3.8 minutes
channel: 74 took 3.8 minutes
channel: 75 took 3.8 minutes
channel: 76 took 3.8 minutes
channel: 77 took 3.8 minutes
channel: 78 took 3.8 minutes
channel: 79 took 3.8 minutes
channel: 80 took 4 minutes
channel: 81 took 3.8 minutes
channel: 82 took 4 minutes
channel: 83 took 4.3 minutes
channel: 84 took 4.3 minutes
channel: 85 took 4.3 minutes
channel: 86 took 4.3 minutes
channel: 87 took 4.3 minutes
channel: 88 took 4.3 minutes
channel: 89 took 4.3 minutes
channel: 90 took 4.3 minutes
channel: 91 took 4.3 minutes
channel: 92 took 3.9 minutes
channel: 93 took 3.8 minutes
channel: 94 took 3.8 minutes
channel: 95 took 3.8 minutes
channel: 96 took 3.8 minutes
channel: 97 took 3.8 minutes
channel: 98 took 3.8 minutes
channel: 99 took 3.8 minutes
channel: 100 took 3.8 minutes
channel: 101 took 3.8 minutes
channel: 102 took 3.8 minutes
channel: 103 took 3.8 minutes
channel: 104 took 3.8 minutes
channel: 105 took 3.8 minutes
channel: 106 took 3.8 minutes
channel: 107 took 3.8 minutes
channel: 108 took 3.8 minutes
channel: 109 took 3.8 minutes
channel: 110 took 3.8 minutes
channel: 111 took 3.8 minutes
channel: 112 took 3.8 minutes
channel: 113 took 3.8 minutes
channel: 114 took 3.8 minutes
channel: 115 took 3.8 minutes
channel: 116 took 3.8 minutes
attempting saving
save success: /projects/p31578/dtf8829/QuestConnect/CHANDAT/chanDat_SLCH006_071.mat
Elapsed time is 231.067811 seconds.
