getting started: 3495
attempting file: 3495
going for SLCH006 17
data loaded: SLCH006 17
MISMATCH WITH ZACH COORDINATES!!!
HFB already done

chan =

     1

Elapsed time is 252.204357 seconds.

chan =

     2

Elapsed time is 260.561421 seconds.

chan =

     3

Elapsed time is 264.737224 seconds.

chan =

     4

Elapsed time is 261.928853 seconds.

chan =

     5

Elapsed time is 261.163060 seconds.

chan =

     6

Elapsed time is 260.922737 seconds.

chan =

     7

Elapsed time is 263.363833 seconds.

chan =

     8

Elapsed time is 259.550815 seconds.

chan =

     9

Elapsed time is 257.101483 seconds.

chan =

    10

Elapsed time is 259.621905 seconds.

chan =

    11

Elapsed time is 255.996491 seconds.

chan =

    12

Elapsed time is 259.224004 seconds.

chan =

    13

Elapsed time is 259.502295 seconds.

chan =

    14

Elapsed time is 259.078023 seconds.

chan =

    15

Elapsed time is 260.868136 seconds.

chan =

    16

Elapsed time is 258.142209 seconds.

chan =

    17

Elapsed time is 261.922948 seconds.

chan =

    18

Elapsed time is 261.572966 seconds.

chan =

    19

Elapsed time is 260.817036 seconds.

chan =

    20

Elapsed time is 258.644262 seconds.

chan =

    21

Elapsed time is 258.715937 seconds.

chan =

    22

Elapsed time is 259.494486 seconds.

chan =

    23

Elapsed time is 258.546038 seconds.

chan =

    24

Elapsed time is 263.141065 seconds.

chan =

    25

Elapsed time is 261.549392 seconds.

chan =

    26

Elapsed time is 263.204845 seconds.

chan =

    27

Elapsed time is 263.194314 seconds.

chan =

    28

Elapsed time is 262.145128 seconds.

chan =

    29

Elapsed time is 262.383972 seconds.

chan =

    30

Elapsed time is 257.998055 seconds.

chan =

    31

Elapsed time is 259.625803 seconds.

chan =

    32

Elapsed time is 254.862222 seconds.

chan =

    33

Elapsed time is 261.839319 seconds.

chan =

    34

Elapsed time is 260.836143 seconds.

chan =

    35

Elapsed time is 257.632443 seconds.

chan =

    36

Elapsed time is 261.025073 seconds.

chan =

    37

Elapsed time is 258.623974 seconds.

chan =

    38

Elapsed time is 260.710202 seconds.

chan =

    39

Elapsed time is 261.561409 seconds.

chan =

    40

Elapsed time is 263.447601 seconds.

chan =

    41

Elapsed time is 262.134815 seconds.

chan =

    42

Elapsed time is 257.208714 seconds.

chan =

    43

Elapsed time is 259.128085 seconds.

chan =

    44

Elapsed time is 258.354903 seconds.

chan =

    45

Elapsed time is 261.284694 seconds.

chan =

    46

Elapsed time is 254.634325 seconds.

chan =

    47

Elapsed time is 260.297772 seconds.

chan =

    48

Elapsed time is 259.962888 seconds.

chan =

    49

Elapsed time is 262.810419 seconds.

chan =

    50

Elapsed time is 259.462771 seconds.

chan =

    51

Elapsed time is 259.839659 seconds.

chan =

    52

Elapsed time is 260.797021 seconds.

chan =

    53

Elapsed time is 257.831659 seconds.

chan =

    54

Elapsed time is 259.914463 seconds.

chan =

    55

Elapsed time is 259.280810 seconds.

chan =

    56

Elapsed time is 261.328299 seconds.

chan =

    57

Elapsed time is 259.585358 seconds.

chan =

    58

Elapsed time is 259.415488 seconds.

chan =

    59

Elapsed time is 259.655918 seconds.

chan =

    60

Elapsed time is 258.960420 seconds.

chan =

    61

Elapsed time is 244.338380 seconds.

chan =

    62

Elapsed time is 251.770433 seconds.

chan =

    63

Elapsed time is 258.145053 seconds.

chan =

    64

Elapsed time is 256.768583 seconds.

chan =

    65

Elapsed time is 257.966987 seconds.

chan =

    66

Elapsed time is 249.281176 seconds.

chan =

    67

Elapsed time is 234.721778 seconds.

chan =

    68

Elapsed time is 256.377140 seconds.

chan =

    69

Elapsed time is 257.256614 seconds.

chan =

    70

Elapsed time is 255.621450 seconds.

chan =

    71

Elapsed time is 256.474907 seconds.

chan =

    72

Elapsed time is 240.179281 seconds.

chan =

    73

Elapsed time is 259.396201 seconds.

chan =

    74

Elapsed time is 254.685463 seconds.

chan =

    75

Elapsed time is 256.054452 seconds.

chan =

    76

Elapsed time is 255.420998 seconds.

chan =

    77

Elapsed time is 239.368475 seconds.

chan =

    78

Elapsed time is 247.094368 seconds.

chan =

    79

Elapsed time is 254.807006 seconds.

chan =

    80

Elapsed time is 252.844929 seconds.

chan =

    81

Elapsed time is 256.983093 seconds.

chan =

    82

Elapsed time is 249.129392 seconds.

chan =

    83

Elapsed time is 225.874141 seconds.

chan =

    84

Elapsed time is 251.135254 seconds.

chan =

    85

Elapsed time is 257.124868 seconds.

chan =

    86

Elapsed time is 255.918076 seconds.

chan =

    87

Elapsed time is 255.151352 seconds.

chan =

    88

Elapsed time is 243.566659 seconds.

chan =

    89

Elapsed time is 221.953767 seconds.

chan =

    90

Elapsed time is 248.884606 seconds.

chan =

    91

Elapsed time is 250.535427 seconds.

chan =

    92

Elapsed time is 250.275444 seconds.

chan =

    93

Elapsed time is 249.684980 seconds.

chan =

    94

Elapsed time is 238.715550 seconds.

chan =

    95

Elapsed time is 226.953301 seconds.

chan =

    96

Elapsed time is 249.151930 seconds.

chan =

    97

Elapsed time is 250.368227 seconds.

chan =

    98

Elapsed time is 249.198876 seconds.

chan =

    99

Elapsed time is 253.260721 seconds.

chan =

   100

Elapsed time is 232.902618 seconds.

chan =

   101

Elapsed time is 218.640641 seconds.

chan =

   102

Elapsed time is 224.550627 seconds.

chan =

   103

Elapsed time is 230.150725 seconds.

chan =

   104

Elapsed time is 223.898949 seconds.

chan =

   105

Elapsed time is 223.550887 seconds.

chan =

   106

Elapsed time is 220.039644 seconds.

chan =

   107

Elapsed time is 233.760239 seconds.

chan =

   108

Elapsed time is 243.227231 seconds.

chan =

   109

Elapsed time is 244.805177 seconds.

chan =

   110

Elapsed time is 246.297467 seconds.

chan =

   111

Elapsed time is 244.457843 seconds.

chan =

   112

Elapsed time is 227.873629 seconds.

chan =

   113

Elapsed time is 247.044998 seconds.

chan =

   114

Elapsed time is 243.435154 seconds.

chan =

   115

Elapsed time is 241.677554 seconds.

chan =

   116

Elapsed time is 235.997164 seconds.
attempting saving
save success: /projects/p31578/dtf8829/QuestConnect/CHANDAT/chanDat_SLCH006_017.mat
working on TF
encoding done
encoding RT done
retrieval 1 done
retrieval 2 done
attempting saving
save success: /projects/p31578/dtf8829/QuestConnect/CHANDAT/chanDat_SLCH006_017.mat
working on ISPC
channel: 1 took 0 minutes
channel: 2 took 0 minutes
channel: 3 took 0 minutes
channel: 4 took 0 minutes
channel: 5 took 0 minutes
channel: 6 took 0 minutes
channel: 7 took 0 minutes
channel: 8 took 0 minutes
channel: 9 took 0 minutes
channel: 10 took 0 minutes
channel: 11 took 0 minutes
channel: 12 took 0 minutes
channel: 13 took 0 minutes
channel: 14 took 0 minutes
channel: 15 took 0 minutes
channel: 16 took 0 minutes
channel: 17 took 0 minutes
channel: 18 took 4.1 minutes
channel: 19 took 4.2 minutes
channel: 20 took 4.2 minutes
channel: 21 took 4.2 minutes
channel: 22 took 4.2 minutes
channel: 23 took 3.8 minutes
channel: 24 took 4.2 minutes
channel: 25 took 4.2 minutes
channel: 26 took 4.2 minutes
channel: 27 took 4.2 minutes
channel: 28 took 3.9 minutes
channel: 29 took 3.8 minutes
channel: 30 took 4.2 minutes
channel: 31 took 4.2 minutes
channel: 32 took 4.2 minutes
channel: 33 took 4.2 minutes
channel: 34 took 4.1 minutes
channel: 35 took 4.2 minutes
channel: 36 took 4.3 minutes
channel: 37 took 4.2 minutes
channel: 38 took 4.2 minutes
channel: 39 took 3.9 minutes
channel: 40 took 4.2 minutes
channel: 41 took 4.2 minutes
channel: 42 took 4.2 minutes
channel: 43 took 4.2 minutes
channel: 44 took 3.9 minutes
channel: 45 took 4.2 minutes
channel: 46 took 4.2 minutes
channel: 47 took 4.2 minutes
channel: 48 took 4.2 minutes
channel: 49 took 4 minutes
channel: 50 took 4.2 minutes
channel: 51 took 4.2 minutes
channel: 52 took 4.2 minutes
channel: 53 took 4.2 minutes
channel: 54 took 3.9 minutes
channel: 55 took 4.2 minutes
channel: 56 took 4.2 minutes
channel: 57 took 4.2 minutes
channel: 58 took 4.2 minutes
channel: 59 took 4 minutes
channel: 60 took 4.2 minutes
channel: 61 took 4.2 minutes
channel: 62 took 4.2 minutes
channel: 63 took 4.2 minutes
channel: 64 took 3.9 minutes
channel: 65 took 4.2 minutes
channel: 66 took 4.2 minutes
channel: 67 took 4.1 minutes
channel: 68 took 4.2 minutes
channel: 69 took 4.1 minutes
channel: 70 took 4.2 minutes
channel: 71 took 4.2 minutes
channel: 72 took 4.2 minutes
channel: 73 took 4.2 minutes
channel: 74 took 4.1 minutes
channel: 75 took 4.2 minutes
channel: 76 took 4.2 minutes
channel: 77 took 4.2 minutes
channel: 78 took 4.2 minutes
channel: 79 took 3.9 minutes
channel: 80 took 4.1 minutes
channel: 81 took 4.3 minutes
channel: 82 took 4.3 minutes
channel: 83 took 4.2 minutes
channel: 84 took 4.1 minutes
channel: 85 took 4.2 minutes
channel: 86 took 4.3 minutes
channel: 87 took 4.3 minutes
channel: 88 took 4.3 minutes
channel: 89 took 3.9 minutes
channel: 90 took 4.2 minutes
channel: 91 took 4.3 minutes
channel: 92 took 4.3 minutes
channel: 93 took 4.2 minutes
channel: 94 took 3.9 minutes
channel: 95 took 3.6 minutes
channel: 96 took 3.7 minutes
channel: 97 took 4.3 minutes
channel: 98 took 4.3 minutes
channel: 99 took 4.3 minutes
channel: 100 took 4.3 minutes
channel: 101 took 4.2 minutes
channel: 102 took 4.3 minutes
channel: 103 took 4.3 minutes
channel: 104 took 4.3 minutes
channel: 105 took 4.3 minutes
channel: 106 took 4.3 minutes
channel: 107 took 4.2 minutes
channel: 108 took 4.3 minutes
channel: 109 took 4.2 minutes
channel: 110 took 4.2 minutes
channel: 111 took 4.2 minutes
channel: 112 took 4.1 minutes
channel: 113 took 4.1 minutes
channel: 114 took 4 minutes
channel: 115 took 4 minutes
channel: 116 took 4.1 minutes
attempting saving
save success: /projects/p31578/dtf8829/QuestConnect/CHANDAT/chanDat_SLCH006_017.mat
Elapsed time is 250.145173 seconds.
