getting started: 3521
attempting file: 3521
going for SLCH006 43
data loaded: SLCH006 43
MISMATCH WITH ZACH COORDINATES!!!
HFB already done

chan =

     1

Elapsed time is 228.624772 seconds.

chan =

     2

Elapsed time is 224.031369 seconds.

chan =

     3

Elapsed time is 225.031486 seconds.

chan =

     4

Elapsed time is 227.208127 seconds.

chan =

     5

Elapsed time is 223.896674 seconds.

chan =

     6

Elapsed time is 222.646053 seconds.

chan =

     7

Elapsed time is 223.053796 seconds.

chan =

     8

Elapsed time is 223.467829 seconds.

chan =

     9

Elapsed time is 223.817613 seconds.

chan =

    10

Elapsed time is 223.099549 seconds.

chan =

    11

Elapsed time is 223.363026 seconds.

chan =

    12

Elapsed time is 221.547826 seconds.

chan =

    13

Elapsed time is 220.699019 seconds.

chan =

    14

Elapsed time is 220.687595 seconds.

chan =

    15

Elapsed time is 223.627436 seconds.

chan =

    16

Elapsed time is 222.799894 seconds.

chan =

    17

Elapsed time is 222.060544 seconds.

chan =

    18

Elapsed time is 224.986090 seconds.

chan =

    19

Elapsed time is 224.428703 seconds.

chan =

    20

Elapsed time is 222.432836 seconds.

chan =

    21

Elapsed time is 222.743885 seconds.

chan =

    22

Elapsed time is 221.802658 seconds.

chan =

    23

Elapsed time is 221.622831 seconds.

chan =

    24

Elapsed time is 224.285618 seconds.

chan =

    25

Elapsed time is 226.758973 seconds.

chan =

    26

Elapsed time is 224.422553 seconds.

chan =

    27

Elapsed time is 225.437519 seconds.

chan =

    28

Elapsed time is 225.432340 seconds.

chan =

    29

Elapsed time is 225.158264 seconds.

chan =

    30

Elapsed time is 222.490297 seconds.

chan =

    31

Elapsed time is 222.304611 seconds.

chan =

    32

Elapsed time is 224.779748 seconds.

chan =

    33

Elapsed time is 222.416580 seconds.

chan =

    34

Elapsed time is 222.897091 seconds.

chan =

    35

Elapsed time is 222.152893 seconds.

chan =

    36

Elapsed time is 222.983829 seconds.

chan =

    37

Elapsed time is 224.626356 seconds.

chan =

    38

Elapsed time is 223.450191 seconds.

chan =

    39

Elapsed time is 224.535370 seconds.

chan =

    40

Elapsed time is 223.188134 seconds.

chan =

    41

Elapsed time is 226.731755 seconds.

chan =

    42

Elapsed time is 224.661451 seconds.

chan =

    43

Elapsed time is 221.838966 seconds.

chan =

    44

Elapsed time is 220.341779 seconds.

chan =

    45

Elapsed time is 224.490415 seconds.

chan =

    46

Elapsed time is 223.620848 seconds.

chan =

    47

Elapsed time is 222.852083 seconds.

chan =

    48

Elapsed time is 225.062970 seconds.

chan =

    49

Elapsed time is 225.398809 seconds.

chan =

    50

Elapsed time is 222.636290 seconds.

chan =

    51

Elapsed time is 224.194035 seconds.

chan =

    52

Elapsed time is 221.344737 seconds.

chan =

    53

Elapsed time is 222.205402 seconds.

chan =

    54

Elapsed time is 221.892200 seconds.

chan =

    55

Elapsed time is 220.018944 seconds.

chan =

    56

Elapsed time is 223.159142 seconds.

chan =

    57

Elapsed time is 223.006995 seconds.

chan =

    58

Elapsed time is 222.023962 seconds.

chan =

    59

Elapsed time is 224.568866 seconds.

chan =

    60

Elapsed time is 224.682749 seconds.

chan =

    61

Elapsed time is 222.407910 seconds.

chan =

    62

Elapsed time is 223.768641 seconds.

chan =

    63

Elapsed time is 224.531459 seconds.

chan =

    64

Elapsed time is 226.305337 seconds.

chan =

    65

Elapsed time is 219.988414 seconds.

chan =

    66

Elapsed time is 224.546060 seconds.

chan =

    67

Elapsed time is 223.248313 seconds.

chan =

    68

Elapsed time is 226.510468 seconds.

chan =

    69

Elapsed time is 224.509412 seconds.

chan =

    70

Elapsed time is 224.899447 seconds.

chan =

    71

Elapsed time is 225.854561 seconds.

chan =

    72

Elapsed time is 225.560080 seconds.

chan =

    73

Elapsed time is 224.006970 seconds.

chan =

    74

Elapsed time is 222.728964 seconds.

chan =

    75

Elapsed time is 222.591049 seconds.

chan =

    76

Elapsed time is 224.310638 seconds.

chan =

    77

Elapsed time is 225.370274 seconds.

chan =

    78

Elapsed time is 221.714795 seconds.

chan =

    79

Elapsed time is 221.154604 seconds.

chan =

    80

Elapsed time is 225.110771 seconds.

chan =

    81

Elapsed time is 224.583753 seconds.

chan =

    82

Elapsed time is 223.694025 seconds.

chan =

    83

Elapsed time is 221.015274 seconds.

chan =

    84

Elapsed time is 225.194712 seconds.

chan =

    85

Elapsed time is 222.816983 seconds.

chan =

    86

Elapsed time is 221.727626 seconds.

chan =

    87

Elapsed time is 225.296701 seconds.

chan =

    88

Elapsed time is 223.975127 seconds.

chan =

    89

Elapsed time is 223.511212 seconds.

chan =

    90

Elapsed time is 225.420848 seconds.

chan =

    91

Elapsed time is 225.772019 seconds.

chan =

    92

Elapsed time is 219.507775 seconds.

chan =

    93

Elapsed time is 220.388847 seconds.

chan =

    94

Elapsed time is 220.457237 seconds.

chan =

    95

Elapsed time is 223.698912 seconds.

chan =

    96

Elapsed time is 222.941192 seconds.

chan =

    97

Elapsed time is 221.519203 seconds.

chan =

    98

Elapsed time is 220.574381 seconds.

chan =

    99

Elapsed time is 222.634103 seconds.

chan =

   100

Elapsed time is 224.250464 seconds.

chan =

   101

Elapsed time is 224.753853 seconds.

chan =

   102

Elapsed time is 223.013200 seconds.

chan =

   103

Elapsed time is 224.696949 seconds.

chan =

   104

Elapsed time is 226.179470 seconds.

chan =

   105

Elapsed time is 220.868346 seconds.

chan =

   106

Elapsed time is 222.347209 seconds.

chan =

   107

Elapsed time is 224.530065 seconds.

chan =

   108

Elapsed time is 221.363032 seconds.

chan =

   109

Elapsed time is 223.864213 seconds.

chan =

   110

Elapsed time is 220.047309 seconds.

chan =

   111

Elapsed time is 221.378467 seconds.

chan =

   112

Elapsed time is 223.463986 seconds.

chan =

   113

Elapsed time is 225.200692 seconds.

chan =

   114

Elapsed time is 221.012338 seconds.

chan =

   115

Elapsed time is 218.507271 seconds.

chan =

   116

Elapsed time is 221.276207 seconds.
attempting saving
save success: /projects/p31578/dtf8829/QuestConnect/CHANDAT/chanDat_SLCH006_043.mat
working on TF
encoding done
encoding RT done
retrieval 1 done
retrieval 2 done
attempting saving
save success: /projects/p31578/dtf8829/QuestConnect/CHANDAT/chanDat_SLCH006_043.mat
working on ISPC
channel: 1 took 0 minutes
channel: 2 took 0 minutes
channel: 3 took 0 minutes
channel: 4 took 0 minutes
channel: 5 took 0 minutes
channel: 6 took 0 minutes
channel: 7 took 0 minutes
channel: 8 took 0 minutes
channel: 9 took 0 minutes
channel: 10 took 0 minutes
channel: 11 took 0 minutes
channel: 12 took 0 minutes
channel: 13 took 0 minutes
channel: 14 took 0 minutes
channel: 15 took 0 minutes
channel: 16 took 0 minutes
channel: 17 took 0 minutes
channel: 18 took 0 minutes
channel: 19 took 0 minutes
channel: 20 took 0 minutes
channel: 21 took 0 minutes
channel: 22 took 0 minutes
channel: 23 took 0 minutes
channel: 24 took 0 minutes
channel: 25 took 0 minutes
channel: 26 took 0 minutes
channel: 27 took 0 minutes
channel: 28 took 0 minutes
channel: 29 took 0 minutes
channel: 30 took 0 minutes
channel: 31 took 0 minutes
channel: 32 took 0 minutes
channel: 33 took 0 minutes
channel: 34 took 0 minutes
channel: 35 took 0 minutes
channel: 36 took 0 minutes
channel: 37 took 0 minutes
channel: 38 took 0 minutes
channel: 39 took 0 minutes
channel: 40 took 0 minutes
channel: 41 took 0 minutes
channel: 42 took 0 minutes
channel: 43 took 0 minutes
channel: 44 took 4.3 minutes
channel: 45 took 4.3 minutes
channel: 46 took 4.3 minutes
channel: 47 took 4.3 minutes
channel: 48 took 4.3 minutes
channel: 49 took 4.3 minutes
channel: 50 took 4.3 minutes
channel: 51 took 4.3 minutes
channel: 52 took 4.3 minutes
channel: 53 took 4.3 minutes
channel: 54 took 4.3 minutes
channel: 55 took 4.3 minutes
channel: 56 took 4.3 minutes
channel: 57 took 4.3 minutes
channel: 58 took 4.3 minutes
channel: 59 took 4.3 minutes
channel: 60 took 4.3 minutes
channel: 61 took 4.3 minutes
channel: 62 took 4.3 minutes
channel: 63 took 4.3 minutes
channel: 64 took 4.3 minutes
channel: 65 took 4.3 minutes
channel: 66 took 4.3 minutes
channel: 67 took 4.3 minutes
channel: 68 took 4.3 minutes
channel: 69 took 4.3 minutes
channel: 70 took 4.3 minutes
channel: 71 took 4.3 minutes
channel: 72 took 4.3 minutes
channel: 73 took 4.3 minutes
channel: 74 took 4.3 minutes
channel: 75 took 4.3 minutes
channel: 76 took 4.3 minutes
channel: 77 took 4.3 minutes
channel: 78 took 4.3 minutes
channel: 79 took 4.3 minutes
channel: 80 took 4.3 minutes
channel: 81 took 4.3 minutes
channel: 82 took 4.2 minutes
channel: 83 took 4.3 minutes
channel: 84 took 4.3 minutes
channel: 85 took 4.3 minutes
channel: 86 took 4.2 minutes
channel: 87 took 4.3 minutes
channel: 88 took 4.3 minutes
channel: 89 took 4.3 minutes
channel: 90 took 4.3 minutes
channel: 91 took 4.3 minutes
channel: 92 took 4.3 minutes
channel: 93 took 4.3 minutes
channel: 94 took 4.2 minutes
channel: 95 took 4.3 minutes
channel: 96 took 4.2 minutes
channel: 97 took 4.3 minutes
channel: 98 took 4.3 minutes
channel: 99 took 4.3 minutes
channel: 100 took 4.3 minutes
channel: 101 took 4.3 minutes
channel: 102 took 4.2 minutes
channel: 103 took 4.3 minutes
channel: 104 took 4.3 minutes
channel: 105 took 4.3 minutes
channel: 106 took 4.3 minutes
channel: 107 took 4.3 minutes
channel: 108 took 4.3 minutes
channel: 109 took 4.3 minutes
channel: 110 took 4.2 minutes
channel: 111 took 4.3 minutes
channel: 112 took 4.3 minutes
channel: 113 took 4.3 minutes
channel: 114 took 4.3 minutes
channel: 115 took 4.3 minutes
channel: 116 took 4.2 minutes
attempting saving
save success: /projects/p31578/dtf8829/QuestConnect/CHANDAT/chanDat_SLCH006_043.mat
Elapsed time is 258.704532 seconds.
