getting started: 3507
attempting file: 3507
going for SLCH006 29
data loaded: SLCH006 29
MISMATCH WITH ZACH COORDINATES!!!
HFB already done

chan =

     1

Elapsed time is 280.259045 seconds.

chan =

     2

Elapsed time is 283.397925 seconds.

chan =

     3

Elapsed time is 286.205666 seconds.

chan =

     4

Elapsed time is 285.329704 seconds.

chan =

     5

Elapsed time is 287.108865 seconds.

chan =

     6

Elapsed time is 282.360007 seconds.

chan =

     7

Elapsed time is 283.315324 seconds.

chan =

     8

Elapsed time is 281.607481 seconds.

chan =

     9

Elapsed time is 283.698062 seconds.

chan =

    10

Elapsed time is 281.280504 seconds.

chan =

    11

Elapsed time is 281.582308 seconds.

chan =

    12

Elapsed time is 276.120202 seconds.

chan =

    13

Elapsed time is 281.600623 seconds.

chan =

    14

Elapsed time is 281.340198 seconds.

chan =

    15

Elapsed time is 283.149805 seconds.

chan =

    16

Elapsed time is 280.691523 seconds.

chan =

    17

Elapsed time is 281.652551 seconds.

chan =

    18

Elapsed time is 282.476572 seconds.

chan =

    19

Elapsed time is 282.365051 seconds.

chan =

    20

Elapsed time is 282.114350 seconds.

chan =

    21

Elapsed time is 280.613342 seconds.

chan =

    22

Elapsed time is 275.618194 seconds.

chan =

    23

Elapsed time is 267.492219 seconds.

chan =

    24

Elapsed time is 265.516165 seconds.

chan =

    25

Elapsed time is 285.644397 seconds.

chan =

    26

Elapsed time is 282.074962 seconds.

chan =

    27

Elapsed time is 284.624538 seconds.

chan =

    28

Elapsed time is 286.515996 seconds.

chan =

    29

Elapsed time is 278.208609 seconds.

chan =

    30

Elapsed time is 265.128626 seconds.

chan =

    31

Elapsed time is 279.724130 seconds.

chan =

    32

Elapsed time is 279.219519 seconds.

chan =

    33

Elapsed time is 279.279738 seconds.

chan =

    34

Elapsed time is 281.086901 seconds.

chan =

    35

Elapsed time is 273.858720 seconds.

chan =

    36

Elapsed time is 278.186670 seconds.

chan =

    37

Elapsed time is 277.336128 seconds.

chan =

    38

Elapsed time is 281.023449 seconds.

chan =

    39

Elapsed time is 281.504979 seconds.

chan =

    40

Elapsed time is 281.605340 seconds.

chan =

    41

Elapsed time is 276.954845 seconds.

chan =

    42

Elapsed time is 276.670291 seconds.

chan =

    43

Elapsed time is 274.717308 seconds.

chan =

    44

Elapsed time is 279.774844 seconds.

chan =

    45

Elapsed time is 274.175232 seconds.

chan =

    46

Elapsed time is 271.636326 seconds.

chan =

    47

Elapsed time is 279.986976 seconds.

chan =

    48

Elapsed time is 280.078695 seconds.

chan =

    49

Elapsed time is 281.313222 seconds.

chan =

    50

Elapsed time is 277.802694 seconds.

chan =

    51

Elapsed time is 275.065665 seconds.

chan =

    52

Elapsed time is 277.373590 seconds.

chan =

    53

Elapsed time is 276.308942 seconds.

chan =

    54

Elapsed time is 281.819732 seconds.

chan =

    55

Elapsed time is 279.884702 seconds.

chan =

    56

Elapsed time is 276.967381 seconds.

chan =

    57

Elapsed time is 277.447866 seconds.

chan =

    58

Elapsed time is 279.257545 seconds.

chan =

    59

Elapsed time is 280.758820 seconds.

chan =

    60

Elapsed time is 277.878415 seconds.

chan =

    61

Elapsed time is 279.478580 seconds.

chan =

    62

Elapsed time is 268.330739 seconds.

chan =

    63

Elapsed time is 276.868541 seconds.

chan =

    64

Elapsed time is 280.124269 seconds.

chan =

    65

Elapsed time is 278.952808 seconds.

chan =

    66

Elapsed time is 279.710793 seconds.

chan =

    67

Elapsed time is 279.297811 seconds.

chan =

    68

Elapsed time is 279.732463 seconds.

chan =

    69

Elapsed time is 281.278185 seconds.

chan =

    70

Elapsed time is 282.878087 seconds.

chan =

    71

Elapsed time is 281.470702 seconds.

chan =

    72

Elapsed time is 282.784260 seconds.

chan =

    73

Elapsed time is 273.039278 seconds.

chan =

    74

Elapsed time is 280.204367 seconds.

chan =

    75

Elapsed time is 282.547821 seconds.

chan =

    76

Elapsed time is 278.256143 seconds.

chan =

    77

Elapsed time is 276.671436 seconds.

chan =

    78

Elapsed time is 274.037054 seconds.

chan =

    79

Elapsed time is 276.701570 seconds.

chan =

    80

Elapsed time is 278.230903 seconds.

chan =

    81

Elapsed time is 275.765656 seconds.

chan =

    82

Elapsed time is 279.858457 seconds.

chan =

    83

Elapsed time is 281.144468 seconds.

chan =

    84

Elapsed time is 276.974802 seconds.

chan =

    85

Elapsed time is 279.794332 seconds.

chan =

    86

Elapsed time is 278.615329 seconds.

chan =

    87

Elapsed time is 278.313220 seconds.

chan =

    88

Elapsed time is 279.968665 seconds.

chan =

    89

Elapsed time is 268.133945 seconds.

chan =

    90

Elapsed time is 279.211154 seconds.

chan =

    91

Elapsed time is 279.146635 seconds.

chan =

    92

Elapsed time is 274.651830 seconds.

chan =

    93

Elapsed time is 275.451299 seconds.

chan =

    94

Elapsed time is 270.661457 seconds.

chan =

    95

Elapsed time is 272.395843 seconds.

chan =

    96

Elapsed time is 276.073839 seconds.

chan =

    97

Elapsed time is 275.622036 seconds.

chan =

    98

Elapsed time is 275.354749 seconds.

chan =

    99

Elapsed time is 275.731280 seconds.

chan =

   100

Elapsed time is 264.338600 seconds.

chan =

   101

Elapsed time is 276.746163 seconds.

chan =

   102

Elapsed time is 275.412970 seconds.

chan =

   103

Elapsed time is 276.727140 seconds.

chan =

   104

Elapsed time is 274.892645 seconds.

chan =

   105

Elapsed time is 272.042202 seconds.

chan =

   106

Elapsed time is 274.734689 seconds.

chan =

   107

Elapsed time is 276.972799 seconds.

chan =

   108

Elapsed time is 276.120636 seconds.

chan =

   109

Elapsed time is 277.270151 seconds.

chan =

   110

Elapsed time is 268.258773 seconds.

chan =

   111

Elapsed time is 273.855982 seconds.

chan =

   112

Elapsed time is 276.438018 seconds.

chan =

   113

Elapsed time is 276.086015 seconds.

chan =

   114

Elapsed time is 277.228155 seconds.

chan =

   115

Elapsed time is 268.697185 seconds.

chan =

   116

Elapsed time is 265.354088 seconds.
attempting saving
save success: /projects/p31578/dtf8829/QuestConnect/CHANDAT/chanDat_SLCH006_029.mat
working on TF
encoding done
encoding RT done
retrieval 1 done
retrieval 2 done
attempting saving
save success: /projects/p31578/dtf8829/QuestConnect/CHANDAT/chanDat_SLCH006_029.mat
working on ISPC
channel: 1 took 0 minutes
channel: 2 took 0 minutes
channel: 3 took 0 minutes
channel: 4 took 0 minutes
channel: 5 took 0 minutes
channel: 6 took 0 minutes
channel: 7 took 0 minutes
channel: 8 took 0 minutes
channel: 9 took 0 minutes
channel: 10 took 0 minutes
channel: 11 took 0 minutes
channel: 12 took 0 minutes
channel: 13 took 0 minutes
channel: 14 took 0 minutes
channel: 15 took 0 minutes
channel: 16 took 0 minutes
channel: 17 took 0 minutes
channel: 18 took 0 minutes
channel: 19 took 0 minutes
channel: 20 took 0 minutes
channel: 21 took 0 minutes
channel: 22 took 0 minutes
channel: 23 took 0 minutes
channel: 24 took 0 minutes
channel: 25 took 0 minutes
channel: 26 took 0 minutes
channel: 27 took 0 minutes
channel: 28 took 0 minutes
channel: 29 took 0 minutes
channel: 30 took 5.3 minutes
channel: 31 took 5.4 minutes
channel: 32 took 5.4 minutes
channel: 33 took 5 minutes
channel: 34 took 5.3 minutes
channel: 35 took 5.2 minutes
channel: 36 took 5.3 minutes
channel: 37 took 5.2 minutes
channel: 38 took 5.2 minutes
channel: 39 took 5.3 minutes
channel: 40 took 5.3 minutes
channel: 41 took 5.3 minutes
channel: 42 took 5.2 minutes
channel: 43 took 5.3 minutes
channel: 44 took 5.2 minutes
channel: 45 took 5.3 minutes
channel: 46 took 5.2 minutes
channel: 47 took 5.3 minutes
channel: 48 took 5.3 minutes
channel: 49 took 5.3 minutes
channel: 50 took 5.2 minutes
channel: 51 took 4.9 minutes
channel: 52 took 5.3 minutes
channel: 53 took 5.3 minutes
channel: 54 took 5.3 minutes
channel: 55 took 5.1 minutes
channel: 56 took 5.3 minutes
channel: 57 took 5.3 minutes
channel: 58 took 5.3 minutes
channel: 59 took 5.3 minutes
channel: 60 took 4.7 minutes
channel: 61 took 5.2 minutes
channel: 62 took 5.3 minutes
channel: 63 took 5.3 minutes
channel: 64 took 5.3 minutes
channel: 65 took 5.1 minutes
channel: 66 took 5.2 minutes
channel: 67 took 5.3 minutes
channel: 68 took 5.3 minutes
channel: 69 took 5.1 minutes
channel: 70 took 5.3 minutes
channel: 71 took 5.3 minutes
channel: 72 took 5.3 minutes
channel: 73 took 5.2 minutes
channel: 74 took 5.2 minutes
channel: 75 took 5.3 minutes
channel: 76 took 5.3 minutes
channel: 77 took 5.3 minutes
channel: 78 took 4.9 minutes
channel: 79 took 5.3 minutes
channel: 80 took 5.4 minutes
channel: 81 took 5.3 minutes
channel: 82 took 5.2 minutes
channel: 83 took 4.5 minutes
channel: 84 took 4.4 minutes
channel: 85 took 4.4 minutes
channel: 86 took 4.4 minutes
channel: 87 took 4.4 minutes
channel: 88 took 4.3 minutes
channel: 89 took 5 minutes
channel: 90 took 5.6 minutes
channel: 91 took 5.6 minutes
channel: 92 took 5.6 minutes
channel: 93 took 5.6 minutes
channel: 94 took 5.6 minutes
channel: 95 took 5.6 minutes
channel: 96 took 5.5 minutes
channel: 97 took 5.5 minutes
channel: 98 took 5.5 minutes
channel: 99 took 5.5 minutes
channel: 100 took 5.5 minutes
channel: 101 took 5.5 minutes
channel: 102 took 5.5 minutes
channel: 103 took 5.6 minutes
channel: 104 took 5.6 minutes
channel: 105 took 5.6 minutes
channel: 106 took 5.5 minutes
channel: 107 took 5.6 minutes
channel: 108 took 5.6 minutes
channel: 109 took 5.6 minutes
channel: 110 took 5.5 minutes
channel: 111 took 5.6 minutes
channel: 112 took 5.6 minutes
channel: 113 took 5.6 minutes
channel: 114 took 5.5 minutes
channel: 115 took 5.6 minutes
channel: 116 took 5.6 minutes
attempting saving
save success: /projects/p31578/dtf8829/QuestConnect/CHANDAT/chanDat_SLCH006_029.mat
Elapsed time is 344.715534 seconds.
