getting started: 3500
attempting file: 3500
going for SLCH006 22
data loaded: SLCH006 22
MISMATCH WITH ZACH COORDINATES!!!
HFB already done

chan =

     1

Elapsed time is 255.824514 seconds.

chan =

     2

Elapsed time is 263.651653 seconds.

chan =

     3

Elapsed time is 266.054323 seconds.

chan =

     4

Elapsed time is 263.355779 seconds.

chan =

     5

Elapsed time is 262.491209 seconds.

chan =

     6

Elapsed time is 264.423653 seconds.

chan =

     7

Elapsed time is 266.204437 seconds.

chan =

     8

Elapsed time is 263.001456 seconds.

chan =

     9

Elapsed time is 261.623697 seconds.

chan =

    10

Elapsed time is 262.975238 seconds.

chan =

    11

Elapsed time is 259.959822 seconds.

chan =

    12

Elapsed time is 262.433430 seconds.

chan =

    13

Elapsed time is 263.071517 seconds.

chan =

    14

Elapsed time is 261.114251 seconds.

chan =

    15

Elapsed time is 262.968876 seconds.

chan =

    16

Elapsed time is 261.184143 seconds.

chan =

    17

Elapsed time is 262.524572 seconds.

chan =

    18

Elapsed time is 261.726831 seconds.

chan =

    19

Elapsed time is 263.604180 seconds.

chan =

    20

Elapsed time is 261.283876 seconds.

chan =

    21

Elapsed time is 262.817452 seconds.

chan =

    22

Elapsed time is 261.331743 seconds.

chan =

    23

Elapsed time is 260.000702 seconds.

chan =

    24

Elapsed time is 266.960612 seconds.

chan =

    25

Elapsed time is 264.123526 seconds.

chan =

    26

Elapsed time is 267.381402 seconds.

chan =

    27

Elapsed time is 264.413866 seconds.

chan =

    28

Elapsed time is 266.647089 seconds.

chan =

    29

Elapsed time is 262.960954 seconds.

chan =

    30

Elapsed time is 262.343450 seconds.

chan =

    31

Elapsed time is 262.358220 seconds.

chan =

    32

Elapsed time is 259.832922 seconds.

chan =

    33

Elapsed time is 265.274051 seconds.

chan =

    34

Elapsed time is 259.753317 seconds.

chan =

    35

Elapsed time is 262.605353 seconds.

chan =

    36

Elapsed time is 265.103746 seconds.

chan =

    37

Elapsed time is 263.395359 seconds.

chan =

    38

Elapsed time is 264.299829 seconds.

chan =

    39

Elapsed time is 263.417383 seconds.

chan =

    40

Elapsed time is 267.756337 seconds.

chan =

    41

Elapsed time is 263.507850 seconds.

chan =

    42

Elapsed time is 263.792071 seconds.

chan =

    43

Elapsed time is 262.183788 seconds.

chan =

    44

Elapsed time is 262.456729 seconds.

chan =

    45

Elapsed time is 260.943421 seconds.

chan =

    46

Elapsed time is 262.129230 seconds.

chan =

    47

Elapsed time is 262.311914 seconds.

chan =

    48

Elapsed time is 266.407505 seconds.

chan =

    49

Elapsed time is 264.864263 seconds.

chan =

    50

Elapsed time is 263.172398 seconds.

chan =

    51

Elapsed time is 265.131321 seconds.

chan =

    52

Elapsed time is 262.190750 seconds.

chan =

    53

Elapsed time is 262.687416 seconds.

chan =

    54

Elapsed time is 260.387980 seconds.

chan =

    55

Elapsed time is 265.965991 seconds.

chan =

    56

Elapsed time is 261.409155 seconds.

chan =

    57

Elapsed time is 262.974203 seconds.

chan =

    58

Elapsed time is 258.134964 seconds.

chan =

    59

Elapsed time is 264.264528 seconds.

chan =

    60

Elapsed time is 256.255720 seconds.

chan =

    61

Elapsed time is 246.291678 seconds.

chan =

    62

Elapsed time is 259.251125 seconds.

chan =

    63

Elapsed time is 260.743238 seconds.

chan =

    64

Elapsed time is 261.941239 seconds.

chan =

    65

Elapsed time is 260.163235 seconds.

chan =

    66

Elapsed time is 226.873161 seconds.

chan =

    67

Elapsed time is 261.505659 seconds.

chan =

    68

Elapsed time is 257.348774 seconds.

chan =

    69

Elapsed time is 261.725711 seconds.

chan =

    70

Elapsed time is 260.136660 seconds.

chan =

    71

Elapsed time is 249.517136 seconds.

chan =

    72

Elapsed time is 260.799273 seconds.

chan =

    73

Elapsed time is 258.433567 seconds.

chan =

    74

Elapsed time is 260.061815 seconds.

chan =

    75

Elapsed time is 260.611146 seconds.

chan =

    76

Elapsed time is 247.063821 seconds.

chan =

    77

Elapsed time is 249.347896 seconds.

chan =

    78

Elapsed time is 257.124474 seconds.

chan =

    79

Elapsed time is 256.500784 seconds.

chan =

    80

Elapsed time is 258.227686 seconds.

chan =

    81

Elapsed time is 254.349910 seconds.

chan =

    82

Elapsed time is 226.831605 seconds.

chan =

    83

Elapsed time is 255.591486 seconds.

chan =

    84

Elapsed time is 258.387737 seconds.

chan =

    85

Elapsed time is 259.800866 seconds.

chan =

    86

Elapsed time is 257.270149 seconds.

chan =

    87

Elapsed time is 246.766068 seconds.

chan =

    88

Elapsed time is 228.862773 seconds.

chan =

    89

Elapsed time is 254.663026 seconds.

chan =

    90

Elapsed time is 254.213987 seconds.

chan =

    91

Elapsed time is 256.439316 seconds.

chan =

    92

Elapsed time is 252.847353 seconds.

chan =

    93

Elapsed time is 237.190769 seconds.

chan =

    94

Elapsed time is 232.874050 seconds.

chan =

    95

Elapsed time is 254.715481 seconds.

chan =

    96

Elapsed time is 255.456788 seconds.

chan =

    97

Elapsed time is 252.774785 seconds.

chan =

    98

Elapsed time is 254.675586 seconds.

chan =

    99

Elapsed time is 230.796026 seconds.

chan =

   100

Elapsed time is 221.192230 seconds.

chan =

   101

Elapsed time is 232.717628 seconds.

chan =

   102

Elapsed time is 229.300890 seconds.

chan =

   103

Elapsed time is 228.193730 seconds.

chan =

   104

Elapsed time is 226.680309 seconds.

chan =

   105

Elapsed time is 220.138133 seconds.

chan =

   106

Elapsed time is 243.373774 seconds.

chan =

   107

Elapsed time is 247.397895 seconds.

chan =

   108

Elapsed time is 247.724695 seconds.

chan =

   109

Elapsed time is 248.086549 seconds.

chan =

   110

Elapsed time is 239.095647 seconds.

chan =

   111

Elapsed time is 238.173814 seconds.

chan =

   112

Elapsed time is 250.559774 seconds.

chan =

   113

Elapsed time is 249.084375 seconds.

chan =

   114

Elapsed time is 242.375622 seconds.

chan =

   115

Elapsed time is 236.375715 seconds.

chan =

   116

Elapsed time is 214.895809 seconds.
attempting saving
save success: /projects/p31578/dtf8829/QuestConnect/CHANDAT/chanDat_SLCH006_022.mat
working on TF
encoding done
encoding RT done
retrieval 1 done
retrieval 2 done
attempting saving
save success: /projects/p31578/dtf8829/QuestConnect/CHANDAT/chanDat_SLCH006_022.mat
working on ISPC
channel: 1 took 0 minutes
channel: 2 took 0 minutes
channel: 3 took 0 minutes
channel: 4 took 0 minutes
channel: 5 took 0 minutes
channel: 6 took 0 minutes
channel: 7 took 0 minutes
channel: 8 took 0 minutes
channel: 9 took 0 minutes
channel: 10 took 0 minutes
channel: 11 took 0 minutes
channel: 12 took 0 minutes
channel: 13 took 0 minutes
channel: 14 took 0 minutes
channel: 15 took 0 minutes
channel: 16 took 0 minutes
channel: 17 took 0 minutes
channel: 18 took 0 minutes
channel: 19 took 0 minutes
channel: 20 took 0 minutes
channel: 21 took 0 minutes
channel: 22 took 0 minutes
channel: 23 took 4.3 minutes
channel: 24 took 4.3 minutes
channel: 25 took 4.3 minutes
channel: 26 took 4 minutes
channel: 27 took 4 minutes
channel: 28 took 4.2 minutes
channel: 29 took 4.2 minutes
channel: 30 took 4.2 minutes
channel: 31 took 4.2 minutes
channel: 32 took 3.7 minutes
channel: 33 took 4.1 minutes
channel: 34 took 4.2 minutes
channel: 35 took 4.3 minutes
channel: 36 took 4.3 minutes
channel: 37 took 4.2 minutes
channel: 38 took 4.2 minutes
channel: 39 took 4.3 minutes
channel: 40 took 4.3 minutes
channel: 41 took 4.3 minutes
channel: 42 took 4.1 minutes
channel: 43 took 4.1 minutes
channel: 44 took 4.2 minutes
channel: 45 took 4.2 minutes
channel: 46 took 4.2 minutes
channel: 47 took 4.1 minutes
channel: 48 took 4 minutes
channel: 49 took 4.2 minutes
channel: 50 took 4.2 minutes
channel: 51 took 4.2 minutes
channel: 52 took 4.1 minutes
channel: 53 took 4.1 minutes
channel: 54 took 4.2 minutes
channel: 55 took 4.2 minutes
channel: 56 took 4.2 minutes
channel: 57 took 4.1 minutes
channel: 58 took 4 minutes
channel: 59 took 4.2 minutes
channel: 60 took 4.2 minutes
channel: 61 took 4.2 minutes
channel: 62 took 4.1 minutes
channel: 63 took 4.1 minutes
channel: 64 took 4.2 minutes
channel: 65 took 4.2 minutes
channel: 66 took 4.2 minutes
channel: 67 took 4.1 minutes
channel: 68 took 4 minutes
channel: 69 took 4.2 minutes
channel: 70 took 4.2 minutes
channel: 71 took 4.2 minutes
channel: 72 took 4.1 minutes
channel: 73 took 4.2 minutes
channel: 74 took 4.2 minutes
channel: 75 took 4.2 minutes
channel: 76 took 4.2 minutes
channel: 77 took 4.1 minutes
channel: 78 took 4.2 minutes
channel: 79 took 4.2 minutes
channel: 80 took 4.2 minutes
channel: 81 took 4.2 minutes
channel: 82 took 4 minutes
channel: 83 took 4.1 minutes
channel: 84 took 4.3 minutes
channel: 85 took 4.3 minutes
channel: 86 took 4.3 minutes
channel: 87 took 4.1 minutes
channel: 88 took 4.3 minutes
channel: 89 took 4.3 minutes
channel: 90 took 4.3 minutes
channel: 91 took 4.3 minutes
channel: 92 took 4 minutes
channel: 93 took 4.3 minutes
channel: 94 took 4.3 minutes
channel: 95 took 4.3 minutes
channel: 96 took 4.3 minutes
channel: 97 took 4 minutes
channel: 98 took 3.6 minutes
channel: 99 took 3.6 minutes
channel: 100 took 4.3 minutes
channel: 101 took 4.3 minutes
channel: 102 took 4.3 minutes
channel: 103 took 4.3 minutes
channel: 104 took 4.3 minutes
channel: 105 took 4.3 minutes
channel: 106 took 4.3 minutes
channel: 107 took 4.3 minutes
channel: 108 took 4.3 minutes
channel: 109 took 4.3 minutes
channel: 110 took 4.3 minutes
channel: 111 took 4.3 minutes
channel: 112 took 4.3 minutes
channel: 113 took 4.2 minutes
channel: 114 took 4.2 minutes
channel: 115 took 4.2 minutes
channel: 116 took 4.1 minutes
attempting saving
save success: /projects/p31578/dtf8829/QuestConnect/CHANDAT/chanDat_SLCH006_022.mat
Elapsed time is 253.111548 seconds.
