getting started: 3491
attempting file: 3491
going for SLCH006 13
data loaded: SLCH006 13
MISMATCH WITH ZACH COORDINATES!!!
HFB already done

chan =

     1

Elapsed time is 213.571336 seconds.

chan =

     2

Elapsed time is 210.524852 seconds.

chan =

     3

Elapsed time is 208.282056 seconds.

chan =

     4

Elapsed time is 213.183528 seconds.

chan =

     5

Elapsed time is 208.780295 seconds.

chan =

     6

Elapsed time is 207.221180 seconds.

chan =

     7

Elapsed time is 212.700548 seconds.

chan =

     8

Elapsed time is 213.651051 seconds.

chan =

     9

Elapsed time is 209.697879 seconds.

chan =

    10

Elapsed time is 209.333123 seconds.

chan =

    11

Elapsed time is 213.318381 seconds.

chan =

    12

Elapsed time is 209.115910 seconds.

chan =

    13

Elapsed time is 213.957446 seconds.

chan =

    14

Elapsed time is 208.472501 seconds.

chan =

    15

Elapsed time is 209.094682 seconds.

chan =

    16

Elapsed time is 211.060962 seconds.

chan =

    17

Elapsed time is 214.779759 seconds.

chan =

    18

Elapsed time is 209.874413 seconds.

chan =

    19

Elapsed time is 214.947878 seconds.

chan =

    20

Elapsed time is 209.370243 seconds.

chan =

    21

Elapsed time is 212.283195 seconds.

chan =

    22

Elapsed time is 210.463305 seconds.

chan =

    23

Elapsed time is 211.505557 seconds.

chan =

    24

Elapsed time is 216.069771 seconds.

chan =

    25

Elapsed time is 216.625817 seconds.

chan =

    26

Elapsed time is 217.249858 seconds.

chan =

    27

Elapsed time is 216.306049 seconds.

chan =

    28

Elapsed time is 212.456886 seconds.

chan =

    29

Elapsed time is 210.675289 seconds.

chan =

    30

Elapsed time is 210.997107 seconds.

chan =

    31

Elapsed time is 206.731990 seconds.

chan =

    32

Elapsed time is 212.041037 seconds.

chan =

    33

Elapsed time is 206.394421 seconds.

chan =

    34

Elapsed time is 206.844335 seconds.

chan =

    35

Elapsed time is 212.268212 seconds.

chan =

    36

Elapsed time is 210.789201 seconds.

chan =

    37

Elapsed time is 211.552847 seconds.

chan =

    38

Elapsed time is 218.039471 seconds.

chan =

    39

Elapsed time is 215.316693 seconds.

chan =

    40

Elapsed time is 213.478329 seconds.

chan =

    41

Elapsed time is 212.095593 seconds.

chan =

    42

Elapsed time is 209.643870 seconds.

chan =

    43

Elapsed time is 209.405489 seconds.

chan =

    44

Elapsed time is 217.827860 seconds.

chan =

    45

Elapsed time is 217.614698 seconds.

chan =

    46

Elapsed time is 210.222645 seconds.

chan =

    47

Elapsed time is 212.576654 seconds.

chan =

    48

Elapsed time is 216.763327 seconds.

chan =

    49

Elapsed time is 210.956926 seconds.

chan =

    50

Elapsed time is 209.636160 seconds.

chan =

    51

Elapsed time is 210.400593 seconds.

chan =

    52

Elapsed time is 210.714063 seconds.

chan =

    53

Elapsed time is 214.249361 seconds.

chan =

    54

Elapsed time is 209.471312 seconds.

chan =

    55

Elapsed time is 217.584055 seconds.

chan =

    56

Elapsed time is 210.097748 seconds.

chan =

    57

Elapsed time is 209.782591 seconds.

chan =

    58

Elapsed time is 213.302143 seconds.

chan =

    59

Elapsed time is 210.023879 seconds.

chan =

    60

Elapsed time is 214.760287 seconds.

chan =

    61

Elapsed time is 206.588559 seconds.

chan =

    62

Elapsed time is 209.461730 seconds.

chan =

    63

Elapsed time is 205.746058 seconds.

chan =

    64

Elapsed time is 210.759632 seconds.

chan =

    65

Elapsed time is 208.400472 seconds.

chan =

    66

Elapsed time is 216.165479 seconds.

chan =

    67

Elapsed time is 211.299108 seconds.

chan =

    68

Elapsed time is 217.444638 seconds.

chan =

    69

Elapsed time is 211.005641 seconds.

chan =

    70

Elapsed time is 209.332681 seconds.

chan =

    71

Elapsed time is 208.657640 seconds.

chan =

    72

Elapsed time is 208.422898 seconds.

chan =

    73

Elapsed time is 210.569319 seconds.

chan =

    74

Elapsed time is 215.716158 seconds.

chan =

    75

Elapsed time is 214.514641 seconds.

chan =

    76

Elapsed time is 217.106542 seconds.

chan =

    77

Elapsed time is 212.360454 seconds.

chan =

    78

Elapsed time is 213.424565 seconds.

chan =

    79

Elapsed time is 212.416263 seconds.

chan =

    80

Elapsed time is 213.620143 seconds.

chan =

    81

Elapsed time is 210.896274 seconds.

chan =

    82

Elapsed time is 212.381770 seconds.

chan =

    83

Elapsed time is 210.059034 seconds.

chan =

    84

Elapsed time is 214.673051 seconds.

chan =

    85

Elapsed time is 214.130373 seconds.

chan =

    86

Elapsed time is 213.230656 seconds.

chan =

    87

Elapsed time is 210.696470 seconds.

chan =

    88

Elapsed time is 217.959033 seconds.

chan =

    89

Elapsed time is 212.694165 seconds.

chan =

    90

Elapsed time is 205.923713 seconds.

chan =

    91

Elapsed time is 209.806258 seconds.

chan =

    92

Elapsed time is 210.399935 seconds.

chan =

    93

Elapsed time is 213.299931 seconds.

chan =

    94

Elapsed time is 214.421293 seconds.

chan =

    95

Elapsed time is 213.315236 seconds.

chan =

    96

Elapsed time is 211.870391 seconds.

chan =

    97

Elapsed time is 216.742849 seconds.

chan =

    98

Elapsed time is 215.428195 seconds.

chan =

    99

Elapsed time is 215.332893 seconds.

chan =

   100

Elapsed time is 218.043963 seconds.

chan =

   101

Elapsed time is 213.542622 seconds.

chan =

   102

Elapsed time is 217.758868 seconds.

chan =

   103

Elapsed time is 218.135004 seconds.

chan =

   104

Elapsed time is 214.117150 seconds.

chan =

   105

Elapsed time is 213.495691 seconds.

chan =

   106

Elapsed time is 210.835555 seconds.

chan =

   107

Elapsed time is 209.366315 seconds.

chan =

   108

Elapsed time is 215.669674 seconds.

chan =

   109

Elapsed time is 208.186850 seconds.

chan =

   110

Elapsed time is 200.198699 seconds.

chan =

   111

Elapsed time is 201.349992 seconds.

chan =

   112

Elapsed time is 199.237482 seconds.

chan =

   113

Elapsed time is 196.643794 seconds.

chan =

   114

Elapsed time is 193.572800 seconds.

chan =

   115

Elapsed time is 192.390224 seconds.

chan =

   116

Elapsed time is 197.499236 seconds.
attempting saving
save success: /projects/p31578/dtf8829/QuestConnect/CHANDAT/chanDat_SLCH006_013.mat
working on TF
encoding done
encoding RT done
retrieval 1 done
retrieval 2 done
attempting saving
save success: /projects/p31578/dtf8829/QuestConnect/CHANDAT/chanDat_SLCH006_013.mat
working on ISPC
channel: 1 took 0 minutes
channel: 2 took 0 minutes
channel: 3 took 0 minutes
channel: 4 took 0 minutes
channel: 5 took 0 minutes
channel: 6 took 0 minutes
channel: 7 took 0 minutes
channel: 8 took 0 minutes
channel: 9 took 0 minutes
channel: 10 took 0 minutes
channel: 11 took 0 minutes
channel: 12 took 0 minutes
channel: 13 took 0 minutes
channel: 14 took 3.8 minutes
channel: 15 took 3.8 minutes
channel: 16 took 3.8 minutes
channel: 17 took 3.8 minutes
channel: 18 took 3.8 minutes
channel: 19 took 3.8 minutes
channel: 20 took 3.8 minutes
channel: 21 took 3.7 minutes
channel: 22 took 3.7 minutes
channel: 23 took 3.7 minutes
channel: 24 took 3.7 minutes
channel: 25 took 3.7 minutes
channel: 26 took 3.7 minutes
channel: 27 took 3.7 minutes
channel: 28 took 3.6 minutes
channel: 29 took 3.6 minutes
channel: 30 took 3.6 minutes
channel: 31 took 3.6 minutes
channel: 32 took 3.5 minutes
channel: 33 took 3.5 minutes
channel: 34 took 3.5 minutes
channel: 35 took 3.5 minutes
channel: 36 took 3.6 minutes
channel: 37 took 3.6 minutes
channel: 38 took 3.5 minutes
channel: 39 took 3.6 minutes
channel: 40 took 3.6 minutes
channel: 41 took 3.6 minutes
channel: 42 took 3.6 minutes
channel: 43 took 3.6 minutes
channel: 44 took 3.6 minutes
channel: 45 took 3.6 minutes
channel: 46 took 3.6 minutes
channel: 47 took 3.6 minutes
channel: 48 took 3.6 minutes
channel: 49 took 3.6 minutes
channel: 50 took 3.6 minutes
channel: 51 took 3.5 minutes
channel: 52 took 3.6 minutes
channel: 53 took 3.5 minutes
channel: 54 took 3.5 minutes
channel: 55 took 3.4 minutes
channel: 56 took 3.5 minutes
channel: 57 took 3.5 minutes
channel: 58 took 3.5 minutes
channel: 59 took 3.5 minutes
channel: 60 took 3.5 minutes
channel: 61 took 3.5 minutes
channel: 62 took 3.5 minutes
channel: 63 took 3.5 minutes
channel: 64 took 3.5 minutes
channel: 65 took 3.5 minutes
channel: 66 took 3.5 minutes
channel: 67 took 3.5 minutes
channel: 68 took 3.5 minutes
channel: 69 took 3.5 minutes
channel: 70 took 3.4 minutes
channel: 71 took 3.5 minutes
channel: 72 took 3.5 minutes
channel: 73 took 3.5 minutes
channel: 74 took 3.5 minutes
channel: 75 took 3.5 minutes
channel: 76 took 3.5 minutes
channel: 77 took 3.5 minutes
channel: 78 took 3.5 minutes
channel: 79 took 3.5 minutes
channel: 80 took 3.5 minutes
channel: 81 took 3.5 minutes
channel: 82 took 3.5 minutes
channel: 83 took 3.5 minutes
channel: 84 took 3.5 minutes
channel: 85 took 3.5 minutes
channel: 86 took 3.5 minutes
channel: 87 took 3.5 minutes
channel: 88 took 3.5 minutes
channel: 89 took 3.5 minutes
channel: 90 took 3.5 minutes
channel: 91 took 3.5 minutes
channel: 92 took 3.5 minutes
channel: 93 took 3.5 minutes
channel: 94 took 3.5 minutes
channel: 95 took 3.5 minutes
channel: 96 took 3.5 minutes
channel: 97 took 3.5 minutes
channel: 98 took 3.5 minutes
channel: 99 took 3.5 minutes
channel: 100 took 3.5 minutes
channel: 101 took 3.5 minutes
channel: 102 took 3.5 minutes
channel: 103 took 3.5 minutes
channel: 104 took 3.5 minutes
channel: 105 took 3.5 minutes
channel: 106 took 3.5 minutes
channel: 107 took 3.5 minutes
channel: 108 took 3.5 minutes
channel: 109 took 3.5 minutes
channel: 110 took 3.5 minutes
channel: 111 took 3.4 minutes
channel: 112 took 3.5 minutes
channel: 113 took 3.5 minutes
channel: 114 took 3.5 minutes
channel: 115 took 3.5 minutes
channel: 116 took 3.5 minutes
attempting saving
save success: /projects/p31578/dtf8829/QuestConnect/CHANDAT/chanDat_SLCH006_013.mat
Elapsed time is 216.533904 seconds.
