getting started: 3265
attempting file: 3265
going for SD5 14
data loaded: SD5 14
HFB already done

chan =

     1

Elapsed time is 257.040831 seconds.

chan =

     2

Elapsed time is 255.655910 seconds.

chan =

     3

Elapsed time is 257.424463 seconds.

chan =

     4

Elapsed time is 257.517752 seconds.

chan =

     5

Elapsed time is 256.490708 seconds.

chan =

     6

Elapsed time is 257.290921 seconds.

chan =

     7

Elapsed time is 257.965289 seconds.

chan =

     8

Elapsed time is 256.076049 seconds.

chan =

     9

Elapsed time is 257.872170 seconds.

chan =

    10

Elapsed time is 256.825963 seconds.

chan =

    11

Elapsed time is 255.673791 seconds.

chan =

    12

Elapsed time is 254.906634 seconds.

chan =

    13

Elapsed time is 254.528022 seconds.

chan =

    14

Elapsed time is 255.480802 seconds.

chan =

    15

Elapsed time is 256.400980 seconds.

chan =

    16

Elapsed time is 254.009728 seconds.

chan =

    17

Elapsed time is 256.144868 seconds.

chan =

    18

Elapsed time is 254.241591 seconds.

chan =

    19

Elapsed time is 253.732883 seconds.

chan =

    20

Elapsed time is 251.956659 seconds.

chan =

    21

Elapsed time is 254.228063 seconds.

chan =

    22

Elapsed time is 254.698788 seconds.

chan =

    23

Elapsed time is 253.585277 seconds.

chan =

    24

Elapsed time is 253.470197 seconds.

chan =

    25

Elapsed time is 254.989923 seconds.

chan =

    26

Elapsed time is 254.500844 seconds.

chan =

    27

Elapsed time is 252.570046 seconds.

chan =

    28

Elapsed time is 252.284181 seconds.

chan =

    29

Elapsed time is 250.788326 seconds.

chan =

    30

Elapsed time is 252.258213 seconds.

chan =

    31

Elapsed time is 250.629225 seconds.

chan =

    32

Elapsed time is 250.120074 seconds.

chan =

    33

Elapsed time is 251.354114 seconds.

chan =

    34

Elapsed time is 251.495078 seconds.

chan =

    35

Elapsed time is 253.196177 seconds.

chan =

    36

Elapsed time is 253.701946 seconds.

chan =

    37

Elapsed time is 253.555122 seconds.

chan =

    38

Elapsed time is 252.268646 seconds.

chan =

    39

Elapsed time is 250.868409 seconds.

chan =

    40

Elapsed time is 251.091432 seconds.

chan =

    41

Elapsed time is 251.986545 seconds.

chan =

    42

Elapsed time is 252.877720 seconds.

chan =

    43

Elapsed time is 250.486583 seconds.

chan =

    44

Elapsed time is 249.269887 seconds.

chan =

    45

Elapsed time is 250.497897 seconds.

chan =

    46

Elapsed time is 251.055901 seconds.

chan =

    47

Elapsed time is 250.361318 seconds.

chan =

    48

Elapsed time is 249.327962 seconds.

chan =

    49

Elapsed time is 249.581742 seconds.

chan =

    50

Elapsed time is 249.526635 seconds.

chan =

    51

Elapsed time is 250.435867 seconds.

chan =

    52

Elapsed time is 250.256520 seconds.

chan =

    53

Elapsed time is 248.328639 seconds.

chan =

    54

Elapsed time is 249.418933 seconds.

chan =

    55

Elapsed time is 249.927619 seconds.

chan =

    56

Elapsed time is 249.488200 seconds.

chan =

    57

Elapsed time is 248.014032 seconds.

chan =

    58

Elapsed time is 248.602846 seconds.

chan =

    59

Elapsed time is 250.416895 seconds.

chan =

    60

Elapsed time is 251.009653 seconds.

chan =

    61

Elapsed time is 248.341192 seconds.

chan =

    62

Elapsed time is 248.747442 seconds.

chan =

    63

Elapsed time is 249.062217 seconds.

chan =

    64

Elapsed time is 249.945708 seconds.

chan =

    65

Elapsed time is 249.853111 seconds.

chan =

    66

Elapsed time is 248.602587 seconds.

chan =

    67

Elapsed time is 247.477467 seconds.

chan =

    68

Elapsed time is 249.379464 seconds.

chan =

    69

Elapsed time is 249.234511 seconds.

chan =

    70

Elapsed time is 249.961986 seconds.

chan =

    71

Elapsed time is 249.134511 seconds.

chan =

    72

Elapsed time is 249.840475 seconds.

chan =

    73

Elapsed time is 237.468402 seconds.

chan =

    74

Elapsed time is 267.334129 seconds.

chan =

    75

Elapsed time is 268.822543 seconds.

chan =

    76

Elapsed time is 266.711431 seconds.

chan =

    77

Elapsed time is 269.212726 seconds.

chan =

    78

Elapsed time is 261.628091 seconds.

chan =

    79

Elapsed time is 267.984974 seconds.

chan =

    80

Elapsed time is 267.824424 seconds.

chan =

    81

Elapsed time is 270.630416 seconds.

chan =

    82

Elapsed time is 270.184047 seconds.

chan =

    83

Elapsed time is 266.683139 seconds.

chan =

    84

Elapsed time is 253.091769 seconds.

chan =

    85

Elapsed time is 265.998887 seconds.

chan =

    86

Elapsed time is 268.704174 seconds.

chan =

    87

Elapsed time is 268.229648 seconds.

chan =

    88

Elapsed time is 269.298026 seconds.

chan =

    89

Elapsed time is 260.245054 seconds.

chan =

    90

Elapsed time is 269.489006 seconds.

chan =

    91

Elapsed time is 270.898848 seconds.

chan =

    92

Elapsed time is 269.642824 seconds.

chan =

    93

Elapsed time is 270.722019 seconds.

chan =

    94

Elapsed time is 254.981779 seconds.

chan =

    95

Elapsed time is 235.956926 seconds.

chan =

    96

Elapsed time is 234.512958 seconds.

chan =

    97

Elapsed time is 235.183507 seconds.

chan =

    98

Elapsed time is 236.278851 seconds.

chan =

    99

Elapsed time is 237.239659 seconds.

chan =

   100

Elapsed time is 236.098229 seconds.

chan =

   101

Elapsed time is 234.221463 seconds.

chan =

   102

Elapsed time is 235.575877 seconds.

chan =

   103

Elapsed time is 237.231921 seconds.

chan =

   104

Elapsed time is 236.387400 seconds.

chan =

   105

Elapsed time is 234.441898 seconds.

chan =

   106

Elapsed time is 231.516174 seconds.

chan =

   107

Elapsed time is 234.615997 seconds.

chan =

   108

Elapsed time is 234.063067 seconds.

chan =

   109

Elapsed time is 235.119841 seconds.

chan =

   110

Elapsed time is 235.552025 seconds.
attempting saving
save success: /projects/p31578/dtf8829/QuestConnect/CHANDAT/chanDat_SD5_014.mat
working on TF
encoding done
encoding RT done
retrieval 1 done
retrieval 2 done
attempting saving
save success: /projects/p31578/dtf8829/QuestConnect/CHANDAT/chanDat_SD5_014.mat
working on ISPC
channel: 1 took 0 minutes
channel: 2 took 0 minutes
channel: 3 took 0 minutes
channel: 4 took 0 minutes
channel: 5 took 0 minutes
channel: 6 took 0 minutes
channel: 7 took 0 minutes
channel: 8 took 0 minutes
channel: 9 took 0 minutes
channel: 10 took 0 minutes
channel: 11 took 0 minutes
channel: 12 took 0 minutes
channel: 13 took 0 minutes
channel: 14 took 0 minutes
channel: 15 took 4.1 minutes
channel: 16 took 4.1 minutes
channel: 17 took 4.1 minutes
channel: 18 took 4.1 minutes
channel: 19 took 4.1 minutes
channel: 20 took 4.1 minutes
channel: 21 took 4.1 minutes
channel: 22 took 4.1 minutes
channel: 23 took 4.1 minutes
channel: 24 took 4.1 minutes
channel: 25 took 4.1 minutes
channel: 26 took 4.1 minutes
channel: 27 took 4.1 minutes
channel: 28 took 4 minutes
channel: 29 took 4.1 minutes
channel: 30 took 4 minutes
channel: 31 took 4.1 minutes
channel: 32 took 4.1 minutes
channel: 33 took 4.1 minutes
channel: 34 took 4.2 minutes
channel: 35 took 4.2 minutes
channel: 36 took 4.2 minutes
channel: 37 took 4.2 minutes
channel: 38 took 4.2 minutes
channel: 39 took 4.2 minutes
channel: 40 took 4.2 minutes
channel: 41 took 4.3 minutes
channel: 42 took 4.9 minutes
channel: 43 took 4.9 minutes
channel: 44 took 4.8 minutes
channel: 45 took 4.9 minutes
channel: 46 took 4.9 minutes
channel: 47 took 4.8 minutes
channel: 48 took 4.7 minutes
channel: 49 took 4.8 minutes
channel: 50 took 4.8 minutes
channel: 51 took 4.8 minutes
channel: 52 took 4 minutes
channel: 53 took 4.6 minutes
channel: 54 took 4.8 minutes
channel: 55 took 4.8 minutes
channel: 56 took 4.8 minutes
channel: 57 took 4.8 minutes
channel: 58 took 4.8 minutes
channel: 59 took 4.8 minutes
channel: 60 took 4.6 minutes
channel: 61 took 4.8 minutes
channel: 62 took 4.8 minutes
channel: 63 took 4.8 minutes
channel: 64 took 4.8 minutes
channel: 65 took 4.8 minutes
channel: 66 took 4.8 minutes
channel: 67 took 4.4 minutes
channel: 68 took 4.1 minutes
channel: 69 took 4.1 minutes
channel: 70 took 4.1 minutes
channel: 71 took 4.1 minutes
channel: 72 took 4.1 minutes
channel: 73 took 4.1 minutes
channel: 74 took 4.1 minutes
channel: 75 took 4.1 minutes
channel: 76 took 4.1 minutes
channel: 77 took 4.4 minutes
channel: 78 took 4.9 minutes
channel: 79 took 4.9 minutes
channel: 80 took 4.9 minutes
channel: 81 took 4.8 minutes
channel: 82 took 4.7 minutes
channel: 83 took 4.9 minutes
channel: 84 took 4.9 minutes
channel: 85 took 4.9 minutes
channel: 86 took 4.6 minutes
channel: 87 took 4.9 minutes
channel: 88 took 4.9 minutes
channel: 89 took 4.9 minutes
channel: 90 took 4.9 minutes
channel: 91 took 4.5 minutes
channel: 92 took 4.9 minutes
channel: 93 took 4.9 minutes
channel: 94 took 4.9 minutes
channel: 95 took 4.9 minutes
channel: 96 took 4.3 minutes
channel: 97 took 4.2 minutes
channel: 98 took 4.1 minutes
channel: 99 took 4.2 minutes
channel: 100 took 4.2 minutes
channel: 101 took 4.2 minutes
channel: 102 took 4.2 minutes
channel: 103 took 4.2 minutes
channel: 104 took 4.1 minutes
channel: 105 took 4.2 minutes
channel: 106 took 4.1 minutes
channel: 107 took 4.2 minutes
channel: 108 took 4.2 minutes
channel: 109 took 4.2 minutes
channel: 110 took 4.2 minutes
attempting saving
save success: /projects/p31578/dtf8829/QuestConnect/CHANDAT/chanDat_SD5_014.mat
Elapsed time is 255.863052 seconds.
