getting started: 3486
attempting file: 3486
going for SLCH006 8
data loaded: SLCH006 8
MISMATCH WITH ZACH COORDINATES!!!
HFB already done

chan =

     1

Elapsed time is 245.541574 seconds.

chan =

     2

Elapsed time is 242.834802 seconds.

chan =

     3

Elapsed time is 235.363637 seconds.

chan =

     4

Elapsed time is 242.872095 seconds.

chan =

     5

Elapsed time is 254.728750 seconds.

chan =

     6

Elapsed time is 248.401688 seconds.

chan =

     7

Elapsed time is 251.214447 seconds.

chan =

     8

Elapsed time is 249.608147 seconds.

chan =

     9

Elapsed time is 238.927305 seconds.

chan =

    10

Elapsed time is 243.292748 seconds.

chan =

    11

Elapsed time is 245.523299 seconds.

chan =

    12

Elapsed time is 239.631310 seconds.

chan =

    13

Elapsed time is 242.040651 seconds.

chan =

    14

Elapsed time is 241.466875 seconds.

chan =

    15

Elapsed time is 244.934122 seconds.

chan =

    16

Elapsed time is 242.382172 seconds.

chan =

    17

Elapsed time is 247.391913 seconds.

chan =

    18

Elapsed time is 244.646272 seconds.

chan =

    19

Elapsed time is 239.909413 seconds.

chan =

    20

Elapsed time is 244.346669 seconds.

chan =

    21

Elapsed time is 243.106396 seconds.

chan =

    22

Elapsed time is 241.730023 seconds.

chan =

    23

Elapsed time is 240.515161 seconds.

chan =

    24

Elapsed time is 240.021834 seconds.

chan =

    25

Elapsed time is 247.294015 seconds.

chan =

    26

Elapsed time is 244.987021 seconds.

chan =

    27

Elapsed time is 245.060189 seconds.

chan =

    28

Elapsed time is 260.062160 seconds.

chan =

    29

Elapsed time is 257.915481 seconds.

chan =

    30

Elapsed time is 252.737092 seconds.

chan =

    31

Elapsed time is 257.222173 seconds.

chan =

    32

Elapsed time is 257.298272 seconds.

chan =

    33

Elapsed time is 240.685681 seconds.

chan =

    34

Elapsed time is 249.753394 seconds.

chan =

    35

Elapsed time is 257.249190 seconds.

chan =

    36

Elapsed time is 248.809251 seconds.

chan =

    37

Elapsed time is 259.199915 seconds.

chan =

    38

Elapsed time is 255.858286 seconds.

chan =

    39

Elapsed time is 239.074067 seconds.

chan =

    40

Elapsed time is 248.329006 seconds.

chan =

    41

Elapsed time is 256.088197 seconds.

chan =

    42

Elapsed time is 253.824990 seconds.

chan =

    43

Elapsed time is 251.159327 seconds.

chan =

    44

Elapsed time is 246.610114 seconds.

chan =

    45

Elapsed time is 244.017209 seconds.

chan =

    46

Elapsed time is 230.974336 seconds.

chan =

    47

Elapsed time is 243.504819 seconds.

chan =

    48

Elapsed time is 237.476558 seconds.

chan =

    49

Elapsed time is 236.852323 seconds.

chan =

    50

Elapsed time is 231.324175 seconds.

chan =

    51

Elapsed time is 236.134331 seconds.

chan =

    52

Elapsed time is 231.339562 seconds.

chan =

    53

Elapsed time is 232.494490 seconds.

chan =

    54

Elapsed time is 242.107061 seconds.

chan =

    55

Elapsed time is 242.125496 seconds.

chan =

    56

Elapsed time is 244.294324 seconds.

chan =

    57

Elapsed time is 246.259142 seconds.

chan =

    58

Elapsed time is 234.383252 seconds.

chan =

    59

Elapsed time is 237.833684 seconds.

chan =

    60

Elapsed time is 234.278198 seconds.

chan =

    61

Elapsed time is 232.883855 seconds.

chan =

    62

Elapsed time is 230.146810 seconds.

chan =

    63

Elapsed time is 234.701691 seconds.

chan =

    64

Elapsed time is 233.723856 seconds.

chan =

    65

Elapsed time is 234.725083 seconds.

chan =

    66

Elapsed time is 238.033757 seconds.

chan =

    67

Elapsed time is 233.829339 seconds.

chan =

    68

Elapsed time is 236.451308 seconds.

chan =

    69

Elapsed time is 235.975899 seconds.

chan =

    70

Elapsed time is 233.054796 seconds.

chan =

    71

Elapsed time is 238.432556 seconds.

chan =

    72

Elapsed time is 232.736282 seconds.

chan =

    73

Elapsed time is 235.829226 seconds.

chan =

    74

Elapsed time is 234.286229 seconds.

chan =

    75

Elapsed time is 228.611848 seconds.

chan =

    76

Elapsed time is 228.237161 seconds.

chan =

    77

Elapsed time is 228.622476 seconds.

chan =

    78

Elapsed time is 227.995306 seconds.

chan =

    79

Elapsed time is 229.338054 seconds.

chan =

    80

Elapsed time is 230.886848 seconds.

chan =

    81

Elapsed time is 230.992796 seconds.

chan =

    82

Elapsed time is 232.358286 seconds.

chan =

    83

Elapsed time is 231.236106 seconds.

chan =

    84

Elapsed time is 229.231310 seconds.

chan =

    85

Elapsed time is 231.131708 seconds.

chan =

    86

Elapsed time is 228.699745 seconds.

chan =

    87

Elapsed time is 230.544606 seconds.

chan =

    88

Elapsed time is 228.487400 seconds.

chan =

    89

Elapsed time is 229.634263 seconds.

chan =

    90

Elapsed time is 229.584468 seconds.

chan =

    91

Elapsed time is 229.122696 seconds.

chan =

    92

Elapsed time is 228.936447 seconds.

chan =

    93

Elapsed time is 233.380024 seconds.

chan =

    94

Elapsed time is 230.997243 seconds.

chan =

    95

Elapsed time is 232.596053 seconds.

chan =

    96

Elapsed time is 232.447185 seconds.

chan =

    97

Elapsed time is 233.018013 seconds.

chan =

    98

Elapsed time is 230.834139 seconds.

chan =

    99

Elapsed time is 228.723963 seconds.

chan =

   100

Elapsed time is 231.785442 seconds.

chan =

   101

Elapsed time is 233.275973 seconds.

chan =

   102

Elapsed time is 231.957921 seconds.

chan =

   103

Elapsed time is 232.647214 seconds.

chan =

   104

Elapsed time is 233.055889 seconds.

chan =

   105

Elapsed time is 232.914676 seconds.

chan =

   106

Elapsed time is 226.996504 seconds.

chan =

   107

Elapsed time is 224.056188 seconds.

chan =

   108

Elapsed time is 222.720525 seconds.

chan =

   109

Elapsed time is 222.899896 seconds.

chan =

   110

Elapsed time is 221.777194 seconds.

chan =

   111

Elapsed time is 217.274947 seconds.

chan =

   112

Elapsed time is 213.886317 seconds.

chan =

   113

Elapsed time is 212.618582 seconds.

chan =

   114

Elapsed time is 206.788576 seconds.

chan =

   115

Elapsed time is 203.678309 seconds.

chan =

   116

Elapsed time is 203.192302 seconds.
attempting saving
save success: /projects/p31578/dtf8829/QuestConnect/CHANDAT/chanDat_SLCH006_008.mat
working on TF
encoding done
encoding RT done
retrieval 1 done
retrieval 2 done
attempting saving
save success: /projects/p31578/dtf8829/QuestConnect/CHANDAT/chanDat_SLCH006_008.mat
working on ISPC
channel: 1 took 0 minutes
channel: 2 took 0 minutes
channel: 3 took 0 minutes
channel: 4 took 0 minutes
channel: 5 took 0 minutes
channel: 6 took 0 minutes
channel: 7 took 0 minutes
channel: 8 took 0 minutes
channel: 9 took 3.8 minutes
channel: 10 took 3.8 minutes
channel: 11 took 4.3 minutes
channel: 12 took 4.5 minutes
channel: 13 took 4.5 minutes
channel: 14 took 4.4 minutes
channel: 15 took 4.4 minutes
channel: 16 took 4.5 minutes
channel: 17 took 4.4 minutes
channel: 18 took 4.4 minutes
channel: 19 took 4.4 minutes
channel: 20 took 4.4 minutes
channel: 21 took 4.4 minutes
channel: 22 took 4.4 minutes
channel: 23 took 4.4 minutes
channel: 24 took 4.4 minutes
channel: 25 took 4.4 minutes
channel: 26 took 4.4 minutes
channel: 27 took 4.4 minutes
channel: 28 took 4.4 minutes
channel: 29 took 4.4 minutes
channel: 30 took 4.4 minutes
channel: 31 took 4.4 minutes
channel: 32 took 4.5 minutes
channel: 33 took 4.4 minutes
channel: 34 took 4.4 minutes
channel: 35 took 4.5 minutes
channel: 36 took 4.4 minutes
channel: 37 took 4.4 minutes
channel: 38 took 4.5 minutes
channel: 39 took 4.5 minutes
channel: 40 took 4.4 minutes
channel: 41 took 4.4 minutes
channel: 42 took 4.4 minutes
channel: 43 took 4.4 minutes
channel: 44 took 4.4 minutes
channel: 45 took 4.4 minutes
channel: 46 took 4.4 minutes
channel: 47 took 4.4 minutes
channel: 48 took 4.5 minutes
channel: 49 took 4.4 minutes
channel: 50 took 4.4 minutes
channel: 51 took 4.4 minutes
channel: 52 took 4.4 minutes
channel: 53 took 4.4 minutes
channel: 54 took 4.4 minutes
channel: 55 took 4.4 minutes
channel: 56 took 4.4 minutes
channel: 57 took 4.4 minutes
channel: 58 took 4.4 minutes
channel: 59 took 4.4 minutes
channel: 60 took 4.4 minutes
channel: 61 took 4.4 minutes
channel: 62 took 4.4 minutes
channel: 63 took 4.4 minutes
channel: 64 took 4.4 minutes
channel: 65 took 4.4 minutes
channel: 66 took 4.1 minutes
channel: 67 took 3.8 minutes
channel: 68 took 3.8 minutes
channel: 69 took 3.8 minutes
channel: 70 took 3.8 minutes
channel: 71 took 3.7 minutes
channel: 72 took 3.6 minutes
channel: 73 took 3.6 minutes
channel: 74 took 3.6 minutes
channel: 75 took 3.6 minutes
channel: 76 took 3.6 minutes
channel: 77 took 3.5 minutes
channel: 78 took 3.6 minutes
channel: 79 took 3.6 minutes
channel: 80 took 3.6 minutes
channel: 81 took 3.6 minutes
channel: 82 took 3.6 minutes
channel: 83 took 3.6 minutes
channel: 84 took 3.5 minutes
channel: 85 took 3.5 minutes
channel: 86 took 3.5 minutes
channel: 87 took 3.5 minutes
channel: 88 took 3.5 minutes
channel: 89 took 3.5 minutes
channel: 90 took 3.5 minutes
channel: 91 took 3.5 minutes
channel: 92 took 3.5 minutes
channel: 93 took 3.5 minutes
channel: 94 took 3.5 minutes
channel: 95 took 3.5 minutes
channel: 96 took 3.5 minutes
channel: 97 took 3.5 minutes
channel: 98 took 3.5 minutes
channel: 99 took 3.5 minutes
channel: 100 took 3.5 minutes
channel: 101 took 3.5 minutes
channel: 102 took 3.5 minutes
channel: 103 took 3.5 minutes
channel: 104 took 3.5 minutes
channel: 105 took 3.5 minutes
channel: 106 took 3.5 minutes
channel: 107 took 3.5 minutes
channel: 108 took 3.5 minutes
channel: 109 took 3.5 minutes
channel: 110 took 3.5 minutes
channel: 111 took 3.5 minutes
channel: 112 took 3.5 minutes
channel: 113 took 3.5 minutes
channel: 114 took 3.5 minutes
channel: 115 took 3.5 minutes
channel: 116 took 3.5 minutes
attempting saving
save success: /projects/p31578/dtf8829/QuestConnect/CHANDAT/chanDat_SLCH006_008.mat
Elapsed time is 217.074507 seconds.
