getting started: 3548
attempting file: 3548
going for SLCH006 70
data loaded: SLCH006 70
MISMATCH WITH ZACH COORDINATES!!!
HFB already done

chan =

     1

Elapsed time is 309.822091 seconds.

chan =

     2

Elapsed time is 312.000806 seconds.

chan =

     3

Elapsed time is 309.438223 seconds.

chan =

     4

Elapsed time is 302.648535 seconds.

chan =

     5

Elapsed time is 293.410586 seconds.

chan =

     6

Elapsed time is 287.329220 seconds.

chan =

     7

Elapsed time is 284.920328 seconds.

chan =

     8

Elapsed time is 280.546685 seconds.

chan =

     9

Elapsed time is 274.721652 seconds.

chan =

    10

Elapsed time is 275.357264 seconds.

chan =

    11

Elapsed time is 275.236156 seconds.

chan =

    12

Elapsed time is 274.436164 seconds.

chan =

    13

Elapsed time is 275.378614 seconds.

chan =

    14

Elapsed time is 280.053898 seconds.

chan =

    15

Elapsed time is 280.706914 seconds.

chan =

    16

Elapsed time is 280.295124 seconds.

chan =

    17

Elapsed time is 280.557997 seconds.

chan =

    18

Elapsed time is 280.992808 seconds.

chan =

    19

Elapsed time is 280.644427 seconds.

chan =

    20

Elapsed time is 279.916221 seconds.

chan =

    21

Elapsed time is 280.515938 seconds.

chan =

    22

Elapsed time is 280.108227 seconds.

chan =

    23

Elapsed time is 279.367114 seconds.

chan =

    24

Elapsed time is 282.402305 seconds.

chan =

    25

Elapsed time is 282.226494 seconds.

chan =

    26

Elapsed time is 283.754893 seconds.

chan =

    27

Elapsed time is 282.212541 seconds.

chan =

    28

Elapsed time is 285.347544 seconds.

chan =

    29

Elapsed time is 298.997841 seconds.

chan =

    30

Elapsed time is 294.779931 seconds.

chan =

    31

Elapsed time is 277.956436 seconds.

chan =

    32

Elapsed time is 282.547577 seconds.

chan =

    33

Elapsed time is 288.182466 seconds.

chan =

    34

Elapsed time is 280.019331 seconds.

chan =

    35

Elapsed time is 289.121976 seconds.

chan =

    36

Elapsed time is 290.577816 seconds.

chan =

    37

Elapsed time is 290.902220 seconds.

chan =

    38

Elapsed time is 292.211422 seconds.

chan =

    39

Elapsed time is 283.297483 seconds.

chan =

    40

Elapsed time is 288.812118 seconds.

chan =

    41

Elapsed time is 290.547525 seconds.

chan =

    42

Elapsed time is 286.205976 seconds.

chan =

    43

Elapsed time is 285.857623 seconds.

chan =

    44

Elapsed time is 275.590787 seconds.

chan =

    45

Elapsed time is 279.110553 seconds.

chan =

    46

Elapsed time is 273.980167 seconds.

chan =

    47

Elapsed time is 264.223451 seconds.

chan =

    48

Elapsed time is 261.014072 seconds.

chan =

    49

Elapsed time is 254.864802 seconds.

chan =

    50

Elapsed time is 251.247507 seconds.

chan =

    51

Elapsed time is 252.181434 seconds.

chan =

    52

Elapsed time is 260.492851 seconds.

chan =

    53

Elapsed time is 259.803886 seconds.

chan =

    54

Elapsed time is 251.686189 seconds.

chan =

    55

Elapsed time is 260.170608 seconds.

chan =

    56

Elapsed time is 266.903001 seconds.

chan =

    57

Elapsed time is 267.500517 seconds.

chan =

    58

Elapsed time is 265.880098 seconds.

chan =

    59

Elapsed time is 267.091084 seconds.

chan =

    60

Elapsed time is 262.448495 seconds.

chan =

    61

Elapsed time is 262.410485 seconds.

chan =

    62

Elapsed time is 261.244285 seconds.

chan =

    63

Elapsed time is 262.099804 seconds.

chan =

    64

Elapsed time is 260.427002 seconds.

chan =

    65

Elapsed time is 262.424006 seconds.

chan =

    66

Elapsed time is 263.633845 seconds.

chan =

    67

Elapsed time is 265.966727 seconds.

chan =

    68

Elapsed time is 265.271662 seconds.

chan =

    69

Elapsed time is 266.455397 seconds.

chan =

    70

Elapsed time is 261.653229 seconds.

chan =

    71

Elapsed time is 244.241752 seconds.

chan =

    72

Elapsed time is 234.055718 seconds.

chan =

    73

Elapsed time is 233.199827 seconds.

chan =

    74

Elapsed time is 234.064028 seconds.

chan =

    75

Elapsed time is 234.259146 seconds.

chan =

    76

Elapsed time is 233.970999 seconds.

chan =

    77

Elapsed time is 232.067401 seconds.

chan =

    78

Elapsed time is 231.851125 seconds.

chan =

    79

Elapsed time is 230.861665 seconds.

chan =

    80

Elapsed time is 226.999265 seconds.

chan =

    81

Elapsed time is 226.323988 seconds.

chan =

    82

Elapsed time is 219.142228 seconds.

chan =

    83

Elapsed time is 216.779974 seconds.

chan =

    84

Elapsed time is 212.759534 seconds.

chan =

    85

Elapsed time is 211.533655 seconds.

chan =

    86

Elapsed time is 211.433776 seconds.

chan =

    87

Elapsed time is 210.807071 seconds.

chan =

    88

Elapsed time is 211.960595 seconds.

chan =

    89

Elapsed time is 210.821462 seconds.

chan =

    90

Elapsed time is 211.134429 seconds.

chan =

    91

Elapsed time is 211.366653 seconds.

chan =

    92

Elapsed time is 210.712990 seconds.

chan =

    93

Elapsed time is 211.727829 seconds.

chan =

    94

Elapsed time is 212.380743 seconds.

chan =

    95

Elapsed time is 212.513540 seconds.

chan =

    96

Elapsed time is 214.425424 seconds.

chan =

    97

Elapsed time is 210.267416 seconds.

chan =

    98

Elapsed time is 211.043215 seconds.

chan =

    99

Elapsed time is 211.745766 seconds.

chan =

   100

Elapsed time is 269.024459 seconds.

chan =

   101

Elapsed time is 243.950440 seconds.

chan =

   102

Elapsed time is 267.961608 seconds.

chan =

   103

Elapsed time is 268.312945 seconds.

chan =

   104

Elapsed time is 268.414451 seconds.

chan =

   105

Elapsed time is 233.589547 seconds.

chan =

   106

Elapsed time is 228.526736 seconds.

chan =

   107

Elapsed time is 214.030246 seconds.

chan =

   108

Elapsed time is 210.912042 seconds.

chan =

   109

Elapsed time is 216.066264 seconds.

chan =

   110

Elapsed time is 228.027961 seconds.

chan =

   111

Elapsed time is 220.956404 seconds.

chan =

   112

Elapsed time is 212.715281 seconds.

chan =

   113

Elapsed time is 193.979956 seconds.

chan =

   114

Elapsed time is 192.381496 seconds.

chan =

   115

Elapsed time is 214.964230 seconds.

chan =

   116

Elapsed time is 214.782345 seconds.
attempting saving
save success: /projects/p31578/dtf8829/QuestConnect/CHANDAT/chanDat_SLCH006_070.mat
working on TF
encoding done
encoding RT done
retrieval 1 done
retrieval 2 done
attempting saving
save success: /projects/p31578/dtf8829/QuestConnect/CHANDAT/chanDat_SLCH006_070.mat
working on ISPC
channel: 1 took 0 minutes
channel: 2 took 0 minutes
channel: 3 took 0 minutes
channel: 4 took 0 minutes
channel: 5 took 0 minutes
channel: 6 took 0 minutes
channel: 7 took 0 minutes
channel: 8 took 0 minutes
channel: 9 took 0 minutes
channel: 10 took 0 minutes
channel: 11 took 0 minutes
channel: 12 took 0 minutes
channel: 13 took 0 minutes
channel: 14 took 0 minutes
channel: 15 took 0 minutes
channel: 16 took 0 minutes
channel: 17 took 0 minutes
channel: 18 took 0 minutes
channel: 19 took 0 minutes
channel: 20 took 0 minutes
channel: 21 took 0 minutes
channel: 22 took 0 minutes
channel: 23 took 0 minutes
channel: 24 took 0 minutes
channel: 25 took 0 minutes
channel: 26 took 0 minutes
channel: 27 took 0 minutes
channel: 28 took 0 minutes
channel: 29 took 0 minutes
channel: 30 took 0 minutes
channel: 31 took 0 minutes
channel: 32 took 0 minutes
channel: 33 took 0 minutes
channel: 34 took 0 minutes
channel: 35 took 0 minutes
channel: 36 took 0 minutes
channel: 37 took 0 minutes
channel: 38 took 0 minutes
channel: 39 took 0 minutes
channel: 40 took 0 minutes
channel: 41 took 0 minutes
channel: 42 took 0 minutes
channel: 43 took 0 minutes
channel: 44 took 0 minutes
channel: 45 took 0 minutes
channel: 46 took 0 minutes
channel: 47 took 0 minutes
channel: 48 took 0 minutes
channel: 49 took 0 minutes
channel: 50 took 0 minutes
channel: 51 took 0 minutes
channel: 52 took 0 minutes
channel: 53 took 0 minutes
channel: 54 took 0 minutes
channel: 55 took 0 minutes
channel: 56 took 0 minutes
channel: 57 took 0 minutes
channel: 58 took 0 minutes
channel: 59 took 0 minutes
channel: 60 took 0 minutes
channel: 61 took 0 minutes
channel: 62 took 0 minutes
channel: 63 took 0 minutes
channel: 64 took 0 minutes
channel: 65 took 0 minutes
channel: 66 took 0 minutes
channel: 67 took 0 minutes
channel: 68 took 0 minutes
channel: 69 took 0 minutes
channel: 70 took 0 minutes
channel: 71 took 4.2 minutes
channel: 72 took 3.7 minutes
channel: 73 took 3.7 minutes
channel: 74 took 3.7 minutes
channel: 75 took 3.7 minutes
channel: 76 took 3.7 minutes
channel: 77 took 3.7 minutes
channel: 78 took 4.1 minutes
channel: 79 took 5.1 minutes
channel: 80 took 3.7 minutes
channel: 81 took 4.2 minutes
channel: 82 took 4.6 minutes
channel: 83 took 4.6 minutes
channel: 84 took 4.6 minutes
channel: 85 took 4.6 minutes
channel: 86 took 4.6 minutes
channel: 87 took 4.6 minutes
channel: 88 took 4.4 minutes
channel: 89 took 4.6 minutes
channel: 90 took 4.6 minutes
channel: 91 took 4.6 minutes
channel: 92 took 4.2 minutes
channel: 93 took 3.7 minutes
channel: 94 took 5.6 minutes
channel: 95 took 7.1 minutes
channel: 96 took 7.2 minutes
channel: 97 took 7.1 minutes
channel: 98 took 7.2 minutes
channel: 99 took 7.1 minutes
channel: 100 took 7.1 minutes
channel: 101 took 7.2 minutes
channel: 102 took 7.2 minutes
channel: 103 took 7.1 minutes
channel: 104 took 7.2 minutes
channel: 105 took 7.2 minutes
channel: 106 took 7.2 minutes
channel: 107 took 7.2 minutes
channel: 108 took 7.2 minutes
channel: 109 took 7.2 minutes
channel: 110 took 7.2 minutes
channel: 111 took 7.2 minutes
channel: 112 took 7.1 minutes
channel: 113 took 7.1 minutes
channel: 114 took 7.1 minutes
channel: 115 took 7.2 minutes
channel: 116 took 7.2 minutes
attempting saving
save success: /projects/p31578/dtf8829/QuestConnect/CHANDAT/chanDat_SLCH006_070.mat
Elapsed time is 438.508008 seconds.
