getting started: 3570
attempting file: 3570
going for SLCH006 92
data loaded: SLCH006 92
MISMATCH WITH ZACH COORDINATES!!!
HFB already done

chan =

     1

Elapsed time is 277.394940 seconds.

chan =

     2

Elapsed time is 272.739778 seconds.

chan =

     3

Elapsed time is 272.004666 seconds.

chan =

     4

Elapsed time is 273.511914 seconds.

chan =

     5

Elapsed time is 272.859448 seconds.

chan =

     6

Elapsed time is 272.319854 seconds.

chan =

     7

Elapsed time is 273.931869 seconds.

chan =

     8

Elapsed time is 274.946866 seconds.

chan =

     9

Elapsed time is 273.653320 seconds.

chan =

    10

Elapsed time is 270.237476 seconds.

chan =

    11

Elapsed time is 271.096915 seconds.

chan =

    12

Elapsed time is 267.574537 seconds.

chan =

    13

Elapsed time is 264.864961 seconds.

chan =

    14

Elapsed time is 238.610570 seconds.

chan =

    15

Elapsed time is 236.288051 seconds.

chan =

    16

Elapsed time is 228.258620 seconds.

chan =

    17

Elapsed time is 222.082923 seconds.

chan =

    18

Elapsed time is 218.563274 seconds.

chan =

    19

Elapsed time is 213.996592 seconds.

chan =

    20

Elapsed time is 207.408632 seconds.

chan =

    21

Elapsed time is 206.932763 seconds.

chan =

    22

Elapsed time is 208.915646 seconds.

chan =

    23

Elapsed time is 209.551094 seconds.

chan =

    24

Elapsed time is 241.656554 seconds.

chan =

    25

Elapsed time is 213.067038 seconds.

chan =

    26

Elapsed time is 253.593438 seconds.

chan =

    27

Elapsed time is 249.183270 seconds.

chan =

    28

Elapsed time is 250.924013 seconds.

chan =

    29

Elapsed time is 216.266590 seconds.

chan =

    30

Elapsed time is 231.073988 seconds.

chan =

    31

Elapsed time is 254.109653 seconds.

chan =

    32

Elapsed time is 252.817509 seconds.

chan =

    33

Elapsed time is 234.851000 seconds.

chan =

    34

Elapsed time is 219.988226 seconds.

chan =

    35

Elapsed time is 244.319713 seconds.

chan =

    36

Elapsed time is 231.312519 seconds.

chan =

    37

Elapsed time is 255.438767 seconds.

chan =

    38

Elapsed time is 255.308585 seconds.

chan =

    39

Elapsed time is 228.037692 seconds.

chan =

    40

Elapsed time is 251.378038 seconds.

chan =

    41

Elapsed time is 254.466540 seconds.

chan =

    42

Elapsed time is 233.412063 seconds.

chan =

    43

Elapsed time is 252.433961 seconds.

chan =

    44

Elapsed time is 251.501879 seconds.

chan =

    45

Elapsed time is 216.925717 seconds.

chan =

    46

Elapsed time is 219.464920 seconds.

chan =

    47

Elapsed time is 228.278721 seconds.

chan =

    48

Elapsed time is 221.319072 seconds.

chan =

    49

Elapsed time is 236.955620 seconds.

chan =

    50

Elapsed time is 218.153546 seconds.

chan =

    51

Elapsed time is 216.684251 seconds.

chan =

    52

Elapsed time is 216.568339 seconds.

chan =

    53

Elapsed time is 220.216092 seconds.

chan =

    54

Elapsed time is 242.173415 seconds.

chan =

    55

Elapsed time is 207.918563 seconds.

chan =

    56

Elapsed time is 208.494723 seconds.

chan =

    57

Elapsed time is 209.335621 seconds.

chan =

    58

Elapsed time is 208.786764 seconds.

chan =

    59

Elapsed time is 208.952424 seconds.

chan =

    60

Elapsed time is 208.846272 seconds.

chan =

    61

Elapsed time is 208.676498 seconds.

chan =

    62

Elapsed time is 226.426856 seconds.

chan =

    63

Elapsed time is 209.861043 seconds.

chan =

    64

Elapsed time is 208.609757 seconds.

chan =

    65

Elapsed time is 211.568060 seconds.

chan =

    66

Elapsed time is 229.554721 seconds.

chan =

    67

Elapsed time is 228.358896 seconds.

chan =

    68

Elapsed time is 228.648346 seconds.

chan =

    69

Elapsed time is 228.702149 seconds.

chan =

    70

Elapsed time is 229.156619 seconds.

chan =

    71

Elapsed time is 229.423770 seconds.

chan =

    72

Elapsed time is 227.139357 seconds.

chan =

    73

Elapsed time is 227.507483 seconds.

chan =

    74

Elapsed time is 228.850735 seconds.

chan =

    75

Elapsed time is 230.165830 seconds.

chan =

    76

Elapsed time is 227.561741 seconds.

chan =

    77

Elapsed time is 227.466196 seconds.

chan =

    78

Elapsed time is 225.905286 seconds.

chan =

    79

Elapsed time is 226.688821 seconds.

chan =

    80

Elapsed time is 226.863436 seconds.

chan =

    81

Elapsed time is 226.860609 seconds.

chan =

    82

Elapsed time is 212.006144 seconds.

chan =

    83

Elapsed time is 209.693914 seconds.

chan =

    84

Elapsed time is 209.878140 seconds.

chan =

    85

Elapsed time is 208.863186 seconds.

chan =

    86

Elapsed time is 208.995392 seconds.

chan =

    87

Elapsed time is 207.626620 seconds.

chan =

    88

Elapsed time is 208.204673 seconds.

chan =

    89

Elapsed time is 208.301634 seconds.

chan =

    90

Elapsed time is 206.455627 seconds.

chan =

    91

Elapsed time is 207.777654 seconds.

chan =

    92

Elapsed time is 208.543844 seconds.

chan =

    93

Elapsed time is 210.012069 seconds.

chan =

    94

Elapsed time is 208.139284 seconds.

chan =

    95

Elapsed time is 208.162277 seconds.

chan =

    96

Elapsed time is 206.734994 seconds.

chan =

    97

Elapsed time is 208.641211 seconds.

chan =

    98

Elapsed time is 204.965366 seconds.

chan =

    99

Elapsed time is 206.720342 seconds.

chan =

   100

Elapsed time is 208.630942 seconds.

chan =

   101

Elapsed time is 208.551575 seconds.

chan =

   102

Elapsed time is 208.411680 seconds.

chan =

   103

Elapsed time is 209.288252 seconds.

chan =

   104

Elapsed time is 208.896982 seconds.

chan =

   105

Elapsed time is 208.981166 seconds.

chan =

   106

Elapsed time is 206.908386 seconds.

chan =

   107

Elapsed time is 210.888174 seconds.

chan =

   108

Elapsed time is 208.885621 seconds.

chan =

   109

Elapsed time is 209.927456 seconds.

chan =

   110

Elapsed time is 211.308237 seconds.

chan =

   111

Elapsed time is 210.869590 seconds.

chan =

   112

Elapsed time is 210.167989 seconds.

chan =

   113

Elapsed time is 213.262515 seconds.

chan =

   114

Elapsed time is 230.979003 seconds.

chan =

   115

Elapsed time is 222.903996 seconds.

chan =

   116

Elapsed time is 203.540995 seconds.
attempting saving
save success: /projects/p31578/dtf8829/QuestConnect/CHANDAT/chanDat_SLCH006_092.mat
working on TF
encoding done
encoding RT done
retrieval 1 done
retrieval 2 done
attempting saving
save success: /projects/p31578/dtf8829/QuestConnect/CHANDAT/chanDat_SLCH006_092.mat
working on ISPC
channel: 1 took 0 minutes
channel: 2 took 0 minutes
channel: 3 took 0 minutes
channel: 4 took 0 minutes
channel: 5 took 0 minutes
channel: 6 took 0 minutes
channel: 7 took 0 minutes
channel: 8 took 0 minutes
channel: 9 took 0 minutes
channel: 10 took 0 minutes
channel: 11 took 0 minutes
channel: 12 took 0 minutes
channel: 13 took 0 minutes
channel: 14 took 0 minutes
channel: 15 took 0 minutes
channel: 16 took 0 minutes
channel: 17 took 0 minutes
channel: 18 took 0 minutes
channel: 19 took 0 minutes
channel: 20 took 0 minutes
channel: 21 took 0 minutes
channel: 22 took 0 minutes
channel: 23 took 0 minutes
channel: 24 took 0 minutes
channel: 25 took 0 minutes
channel: 26 took 0 minutes
channel: 27 took 0 minutes
channel: 28 took 0 minutes
channel: 29 took 0 minutes
channel: 30 took 0 minutes
channel: 31 took 0 minutes
channel: 32 took 0 minutes
channel: 33 took 0 minutes
channel: 34 took 0 minutes
channel: 35 took 0 minutes
channel: 36 took 0 minutes
channel: 37 took 0 minutes
channel: 38 took 0 minutes
channel: 39 took 0 minutes
channel: 40 took 0 minutes
channel: 41 took 0 minutes
channel: 42 took 0 minutes
channel: 43 took 0 minutes
channel: 44 took 0 minutes
channel: 45 took 0 minutes
channel: 46 took 0 minutes
channel: 47 took 0 minutes
channel: 48 took 0 minutes
channel: 49 took 0 minutes
channel: 50 took 0 minutes
channel: 51 took 0 minutes
channel: 52 took 0 minutes
channel: 53 took 0 minutes
channel: 54 took 0 minutes
channel: 55 took 0 minutes
channel: 56 took 0 minutes
channel: 57 took 0 minutes
channel: 58 took 0 minutes
channel: 59 took 0 minutes
channel: 60 took 0 minutes
channel: 61 took 0 minutes
channel: 62 took 0 minutes
channel: 63 took 0 minutes
channel: 64 took 0 minutes
channel: 65 took 0 minutes
channel: 66 took 0 minutes
channel: 67 took 0 minutes
channel: 68 took 0 minutes
channel: 69 took 0 minutes
channel: 70 took 0 minutes
channel: 71 took 0 minutes
channel: 72 took 0 minutes
channel: 73 took 0 minutes
channel: 74 took 0 minutes
channel: 75 took 0 minutes
channel: 76 took 0 minutes
channel: 77 took 0 minutes
channel: 78 took 0 minutes
channel: 79 took 0 minutes
channel: 80 took 0 minutes
channel: 81 took 0 minutes
channel: 82 took 0 minutes
channel: 83 took 0 minutes
channel: 84 took 0 minutes
channel: 85 took 0 minutes
channel: 86 took 0 minutes
channel: 87 took 0 minutes
channel: 88 took 0 minutes
channel: 89 took 0 minutes
channel: 90 took 0 minutes
channel: 91 took 0 minutes
channel: 92 took 0 minutes
channel: 93 took 3.9 minutes
channel: 94 took 3.8 minutes
channel: 95 took 3.8 minutes
channel: 96 took 3.8 minutes
channel: 97 took 3.8 minutes
channel: 98 took 3.8 minutes
channel: 99 took 3.8 minutes
channel: 100 took 3.8 minutes
channel: 101 took 3.7 minutes
channel: 102 took 3.8 minutes
channel: 103 took 3.8 minutes
channel: 104 took 3.8 minutes
channel: 105 took 4.1 minutes
channel: 106 took 4.1 minutes
channel: 107 took 3.9 minutes
channel: 108 took 4.4 minutes
channel: 109 took 4.4 minutes
channel: 110 took 4.4 minutes
channel: 111 took 4.4 minutes
channel: 112 took 4.4 minutes
channel: 113 took 4.4 minutes
channel: 114 took 4.4 minutes
channel: 115 took 4.4 minutes
channel: 116 took 4.4 minutes
attempting saving
save success: /projects/p31578/dtf8829/QuestConnect/CHANDAT/chanDat_SLCH006_092.mat
Elapsed time is 270.464620 seconds.
