getting started: 3496
attempting file: 3496
going for SLCH006 18
data loaded: SLCH006 18
MISMATCH WITH ZACH COORDINATES!!!
HFB already done

chan =

     1

Elapsed time is 254.784144 seconds.

chan =

     2

Elapsed time is 262.280260 seconds.

chan =

     3

Elapsed time is 265.955266 seconds.

chan =

     4

Elapsed time is 263.972794 seconds.

chan =

     5

Elapsed time is 263.713599 seconds.

chan =

     6

Elapsed time is 262.657262 seconds.

chan =

     7

Elapsed time is 266.879768 seconds.

chan =

     8

Elapsed time is 264.451371 seconds.

chan =

     9

Elapsed time is 262.861593 seconds.

chan =

    10

Elapsed time is 262.862759 seconds.

chan =

    11

Elapsed time is 260.369411 seconds.

chan =

    12

Elapsed time is 262.741537 seconds.

chan =

    13

Elapsed time is 263.253059 seconds.

chan =

    14

Elapsed time is 261.041339 seconds.

chan =

    15

Elapsed time is 263.787337 seconds.

chan =

    16

Elapsed time is 261.262387 seconds.

chan =

    17

Elapsed time is 262.820384 seconds.

chan =

    18

Elapsed time is 262.695314 seconds.

chan =

    19

Elapsed time is 264.752183 seconds.

chan =

    20

Elapsed time is 261.133995 seconds.

chan =

    21

Elapsed time is 263.849288 seconds.

chan =

    22

Elapsed time is 261.422896 seconds.

chan =

    23

Elapsed time is 261.672453 seconds.

chan =

    24

Elapsed time is 265.165936 seconds.

chan =

    25

Elapsed time is 264.536210 seconds.

chan =

    26

Elapsed time is 266.064170 seconds.

chan =

    27

Elapsed time is 267.125033 seconds.

chan =

    28

Elapsed time is 266.415720 seconds.

chan =

    29

Elapsed time is 262.810913 seconds.

chan =

    30

Elapsed time is 262.049428 seconds.

chan =

    31

Elapsed time is 264.653712 seconds.

chan =

    32

Elapsed time is 261.989863 seconds.

chan =

    33

Elapsed time is 264.785678 seconds.

chan =

    34

Elapsed time is 261.522299 seconds.

chan =

    35

Elapsed time is 265.951209 seconds.

chan =

    36

Elapsed time is 264.037578 seconds.

chan =

    37

Elapsed time is 263.615777 seconds.

chan =

    38

Elapsed time is 263.925977 seconds.

chan =

    39

Elapsed time is 264.574515 seconds.

chan =

    40

Elapsed time is 267.858928 seconds.

chan =

    41

Elapsed time is 263.099108 seconds.

chan =

    42

Elapsed time is 263.711697 seconds.

chan =

    43

Elapsed time is 262.893085 seconds.

chan =

    44

Elapsed time is 263.298551 seconds.

chan =

    45

Elapsed time is 261.763646 seconds.

chan =

    46

Elapsed time is 260.614772 seconds.

chan =

    47

Elapsed time is 263.457372 seconds.

chan =

    48

Elapsed time is 266.370444 seconds.

chan =

    49

Elapsed time is 264.936002 seconds.

chan =

    50

Elapsed time is 263.016435 seconds.

chan =

    51

Elapsed time is 265.064606 seconds.

chan =

    52

Elapsed time is 261.589034 seconds.

chan =

    53

Elapsed time is 260.637168 seconds.

chan =

    54

Elapsed time is 260.344720 seconds.

chan =

    55

Elapsed time is 265.092616 seconds.

chan =

    56

Elapsed time is 263.162982 seconds.

chan =

    57

Elapsed time is 263.226312 seconds.

chan =

    58

Elapsed time is 259.733821 seconds.

chan =

    59

Elapsed time is 265.125272 seconds.

chan =

    60

Elapsed time is 256.022809 seconds.

chan =

    61

Elapsed time is 246.633474 seconds.

chan =

    62

Elapsed time is 260.930051 seconds.

chan =

    63

Elapsed time is 261.231852 seconds.

chan =

    64

Elapsed time is 262.191859 seconds.

chan =

    65

Elapsed time is 254.857973 seconds.

chan =

    66

Elapsed time is 227.629334 seconds.

chan =

    67

Elapsed time is 261.925684 seconds.

chan =

    68

Elapsed time is 257.782419 seconds.

chan =

    69

Elapsed time is 259.536460 seconds.

chan =

    70

Elapsed time is 258.769369 seconds.

chan =

    71

Elapsed time is 245.676988 seconds.

chan =

    72

Elapsed time is 261.411891 seconds.

chan =

    73

Elapsed time is 258.616213 seconds.

chan =

    74

Elapsed time is 258.012781 seconds.

chan =

    75

Elapsed time is 259.453798 seconds.

chan =

    76

Elapsed time is 245.640133 seconds.

chan =

    77

Elapsed time is 249.977293 seconds.

chan =

    78

Elapsed time is 256.321478 seconds.

chan =

    79

Elapsed time is 257.027861 seconds.

chan =

    80

Elapsed time is 258.291609 seconds.

chan =

    81

Elapsed time is 252.808290 seconds.

chan =

    82

Elapsed time is 224.832495 seconds.

chan =

    83

Elapsed time is 256.260693 seconds.

chan =

    84

Elapsed time is 258.512786 seconds.

chan =

    85

Elapsed time is 259.048935 seconds.

chan =

    86

Elapsed time is 256.015386 seconds.

chan =

    87

Elapsed time is 246.903664 seconds.

chan =

    88

Elapsed time is 226.521510 seconds.

chan =

    89

Elapsed time is 254.254857 seconds.

chan =

    90

Elapsed time is 252.444997 seconds.

chan =

    91

Elapsed time is 255.659741 seconds.

chan =

    92

Elapsed time is 252.724062 seconds.

chan =

    93

Elapsed time is 237.678746 seconds.

chan =

    94

Elapsed time is 229.912827 seconds.

chan =

    95

Elapsed time is 253.233633 seconds.

chan =

    96

Elapsed time is 254.696743 seconds.

chan =

    97

Elapsed time is 252.539046 seconds.

chan =

    98

Elapsed time is 253.264065 seconds.

chan =

    99

Elapsed time is 230.809802 seconds.

chan =

   100

Elapsed time is 220.675058 seconds.

chan =

   101

Elapsed time is 229.500736 seconds.

chan =

   102

Elapsed time is 230.082266 seconds.

chan =

   103

Elapsed time is 226.381254 seconds.

chan =

   104

Elapsed time is 228.483820 seconds.

chan =

   105

Elapsed time is 219.720023 seconds.

chan =

   106

Elapsed time is 242.515239 seconds.

chan =

   107

Elapsed time is 248.829561 seconds.

chan =

   108

Elapsed time is 248.428519 seconds.

chan =

   109

Elapsed time is 248.666069 seconds.

chan =

   110

Elapsed time is 239.109292 seconds.

chan =

   111

Elapsed time is 238.517275 seconds.

chan =

   112

Elapsed time is 251.208719 seconds.

chan =

   113

Elapsed time is 247.891632 seconds.

chan =

   114

Elapsed time is 242.488455 seconds.

chan =

   115

Elapsed time is 237.586851 seconds.

chan =

   116

Elapsed time is 214.596309 seconds.
attempting saving
save success: /projects/p31578/dtf8829/QuestConnect/CHANDAT/chanDat_SLCH006_018.mat
working on TF
encoding done
encoding RT done
retrieval 1 done
retrieval 2 done
attempting saving
save success: /projects/p31578/dtf8829/QuestConnect/CHANDAT/chanDat_SLCH006_018.mat
working on ISPC
channel: 1 took 0 minutes
channel: 2 took 0 minutes
channel: 3 took 0 minutes
channel: 4 took 0 minutes
channel: 5 took 0 minutes
channel: 6 took 0 minutes
channel: 7 took 0 minutes
channel: 8 took 0 minutes
channel: 9 took 0 minutes
channel: 10 took 0 minutes
channel: 11 took 0 minutes
channel: 12 took 0 minutes
channel: 13 took 0 minutes
channel: 14 took 0 minutes
channel: 15 took 0 minutes
channel: 16 took 0 minutes
channel: 17 took 0 minutes
channel: 18 took 0 minutes
channel: 19 took 4.3 minutes
channel: 20 took 4.2 minutes
channel: 21 took 4.2 minutes
channel: 22 took 4 minutes
channel: 23 took 3.9 minutes
channel: 24 took 4.2 minutes
channel: 25 took 4.2 minutes
channel: 26 took 4.2 minutes
channel: 27 took 4.2 minutes
channel: 28 took 3.8 minutes
channel: 29 took 4 minutes
channel: 30 took 4.2 minutes
channel: 31 took 4.2 minutes
channel: 32 took 4.2 minutes
channel: 33 took 4.2 minutes
channel: 34 took 4.1 minutes
channel: 35 took 4.2 minutes
channel: 36 took 4.2 minutes
channel: 37 took 4.2 minutes
channel: 38 took 4.1 minutes
channel: 39 took 4 minutes
channel: 40 took 4.2 minutes
channel: 41 took 4.2 minutes
channel: 42 took 4.2 minutes
channel: 43 took 4.2 minutes
channel: 44 took 3.9 minutes
channel: 45 took 4.2 minutes
channel: 46 took 4.2 minutes
channel: 47 took 4.2 minutes
channel: 48 took 4.2 minutes
channel: 49 took 4 minutes
channel: 50 took 4.2 minutes
channel: 51 took 4.2 minutes
channel: 52 took 4.2 minutes
channel: 53 took 4.2 minutes
channel: 54 took 3.9 minutes
channel: 55 took 4.2 minutes
channel: 56 took 4.2 minutes
channel: 57 took 4.2 minutes
channel: 58 took 4.2 minutes
channel: 59 took 4 minutes
channel: 60 took 4.2 minutes
channel: 61 took 4.2 minutes
channel: 62 took 4.2 minutes
channel: 63 took 4.2 minutes
channel: 64 took 3.9 minutes
channel: 65 took 4.2 minutes
channel: 66 took 4.2 minutes
channel: 67 took 4.2 minutes
channel: 68 took 4.2 minutes
channel: 69 took 4.1 minutes
channel: 70 took 4.2 minutes
channel: 71 took 4.2 minutes
channel: 72 took 4.2 minutes
channel: 73 took 4.2 minutes
channel: 74 took 4.1 minutes
channel: 75 took 4.2 minutes
channel: 76 took 4.2 minutes
channel: 77 took 4.2 minutes
channel: 78 took 4 minutes
channel: 79 took 4.1 minutes
channel: 80 took 4.1 minutes
channel: 81 took 4.3 minutes
channel: 82 took 4.2 minutes
channel: 83 took 4.1 minutes
channel: 84 took 4.2 minutes
channel: 85 took 4.2 minutes
channel: 86 took 4.3 minutes
channel: 87 took 4.3 minutes
channel: 88 took 4.2 minutes
channel: 89 took 4 minutes
channel: 90 took 4.2 minutes
channel: 91 took 4.3 minutes
channel: 92 took 4.3 minutes
channel: 93 took 4.2 minutes
channel: 94 took 3.7 minutes
channel: 95 took 3.6 minutes
channel: 96 took 3.8 minutes
channel: 97 took 4.3 minutes
channel: 98 took 4.3 minutes
channel: 99 took 4.3 minutes
channel: 100 took 4.3 minutes
channel: 101 took 4.3 minutes
channel: 102 took 4.3 minutes
channel: 103 took 4.3 minutes
channel: 104 took 4.2 minutes
channel: 105 took 4.2 minutes
channel: 106 took 4.2 minutes
channel: 107 took 4.2 minutes
channel: 108 took 4.2 minutes
channel: 109 took 4.2 minutes
channel: 110 took 4.2 minutes
channel: 111 took 4.1 minutes
channel: 112 took 4.1 minutes
channel: 113 took 4.1 minutes
channel: 114 took 4 minutes
channel: 115 took 4 minutes
channel: 116 took 4 minutes
attempting saving
save success: /projects/p31578/dtf8829/QuestConnect/CHANDAT/chanDat_SLCH006_018.mat
Elapsed time is 246.392492 seconds.
