getting started: 3538
attempting file: 3538
going for SLCH006 60
data loaded: SLCH006 60
MISMATCH WITH ZACH COORDINATES!!!
HFB already done

chan =

     1

Elapsed time is 293.430693 seconds.

chan =

     2

Elapsed time is 297.892167 seconds.

chan =

     3

Elapsed time is 299.051659 seconds.

chan =

     4

Elapsed time is 293.350697 seconds.

chan =

     5

Elapsed time is 291.452388 seconds.

chan =

     6

Elapsed time is 290.173586 seconds.

chan =

     7

Elapsed time is 292.071653 seconds.

chan =

     8

Elapsed time is 292.260142 seconds.

chan =

     9

Elapsed time is 293.801200 seconds.

chan =

    10

Elapsed time is 292.482114 seconds.

chan =

    11

Elapsed time is 292.643131 seconds.

chan =

    12

Elapsed time is 291.269908 seconds.

chan =

    13

Elapsed time is 290.079008 seconds.

chan =

    14

Elapsed time is 290.196587 seconds.

chan =

    15

Elapsed time is 295.434046 seconds.

chan =

    16

Elapsed time is 290.642653 seconds.

chan =

    17

Elapsed time is 296.547445 seconds.

chan =

    18

Elapsed time is 292.875427 seconds.

chan =

    19

Elapsed time is 296.805716 seconds.

chan =

    20

Elapsed time is 290.298434 seconds.

chan =

    21

Elapsed time is 289.217841 seconds.

chan =

    22

Elapsed time is 280.210432 seconds.

chan =

    23

Elapsed time is 281.847382 seconds.

chan =

    24

Elapsed time is 280.998796 seconds.

chan =

    25

Elapsed time is 284.589164 seconds.

chan =

    26

Elapsed time is 282.246195 seconds.

chan =

    27

Elapsed time is 287.140236 seconds.

chan =

    28

Elapsed time is 282.955765 seconds.

chan =

    29

Elapsed time is 286.975936 seconds.

chan =

    30

Elapsed time is 280.590901 seconds.

chan =

    31

Elapsed time is 283.230320 seconds.

chan =

    32

Elapsed time is 282.413062 seconds.

chan =

    33

Elapsed time is 282.915300 seconds.

chan =

    34

Elapsed time is 284.488828 seconds.

chan =

    35

Elapsed time is 282.986897 seconds.

chan =

    36

Elapsed time is 281.571666 seconds.

chan =

    37

Elapsed time is 283.998647 seconds.

chan =

    38

Elapsed time is 282.412905 seconds.

chan =

    39

Elapsed time is 286.302528 seconds.

chan =

    40

Elapsed time is 283.528852 seconds.

chan =

    41

Elapsed time is 287.721514 seconds.

chan =

    42

Elapsed time is 280.749735 seconds.

chan =

    43

Elapsed time is 283.726197 seconds.

chan =

    44

Elapsed time is 282.652361 seconds.

chan =

    45

Elapsed time is 284.136541 seconds.

chan =

    46

Elapsed time is 282.072492 seconds.

chan =

    47

Elapsed time is 283.993104 seconds.

chan =

    48

Elapsed time is 283.933611 seconds.

chan =

    49

Elapsed time is 287.089645 seconds.

chan =

    50

Elapsed time is 284.786999 seconds.

chan =

    51

Elapsed time is 285.841573 seconds.

chan =

    52

Elapsed time is 281.958443 seconds.

chan =

    53

Elapsed time is 286.079057 seconds.

chan =

    54

Elapsed time is 283.189259 seconds.

chan =

    55

Elapsed time is 285.643530 seconds.

chan =

    56

Elapsed time is 282.300012 seconds.

chan =

    57

Elapsed time is 285.072575 seconds.

chan =

    58

Elapsed time is 282.273206 seconds.

chan =

    59

Elapsed time is 286.457859 seconds.

chan =

    60

Elapsed time is 282.243834 seconds.

chan =

    61

Elapsed time is 284.619608 seconds.

chan =

    62

Elapsed time is 282.027329 seconds.

chan =

    63

Elapsed time is 282.924631 seconds.

chan =

    64

Elapsed time is 282.661470 seconds.

chan =

    65

Elapsed time is 283.285219 seconds.

chan =

    66

Elapsed time is 283.437442 seconds.

chan =

    67

Elapsed time is 288.108508 seconds.

chan =

    68

Elapsed time is 283.802694 seconds.

chan =

    69

Elapsed time is 286.055708 seconds.

chan =

    70

Elapsed time is 285.407533 seconds.

chan =

    71

Elapsed time is 287.279485 seconds.

chan =

    72

Elapsed time is 283.101767 seconds.

chan =

    73

Elapsed time is 285.817232 seconds.

chan =

    74

Elapsed time is 284.074603 seconds.

chan =

    75

Elapsed time is 286.388304 seconds.

chan =

    76

Elapsed time is 281.796466 seconds.

chan =

    77

Elapsed time is 283.742135 seconds.

chan =

    78

Elapsed time is 281.878545 seconds.

chan =

    79

Elapsed time is 284.994836 seconds.

chan =

    80

Elapsed time is 284.481811 seconds.

chan =

    81

Elapsed time is 286.945534 seconds.

chan =

    82

Elapsed time is 284.769283 seconds.

chan =

    83

Elapsed time is 285.720248 seconds.

chan =

    84

Elapsed time is 284.749983 seconds.

chan =

    85

Elapsed time is 285.837798 seconds.

chan =

    86

Elapsed time is 287.493203 seconds.

chan =

    87

Elapsed time is 287.500240 seconds.

chan =

    88

Elapsed time is 286.655739 seconds.

chan =

    89

Elapsed time is 287.729104 seconds.

chan =

    90

Elapsed time is 286.022032 seconds.

chan =

    91

Elapsed time is 289.243640 seconds.

chan =

    92

Elapsed time is 287.461599 seconds.

chan =

    93

Elapsed time is 288.508291 seconds.

chan =

    94

Elapsed time is 286.335840 seconds.

chan =

    95

Elapsed time is 287.053704 seconds.

chan =

    96

Elapsed time is 285.639919 seconds.

chan =

    97

Elapsed time is 286.175322 seconds.

chan =

    98

Elapsed time is 285.244266 seconds.

chan =

    99

Elapsed time is 286.379706 seconds.

chan =

   100

Elapsed time is 287.008442 seconds.

chan =

   101

Elapsed time is 288.044367 seconds.

chan =

   102

Elapsed time is 285.537026 seconds.

chan =

   103

Elapsed time is 286.896578 seconds.

chan =

   104

Elapsed time is 284.264022 seconds.

chan =

   105

Elapsed time is 284.747507 seconds.

chan =

   106

Elapsed time is 282.843276 seconds.

chan =

   107

Elapsed time is 284.999103 seconds.

chan =

   108

Elapsed time is 285.148348 seconds.

chan =

   109

Elapsed time is 287.743758 seconds.

chan =

   110

Elapsed time is 286.370434 seconds.

chan =

   111

Elapsed time is 289.319178 seconds.

chan =

   112

Elapsed time is 287.825259 seconds.

chan =

   113

Elapsed time is 288.005433 seconds.

chan =

   114

Elapsed time is 284.186091 seconds.

chan =

   115

Elapsed time is 286.188382 seconds.

chan =

   116

Elapsed time is 282.189509 seconds.
attempting saving
save success: /projects/p31578/dtf8829/QuestConnect/CHANDAT/chanDat_SLCH006_060.mat
working on TF
encoding done
encoding RT done
retrieval 1 done
retrieval 2 done
attempting saving
save success: /projects/p31578/dtf8829/QuestConnect/CHANDAT/chanDat_SLCH006_060.mat
working on ISPC
channel: 1 took 0 minutes
channel: 2 took 0 minutes
channel: 3 took 0 minutes
channel: 4 took 0 minutes
channel: 5 took 0 minutes
channel: 6 took 0 minutes
channel: 7 took 0 minutes
channel: 8 took 0 minutes
channel: 9 took 0 minutes
channel: 10 took 0 minutes
channel: 11 took 0 minutes
channel: 12 took 0 minutes
channel: 13 took 0 minutes
channel: 14 took 0 minutes
channel: 15 took 0 minutes
channel: 16 took 0 minutes
channel: 17 took 0 minutes
channel: 18 took 0 minutes
channel: 19 took 0 minutes
channel: 20 took 0 minutes
channel: 21 took 0 minutes
channel: 22 took 0 minutes
channel: 23 took 0 minutes
channel: 24 took 0 minutes
channel: 25 took 0 minutes
channel: 26 took 0 minutes
channel: 27 took 0 minutes
channel: 28 took 0 minutes
channel: 29 took 0 minutes
channel: 30 took 0 minutes
channel: 31 took 0 minutes
channel: 32 took 0 minutes
channel: 33 took 0 minutes
channel: 34 took 0 minutes
channel: 35 took 0 minutes
channel: 36 took 0 minutes
channel: 37 took 0 minutes
channel: 38 took 0 minutes
channel: 39 took 0 minutes
channel: 40 took 0 minutes
channel: 41 took 0 minutes
channel: 42 took 0 minutes
channel: 43 took 0 minutes
channel: 44 took 0 minutes
channel: 45 took 0 minutes
channel: 46 took 0 minutes
channel: 47 took 0 minutes
channel: 48 took 0 minutes
channel: 49 took 0 minutes
channel: 50 took 0 minutes
channel: 51 took 0 minutes
channel: 52 took 0 minutes
channel: 53 took 0 minutes
channel: 54 took 0 minutes
channel: 55 took 0 minutes
channel: 56 took 0 minutes
channel: 57 took 0 minutes
channel: 58 took 0 minutes
channel: 59 took 0 minutes
channel: 60 took 0 minutes
channel: 61 took 5.5 minutes
channel: 62 took 5.5 minutes
channel: 63 took 5.5 minutes
channel: 64 took 5.5 minutes
channel: 65 took 5.5 minutes
channel: 66 took 5.4 minutes
channel: 67 took 5.4 minutes
channel: 68 took 5.4 minutes
channel: 69 took 5.4 minutes
channel: 70 took 5.5 minutes
channel: 71 took 5.5 minutes
channel: 72 took 5.5 minutes
channel: 73 took 5.5 minutes
channel: 74 took 5.5 minutes
channel: 75 took 5.5 minutes
channel: 76 took 5.5 minutes
channel: 77 took 5.5 minutes
channel: 78 took 5.5 minutes
channel: 79 took 5.5 minutes
channel: 80 took 5.5 minutes
channel: 81 took 5.5 minutes
channel: 82 took 5.5 minutes
channel: 83 took 5.5 minutes
channel: 84 took 5.5 minutes
channel: 85 took 5.5 minutes
channel: 86 took 5.5 minutes
channel: 87 took 5.5 minutes
channel: 88 took 5.5 minutes
channel: 89 took 5.5 minutes
channel: 90 took 5.5 minutes
channel: 91 took 5.5 minutes
channel: 92 took 5.5 minutes
channel: 93 took 5.5 minutes
channel: 94 took 5.5 minutes
channel: 95 took 5.5 minutes
channel: 96 took 5.5 minutes
channel: 97 took 5.5 minutes
channel: 98 took 5.5 minutes
channel: 99 took 5.5 minutes
channel: 100 took 5.5 minutes
channel: 101 took 5.5 minutes
channel: 102 took 5.5 minutes
channel: 103 took 5.5 minutes
channel: 104 took 5.5 minutes
channel: 105 took 5.5 minutes
channel: 106 took 5.6 minutes
channel: 107 took 5.5 minutes
channel: 108 took 5.5 minutes
channel: 109 took 5.5 minutes
channel: 110 took 5.5 minutes
channel: 111 took 5.5 minutes
channel: 112 took 5.5 minutes
channel: 113 took 5.5 minutes
channel: 114 took 5.5 minutes
channel: 115 took 5.5 minutes
channel: 116 took 5.5 minutes
attempting saving
save success: /projects/p31578/dtf8829/QuestConnect/CHANDAT/chanDat_SLCH006_060.mat
Elapsed time is 339.634137 seconds.
