getting started: 3502
attempting file: 3502
going for SLCH006 24
data loaded: SLCH006 24
MISMATCH WITH ZACH COORDINATES!!!
HFB already done

chan =

     1

Elapsed time is 256.316125 seconds.

chan =

     2

Elapsed time is 263.147681 seconds.

chan =

     3

Elapsed time is 266.032653 seconds.

chan =

     4

Elapsed time is 263.576040 seconds.

chan =

     5

Elapsed time is 262.307540 seconds.

chan =

     6

Elapsed time is 263.726482 seconds.

chan =

     7

Elapsed time is 265.984561 seconds.

chan =

     8

Elapsed time is 262.059867 seconds.

chan =

     9

Elapsed time is 262.851673 seconds.

chan =

    10

Elapsed time is 262.684743 seconds.

chan =

    11

Elapsed time is 258.962485 seconds.

chan =

    12

Elapsed time is 264.050661 seconds.

chan =

    13

Elapsed time is 262.666545 seconds.

chan =

    14

Elapsed time is 261.105970 seconds.

chan =

    15

Elapsed time is 262.372832 seconds.

chan =

    16

Elapsed time is 261.535008 seconds.

chan =

    17

Elapsed time is 262.931834 seconds.

chan =

    18

Elapsed time is 264.213199 seconds.

chan =

    19

Elapsed time is 263.436271 seconds.

chan =

    20

Elapsed time is 261.495415 seconds.

chan =

    21

Elapsed time is 262.221730 seconds.

chan =

    22

Elapsed time is 262.561062 seconds.

chan =

    23

Elapsed time is 259.339351 seconds.

chan =

    24

Elapsed time is 267.091115 seconds.

chan =

    25

Elapsed time is 263.652774 seconds.

chan =

    26

Elapsed time is 267.858065 seconds.

chan =

    27

Elapsed time is 264.559393 seconds.

chan =

    28

Elapsed time is 266.868809 seconds.

chan =

    29

Elapsed time is 262.556336 seconds.

chan =

    30

Elapsed time is 263.244109 seconds.

chan =

    31

Elapsed time is 262.143563 seconds.

chan =

    32

Elapsed time is 262.863050 seconds.

chan =

    33

Elapsed time is 264.477206 seconds.

chan =

    34

Elapsed time is 263.034621 seconds.

chan =

    35

Elapsed time is 263.037580 seconds.

chan =

    36

Elapsed time is 263.838152 seconds.

chan =

    37

Elapsed time is 264.109425 seconds.

chan =

    38

Elapsed time is 266.045333 seconds.

chan =

    39

Elapsed time is 263.896741 seconds.

chan =

    40

Elapsed time is 269.311212 seconds.

chan =

    41

Elapsed time is 260.732561 seconds.

chan =

    42

Elapsed time is 265.906703 seconds.

chan =

    43

Elapsed time is 259.786692 seconds.

chan =

    44

Elapsed time is 264.679876 seconds.

chan =

    45

Elapsed time is 259.937981 seconds.

chan =

    46

Elapsed time is 261.650671 seconds.

chan =

    47

Elapsed time is 261.379014 seconds.

chan =

    48

Elapsed time is 266.710328 seconds.

chan =

    49

Elapsed time is 264.630138 seconds.

chan =

    50

Elapsed time is 262.831547 seconds.

chan =

    51

Elapsed time is 262.378908 seconds.

chan =

    52

Elapsed time is 262.115666 seconds.

chan =

    53

Elapsed time is 260.951508 seconds.

chan =

    54

Elapsed time is 262.673497 seconds.

chan =

    55

Elapsed time is 264.094610 seconds.

chan =

    56

Elapsed time is 263.441131 seconds.

chan =

    57

Elapsed time is 264.208532 seconds.

chan =

    58

Elapsed time is 260.102921 seconds.

chan =

    59

Elapsed time is 262.810301 seconds.

chan =

    60

Elapsed time is 257.764626 seconds.

chan =

    61

Elapsed time is 244.947946 seconds.

chan =

    62

Elapsed time is 260.092213 seconds.

chan =

    63

Elapsed time is 259.080431 seconds.

chan =

    64

Elapsed time is 262.607862 seconds.

chan =

    65

Elapsed time is 256.588643 seconds.

chan =

    66

Elapsed time is 226.780833 seconds.

chan =

    67

Elapsed time is 261.383843 seconds.

chan =

    68

Elapsed time is 260.599561 seconds.

chan =

    69

Elapsed time is 259.899314 seconds.

chan =

    70

Elapsed time is 258.856548 seconds.

chan =

    71

Elapsed time is 246.302357 seconds.

chan =

    72

Elapsed time is 261.253323 seconds.

chan =

    73

Elapsed time is 257.950285 seconds.

chan =

    74

Elapsed time is 259.798652 seconds.

chan =

    75

Elapsed time is 259.785081 seconds.

chan =

    76

Elapsed time is 246.757042 seconds.

chan =

    77

Elapsed time is 246.972836 seconds.

chan =

    78

Elapsed time is 257.364128 seconds.

chan =

    79

Elapsed time is 255.577015 seconds.

chan =

    80

Elapsed time is 257.621686 seconds.

chan =

    81

Elapsed time is 253.931790 seconds.

chan =

    82

Elapsed time is 226.628406 seconds.

chan =

    83

Elapsed time is 251.683580 seconds.

chan =

    84

Elapsed time is 258.636704 seconds.

chan =

    85

Elapsed time is 257.670573 seconds.

chan =

    86

Elapsed time is 256.289780 seconds.

chan =

    87

Elapsed time is 247.575053 seconds.

chan =

    88

Elapsed time is 224.064094 seconds.

chan =

    89

Elapsed time is 254.108126 seconds.

chan =

    90

Elapsed time is 254.381141 seconds.

chan =

    91

Elapsed time is 254.141592 seconds.

chan =

    92

Elapsed time is 251.803688 seconds.

chan =

    93

Elapsed time is 239.215633 seconds.

chan =

    94

Elapsed time is 230.923874 seconds.

chan =

    95

Elapsed time is 251.948399 seconds.

chan =

    96

Elapsed time is 254.687301 seconds.

chan =

    97

Elapsed time is 251.947529 seconds.

chan =

    98

Elapsed time is 253.361905 seconds.

chan =

    99

Elapsed time is 232.849400 seconds.

chan =

   100

Elapsed time is 219.344775 seconds.

chan =

   101

Elapsed time is 228.644041 seconds.

chan =

   102

Elapsed time is 232.128389 seconds.

chan =

   103

Elapsed time is 226.218562 seconds.

chan =

   104

Elapsed time is 227.361474 seconds.

chan =

   105

Elapsed time is 220.528062 seconds.

chan =

   106

Elapsed time is 241.150553 seconds.

chan =

   107

Elapsed time is 248.330266 seconds.

chan =

   108

Elapsed time is 246.491997 seconds.

chan =

   109

Elapsed time is 247.060520 seconds.

chan =

   110

Elapsed time is 241.917846 seconds.

chan =

   111

Elapsed time is 232.921841 seconds.

chan =

   112

Elapsed time is 249.642565 seconds.

chan =

   113

Elapsed time is 248.422062 seconds.

chan =

   114

Elapsed time is 243.904688 seconds.

chan =

   115

Elapsed time is 238.733424 seconds.

chan =

   116

Elapsed time is 214.851502 seconds.
attempting saving
save success: /projects/p31578/dtf8829/QuestConnect/CHANDAT/chanDat_SLCH006_024.mat
working on TF
encoding done
encoding RT done
retrieval 1 done
retrieval 2 done
attempting saving
save success: /projects/p31578/dtf8829/QuestConnect/CHANDAT/chanDat_SLCH006_024.mat
working on ISPC
channel: 1 took 0 minutes
channel: 2 took 0 minutes
channel: 3 took 0 minutes
channel: 4 took 0 minutes
channel: 5 took 0 minutes
channel: 6 took 0 minutes
channel: 7 took 0 minutes
channel: 8 took 0 minutes
channel: 9 took 0 minutes
channel: 10 took 0 minutes
channel: 11 took 0 minutes
channel: 12 took 0 minutes
channel: 13 took 0 minutes
channel: 14 took 0 minutes
channel: 15 took 0 minutes
channel: 16 took 0 minutes
channel: 17 took 0 minutes
channel: 18 took 0 minutes
channel: 19 took 0 minutes
channel: 20 took 0 minutes
channel: 21 took 0 minutes
channel: 22 took 0 minutes
channel: 23 took 0 minutes
channel: 24 took 0 minutes
channel: 25 took 4.3 minutes
channel: 26 took 4.2 minutes
channel: 27 took 4.2 minutes
channel: 28 took 4.1 minutes
channel: 29 took 3.9 minutes
channel: 30 took 4.2 minutes
channel: 31 took 4.2 minutes
channel: 32 took 4.2 minutes
channel: 33 took 4.2 minutes
channel: 34 took 3.8 minutes
channel: 35 took 4 minutes
channel: 36 took 4.2 minutes
channel: 37 took 4.2 minutes
channel: 38 took 4.2 minutes
channel: 39 took 4.2 minutes
channel: 40 took 4.1 minutes
channel: 41 took 4.3 minutes
channel: 42 took 4.2 minutes
channel: 43 took 4.2 minutes
channel: 44 took 4.2 minutes
channel: 45 took 4 minutes
channel: 46 took 4.2 minutes
channel: 47 took 4.2 minutes
channel: 48 took 4.2 minutes
channel: 49 took 4.2 minutes
channel: 50 took 3.9 minutes
channel: 51 took 4.2 minutes
channel: 52 took 4.2 minutes
channel: 53 took 4.2 minutes
channel: 54 took 4.2 minutes
channel: 55 took 4 minutes
channel: 56 took 4.2 minutes
channel: 57 took 4.2 minutes
channel: 58 took 4.2 minutes
channel: 59 took 4.2 minutes
channel: 60 took 3.9 minutes
channel: 61 took 4.2 minutes
channel: 62 took 4.2 minutes
channel: 63 took 4.2 minutes
channel: 64 took 4.2 minutes
channel: 65 took 4 minutes
channel: 66 took 4.2 minutes
channel: 67 took 4.2 minutes
channel: 68 took 4.2 minutes
channel: 69 took 4.2 minutes
channel: 70 took 3.9 minutes
channel: 71 took 4.2 minutes
channel: 72 took 4.2 minutes
channel: 73 took 4.2 minutes
channel: 74 took 4.2 minutes
channel: 75 took 4.1 minutes
channel: 76 took 4.2 minutes
channel: 77 took 4.2 minutes
channel: 78 took 4.2 minutes
channel: 79 took 4.1 minutes
channel: 80 took 4.2 minutes
channel: 81 took 4.2 minutes
channel: 82 took 4.2 minutes
channel: 83 took 4.2 minutes
channel: 84 took 4 minutes
channel: 85 took 4.1 minutes
channel: 86 took 4.2 minutes
channel: 87 took 4.3 minutes
channel: 88 took 4.2 minutes
channel: 89 took 4.1 minutes
channel: 90 took 4.3 minutes
channel: 91 took 4.2 minutes
channel: 92 took 4.3 minutes
channel: 93 took 4.3 minutes
channel: 94 took 4.1 minutes
channel: 95 took 4.2 minutes
channel: 96 took 4.2 minutes
channel: 97 took 4.3 minutes
channel: 98 took 4.3 minutes
channel: 99 took 4.2 minutes
channel: 100 took 3.7 minutes
channel: 101 took 3.6 minutes
channel: 102 took 4 minutes
channel: 103 took 4.3 minutes
channel: 104 took 4.3 minutes
channel: 105 took 4.3 minutes
channel: 106 took 4.3 minutes
channel: 107 took 4.3 minutes
channel: 108 took 4.3 minutes
channel: 109 took 4.3 minutes
channel: 110 took 4.3 minutes
channel: 111 took 4.3 minutes
channel: 112 took 4.3 minutes
channel: 113 took 4.3 minutes
channel: 114 took 4.3 minutes
channel: 115 took 4.2 minutes
channel: 116 took 4.2 minutes
attempting saving
save success: /projects/p31578/dtf8829/QuestConnect/CHANDAT/chanDat_SLCH006_024.mat
Elapsed time is 259.148520 seconds.
