getting started: 3560
attempting file: 3560
going for SLCH006 82
data loaded: SLCH006 82
MISMATCH WITH ZACH COORDINATES!!!
HFB already done

chan =

     1

Elapsed time is 199.903588 seconds.

chan =

     2

Elapsed time is 193.839107 seconds.

chan =

     3

Elapsed time is 200.494339 seconds.

chan =

     4

Elapsed time is 197.866785 seconds.

chan =

     5

Elapsed time is 201.131953 seconds.

chan =

     6

Elapsed time is 197.021955 seconds.

chan =

     7

Elapsed time is 198.851722 seconds.

chan =

     8

Elapsed time is 194.667953 seconds.

chan =

     9

Elapsed time is 195.033781 seconds.

chan =

    10

Elapsed time is 195.049011 seconds.

chan =

    11

Elapsed time is 194.869048 seconds.

chan =

    12

Elapsed time is 194.840801 seconds.

chan =

    13

Elapsed time is 194.232065 seconds.

chan =

    14

Elapsed time is 193.027811 seconds.

chan =

    15

Elapsed time is 194.245828 seconds.

chan =

    16

Elapsed time is 191.198323 seconds.

chan =

    17

Elapsed time is 194.217694 seconds.

chan =

    18

Elapsed time is 191.674763 seconds.

chan =

    19

Elapsed time is 191.497291 seconds.

chan =

    20

Elapsed time is 189.372160 seconds.

chan =

    21

Elapsed time is 190.249791 seconds.

chan =

    22

Elapsed time is 189.975758 seconds.

chan =

    23

Elapsed time is 187.840940 seconds.

chan =

    24

Elapsed time is 190.793539 seconds.

chan =

    25

Elapsed time is 192.613828 seconds.

chan =

    26

Elapsed time is 193.345267 seconds.

chan =

    27

Elapsed time is 193.603861 seconds.

chan =

    28

Elapsed time is 192.289254 seconds.

chan =

    29

Elapsed time is 190.874072 seconds.

chan =

    30

Elapsed time is 202.215065 seconds.

chan =

    31

Elapsed time is 218.774888 seconds.

chan =

    32

Elapsed time is 214.590409 seconds.

chan =

    33

Elapsed time is 215.111199 seconds.

chan =

    34

Elapsed time is 214.336622 seconds.

chan =

    35

Elapsed time is 212.756005 seconds.

chan =

    36

Elapsed time is 217.814309 seconds.

chan =

    37

Elapsed time is 211.718099 seconds.

chan =

    38

Elapsed time is 224.037334 seconds.

chan =

    39

Elapsed time is 218.866357 seconds.

chan =

    40

Elapsed time is 214.644915 seconds.

chan =

    41

Elapsed time is 217.362546 seconds.

chan =

    42

Elapsed time is 212.451808 seconds.

chan =

    43

Elapsed time is 214.450237 seconds.

chan =

    44

Elapsed time is 212.166607 seconds.

chan =

    45

Elapsed time is 223.425330 seconds.

chan =

    46

Elapsed time is 216.288476 seconds.

chan =

    47

Elapsed time is 215.876471 seconds.

chan =

    48

Elapsed time is 217.322964 seconds.

chan =

    49

Elapsed time is 216.002047 seconds.

chan =

    50

Elapsed time is 214.504609 seconds.

chan =

    51

Elapsed time is 217.383870 seconds.

chan =

    52

Elapsed time is 217.851375 seconds.

chan =

    53

Elapsed time is 224.211239 seconds.

chan =

    54

Elapsed time is 216.224752 seconds.

chan =

    55

Elapsed time is 215.270690 seconds.

chan =

    56

Elapsed time is 214.196795 seconds.

chan =

    57

Elapsed time is 215.011640 seconds.

chan =

    58

Elapsed time is 208.571212 seconds.

chan =

    59

Elapsed time is 192.453947 seconds.

chan =

    60

Elapsed time is 189.692216 seconds.

chan =

    61

Elapsed time is 190.012565 seconds.

chan =

    62

Elapsed time is 187.466900 seconds.

chan =

    63

Elapsed time is 189.813189 seconds.

chan =

    64

Elapsed time is 190.810235 seconds.

chan =

    65

Elapsed time is 212.688514 seconds.

chan =

    66

Elapsed time is 214.480900 seconds.

chan =

    67

Elapsed time is 218.754403 seconds.

chan =

    68

Elapsed time is 215.972679 seconds.

chan =

    69

Elapsed time is 220.507501 seconds.

chan =

    70

Elapsed time is 217.398544 seconds.

chan =

    71

Elapsed time is 218.112267 seconds.

chan =

    72

Elapsed time is 189.509883 seconds.

chan =

    73

Elapsed time is 191.323860 seconds.

chan =

    74

Elapsed time is 191.904761 seconds.

chan =

    75

Elapsed time is 193.792216 seconds.

chan =

    76

Elapsed time is 194.353348 seconds.

chan =

    77

Elapsed time is 194.438118 seconds.

chan =

    78

Elapsed time is 190.106243 seconds.

chan =

    79

Elapsed time is 193.979329 seconds.

chan =

    80

Elapsed time is 191.240748 seconds.

chan =

    81

Elapsed time is 195.020089 seconds.

chan =

    82

Elapsed time is 191.853449 seconds.

chan =

    83

Elapsed time is 192.890121 seconds.

chan =

    84

Elapsed time is 191.460891 seconds.

chan =

    85

Elapsed time is 192.774124 seconds.

chan =

    86

Elapsed time is 193.432917 seconds.

chan =

    87

Elapsed time is 192.181151 seconds.

chan =

    88

Elapsed time is 188.966309 seconds.

chan =

    89

Elapsed time is 193.717709 seconds.

chan =

    90

Elapsed time is 191.724799 seconds.

chan =

    91

Elapsed time is 196.107898 seconds.

chan =

    92

Elapsed time is 193.792292 seconds.

chan =

    93

Elapsed time is 196.057301 seconds.

chan =

    94

Elapsed time is 192.759955 seconds.

chan =

    95

Elapsed time is 196.556599 seconds.

chan =

    96

Elapsed time is 195.367180 seconds.

chan =

    97

Elapsed time is 194.573472 seconds.

chan =

    98

Elapsed time is 191.777769 seconds.

chan =

    99

Elapsed time is 195.130981 seconds.

chan =

   100

Elapsed time is 194.625060 seconds.

chan =

   101

Elapsed time is 197.129118 seconds.

chan =

   102

Elapsed time is 195.130209 seconds.

chan =

   103

Elapsed time is 195.899147 seconds.

chan =

   104

Elapsed time is 196.181298 seconds.

chan =

   105

Elapsed time is 196.247843 seconds.

chan =

   106

Elapsed time is 194.439412 seconds.

chan =

   107

Elapsed time is 204.454821 seconds.

chan =

   108

Elapsed time is 212.979701 seconds.

chan =

   109

Elapsed time is 215.665036 seconds.

chan =

   110

Elapsed time is 210.948095 seconds.

chan =

   111

Elapsed time is 218.161249 seconds.

chan =

   112

Elapsed time is 208.272360 seconds.

chan =

   113

Elapsed time is 207.810053 seconds.

chan =

   114

Elapsed time is 209.864195 seconds.

chan =

   115

Elapsed time is 214.860071 seconds.

chan =

   116

Elapsed time is 214.674735 seconds.
attempting saving
save success: /projects/p31578/dtf8829/QuestConnect/CHANDAT/chanDat_SLCH006_082.mat
working on TF
encoding done
encoding RT done
retrieval 1 done
retrieval 2 done
attempting saving
save success: /projects/p31578/dtf8829/QuestConnect/CHANDAT/chanDat_SLCH006_082.mat
working on ISPC
channel: 1 took 0 minutes
channel: 2 took 0 minutes
channel: 3 took 0 minutes
channel: 4 took 0 minutes
channel: 5 took 0 minutes
channel: 6 took 0 minutes
channel: 7 took 0 minutes
channel: 8 took 0 minutes
channel: 9 took 0 minutes
channel: 10 took 0 minutes
channel: 11 took 0 minutes
channel: 12 took 0 minutes
channel: 13 took 0 minutes
channel: 14 took 0 minutes
channel: 15 took 0 minutes
channel: 16 took 0 minutes
channel: 17 took 0 minutes
channel: 18 took 0 minutes
channel: 19 took 0 minutes
channel: 20 took 0 minutes
channel: 21 took 0 minutes
channel: 22 took 0 minutes
channel: 23 took 0 minutes
channel: 24 took 0 minutes
channel: 25 took 0 minutes
channel: 26 took 0 minutes
channel: 27 took 0 minutes
channel: 28 took 0 minutes
channel: 29 took 0 minutes
channel: 30 took 0 minutes
channel: 31 took 0 minutes
channel: 32 took 0 minutes
channel: 33 took 0 minutes
channel: 34 took 0 minutes
channel: 35 took 0 minutes
channel: 36 took 0 minutes
channel: 37 took 0 minutes
channel: 38 took 0 minutes
channel: 39 took 0 minutes
channel: 40 took 0 minutes
channel: 41 took 0 minutes
channel: 42 took 0 minutes
channel: 43 took 0 minutes
channel: 44 took 0 minutes
channel: 45 took 0 minutes
channel: 46 took 0 minutes
channel: 47 took 0 minutes
channel: 48 took 0 minutes
channel: 49 took 0 minutes
channel: 50 took 0 minutes
channel: 51 took 0 minutes
channel: 52 took 0 minutes
channel: 53 took 0 minutes
channel: 54 took 0 minutes
channel: 55 took 0 minutes
channel: 56 took 0 minutes
channel: 57 took 0 minutes
channel: 58 took 0 minutes
channel: 59 took 0 minutes
channel: 60 took 0 minutes
channel: 61 took 0 minutes
channel: 62 took 0 minutes
channel: 63 took 0 minutes
channel: 64 took 0 minutes
channel: 65 took 0 minutes
channel: 66 took 0 minutes
channel: 67 took 0 minutes
channel: 68 took 0 minutes
channel: 69 took 0 minutes
channel: 70 took 0 minutes
channel: 71 took 0 minutes
channel: 72 took 0 minutes
channel: 73 took 0 minutes
channel: 74 took 0 minutes
channel: 75 took 0 minutes
channel: 76 took 0 minutes
channel: 77 took 0 minutes
channel: 78 took 0 minutes
channel: 79 took 0 minutes
channel: 80 took 0 minutes
channel: 81 took 0 minutes
channel: 82 took 0 minutes
channel: 83 took 4 minutes
channel: 84 took 3.8 minutes
channel: 85 took 4 minutes
channel: 86 took 4 minutes
channel: 87 took 4 minutes
channel: 88 took 4 minutes
channel: 89 took 3.7 minutes
channel: 90 took 3.9 minutes
channel: 91 took 4 minutes
channel: 92 took 4 minutes
channel: 93 took 3.9 minutes
channel: 94 took 3.7 minutes
channel: 95 took 4 minutes
channel: 96 took 3.9 minutes
channel: 97 took 4 minutes
channel: 98 took 4 minutes
channel: 99 took 3.8 minutes
channel: 100 took 4 minutes
channel: 101 took 4 minutes
channel: 102 took 4 minutes
channel: 103 took 4 minutes
channel: 104 took 3.7 minutes
channel: 105 took 4 minutes
channel: 106 took 4 minutes
channel: 107 took 4 minutes
channel: 108 took 4 minutes
channel: 109 took 3.8 minutes
channel: 110 took 3.6 minutes
channel: 111 took 3.9 minutes
channel: 112 took 4 minutes
channel: 113 took 4 minutes
channel: 114 took 4 minutes
channel: 115 took 3.9 minutes
channel: 116 took 4 minutes
attempting saving
save success: /projects/p31578/dtf8829/QuestConnect/CHANDAT/chanDat_SLCH006_082.mat
Elapsed time is 244.438933 seconds.
