getting started: 3499
attempting file: 3499
going for SLCH006 21
data loaded: SLCH006 21
MISMATCH WITH ZACH COORDINATES!!!
HFB already done

chan =

     1

Elapsed time is 250.814299 seconds.

chan =

     2

Elapsed time is 258.540703 seconds.

chan =

     3

Elapsed time is 264.102174 seconds.

chan =

     4

Elapsed time is 260.450521 seconds.

chan =

     5

Elapsed time is 259.461387 seconds.

chan =

     6

Elapsed time is 256.181622 seconds.

chan =

     7

Elapsed time is 260.100316 seconds.

chan =

     8

Elapsed time is 259.350847 seconds.

chan =

     9

Elapsed time is 259.117821 seconds.

chan =

    10

Elapsed time is 257.407989 seconds.

chan =

    11

Elapsed time is 253.813947 seconds.

chan =

    12

Elapsed time is 257.735438 seconds.

chan =

    13

Elapsed time is 259.101696 seconds.

chan =

    14

Elapsed time is 253.796025 seconds.

chan =

    15

Elapsed time is 258.697975 seconds.

chan =

    16

Elapsed time is 252.891134 seconds.

chan =

    17

Elapsed time is 255.697859 seconds.

chan =

    18

Elapsed time is 256.257757 seconds.

chan =

    19

Elapsed time is 257.622237 seconds.

chan =

    20

Elapsed time is 257.727503 seconds.

chan =

    21

Elapsed time is 254.356735 seconds.

chan =

    22

Elapsed time is 258.094531 seconds.

chan =

    23

Elapsed time is 252.846232 seconds.

chan =

    24

Elapsed time is 261.697213 seconds.

chan =

    25

Elapsed time is 260.594502 seconds.

chan =

    26

Elapsed time is 256.911169 seconds.

chan =

    27

Elapsed time is 261.494839 seconds.

chan =

    28

Elapsed time is 258.521820 seconds.

chan =

    29

Elapsed time is 259.801931 seconds.

chan =

    30

Elapsed time is 257.184865 seconds.

chan =

    31

Elapsed time is 258.742815 seconds.

chan =

    32

Elapsed time is 255.573602 seconds.

chan =

    33

Elapsed time is 259.257459 seconds.

chan =

    34

Elapsed time is 260.477395 seconds.

chan =

    35

Elapsed time is 254.544803 seconds.

chan =

    36

Elapsed time is 260.710143 seconds.

chan =

    37

Elapsed time is 257.252879 seconds.

chan =

    38

Elapsed time is 261.187273 seconds.

chan =

    39

Elapsed time is 260.626443 seconds.

chan =

    40

Elapsed time is 261.459710 seconds.

chan =

    41

Elapsed time is 261.989853 seconds.

chan =

    42

Elapsed time is 254.076322 seconds.

chan =

    43

Elapsed time is 257.567422 seconds.

chan =

    44

Elapsed time is 257.205545 seconds.

chan =

    45

Elapsed time is 258.574224 seconds.

chan =

    46

Elapsed time is 256.018105 seconds.

chan =

    47

Elapsed time is 256.389677 seconds.

chan =

    48

Elapsed time is 262.648861 seconds.

chan =

    49

Elapsed time is 262.596977 seconds.

chan =

    50

Elapsed time is 258.250874 seconds.

chan =

    51

Elapsed time is 260.332176 seconds.

chan =

    52

Elapsed time is 258.432935 seconds.

chan =

    53

Elapsed time is 259.300186 seconds.

chan =

    54

Elapsed time is 258.562363 seconds.

chan =

    55

Elapsed time is 257.464540 seconds.

chan =

    56

Elapsed time is 261.918938 seconds.

chan =

    57

Elapsed time is 258.969964 seconds.

chan =

    58

Elapsed time is 259.665189 seconds.

chan =

    59

Elapsed time is 258.654875 seconds.

chan =

    60

Elapsed time is 259.906849 seconds.

chan =

    61

Elapsed time is 253.169640 seconds.

chan =

    62

Elapsed time is 240.009149 seconds.

chan =

    63

Elapsed time is 254.171452 seconds.

chan =

    64

Elapsed time is 258.443277 seconds.

chan =

    65

Elapsed time is 253.267613 seconds.

chan =

    66

Elapsed time is 259.449702 seconds.

chan =

    67

Elapsed time is 228.841585 seconds.

chan =

    68

Elapsed time is 247.082014 seconds.

chan =

    69

Elapsed time is 252.449747 seconds.

chan =

    70

Elapsed time is 254.322682 seconds.

chan =

    71

Elapsed time is 250.715594 seconds.

chan =

    72

Elapsed time is 249.576624 seconds.

chan =

    73

Elapsed time is 241.856726 seconds.

chan =

    74

Elapsed time is 254.418715 seconds.

chan =

    75

Elapsed time is 253.010873 seconds.

chan =

    76

Elapsed time is 249.331724 seconds.

chan =

    77

Elapsed time is 251.743215 seconds.

chan =

    78

Elapsed time is 229.205682 seconds.

chan =

    79

Elapsed time is 252.125054 seconds.

chan =

    80

Elapsed time is 250.153308 seconds.

chan =

    81

Elapsed time is 250.524706 seconds.

chan =

    82

Elapsed time is 253.545007 seconds.

chan =

    83

Elapsed time is 233.156045 seconds.

chan =

    84

Elapsed time is 227.591306 seconds.

chan =

    85

Elapsed time is 252.799972 seconds.

chan =

    86

Elapsed time is 253.471183 seconds.

chan =

    87

Elapsed time is 251.703755 seconds.

chan =

    88

Elapsed time is 250.410910 seconds.

chan =

    89

Elapsed time is 233.975294 seconds.

chan =

    90

Elapsed time is 228.659927 seconds.

chan =

    91

Elapsed time is 248.776533 seconds.

chan =

    92

Elapsed time is 247.113561 seconds.

chan =

    93

Elapsed time is 248.738926 seconds.

chan =

    94

Elapsed time is 246.802973 seconds.

chan =

    95

Elapsed time is 230.040567 seconds.

chan =

    96

Elapsed time is 229.654411 seconds.

chan =

    97

Elapsed time is 247.058975 seconds.

chan =

    98

Elapsed time is 247.811968 seconds.

chan =

    99

Elapsed time is 249.123483 seconds.

chan =

   100

Elapsed time is 250.699391 seconds.

chan =

   101

Elapsed time is 227.821798 seconds.

chan =

   102

Elapsed time is 216.230834 seconds.

chan =

   103

Elapsed time is 227.963482 seconds.

chan =

   104

Elapsed time is 226.918152 seconds.

chan =

   105

Elapsed time is 222.587297 seconds.

chan =

   106

Elapsed time is 222.106648 seconds.

chan =

   107

Elapsed time is 219.460467 seconds.

chan =

   108

Elapsed time is 234.601926 seconds.

chan =

   109

Elapsed time is 241.041905 seconds.

chan =

   110

Elapsed time is 243.149219 seconds.

chan =

   111

Elapsed time is 245.510763 seconds.

chan =

   112

Elapsed time is 240.804345 seconds.

chan =

   113

Elapsed time is 227.976476 seconds.

chan =

   114

Elapsed time is 243.821117 seconds.

chan =

   115

Elapsed time is 243.475428 seconds.

chan =

   116

Elapsed time is 238.489858 seconds.
attempting saving
save success: /projects/p31578/dtf8829/QuestConnect/CHANDAT/chanDat_SLCH006_021.mat
working on TF
encoding done
encoding RT done
retrieval 1 done
retrieval 2 done
attempting saving
save success: /projects/p31578/dtf8829/QuestConnect/CHANDAT/chanDat_SLCH006_021.mat
working on ISPC
channel: 1 took 0 minutes
channel: 2 took 0 minutes
channel: 3 took 0 minutes
channel: 4 took 0 minutes
channel: 5 took 0 minutes
channel: 6 took 0 minutes
channel: 7 took 0 minutes
channel: 8 took 0 minutes
channel: 9 took 0 minutes
channel: 10 took 0 minutes
channel: 11 took 0 minutes
channel: 12 took 0 minutes
channel: 13 took 0 minutes
channel: 14 took 0 minutes
channel: 15 took 0 minutes
channel: 16 took 0 minutes
channel: 17 took 0 minutes
channel: 18 took 0 minutes
channel: 19 took 0 minutes
channel: 20 took 0 minutes
channel: 21 took 0 minutes
channel: 22 took 4.3 minutes
channel: 23 took 4.1 minutes
channel: 24 took 4.2 minutes
channel: 25 took 4.2 minutes
channel: 26 took 4.2 minutes
channel: 27 took 4.1 minutes
channel: 28 took 3.8 minutes
channel: 29 took 4.2 minutes
channel: 30 took 4.2 minutes
channel: 31 took 4.2 minutes
channel: 32 took 4.2 minutes
channel: 33 took 3.8 minutes
channel: 34 took 3.9 minutes
channel: 35 took 4.2 minutes
channel: 36 took 4.2 minutes
channel: 37 took 4.2 minutes
channel: 38 took 4.2 minutes
channel: 39 took 4.1 minutes
channel: 40 took 4.2 minutes
channel: 41 took 4.2 minutes
channel: 42 took 4.2 minutes
channel: 43 took 4.2 minutes
channel: 44 took 3.9 minutes
channel: 45 took 4.2 minutes
channel: 46 took 4.2 minutes
channel: 47 took 4.2 minutes
channel: 48 took 4.2 minutes
channel: 49 took 3.9 minutes
channel: 50 took 4.2 minutes
channel: 51 took 4.2 minutes
channel: 52 took 4.2 minutes
channel: 53 took 4.2 minutes
channel: 54 took 4 minutes
channel: 55 took 4.2 minutes
channel: 56 took 4.2 minutes
channel: 57 took 4.2 minutes
channel: 58 took 4.2 minutes
channel: 59 took 3.9 minutes
channel: 60 took 4.2 minutes
channel: 61 took 4.2 minutes
channel: 62 took 4.2 minutes
channel: 63 took 4.2 minutes
channel: 64 took 4 minutes
channel: 65 took 4.2 minutes
channel: 66 took 4.2 minutes
channel: 67 took 4.2 minutes
channel: 68 took 4.2 minutes
channel: 69 took 3.9 minutes
channel: 70 took 4.2 minutes
channel: 71 took 4.2 minutes
channel: 72 took 4.1 minutes
channel: 73 took 4.2 minutes
channel: 74 took 4.1 minutes
channel: 75 took 4.2 minutes
channel: 76 took 4.2 minutes
channel: 77 took 4.2 minutes
channel: 78 took 4.2 minutes
channel: 79 took 4.1 minutes
channel: 80 took 4.2 minutes
channel: 81 took 4.2 minutes
channel: 82 took 4.2 minutes
channel: 83 took 4.1 minutes
channel: 84 took 4 minutes
channel: 85 took 4.1 minutes
channel: 86 took 4.3 minutes
channel: 87 took 4.3 minutes
channel: 88 took 4.2 minutes
channel: 89 took 4.1 minutes
channel: 90 took 4.2 minutes
channel: 91 took 4.3 minutes
channel: 92 took 4.3 minutes
channel: 93 took 4.2 minutes
channel: 94 took 4 minutes
channel: 95 took 4.2 minutes
channel: 96 took 4.3 minutes
channel: 97 took 4.3 minutes
channel: 98 took 4.2 minutes
channel: 99 took 3.8 minutes
channel: 100 took 3.6 minutes
channel: 101 took 3.7 minutes
channel: 102 took 4.3 minutes
channel: 103 took 4.3 minutes
channel: 104 took 4.3 minutes
channel: 105 took 4.3 minutes
channel: 106 took 4.3 minutes
channel: 107 took 4.3 minutes
channel: 108 took 4.3 minutes
channel: 109 took 4.3 minutes
channel: 110 took 4.3 minutes
channel: 111 took 4.3 minutes
channel: 112 took 4.3 minutes
channel: 113 took 4.3 minutes
channel: 114 took 4.3 minutes
channel: 115 took 4.2 minutes
channel: 116 took 4.2 minutes
attempting saving
save success: /projects/p31578/dtf8829/QuestConnect/CHANDAT/chanDat_SLCH006_021.mat
Elapsed time is 257.200745 seconds.
