getting started: 3481
attempting file: 3481
going for SLCH006 3
data loaded: SLCH006 3
MISMATCH WITH ZACH COORDINATES!!!
HFB already done

chan =

     1

Elapsed time is 254.124245 seconds.

chan =

     2

Elapsed time is 250.281294 seconds.

chan =

     3

Elapsed time is 232.132824 seconds.

chan =

     4

Elapsed time is 228.006934 seconds.

chan =

     5

Elapsed time is 250.866883 seconds.

chan =

     6

Elapsed time is 247.826917 seconds.

chan =

     7

Elapsed time is 249.642596 seconds.

chan =

     8

Elapsed time is 251.657943 seconds.

chan =

     9

Elapsed time is 228.129289 seconds.

chan =

    10

Elapsed time is 243.541475 seconds.

chan =

    11

Elapsed time is 247.926397 seconds.

chan =

    12

Elapsed time is 240.965071 seconds.

chan =

    13

Elapsed time is 240.162103 seconds.

chan =

    14

Elapsed time is 242.026604 seconds.

chan =

    15

Elapsed time is 243.316818 seconds.

chan =

    16

Elapsed time is 244.754994 seconds.

chan =

    17

Elapsed time is 246.783549 seconds.

chan =

    18

Elapsed time is 244.035305 seconds.

chan =

    19

Elapsed time is 238.622368 seconds.

chan =

    20

Elapsed time is 244.141799 seconds.

chan =

    21

Elapsed time is 241.360832 seconds.

chan =

    22

Elapsed time is 243.120720 seconds.

chan =

    23

Elapsed time is 238.047572 seconds.

chan =

    24

Elapsed time is 240.202868 seconds.

chan =

    25

Elapsed time is 243.182600 seconds.

chan =

    26

Elapsed time is 241.768210 seconds.

chan =

    27

Elapsed time is 210.866616 seconds.

chan =

    28

Elapsed time is 225.698577 seconds.

chan =

    29

Elapsed time is 223.301712 seconds.

chan =

    30

Elapsed time is 222.346798 seconds.

chan =

    31

Elapsed time is 218.513812 seconds.

chan =

    32

Elapsed time is 223.082823 seconds.

chan =

    33

Elapsed time is 237.778037 seconds.

chan =

    34

Elapsed time is 223.869822 seconds.

chan =

    35

Elapsed time is 225.351512 seconds.

chan =

    36

Elapsed time is 235.095793 seconds.

chan =

    37

Elapsed time is 242.633806 seconds.

chan =

    38

Elapsed time is 246.333832 seconds.

chan =

    39

Elapsed time is 247.384275 seconds.

chan =

    40

Elapsed time is 235.702531 seconds.

chan =

    41

Elapsed time is 229.916920 seconds.

chan =

    42

Elapsed time is 244.472751 seconds.

chan =

    43

Elapsed time is 242.676634 seconds.

chan =

    44

Elapsed time is 246.282617 seconds.

chan =

    45

Elapsed time is 239.387844 seconds.

chan =

    46

Elapsed time is 236.705045 seconds.

chan =

    47

Elapsed time is 224.801046 seconds.

chan =

    48

Elapsed time is 220.118660 seconds.

chan =

    49

Elapsed time is 229.053772 seconds.

chan =

    50

Elapsed time is 226.748191 seconds.

chan =

    51

Elapsed time is 225.192377 seconds.

chan =

    52

Elapsed time is 222.408444 seconds.

chan =

    53

Elapsed time is 225.893945 seconds.

chan =

    54

Elapsed time is 224.377705 seconds.

chan =

    55

Elapsed time is 223.169270 seconds.

chan =

    56

Elapsed time is 215.460751 seconds.

chan =

    57

Elapsed time is 206.531537 seconds.

chan =

    58

Elapsed time is 215.772650 seconds.

chan =

    59

Elapsed time is 218.175968 seconds.

chan =

    60

Elapsed time is 212.905879 seconds.

chan =

    61

Elapsed time is 202.088283 seconds.

chan =

    62

Elapsed time is 205.341400 seconds.

chan =

    63

Elapsed time is 202.742588 seconds.

chan =

    64

Elapsed time is 204.727333 seconds.

chan =

    65

Elapsed time is 203.784248 seconds.

chan =

    66

Elapsed time is 206.091247 seconds.

chan =

    67

Elapsed time is 204.190881 seconds.

chan =

    68

Elapsed time is 210.070806 seconds.

chan =

    69

Elapsed time is 211.921860 seconds.

chan =

    70

Elapsed time is 212.704824 seconds.

chan =

    71

Elapsed time is 207.738176 seconds.

chan =

    72

Elapsed time is 210.440009 seconds.

chan =

    73

Elapsed time is 208.178904 seconds.

chan =

    74

Elapsed time is 209.139250 seconds.

chan =

    75

Elapsed time is 211.098665 seconds.

chan =

    76

Elapsed time is 209.851641 seconds.

chan =

    77

Elapsed time is 206.380574 seconds.

chan =

    78

Elapsed time is 206.375534 seconds.

chan =

    79

Elapsed time is 206.442647 seconds.

chan =

    80

Elapsed time is 206.906299 seconds.

chan =

    81

Elapsed time is 208.741429 seconds.

chan =

    82

Elapsed time is 210.832185 seconds.

chan =

    83

Elapsed time is 209.554150 seconds.

chan =

    84

Elapsed time is 208.391756 seconds.

chan =

    85

Elapsed time is 207.952413 seconds.

chan =

    86

Elapsed time is 208.080775 seconds.

chan =

    87

Elapsed time is 204.828849 seconds.

chan =

    88

Elapsed time is 206.778693 seconds.

chan =

    89

Elapsed time is 202.166564 seconds.

chan =

    90

Elapsed time is 206.313081 seconds.

chan =

    91

Elapsed time is 205.904258 seconds.

chan =

    92

Elapsed time is 201.414230 seconds.

chan =

    93

Elapsed time is 203.522684 seconds.

chan =

    94

Elapsed time is 205.195874 seconds.

chan =

    95

Elapsed time is 204.094220 seconds.

chan =

    96

Elapsed time is 203.254419 seconds.

chan =

    97

Elapsed time is 199.558112 seconds.

chan =

    98

Elapsed time is 202.977235 seconds.

chan =

    99

Elapsed time is 201.015752 seconds.

chan =

   100

Elapsed time is 204.942622 seconds.

chan =

   101

Elapsed time is 202.341942 seconds.

chan =

   102

Elapsed time is 204.612570 seconds.

chan =

   103

Elapsed time is 205.015291 seconds.

chan =

   104

Elapsed time is 204.662012 seconds.

chan =

   105

Elapsed time is 203.121694 seconds.

chan =

   106

Elapsed time is 202.411981 seconds.

chan =

   107

Elapsed time is 200.333040 seconds.

chan =

   108

Elapsed time is 200.206430 seconds.

chan =

   109

Elapsed time is 201.070531 seconds.

chan =

   110

Elapsed time is 200.270580 seconds.

chan =

   111

Elapsed time is 201.551186 seconds.

chan =

   112

Elapsed time is 201.741635 seconds.

chan =

   113

Elapsed time is 204.489854 seconds.

chan =

   114

Elapsed time is 203.164116 seconds.

chan =

   115

Elapsed time is 196.881686 seconds.

chan =

   116

Elapsed time is 196.532990 seconds.
attempting saving
save success: /projects/p31578/dtf8829/QuestConnect/CHANDAT/chanDat_SLCH006_003.mat
working on TF
encoding done
encoding RT done
retrieval 1 done
retrieval 2 done
attempting saving
save success: /projects/p31578/dtf8829/QuestConnect/CHANDAT/chanDat_SLCH006_003.mat
working on ISPC
channel: 1 took 0 minutes
channel: 2 took 0 minutes
channel: 3 took 0 minutes
channel: 4 took 3.6 minutes
channel: 5 took 3.8 minutes
channel: 6 took 3.8 minutes
channel: 7 took 3.7 minutes
channel: 8 took 3.6 minutes
channel: 9 took 3.6 minutes
channel: 10 took 3.6 minutes
channel: 11 took 3.6 minutes
channel: 12 took 3.6 minutes
channel: 13 took 3.6 minutes
channel: 14 took 3.6 minutes
channel: 15 took 4.6 minutes
channel: 16 took 4.8 minutes
channel: 17 took 4.8 minutes
channel: 18 took 4.8 minutes
channel: 19 took 4.8 minutes
channel: 20 took 4.8 minutes
channel: 21 took 4.7 minutes
channel: 22 took 4.7 minutes
channel: 23 took 4.7 minutes
channel: 24 took 4.7 minutes
channel: 25 took 4.7 minutes
channel: 26 took 4.7 minutes
channel: 27 took 4.7 minutes
channel: 28 took 4.7 minutes
channel: 29 took 4.8 minutes
channel: 30 took 4.8 minutes
channel: 31 took 4.8 minutes
channel: 32 took 4.7 minutes
channel: 33 took 4.8 minutes
channel: 34 took 4.8 minutes
channel: 35 took 4.8 minutes
channel: 36 took 4.8 minutes
channel: 37 took 4.8 minutes
channel: 38 took 4.8 minutes
channel: 39 took 4.8 minutes
channel: 40 took 4.8 minutes
channel: 41 took 4.9 minutes
channel: 42 took 4.8 minutes
channel: 43 took 4.8 minutes
channel: 44 took 4.8 minutes
channel: 45 took 4.8 minutes
channel: 46 took 4.8 minutes
channel: 47 took 4.8 minutes
channel: 48 took 4.8 minutes
channel: 49 took 4.8 minutes
channel: 50 took 4.8 minutes
channel: 51 took 4.8 minutes
channel: 52 took 4.8 minutes
channel: 53 took 4.8 minutes
channel: 54 took 4.8 minutes
channel: 55 took 4.8 minutes
channel: 56 took 4.7 minutes
channel: 57 took 4.8 minutes
channel: 58 took 4.7 minutes
channel: 59 took 4.8 minutes
channel: 60 took 4.7 minutes
channel: 61 took 4.8 minutes
channel: 62 took 4.8 minutes
channel: 63 took 4.8 minutes
channel: 64 took 4.7 minutes
channel: 65 took 4.8 minutes
channel: 66 took 4.1 minutes
channel: 67 took 3.6 minutes
channel: 68 took 3.6 minutes
channel: 69 took 3.6 minutes
channel: 70 took 3.6 minutes
channel: 71 took 3.6 minutes
channel: 72 took 3.6 minutes
channel: 73 took 3.6 minutes
channel: 74 took 3.6 minutes
channel: 75 took 3.6 minutes
channel: 76 took 3.6 minutes
channel: 77 took 3.6 minutes
channel: 78 took 3.6 minutes
channel: 79 took 3.6 minutes
channel: 80 took 3.6 minutes
channel: 81 took 3.6 minutes
channel: 82 took 3.6 minutes
channel: 83 took 3.6 minutes
channel: 84 took 3.6 minutes
channel: 85 took 3.6 minutes
channel: 86 took 3.6 minutes
channel: 87 took 3.6 minutes
channel: 88 took 3.6 minutes
channel: 89 took 3.6 minutes
channel: 90 took 3.6 minutes
channel: 91 took 3.6 minutes
channel: 92 took 3.6 minutes
channel: 93 took 3.6 minutes
channel: 94 took 3.6 minutes
channel: 95 took 3.6 minutes
channel: 96 took 3.5 minutes
channel: 97 took 3.6 minutes
channel: 98 took 3.6 minutes
channel: 99 took 3.6 minutes
channel: 100 took 3.5 minutes
channel: 101 took 3.6 minutes
channel: 102 took 3.6 minutes
channel: 103 took 3.6 minutes
channel: 104 took 3.6 minutes
channel: 105 took 3.6 minutes
channel: 106 took 3.6 minutes
channel: 107 took 3.6 minutes
channel: 108 took 3.6 minutes
channel: 109 took 3.6 minutes
channel: 110 took 3.6 minutes
channel: 111 took 3.6 minutes
channel: 112 took 3.6 minutes
channel: 113 took 3.6 minutes
channel: 114 took 3.6 minutes
channel: 115 took 3.6 minutes
channel: 116 took 3.5 minutes
attempting saving
save success: /projects/p31578/dtf8829/QuestConnect/CHANDAT/chanDat_SLCH006_003.mat
Elapsed time is 217.250772 seconds.
