getting started: 3579
attempting file: 3579
going for SLCH006 101
data loaded: SLCH006 101
MISMATCH WITH ZACH COORDINATES!!!
HFB already done

chan =

     1

Elapsed time is 211.773408 seconds.

chan =

     2

Elapsed time is 213.067076 seconds.

chan =

     3

Elapsed time is 216.056537 seconds.

chan =

     4

Elapsed time is 216.502820 seconds.

chan =

     5

Elapsed time is 220.429026 seconds.

chan =

     6

Elapsed time is 212.844363 seconds.

chan =

     7

Elapsed time is 216.838703 seconds.

chan =

     8

Elapsed time is 215.680961 seconds.

chan =

     9

Elapsed time is 212.477080 seconds.

chan =

    10

Elapsed time is 217.433118 seconds.

chan =

    11

Elapsed time is 214.435984 seconds.

chan =

    12

Elapsed time is 212.969310 seconds.

chan =

    13

Elapsed time is 211.840473 seconds.

chan =

    14

Elapsed time is 214.006525 seconds.

chan =

    15

Elapsed time is 212.053080 seconds.

chan =

    16

Elapsed time is 216.117657 seconds.

chan =

    17

Elapsed time is 211.448062 seconds.

chan =

    18

Elapsed time is 212.621174 seconds.

chan =

    19

Elapsed time is 213.773287 seconds.

chan =

    20

Elapsed time is 214.551210 seconds.

chan =

    21

Elapsed time is 211.828862 seconds.

chan =

    22

Elapsed time is 214.955619 seconds.

chan =

    23

Elapsed time is 208.562058 seconds.

chan =

    24

Elapsed time is 217.003902 seconds.

chan =

    25

Elapsed time is 214.861510 seconds.

chan =

    26

Elapsed time is 206.837559 seconds.

chan =

    27

Elapsed time is 204.048705 seconds.

chan =

    28

Elapsed time is 206.235265 seconds.

chan =

    29

Elapsed time is 207.271943 seconds.

chan =

    30

Elapsed time is 204.466138 seconds.

chan =

    31

Elapsed time is 210.142904 seconds.

chan =

    32

Elapsed time is 224.011605 seconds.

chan =

    33

Elapsed time is 230.779404 seconds.

chan =

    34

Elapsed time is 235.979781 seconds.

chan =

    35

Elapsed time is 218.384200 seconds.

chan =

    36

Elapsed time is 239.418037 seconds.

chan =

    37

Elapsed time is 238.495605 seconds.

chan =

    38

Elapsed time is 217.120124 seconds.

chan =

    39

Elapsed time is 233.227814 seconds.

chan =

    40

Elapsed time is 217.665337 seconds.

chan =

    41

Elapsed time is 230.857641 seconds.

chan =

    42

Elapsed time is 232.181509 seconds.

chan =

    43

Elapsed time is 237.875451 seconds.

chan =

    44

Elapsed time is 231.449520 seconds.

chan =

    45

Elapsed time is 232.364288 seconds.

chan =

    46

Elapsed time is 203.742518 seconds.

chan =

    47

Elapsed time is 226.541892 seconds.

chan =

    48

Elapsed time is 225.048810 seconds.

chan =

    49

Elapsed time is 215.192727 seconds.

chan =

    50

Elapsed time is 205.479457 seconds.

chan =

    51

Elapsed time is 201.356979 seconds.

chan =

    52

Elapsed time is 210.925278 seconds.

chan =

    53

Elapsed time is 236.248480 seconds.

chan =

    54

Elapsed time is 207.953610 seconds.

chan =

    55

Elapsed time is 212.192043 seconds.

chan =

    56

Elapsed time is 205.560238 seconds.

chan =

    57

Elapsed time is 200.005798 seconds.

chan =

    58

Elapsed time is 199.993762 seconds.

chan =

    59

Elapsed time is 197.374800 seconds.

chan =

    60

Elapsed time is 229.680056 seconds.

chan =

    61

Elapsed time is 230.599177 seconds.

chan =

    62

Elapsed time is 223.743928 seconds.

chan =

    63

Elapsed time is 206.969102 seconds.

chan =

    64

Elapsed time is 196.750765 seconds.

chan =

    65

Elapsed time is 199.451654 seconds.

chan =

    66

Elapsed time is 203.786665 seconds.

chan =

    67

Elapsed time is 201.190934 seconds.

chan =

    68

Elapsed time is 199.698012 seconds.

chan =

    69

Elapsed time is 196.131820 seconds.

chan =

    70

Elapsed time is 198.573381 seconds.

chan =

    71

Elapsed time is 200.622740 seconds.

chan =

    72

Elapsed time is 200.207583 seconds.

chan =

    73

Elapsed time is 197.410986 seconds.

chan =

    74

Elapsed time is 201.428539 seconds.

chan =

    75

Elapsed time is 196.222280 seconds.

chan =

    76

Elapsed time is 197.548195 seconds.

chan =

    77

Elapsed time is 198.272355 seconds.

chan =

    78

Elapsed time is 198.792794 seconds.

chan =

    79

Elapsed time is 196.058925 seconds.

chan =

    80

Elapsed time is 198.528120 seconds.

chan =

    81

Elapsed time is 200.873851 seconds.

chan =

    82

Elapsed time is 196.410201 seconds.

chan =

    83

Elapsed time is 195.671301 seconds.

chan =

    84

Elapsed time is 197.913664 seconds.

chan =

    85

Elapsed time is 198.658706 seconds.

chan =

    86

Elapsed time is 197.838017 seconds.

chan =

    87

Elapsed time is 198.571858 seconds.

chan =

    88

Elapsed time is 197.472266 seconds.

chan =

    89

Elapsed time is 197.498784 seconds.

chan =

    90

Elapsed time is 201.763972 seconds.

chan =

    91

Elapsed time is 198.735095 seconds.

chan =

    92

Elapsed time is 201.176571 seconds.

chan =

    93

Elapsed time is 202.575458 seconds.

chan =

    94

Elapsed time is 200.633076 seconds.

chan =

    95

Elapsed time is 193.769980 seconds.

chan =

    96

Elapsed time is 199.990559 seconds.

chan =

    97

Elapsed time is 199.949750 seconds.

chan =

    98

Elapsed time is 198.480615 seconds.

chan =

    99

Elapsed time is 198.314438 seconds.

chan =

   100

Elapsed time is 198.691469 seconds.

chan =

   101

Elapsed time is 198.088017 seconds.

chan =

   102

Elapsed time is 201.042839 seconds.

chan =

   103

Elapsed time is 197.034400 seconds.

chan =

   104

Elapsed time is 193.443367 seconds.

chan =

   105

Elapsed time is 196.775985 seconds.

chan =

   106

Elapsed time is 196.000411 seconds.

chan =

   107

Elapsed time is 199.564471 seconds.

chan =

   108

Elapsed time is 197.402696 seconds.

chan =

   109

Elapsed time is 197.764045 seconds.

chan =

   110

Elapsed time is 201.511232 seconds.

chan =

   111

Elapsed time is 201.816325 seconds.

chan =

   112

Elapsed time is 199.386560 seconds.

chan =

   113

Elapsed time is 201.242728 seconds.

chan =

   114

Elapsed time is 197.647967 seconds.

chan =

   115

Elapsed time is 196.493774 seconds.

chan =

   116

Elapsed time is 191.751430 seconds.
attempting saving
save success: /projects/p31578/dtf8829/QuestConnect/CHANDAT/chanDat_SLCH006_101.mat
working on TF
encoding done
encoding RT done
retrieval 1 done
retrieval 2 done
attempting saving
save success: /projects/p31578/dtf8829/QuestConnect/CHANDAT/chanDat_SLCH006_101.mat
working on ISPC
channel: 1 took 0 minutes
channel: 2 took 0 minutes
channel: 3 took 0 minutes
channel: 4 took 0 minutes
channel: 5 took 0 minutes
channel: 6 took 0 minutes
channel: 7 took 0 minutes
channel: 8 took 0 minutes
channel: 9 took 0 minutes
channel: 10 took 0 minutes
channel: 11 took 0 minutes
channel: 12 took 0 minutes
channel: 13 took 0 minutes
channel: 14 took 0 minutes
channel: 15 took 0 minutes
channel: 16 took 0 minutes
channel: 17 took 0 minutes
channel: 18 took 0 minutes
channel: 19 took 0 minutes
channel: 20 took 0 minutes
channel: 21 took 0 minutes
channel: 22 took 0 minutes
channel: 23 took 0 minutes
channel: 24 took 0 minutes
channel: 25 took 0 minutes
channel: 26 took 0 minutes
channel: 27 took 0 minutes
channel: 28 took 0 minutes
channel: 29 took 0 minutes
channel: 30 took 0 minutes
channel: 31 took 0 minutes
channel: 32 took 0 minutes
channel: 33 took 0 minutes
channel: 34 took 0 minutes
channel: 35 took 0 minutes
channel: 36 took 0 minutes
channel: 37 took 0 minutes
channel: 38 took 0 minutes
channel: 39 took 0 minutes
channel: 40 took 0 minutes
channel: 41 took 0 minutes
channel: 42 took 0 minutes
channel: 43 took 0 minutes
channel: 44 took 0 minutes
channel: 45 took 0 minutes
channel: 46 took 0 minutes
channel: 47 took 0 minutes
channel: 48 took 0 minutes
channel: 49 took 0 minutes
channel: 50 took 0 minutes
channel: 51 took 0 minutes
channel: 52 took 0 minutes
channel: 53 took 0 minutes
channel: 54 took 0 minutes
channel: 55 took 0 minutes
channel: 56 took 0 minutes
channel: 57 took 0 minutes
channel: 58 took 0 minutes
channel: 59 took 0 minutes
channel: 60 took 0 minutes
channel: 61 took 0 minutes
channel: 62 took 0 minutes
channel: 63 took 0 minutes
channel: 64 took 0 minutes
channel: 65 took 0 minutes
channel: 66 took 0 minutes
channel: 67 took 0 minutes
channel: 68 took 0 minutes
channel: 69 took 0 minutes
channel: 70 took 0 minutes
channel: 71 took 0 minutes
channel: 72 took 0 minutes
channel: 73 took 0 minutes
channel: 74 took 0 minutes
channel: 75 took 0 minutes
channel: 76 took 0 minutes
channel: 77 took 0 minutes
channel: 78 took 0 minutes
channel: 79 took 0 minutes
channel: 80 took 0 minutes
channel: 81 took 0 minutes
channel: 82 took 0 minutes
channel: 83 took 0 minutes
channel: 84 took 0 minutes
channel: 85 took 0 minutes
channel: 86 took 0 minutes
channel: 87 took 0 minutes
channel: 88 took 0 minutes
channel: 89 took 0 minutes
channel: 90 took 0 minutes
channel: 91 took 0 minutes
channel: 92 took 0 minutes
channel: 93 took 0 minutes
channel: 94 took 0 minutes
channel: 95 took 0 minutes
channel: 96 took 0 minutes
channel: 97 took 0 minutes
channel: 98 took 0 minutes
channel: 99 took 0 minutes
channel: 100 took 0 minutes
channel: 101 took 0 minutes
channel: 102 took 3.6 minutes
channel: 103 took 3.6 minutes
channel: 104 took 3.6 minutes
channel: 105 took 3.6 minutes
channel: 106 took 3.6 minutes
channel: 107 took 3.6 minutes
channel: 108 took 3.6 minutes
channel: 109 took 3.6 minutes
channel: 110 took 3.6 minutes
channel: 111 took 3.6 minutes
channel: 112 took 3.6 minutes
channel: 113 took 3.6 minutes
channel: 114 took 3.6 minutes
channel: 115 took 3.6 minutes
channel: 116 took 3.6 minutes
attempting saving
save success: /projects/p31578/dtf8829/QuestConnect/CHANDAT/chanDat_SLCH006_101.mat
Elapsed time is 222.353431 seconds.
