getting started: 3565
attempting file: 3565
going for SLCH006 87
data loaded: SLCH006 87
MISMATCH WITH ZACH COORDINATES!!!
HFB already done

chan =

     1

Elapsed time is 283.288658 seconds.

chan =

     2

Elapsed time is 274.307516 seconds.

chan =

     3

Elapsed time is 273.319576 seconds.

chan =

     4

Elapsed time is 275.482018 seconds.

chan =

     5

Elapsed time is 277.142656 seconds.

chan =

     6

Elapsed time is 276.225270 seconds.

chan =

     7

Elapsed time is 277.142028 seconds.

chan =

     8

Elapsed time is 280.094733 seconds.

chan =

     9

Elapsed time is 275.912322 seconds.

chan =

    10

Elapsed time is 273.950956 seconds.

chan =

    11

Elapsed time is 272.489872 seconds.

chan =

    12

Elapsed time is 270.660534 seconds.

chan =

    13

Elapsed time is 267.441424 seconds.

chan =

    14

Elapsed time is 237.029024 seconds.

chan =

    15

Elapsed time is 237.511732 seconds.

chan =

    16

Elapsed time is 230.427595 seconds.

chan =

    17

Elapsed time is 223.502573 seconds.

chan =

    18

Elapsed time is 221.974844 seconds.

chan =

    19

Elapsed time is 214.197266 seconds.

chan =

    20

Elapsed time is 209.686266 seconds.

chan =

    21

Elapsed time is 209.923507 seconds.

chan =

    22

Elapsed time is 209.232177 seconds.

chan =

    23

Elapsed time is 216.185727 seconds.

chan =

    24

Elapsed time is 237.691831 seconds.

chan =

    25

Elapsed time is 225.114642 seconds.

chan =

    26

Elapsed time is 256.757940 seconds.

chan =

    27

Elapsed time is 253.000937 seconds.

chan =

    28

Elapsed time is 249.127117 seconds.

chan =

    29

Elapsed time is 209.957235 seconds.

chan =

    30

Elapsed time is 247.694913 seconds.

chan =

    31

Elapsed time is 254.229717 seconds.

chan =

    32

Elapsed time is 255.069016 seconds.

chan =

    33

Elapsed time is 227.606711 seconds.

chan =

    34

Elapsed time is 235.713638 seconds.

chan =

    35

Elapsed time is 232.617858 seconds.

chan =

    36

Elapsed time is 248.463427 seconds.

chan =

    37

Elapsed time is 256.925087 seconds.

chan =

    38

Elapsed time is 249.248996 seconds.

chan =

    39

Elapsed time is 229.586993 seconds.

chan =

    40

Elapsed time is 258.708744 seconds.

chan =

    41

Elapsed time is 243.099846 seconds.

chan =

    42

Elapsed time is 246.495653 seconds.

chan =

    43

Elapsed time is 252.878787 seconds.

chan =

    44

Elapsed time is 238.710245 seconds.

chan =

    45

Elapsed time is 214.244525 seconds.

chan =

    46

Elapsed time is 233.331661 seconds.

chan =

    47

Elapsed time is 218.442955 seconds.

chan =

    48

Elapsed time is 224.172007 seconds.

chan =

    49

Elapsed time is 233.448353 seconds.

chan =

    50

Elapsed time is 218.353769 seconds.

chan =

    51

Elapsed time is 218.774282 seconds.

chan =

    52

Elapsed time is 219.811124 seconds.

chan =

    53

Elapsed time is 231.807759 seconds.

chan =

    54

Elapsed time is 224.936075 seconds.

chan =

    55

Elapsed time is 209.382932 seconds.

chan =

    56

Elapsed time is 208.919342 seconds.

chan =

    57

Elapsed time is 208.076595 seconds.

chan =

    58

Elapsed time is 209.700578 seconds.

chan =

    59

Elapsed time is 209.479933 seconds.

chan =

    60

Elapsed time is 210.167558 seconds.

chan =

    61

Elapsed time is 214.872926 seconds.

chan =

    62

Elapsed time is 219.589226 seconds.

chan =

    63

Elapsed time is 207.241734 seconds.

chan =

    64

Elapsed time is 210.260368 seconds.

chan =

    65

Elapsed time is 221.061742 seconds.

chan =

    66

Elapsed time is 230.722096 seconds.

chan =

    67

Elapsed time is 230.511906 seconds.

chan =

    68

Elapsed time is 230.070583 seconds.

chan =

    69

Elapsed time is 230.954828 seconds.

chan =

    70

Elapsed time is 230.540040 seconds.

chan =

    71

Elapsed time is 229.114602 seconds.

chan =

    72

Elapsed time is 228.845636 seconds.

chan =

    73

Elapsed time is 228.891675 seconds.

chan =

    74

Elapsed time is 228.551132 seconds.

chan =

    75

Elapsed time is 229.362690 seconds.

chan =

    76

Elapsed time is 228.938770 seconds.

chan =

    77

Elapsed time is 227.001274 seconds.

chan =

    78

Elapsed time is 227.466824 seconds.

chan =

    79

Elapsed time is 227.106181 seconds.

chan =

    80

Elapsed time is 228.528009 seconds.

chan =

    81

Elapsed time is 221.136853 seconds.

chan =

    82

Elapsed time is 211.826975 seconds.

chan =

    83

Elapsed time is 211.553927 seconds.

chan =

    84

Elapsed time is 209.380082 seconds.

chan =

    85

Elapsed time is 209.073787 seconds.

chan =

    86

Elapsed time is 210.441935 seconds.

chan =

    87

Elapsed time is 209.899550 seconds.

chan =

    88

Elapsed time is 209.903297 seconds.

chan =

    89

Elapsed time is 210.553100 seconds.

chan =

    90

Elapsed time is 209.603099 seconds.

chan =

    91

Elapsed time is 210.356157 seconds.

chan =

    92

Elapsed time is 208.782346 seconds.

chan =

    93

Elapsed time is 209.269070 seconds.

chan =

    94

Elapsed time is 208.920829 seconds.

chan =

    95

Elapsed time is 209.019286 seconds.

chan =

    96

Elapsed time is 209.116510 seconds.

chan =

    97

Elapsed time is 207.544180 seconds.

chan =

    98

Elapsed time is 207.084152 seconds.

chan =

    99

Elapsed time is 210.277230 seconds.

chan =

   100

Elapsed time is 210.611241 seconds.

chan =

   101

Elapsed time is 211.904038 seconds.

chan =

   102

Elapsed time is 210.472261 seconds.

chan =

   103

Elapsed time is 211.448428 seconds.

chan =

   104

Elapsed time is 212.385573 seconds.

chan =

   105

Elapsed time is 210.131923 seconds.

chan =

   106

Elapsed time is 209.278914 seconds.

chan =

   107

Elapsed time is 211.142233 seconds.

chan =

   108

Elapsed time is 212.513883 seconds.

chan =

   109

Elapsed time is 211.769195 seconds.

chan =

   110

Elapsed time is 211.373813 seconds.

chan =

   111

Elapsed time is 210.781019 seconds.

chan =

   112

Elapsed time is 213.296375 seconds.

chan =

   113

Elapsed time is 229.345467 seconds.

chan =

   114

Elapsed time is 232.809152 seconds.

chan =

   115

Elapsed time is 205.509101 seconds.

chan =

   116

Elapsed time is 203.455098 seconds.
attempting saving
save success: /projects/p31578/dtf8829/QuestConnect/CHANDAT/chanDat_SLCH006_087.mat
working on TF
encoding done
encoding RT done
retrieval 1 done
retrieval 2 done
attempting saving
save success: /projects/p31578/dtf8829/QuestConnect/CHANDAT/chanDat_SLCH006_087.mat
working on ISPC
channel: 1 took 0 minutes
channel: 2 took 0 minutes
channel: 3 took 0 minutes
channel: 4 took 0 minutes
channel: 5 took 0 minutes
channel: 6 took 0 minutes
channel: 7 took 0 minutes
channel: 8 took 0 minutes
channel: 9 took 0 minutes
channel: 10 took 0 minutes
channel: 11 took 0 minutes
channel: 12 took 0 minutes
channel: 13 took 0 minutes
channel: 14 took 0 minutes
channel: 15 took 0 minutes
channel: 16 took 0 minutes
channel: 17 took 0 minutes
channel: 18 took 0 minutes
channel: 19 took 0 minutes
channel: 20 took 0 minutes
channel: 21 took 0 minutes
channel: 22 took 0 minutes
channel: 23 took 0 minutes
channel: 24 took 0 minutes
channel: 25 took 0 minutes
channel: 26 took 0 minutes
channel: 27 took 0 minutes
channel: 28 took 0 minutes
channel: 29 took 0 minutes
channel: 30 took 0 minutes
channel: 31 took 0 minutes
channel: 32 took 0 minutes
channel: 33 took 0 minutes
channel: 34 took 0 minutes
channel: 35 took 0 minutes
channel: 36 took 0 minutes
channel: 37 took 0 minutes
channel: 38 took 0 minutes
channel: 39 took 0 minutes
channel: 40 took 0 minutes
channel: 41 took 0 minutes
channel: 42 took 0 minutes
channel: 43 took 0 minutes
channel: 44 took 0 minutes
channel: 45 took 0 minutes
channel: 46 took 0 minutes
channel: 47 took 0 minutes
channel: 48 took 0 minutes
channel: 49 took 0 minutes
channel: 50 took 0 minutes
channel: 51 took 0 minutes
channel: 52 took 0 minutes
channel: 53 took 0 minutes
channel: 54 took 0 minutes
channel: 55 took 0 minutes
channel: 56 took 0 minutes
channel: 57 took 0 minutes
channel: 58 took 0 minutes
channel: 59 took 0 minutes
channel: 60 took 0 minutes
channel: 61 took 0 minutes
channel: 62 took 0 minutes
channel: 63 took 0 minutes
channel: 64 took 0 minutes
channel: 65 took 0 minutes
channel: 66 took 0 minutes
channel: 67 took 0 minutes
channel: 68 took 0 minutes
channel: 69 took 0 minutes
channel: 70 took 0 minutes
channel: 71 took 0 minutes
channel: 72 took 0 minutes
channel: 73 took 0 minutes
channel: 74 took 0 minutes
channel: 75 took 0 minutes
channel: 76 took 0 minutes
channel: 77 took 0 minutes
channel: 78 took 0 minutes
channel: 79 took 0 minutes
channel: 80 took 0 minutes
channel: 81 took 0 minutes
channel: 82 took 0 minutes
channel: 83 took 0 minutes
channel: 84 took 0 minutes
channel: 85 took 0 minutes
channel: 86 took 0 minutes
channel: 87 took 0 minutes
channel: 88 took 3.8 minutes
channel: 89 took 3.8 minutes
channel: 90 took 3.8 minutes
channel: 91 took 3.8 minutes
channel: 92 took 3.8 minutes
channel: 93 took 3.8 minutes
channel: 94 took 3.8 minutes
channel: 95 took 3.7 minutes
channel: 96 took 3.8 minutes
channel: 97 took 3.8 minutes
channel: 98 took 3.8 minutes
channel: 99 took 3.9 minutes
channel: 100 took 4.2 minutes
channel: 101 took 3.8 minutes
channel: 102 took 4.2 minutes
channel: 103 took 4.4 minutes
channel: 104 took 4.4 minutes
channel: 105 took 4.4 minutes
channel: 106 took 4.4 minutes
channel: 107 took 4.4 minutes
channel: 108 took 4.4 minutes
channel: 109 took 4.4 minutes
channel: 110 took 4.4 minutes
channel: 111 took 4.4 minutes
channel: 112 took 4.3 minutes
channel: 113 took 4.3 minutes
channel: 114 took 3.7 minutes
channel: 115 took 3.5 minutes
channel: 116 took 3.5 minutes
attempting saving
save success: /projects/p31578/dtf8829/QuestConnect/CHANDAT/chanDat_SLCH006_087.mat
Elapsed time is 216.597465 seconds.
