getting started: 3568
attempting file: 3568
going for SLCH006 90
data loaded: SLCH006 90
MISMATCH WITH ZACH COORDINATES!!!
HFB already done

chan =

     1

Elapsed time is 284.303237 seconds.

chan =

     2

Elapsed time is 275.382561 seconds.

chan =

     3

Elapsed time is 274.932750 seconds.

chan =

     4

Elapsed time is 275.803855 seconds.

chan =

     5

Elapsed time is 277.997904 seconds.

chan =

     6

Elapsed time is 275.921195 seconds.

chan =

     7

Elapsed time is 277.543773 seconds.

chan =

     8

Elapsed time is 280.124306 seconds.

chan =

     9

Elapsed time is 277.135681 seconds.

chan =

    10

Elapsed time is 272.639675 seconds.

chan =

    11

Elapsed time is 273.585121 seconds.

chan =

    12

Elapsed time is 271.245601 seconds.

chan =

    13

Elapsed time is 268.158745 seconds.

chan =

    14

Elapsed time is 238.351981 seconds.

chan =

    15

Elapsed time is 237.661241 seconds.

chan =

    16

Elapsed time is 230.417739 seconds.

chan =

    17

Elapsed time is 223.387899 seconds.

chan =

    18

Elapsed time is 220.509701 seconds.

chan =

    19

Elapsed time is 215.251207 seconds.

chan =

    20

Elapsed time is 210.605468 seconds.

chan =

    21

Elapsed time is 211.326446 seconds.

chan =

    22

Elapsed time is 211.396467 seconds.

chan =

    23

Elapsed time is 221.384664 seconds.

chan =

    24

Elapsed time is 235.069584 seconds.

chan =

    25

Elapsed time is 230.808683 seconds.

chan =

    26

Elapsed time is 257.552193 seconds.

chan =

    27

Elapsed time is 252.601342 seconds.

chan =

    28

Elapsed time is 245.947800 seconds.

chan =

    29

Elapsed time is 211.402291 seconds.

chan =

    30

Elapsed time is 252.192096 seconds.

chan =

    31

Elapsed time is 256.400959 seconds.

chan =

    32

Elapsed time is 255.332679 seconds.

chan =

    33

Elapsed time is 224.710969 seconds.

chan =

    34

Elapsed time is 242.296180 seconds.

chan =

    35

Elapsed time is 229.527003 seconds.

chan =

    36

Elapsed time is 253.374022 seconds.

chan =

    37

Elapsed time is 258.536885 seconds.

chan =

    38

Elapsed time is 245.149051 seconds.

chan =

    39

Elapsed time is 234.397258 seconds.

chan =

    40

Elapsed time is 258.589263 seconds.

chan =

    41

Elapsed time is 239.286318 seconds.

chan =

    42

Elapsed time is 252.681065 seconds.

chan =

    43

Elapsed time is 252.992643 seconds.

chan =

    44

Elapsed time is 234.394313 seconds.

chan =

    45

Elapsed time is 214.953787 seconds.

chan =

    46

Elapsed time is 232.962088 seconds.

chan =

    47

Elapsed time is 220.917083 seconds.

chan =

    48

Elapsed time is 231.785866 seconds.

chan =

    49

Elapsed time is 229.948086 seconds.

chan =

    50

Elapsed time is 220.475797 seconds.

chan =

    51

Elapsed time is 219.917096 seconds.

chan =

    52

Elapsed time is 220.031699 seconds.

chan =

    53

Elapsed time is 238.942859 seconds.

chan =

    54

Elapsed time is 219.019617 seconds.

chan =

    55

Elapsed time is 211.530947 seconds.

chan =

    56

Elapsed time is 210.565314 seconds.

chan =

    57

Elapsed time is 211.806143 seconds.

chan =

    58

Elapsed time is 211.416612 seconds.

chan =

    59

Elapsed time is 212.096520 seconds.

chan =

    60

Elapsed time is 210.503844 seconds.

chan =

    61

Elapsed time is 223.555028 seconds.

chan =

    62

Elapsed time is 214.220813 seconds.

chan =

    63

Elapsed time is 209.273986 seconds.

chan =

    64

Elapsed time is 211.054447 seconds.

chan =

    65

Elapsed time is 226.758547 seconds.

chan =

    66

Elapsed time is 231.549343 seconds.

chan =

    67

Elapsed time is 230.764586 seconds.

chan =

    68

Elapsed time is 231.092323 seconds.

chan =

    69

Elapsed time is 230.360715 seconds.

chan =

    70

Elapsed time is 230.492814 seconds.

chan =

    71

Elapsed time is 230.719199 seconds.

chan =

    72

Elapsed time is 230.749830 seconds.

chan =

    73

Elapsed time is 230.655256 seconds.

chan =

    74

Elapsed time is 231.304507 seconds.

chan =

    75

Elapsed time is 230.804645 seconds.

chan =

    76

Elapsed time is 230.158102 seconds.

chan =

    77

Elapsed time is 227.085832 seconds.

chan =

    78

Elapsed time is 227.947931 seconds.

chan =

    79

Elapsed time is 226.520662 seconds.

chan =

    80

Elapsed time is 227.374416 seconds.

chan =

    81

Elapsed time is 216.084775 seconds.

chan =

    82

Elapsed time is 211.309765 seconds.

chan =

    83

Elapsed time is 212.129336 seconds.

chan =

    84

Elapsed time is 210.348451 seconds.

chan =

    85

Elapsed time is 210.277063 seconds.

chan =

    86

Elapsed time is 209.966246 seconds.

chan =

    87

Elapsed time is 209.533114 seconds.

chan =

    88

Elapsed time is 209.966960 seconds.

chan =

    89

Elapsed time is 208.749352 seconds.

chan =

    90

Elapsed time is 210.050912 seconds.

chan =

    91

Elapsed time is 210.605085 seconds.

chan =

    92

Elapsed time is 209.393989 seconds.

chan =

    93

Elapsed time is 210.030378 seconds.

chan =

    94

Elapsed time is 210.903360 seconds.

chan =

    95

Elapsed time is 208.014520 seconds.

chan =

    96

Elapsed time is 210.929971 seconds.

chan =

    97

Elapsed time is 207.249210 seconds.

chan =

    98

Elapsed time is 208.453383 seconds.

chan =

    99

Elapsed time is 210.498788 seconds.

chan =

   100

Elapsed time is 212.273900 seconds.

chan =

   101

Elapsed time is 211.115707 seconds.

chan =

   102

Elapsed time is 212.004334 seconds.

chan =

   103

Elapsed time is 212.248925 seconds.

chan =

   104

Elapsed time is 213.496707 seconds.

chan =

   105

Elapsed time is 209.413928 seconds.

chan =

   106

Elapsed time is 210.598648 seconds.

chan =

   107

Elapsed time is 212.208841 seconds.

chan =

   108

Elapsed time is 212.628945 seconds.

chan =

   109

Elapsed time is 212.494799 seconds.

chan =

   110

Elapsed time is 211.745169 seconds.

chan =

   111

Elapsed time is 212.111672 seconds.

chan =

   112

Elapsed time is 214.767071 seconds.

chan =

   113

Elapsed time is 245.602115 seconds.

chan =

   114

Elapsed time is 216.074544 seconds.

chan =

   115

Elapsed time is 204.235323 seconds.

chan =

   116

Elapsed time is 202.626581 seconds.
attempting saving
save success: /projects/p31578/dtf8829/QuestConnect/CHANDAT/chanDat_SLCH006_090.mat
working on TF
encoding done
encoding RT done
retrieval 1 done
retrieval 2 done
attempting saving
save success: /projects/p31578/dtf8829/QuestConnect/CHANDAT/chanDat_SLCH006_090.mat
working on ISPC
channel: 1 took 0 minutes
channel: 2 took 0 minutes
channel: 3 took 0 minutes
channel: 4 took 0 minutes
channel: 5 took 0 minutes
channel: 6 took 0 minutes
channel: 7 took 0 minutes
channel: 8 took 0 minutes
channel: 9 took 0 minutes
channel: 10 took 0 minutes
channel: 11 took 0 minutes
channel: 12 took 0 minutes
channel: 13 took 0 minutes
channel: 14 took 0 minutes
channel: 15 took 0 minutes
channel: 16 took 0 minutes
channel: 17 took 0 minutes
channel: 18 took 0 minutes
channel: 19 took 0 minutes
channel: 20 took 0 minutes
channel: 21 took 0 minutes
channel: 22 took 0 minutes
channel: 23 took 0 minutes
channel: 24 took 0 minutes
channel: 25 took 0 minutes
channel: 26 took 0 minutes
channel: 27 took 0 minutes
channel: 28 took 0 minutes
channel: 29 took 0 minutes
channel: 30 took 0 minutes
channel: 31 took 0 minutes
channel: 32 took 0 minutes
channel: 33 took 0 minutes
channel: 34 took 0 minutes
channel: 35 took 0 minutes
channel: 36 took 0 minutes
channel: 37 took 0 minutes
channel: 38 took 0 minutes
channel: 39 took 0 minutes
channel: 40 took 0 minutes
channel: 41 took 0 minutes
channel: 42 took 0 minutes
channel: 43 took 0 minutes
channel: 44 took 0 minutes
channel: 45 took 0 minutes
channel: 46 took 0 minutes
channel: 47 took 0 minutes
channel: 48 took 0 minutes
channel: 49 took 0 minutes
channel: 50 took 0 minutes
channel: 51 took 0 minutes
channel: 52 took 0 minutes
channel: 53 took 0 minutes
channel: 54 took 0 minutes
channel: 55 took 0 minutes
channel: 56 took 0 minutes
channel: 57 took 0 minutes
channel: 58 took 0 minutes
channel: 59 took 0 minutes
channel: 60 took 0 minutes
channel: 61 took 0 minutes
channel: 62 took 0 minutes
channel: 63 took 0 minutes
channel: 64 took 0 minutes
channel: 65 took 0 minutes
channel: 66 took 0 minutes
channel: 67 took 0 minutes
channel: 68 took 0 minutes
channel: 69 took 0 minutes
channel: 70 took 0 minutes
channel: 71 took 0 minutes
channel: 72 took 0 minutes
channel: 73 took 0 minutes
channel: 74 took 0 minutes
channel: 75 took 0 minutes
channel: 76 took 0 minutes
channel: 77 took 0 minutes
channel: 78 took 0 minutes
channel: 79 took 0 minutes
channel: 80 took 0 minutes
channel: 81 took 0 minutes
channel: 82 took 0 minutes
channel: 83 took 0 minutes
channel: 84 took 0 minutes
channel: 85 took 0 minutes
channel: 86 took 0 minutes
channel: 87 took 0 minutes
channel: 88 took 0 minutes
channel: 89 took 0 minutes
channel: 90 took 0 minutes
channel: 91 took 3.9 minutes
channel: 92 took 3.8 minutes
channel: 93 took 3.9 minutes
channel: 94 took 3.8 minutes
channel: 95 took 3.8 minutes
channel: 96 took 3.8 minutes
channel: 97 took 3.8 minutes
channel: 98 took 3.8 minutes
channel: 99 took 3.9 minutes
channel: 100 took 3.8 minutes
channel: 101 took 3.8 minutes
channel: 102 took 4.3 minutes
channel: 103 took 4 minutes
channel: 104 took 4.1 minutes
channel: 105 took 4.4 minutes
channel: 106 took 4.4 minutes
channel: 107 took 4.4 minutes
channel: 108 took 4.5 minutes
channel: 109 took 4.4 minutes
channel: 110 took 4.4 minutes
channel: 111 took 4.5 minutes
channel: 112 took 4.5 minutes
channel: 113 took 4.4 minutes
channel: 114 took 4.4 minutes
channel: 115 took 4.4 minutes
channel: 116 took 4 minutes
attempting saving
save success: /projects/p31578/dtf8829/QuestConnect/CHANDAT/chanDat_SLCH006_090.mat
Elapsed time is 247.799002 seconds.
