getting started: 3588
attempting file: 3588
going for SLCH006 110
data loaded: SLCH006 110
MISMATCH WITH ZACH COORDINATES!!!
HFB already done

chan =

     1

Elapsed time is 250.030737 seconds.

chan =

     2

Elapsed time is 261.628893 seconds.

chan =

     3

Elapsed time is 267.076546 seconds.

chan =

     4

Elapsed time is 264.537338 seconds.

chan =

     5

Elapsed time is 265.036357 seconds.

chan =

     6

Elapsed time is 260.231968 seconds.

chan =

     7

Elapsed time is 258.254504 seconds.

chan =

     8

Elapsed time is 254.297073 seconds.

chan =

     9

Elapsed time is 254.172047 seconds.

chan =

    10

Elapsed time is 249.536539 seconds.

chan =

    11

Elapsed time is 252.860768 seconds.

chan =

    12

Elapsed time is 246.420805 seconds.

chan =

    13

Elapsed time is 247.353925 seconds.

chan =

    14

Elapsed time is 245.911030 seconds.

chan =

    15

Elapsed time is 250.355923 seconds.

chan =

    16

Elapsed time is 246.206486 seconds.

chan =

    17

Elapsed time is 244.502474 seconds.

chan =

    18

Elapsed time is 245.180502 seconds.

chan =

    19

Elapsed time is 248.674445 seconds.

chan =

    20

Elapsed time is 247.803083 seconds.

chan =

    21

Elapsed time is 250.592128 seconds.

chan =

    22

Elapsed time is 244.186328 seconds.

chan =

    23

Elapsed time is 240.490939 seconds.

chan =

    24

Elapsed time is 262.606989 seconds.

chan =

    25

Elapsed time is 261.270558 seconds.

chan =

    26

Elapsed time is 234.179194 seconds.

chan =

    27

Elapsed time is 234.220137 seconds.

chan =

    28

Elapsed time is 235.107455 seconds.

chan =

    29

Elapsed time is 269.508908 seconds.

chan =

    30

Elapsed time is 269.999483 seconds.

chan =

    31

Elapsed time is 267.468173 seconds.

chan =

    32

Elapsed time is 247.559519 seconds.

chan =

    33

Elapsed time is 267.158291 seconds.

chan =

    34

Elapsed time is 272.081083 seconds.

chan =

    35

Elapsed time is 267.097524 seconds.

chan =

    36

Elapsed time is 247.799650 seconds.

chan =

    37

Elapsed time is 248.160204 seconds.

chan =

    38

Elapsed time is 250.491251 seconds.

chan =

    39

Elapsed time is 256.846599 seconds.

chan =

    40

Elapsed time is 258.879587 seconds.

chan =

    41

Elapsed time is 259.779856 seconds.

chan =

    42

Elapsed time is 259.032155 seconds.

chan =

    43

Elapsed time is 266.444097 seconds.

chan =

    44

Elapsed time is 254.332307 seconds.

chan =

    45

Elapsed time is 266.071134 seconds.

chan =

    46

Elapsed time is 249.456425 seconds.

chan =

    47

Elapsed time is 253.743541 seconds.

chan =

    48

Elapsed time is 247.022024 seconds.

chan =

    49

Elapsed time is 246.975557 seconds.

chan =

    50

Elapsed time is 249.755700 seconds.

chan =

    51

Elapsed time is 250.392217 seconds.

chan =

    52

Elapsed time is 250.294554 seconds.

chan =

    53

Elapsed time is 249.395900 seconds.

chan =

    54

Elapsed time is 240.867914 seconds.

chan =

    55

Elapsed time is 249.899724 seconds.

chan =

    56

Elapsed time is 250.059421 seconds.

chan =

    57

Elapsed time is 249.847189 seconds.

chan =

    58

Elapsed time is 249.303352 seconds.

chan =

    59

Elapsed time is 244.538095 seconds.

chan =

    60

Elapsed time is 248.778162 seconds.

chan =

    61

Elapsed time is 250.416011 seconds.

chan =

    62

Elapsed time is 246.962350 seconds.

chan =

    63

Elapsed time is 247.075812 seconds.

chan =

    64

Elapsed time is 243.016119 seconds.

chan =

    65

Elapsed time is 249.353083 seconds.

chan =

    66

Elapsed time is 252.735231 seconds.

chan =

    67

Elapsed time is 254.345646 seconds.

chan =

    68

Elapsed time is 251.137669 seconds.

chan =

    69

Elapsed time is 242.056232 seconds.

chan =

    70

Elapsed time is 248.085709 seconds.

chan =

    71

Elapsed time is 248.310643 seconds.

chan =

    72

Elapsed time is 244.696157 seconds.

chan =

    73

Elapsed time is 253.094787 seconds.

chan =

    74

Elapsed time is 241.668227 seconds.

chan =

    75

Elapsed time is 244.655695 seconds.

chan =

    76

Elapsed time is 243.802238 seconds.

chan =

    77

Elapsed time is 242.688440 seconds.

chan =

    78

Elapsed time is 242.084833 seconds.

chan =

    79

Elapsed time is 236.160034 seconds.

chan =

    80

Elapsed time is 238.982751 seconds.

chan =

    81

Elapsed time is 245.287614 seconds.

chan =

    82

Elapsed time is 245.809088 seconds.

chan =

    83

Elapsed time is 246.171961 seconds.

chan =

    84

Elapsed time is 244.406619 seconds.

chan =

    85

Elapsed time is 244.784579 seconds.

chan =

    86

Elapsed time is 239.750051 seconds.

chan =

    87

Elapsed time is 238.615594 seconds.

chan =

    88

Elapsed time is 236.713363 seconds.

chan =

    89

Elapsed time is 237.825191 seconds.

chan =

    90

Elapsed time is 237.054460 seconds.

chan =

    91

Elapsed time is 240.904069 seconds.

chan =

    92

Elapsed time is 239.054311 seconds.

chan =

    93

Elapsed time is 241.103057 seconds.

chan =

    94

Elapsed time is 235.625669 seconds.

chan =

    95

Elapsed time is 233.089402 seconds.

chan =

    96

Elapsed time is 236.617645 seconds.

chan =

    97

Elapsed time is 239.221019 seconds.

chan =

    98

Elapsed time is 240.027020 seconds.

chan =

    99

Elapsed time is 243.449119 seconds.

chan =

   100

Elapsed time is 225.906659 seconds.

chan =

   101

Elapsed time is 243.874196 seconds.

chan =

   102

Elapsed time is 239.710262 seconds.

chan =

   103

Elapsed time is 241.527374 seconds.

chan =

   104

Elapsed time is 236.572446 seconds.

chan =

   105

Elapsed time is 234.471020 seconds.

chan =

   106

Elapsed time is 232.939435 seconds.

chan =

   107

Elapsed time is 242.144460 seconds.

chan =

   108

Elapsed time is 234.998766 seconds.

chan =

   109

Elapsed time is 243.237234 seconds.

chan =

   110

Elapsed time is 238.576177 seconds.

chan =

   111

Elapsed time is 237.809952 seconds.

chan =

   112

Elapsed time is 241.471202 seconds.

chan =

   113

Elapsed time is 240.770194 seconds.

chan =

   114

Elapsed time is 240.432737 seconds.

chan =

   115

Elapsed time is 239.558486 seconds.

chan =

   116

Elapsed time is 228.818755 seconds.
attempting saving
save success: /projects/p31578/dtf8829/QuestConnect/CHANDAT/chanDat_SLCH006_110.mat
working on TF
encoding done
encoding RT done
retrieval 1 done
retrieval 2 done
attempting saving
save success: /projects/p31578/dtf8829/QuestConnect/CHANDAT/chanDat_SLCH006_110.mat
working on ISPC
channel: 1 took 0 minutes
channel: 2 took 0 minutes
channel: 3 took 0 minutes
channel: 4 took 0 minutes
channel: 5 took 0 minutes
channel: 6 took 0 minutes
channel: 7 took 0 minutes
channel: 8 took 0 minutes
channel: 9 took 0 minutes
channel: 10 took 0 minutes
channel: 11 took 0 minutes
channel: 12 took 0 minutes
channel: 13 took 0 minutes
channel: 14 took 0 minutes
channel: 15 took 0 minutes
channel: 16 took 0 minutes
channel: 17 took 0 minutes
channel: 18 took 0 minutes
channel: 19 took 0 minutes
channel: 20 took 0 minutes
channel: 21 took 0 minutes
channel: 22 took 0 minutes
channel: 23 took 0 minutes
channel: 24 took 0 minutes
channel: 25 took 0 minutes
channel: 26 took 0 minutes
channel: 27 took 0 minutes
channel: 28 took 0 minutes
channel: 29 took 0 minutes
channel: 30 took 0 minutes
channel: 31 took 0 minutes
channel: 32 took 0 minutes
channel: 33 took 0 minutes
channel: 34 took 0 minutes
channel: 35 took 0 minutes
channel: 36 took 0 minutes
channel: 37 took 0 minutes
channel: 38 took 0 minutes
channel: 39 took 0 minutes
channel: 40 took 0 minutes
channel: 41 took 0 minutes
channel: 42 took 0 minutes
channel: 43 took 0 minutes
channel: 44 took 0 minutes
channel: 45 took 0 minutes
channel: 46 took 0 minutes
channel: 47 took 0 minutes
channel: 48 took 0 minutes
channel: 49 took 0 minutes
channel: 50 took 0 minutes
channel: 51 took 0 minutes
channel: 52 took 0 minutes
channel: 53 took 0 minutes
channel: 54 took 0 minutes
channel: 55 took 0 minutes
channel: 56 took 0 minutes
channel: 57 took 0 minutes
channel: 58 took 0 minutes
channel: 59 took 0 minutes
channel: 60 took 0 minutes
channel: 61 took 0 minutes
channel: 62 took 0 minutes
channel: 63 took 0 minutes
channel: 64 took 0 minutes
channel: 65 took 0 minutes
channel: 66 took 0 minutes
channel: 67 took 0 minutes
channel: 68 took 0 minutes
channel: 69 took 0 minutes
channel: 70 took 0 minutes
channel: 71 took 0 minutes
channel: 72 took 0 minutes
channel: 73 took 0 minutes
channel: 74 took 0 minutes
channel: 75 took 0 minutes
channel: 76 took 0 minutes
channel: 77 took 0 minutes
channel: 78 took 0 minutes
channel: 79 took 0 minutes
channel: 80 took 0 minutes
channel: 81 took 0 minutes
channel: 82 took 0 minutes
channel: 83 took 0 minutes
channel: 84 took 0 minutes
channel: 85 took 0 minutes
channel: 86 took 0 minutes
channel: 87 took 0 minutes
channel: 88 took 0 minutes
channel: 89 took 0 minutes
channel: 90 took 0 minutes
channel: 91 took 0 minutes
channel: 92 took 0 minutes
channel: 93 took 0 minutes
channel: 94 took 0 minutes
channel: 95 took 0 minutes
channel: 96 took 0 minutes
channel: 97 took 0 minutes
channel: 98 took 0 minutes
channel: 99 took 0 minutes
channel: 100 took 0 minutes
channel: 101 took 0 minutes
channel: 102 took 0 minutes
channel: 103 took 0 minutes
channel: 104 took 0 minutes
channel: 105 took 0 minutes
channel: 106 took 0 minutes
channel: 107 took 0 minutes
channel: 108 took 0 minutes
channel: 109 took 0 minutes
channel: 110 took 0 minutes
channel: 111 took 4.2 minutes
channel: 112 took 4.2 minutes
channel: 113 took 4.2 minutes
channel: 114 took 4 minutes
channel: 115 took 3.9 minutes
channel: 116 took 3.9 minutes
attempting saving
save success: /projects/p31578/dtf8829/QuestConnect/CHANDAT/chanDat_SLCH006_110.mat
Elapsed time is 238.311889 seconds.
