getting started: 3552
attempting file: 3552
going for SLCH006 74
data loaded: SLCH006 74
MISMATCH WITH ZACH COORDINATES!!!
HFB already done

chan =

     1

Elapsed time is 254.355293 seconds.

chan =

     2

Elapsed time is 263.987743 seconds.

chan =

     3

Elapsed time is 267.283727 seconds.

chan =

     4

Elapsed time is 266.631067 seconds.

chan =

     5

Elapsed time is 266.146345 seconds.

chan =

     6

Elapsed time is 265.757268 seconds.

chan =

     7

Elapsed time is 275.480499 seconds.

chan =

     8

Elapsed time is 270.719037 seconds.

chan =

     9

Elapsed time is 276.141680 seconds.

chan =

    10

Elapsed time is 273.285717 seconds.

chan =

    11

Elapsed time is 269.945303 seconds.

chan =

    12

Elapsed time is 254.473943 seconds.

chan =

    13

Elapsed time is 252.504394 seconds.

chan =

    14

Elapsed time is 248.397959 seconds.

chan =

    15

Elapsed time is 263.923738 seconds.

chan =

    16

Elapsed time is 266.848240 seconds.

chan =

    17

Elapsed time is 268.731610 seconds.

chan =

    18

Elapsed time is 266.605282 seconds.

chan =

    19

Elapsed time is 264.136649 seconds.

chan =

    20

Elapsed time is 262.187490 seconds.

chan =

    21

Elapsed time is 267.145322 seconds.

chan =

    22

Elapsed time is 267.091612 seconds.

chan =

    23

Elapsed time is 265.319547 seconds.

chan =

    24

Elapsed time is 267.747588 seconds.

chan =

    25

Elapsed time is 254.584386 seconds.

chan =

    26

Elapsed time is 262.450977 seconds.

chan =

    27

Elapsed time is 268.618625 seconds.

chan =

    28

Elapsed time is 267.859271 seconds.

chan =

    29

Elapsed time is 267.500361 seconds.

chan =

    30

Elapsed time is 264.212936 seconds.

chan =

    31

Elapsed time is 255.607269 seconds.

chan =

    32

Elapsed time is 259.262086 seconds.

chan =

    33

Elapsed time is 266.669775 seconds.

chan =

    34

Elapsed time is 266.923645 seconds.

chan =

    35

Elapsed time is 267.044639 seconds.

chan =

    36

Elapsed time is 264.814226 seconds.

chan =

    37

Elapsed time is 257.215869 seconds.

chan =

    38

Elapsed time is 267.563039 seconds.

chan =

    39

Elapsed time is 268.429622 seconds.

chan =

    40

Elapsed time is 267.403913 seconds.

chan =

    41

Elapsed time is 270.102765 seconds.

chan =

    42

Elapsed time is 257.025139 seconds.

chan =

    43

Elapsed time is 262.349044 seconds.

chan =

    44

Elapsed time is 267.501573 seconds.

chan =

    45

Elapsed time is 267.937894 seconds.

chan =

    46

Elapsed time is 266.877130 seconds.

chan =

    47

Elapsed time is 265.619917 seconds.

chan =

    48

Elapsed time is 263.883476 seconds.

chan =

    49

Elapsed time is 268.414610 seconds.

chan =

    50

Elapsed time is 266.944655 seconds.

chan =

    51

Elapsed time is 265.226668 seconds.

chan =

    52

Elapsed time is 264.225540 seconds.

chan =

    53

Elapsed time is 260.497912 seconds.

chan =

    54

Elapsed time is 263.482318 seconds.

chan =

    55

Elapsed time is 266.499479 seconds.

chan =

    56

Elapsed time is 265.992110 seconds.

chan =

    57

Elapsed time is 265.511761 seconds.

chan =

    58

Elapsed time is 258.170241 seconds.

chan =

    59

Elapsed time is 266.030804 seconds.

chan =

    60

Elapsed time is 263.266393 seconds.

chan =

    61

Elapsed time is 265.165342 seconds.

chan =

    62

Elapsed time is 264.017039 seconds.

chan =

    63

Elapsed time is 258.701110 seconds.

chan =

    64

Elapsed time is 264.594378 seconds.

chan =

    65

Elapsed time is 265.088068 seconds.

chan =

    66

Elapsed time is 266.965538 seconds.

chan =

    67

Elapsed time is 268.922077 seconds.

chan =

    68

Elapsed time is 263.645152 seconds.

chan =

    69

Elapsed time is 259.125998 seconds.

chan =

    70

Elapsed time is 266.925048 seconds.

chan =

    71

Elapsed time is 266.425354 seconds.

chan =

    72

Elapsed time is 264.655842 seconds.

chan =

    73

Elapsed time is 267.094992 seconds.

chan =

    74

Elapsed time is 259.379411 seconds.

chan =

    75

Elapsed time is 266.363678 seconds.

chan =

    76

Elapsed time is 263.823360 seconds.

chan =

    77

Elapsed time is 264.619286 seconds.

chan =

    78

Elapsed time is 261.832721 seconds.

chan =

    79

Elapsed time is 255.486663 seconds.

chan =

    80

Elapsed time is 264.267355 seconds.

chan =

    81

Elapsed time is 267.967530 seconds.

chan =

    82

Elapsed time is 265.027097 seconds.

chan =

    83

Elapsed time is 266.782530 seconds.

chan =

    84

Elapsed time is 256.589428 seconds.

chan =

    85

Elapsed time is 262.941038 seconds.

chan =

    86

Elapsed time is 267.435014 seconds.

chan =

    87

Elapsed time is 265.281084 seconds.

chan =

    88

Elapsed time is 265.002075 seconds.

chan =

    89

Elapsed time is 264.535630 seconds.

chan =

    90

Elapsed time is 261.170961 seconds.

chan =

    91

Elapsed time is 263.694315 seconds.

chan =

    92

Elapsed time is 264.600048 seconds.

chan =

    93

Elapsed time is 264.023851 seconds.

chan =

    94

Elapsed time is 260.252604 seconds.

chan =

    95

Elapsed time is 265.599938 seconds.

chan =

    96

Elapsed time is 264.253533 seconds.

chan =

    97

Elapsed time is 263.684962 seconds.

chan =

    98

Elapsed time is 264.122304 seconds.

chan =

    99

Elapsed time is 262.970607 seconds.

chan =

   100

Elapsed time is 257.223620 seconds.

chan =

   101

Elapsed time is 268.589823 seconds.

chan =

   102

Elapsed time is 265.797205 seconds.

chan =

   103

Elapsed time is 266.602598 seconds.

chan =

   104

Elapsed time is 266.672268 seconds.

chan =

   105

Elapsed time is 261.620315 seconds.

chan =

   106

Elapsed time is 263.813907 seconds.

chan =

   107

Elapsed time is 268.205222 seconds.

chan =

   108

Elapsed time is 263.709296 seconds.

chan =

   109

Elapsed time is 265.300325 seconds.

chan =

   110

Elapsed time is 257.266913 seconds.

chan =

   111

Elapsed time is 265.161849 seconds.

chan =

   112

Elapsed time is 265.271933 seconds.

chan =

   113

Elapsed time is 263.032542 seconds.

chan =

   114

Elapsed time is 262.004865 seconds.

chan =

   115

Elapsed time is 255.351159 seconds.

chan =

   116

Elapsed time is 261.857517 seconds.
attempting saving
save success: /projects/p31578/dtf8829/QuestConnect/CHANDAT/chanDat_SLCH006_074.mat
working on TF
encoding done
encoding RT done
retrieval 1 done
retrieval 2 done
attempting saving
save success: /projects/p31578/dtf8829/QuestConnect/CHANDAT/chanDat_SLCH006_074.mat
working on ISPC
channel: 1 took 0 minutes
channel: 2 took 0 minutes
channel: 3 took 0 minutes
channel: 4 took 0 minutes
channel: 5 took 0 minutes
channel: 6 took 0 minutes
channel: 7 took 0 minutes
channel: 8 took 0 minutes
channel: 9 took 0 minutes
channel: 10 took 0 minutes
channel: 11 took 0 minutes
channel: 12 took 0 minutes
channel: 13 took 0 minutes
channel: 14 took 0 minutes
channel: 15 took 0 minutes
channel: 16 took 0 minutes
channel: 17 took 0 minutes
channel: 18 took 0 minutes
channel: 19 took 0 minutes
channel: 20 took 0 minutes
channel: 21 took 0 minutes
channel: 22 took 0 minutes
channel: 23 took 0 minutes
channel: 24 took 0 minutes
channel: 25 took 0 minutes
channel: 26 took 0 minutes
channel: 27 took 0 minutes
channel: 28 took 0 minutes
channel: 29 took 0 minutes
channel: 30 took 0 minutes
channel: 31 took 0 minutes
channel: 32 took 0 minutes
channel: 33 took 0 minutes
channel: 34 took 0 minutes
channel: 35 took 0 minutes
channel: 36 took 0 minutes
channel: 37 took 0 minutes
channel: 38 took 0 minutes
channel: 39 took 0 minutes
channel: 40 took 0 minutes
channel: 41 took 0 minutes
channel: 42 took 0 minutes
channel: 43 took 0 minutes
channel: 44 took 0 minutes
channel: 45 took 0 minutes
channel: 46 took 0 minutes
channel: 47 took 0 minutes
channel: 48 took 0 minutes
channel: 49 took 0 minutes
channel: 50 took 0 minutes
channel: 51 took 0 minutes
channel: 52 took 0 minutes
channel: 53 took 0 minutes
channel: 54 took 0 minutes
channel: 55 took 0 minutes
channel: 56 took 0 minutes
channel: 57 took 0 minutes
channel: 58 took 0 minutes
channel: 59 took 0 minutes
channel: 60 took 0 minutes
channel: 61 took 0 minutes
channel: 62 took 0 minutes
channel: 63 took 0 minutes
channel: 64 took 0 minutes
channel: 65 took 0 minutes
channel: 66 took 0 minutes
channel: 67 took 0 minutes
channel: 68 took 0 minutes
channel: 69 took 0 minutes
channel: 70 took 0 minutes
channel: 71 took 0 minutes
channel: 72 took 0 minutes
channel: 73 took 0 minutes
channel: 74 took 0 minutes
channel: 75 took 4.9 minutes
channel: 76 took 4.8 minutes
channel: 77 took 4.7 minutes
channel: 78 took 4.6 minutes
channel: 79 took 4.8 minutes
channel: 80 took 4.8 minutes
channel: 81 took 4.9 minutes
channel: 82 took 4.7 minutes
channel: 83 took 4.5 minutes
channel: 84 took 4.5 minutes
channel: 85 took 4.6 minutes
channel: 86 took 4.5 minutes
channel: 87 took 4.5 minutes
channel: 88 took 4.5 minutes
channel: 89 took 4.5 minutes
channel: 90 took 4.4 minutes
channel: 91 took 4.5 minutes
channel: 92 took 4.5 minutes
channel: 93 took 4.5 minutes
channel: 94 took 4.5 minutes
channel: 95 took 4.5 minutes
channel: 96 took 4.5 minutes
channel: 97 took 4.4 minutes
channel: 98 took 4.5 minutes
channel: 99 took 4.5 minutes
channel: 100 took 4.5 minutes
channel: 101 took 4.5 minutes
channel: 102 took 4.5 minutes
channel: 103 took 4.5 minutes
channel: 104 took 4.5 minutes
channel: 105 took 4.5 minutes
channel: 106 took 4.5 minutes
channel: 107 took 4.5 minutes
channel: 108 took 4.5 minutes
channel: 109 took 4.5 minutes
channel: 110 took 4.5 minutes
channel: 111 took 4.5 minutes
channel: 112 took 4.5 minutes
channel: 113 took 4.5 minutes
channel: 114 took 4.5 minutes
channel: 115 took 4.5 minutes
channel: 116 took 4.5 minutes
attempting saving
save success: /projects/p31578/dtf8829/QuestConnect/CHANDAT/chanDat_SLCH006_074.mat
Elapsed time is 275.110192 seconds.
