getting started: 3555
attempting file: 3555
going for SLCH006 77
data loaded: SLCH006 77
MISMATCH WITH ZACH COORDINATES!!!
HFB already done

chan =

     1

Elapsed time is 195.971138 seconds.

chan =

     2

Elapsed time is 191.733945 seconds.

chan =

     3

Elapsed time is 193.156358 seconds.

chan =

     4

Elapsed time is 188.259455 seconds.

chan =

     5

Elapsed time is 194.251829 seconds.

chan =

     6

Elapsed time is 191.093459 seconds.

chan =

     7

Elapsed time is 190.775425 seconds.

chan =

     8

Elapsed time is 191.570996 seconds.

chan =

     9

Elapsed time is 190.303775 seconds.

chan =

    10

Elapsed time is 191.876773 seconds.

chan =

    11

Elapsed time is 191.969300 seconds.

chan =

    12

Elapsed time is 191.397636 seconds.

chan =

    13

Elapsed time is 186.947666 seconds.

chan =

    14

Elapsed time is 190.023663 seconds.

chan =

    15

Elapsed time is 191.570932 seconds.

chan =

    16

Elapsed time is 188.823521 seconds.

chan =

    17

Elapsed time is 190.637728 seconds.

chan =

    18

Elapsed time is 194.376564 seconds.

chan =

    19

Elapsed time is 191.907291 seconds.

chan =

    20

Elapsed time is 192.176341 seconds.

chan =

    21

Elapsed time is 190.727022 seconds.

chan =

    22

Elapsed time is 191.217426 seconds.

chan =

    23

Elapsed time is 191.517253 seconds.

chan =

    24

Elapsed time is 192.722450 seconds.

chan =

    25

Elapsed time is 190.947013 seconds.

chan =

    26

Elapsed time is 194.110375 seconds.

chan =

    27

Elapsed time is 193.039379 seconds.

chan =

    28

Elapsed time is 195.288643 seconds.

chan =

    29

Elapsed time is 190.455897 seconds.

chan =

    30

Elapsed time is 193.256828 seconds.

chan =

    31

Elapsed time is 189.867912 seconds.

chan =

    32

Elapsed time is 193.629341 seconds.

chan =

    33

Elapsed time is 191.830213 seconds.

chan =

    34

Elapsed time is 194.048039 seconds.

chan =

    35

Elapsed time is 188.725989 seconds.

chan =

    36

Elapsed time is 193.316868 seconds.

chan =

    37

Elapsed time is 194.136590 seconds.

chan =

    38

Elapsed time is 189.940819 seconds.

chan =

    39

Elapsed time is 194.893448 seconds.

chan =

    40

Elapsed time is 192.556207 seconds.

chan =

    41

Elapsed time is 194.156170 seconds.

chan =

    42

Elapsed time is 187.591396 seconds.

chan =

    43

Elapsed time is 185.508993 seconds.

chan =

    44

Elapsed time is 187.180618 seconds.

chan =

    45

Elapsed time is 190.612343 seconds.

chan =

    46

Elapsed time is 189.355448 seconds.

chan =

    47

Elapsed time is 189.530136 seconds.

chan =

    48

Elapsed time is 190.535309 seconds.

chan =

    49

Elapsed time is 189.820739 seconds.

chan =

    50

Elapsed time is 184.542620 seconds.

chan =

    51

Elapsed time is 187.130717 seconds.

chan =

    52

Elapsed time is 188.166871 seconds.

chan =

    53

Elapsed time is 186.932414 seconds.

chan =

    54

Elapsed time is 189.884396 seconds.

chan =

    55

Elapsed time is 186.774801 seconds.

chan =

    56

Elapsed time is 184.856771 seconds.

chan =

    57

Elapsed time is 189.478913 seconds.

chan =

    58

Elapsed time is 187.192933 seconds.

chan =

    59

Elapsed time is 188.318924 seconds.

chan =

    60

Elapsed time is 183.684496 seconds.

chan =

    61

Elapsed time is 186.615521 seconds.

chan =

    62

Elapsed time is 185.558482 seconds.

chan =

    63

Elapsed time is 188.843091 seconds.

chan =

    64

Elapsed time is 185.295287 seconds.

chan =

    65

Elapsed time is 186.004713 seconds.

chan =

    66

Elapsed time is 189.473823 seconds.

chan =

    67

Elapsed time is 189.021476 seconds.

chan =

    68

Elapsed time is 188.497383 seconds.

chan =

    69

Elapsed time is 188.397201 seconds.

chan =

    70

Elapsed time is 189.076802 seconds.

chan =

    71

Elapsed time is 187.927250 seconds.

chan =

    72

Elapsed time is 189.063108 seconds.

chan =

    73

Elapsed time is 190.042780 seconds.

chan =

    74

Elapsed time is 190.467124 seconds.

chan =

    75

Elapsed time is 186.338307 seconds.

chan =

    76

Elapsed time is 184.251645 seconds.

chan =

    77

Elapsed time is 185.941350 seconds.

chan =

    78

Elapsed time is 186.656885 seconds.

chan =

    79

Elapsed time is 186.982928 seconds.

chan =

    80

Elapsed time is 188.781684 seconds.

chan =

    81

Elapsed time is 190.685555 seconds.

chan =

    82

Elapsed time is 188.345421 seconds.

chan =

    83

Elapsed time is 187.331611 seconds.

chan =

    84

Elapsed time is 191.534085 seconds.

chan =

    85

Elapsed time is 191.675531 seconds.

chan =

    86

Elapsed time is 187.931004 seconds.

chan =

    87

Elapsed time is 189.723209 seconds.

chan =

    88

Elapsed time is 190.387056 seconds.

chan =

    89

Elapsed time is 191.813963 seconds.

chan =

    90

Elapsed time is 187.884302 seconds.

chan =

    91

Elapsed time is 189.984452 seconds.

chan =

    92

Elapsed time is 187.630815 seconds.

chan =

    93

Elapsed time is 188.176019 seconds.

chan =

    94

Elapsed time is 190.085332 seconds.

chan =

    95

Elapsed time is 188.533171 seconds.

chan =

    96

Elapsed time is 188.363804 seconds.

chan =

    97

Elapsed time is 188.047010 seconds.

chan =

    98

Elapsed time is 189.701271 seconds.

chan =

    99

Elapsed time is 188.460613 seconds.

chan =

   100

Elapsed time is 188.792400 seconds.

chan =

   101

Elapsed time is 187.869170 seconds.

chan =

   102

Elapsed time is 187.226854 seconds.

chan =

   103

Elapsed time is 185.093776 seconds.

chan =

   104

Elapsed time is 185.632462 seconds.

chan =

   105

Elapsed time is 184.213005 seconds.

chan =

   106

Elapsed time is 185.562929 seconds.

chan =

   107

Elapsed time is 187.717844 seconds.

chan =

   108

Elapsed time is 184.275458 seconds.

chan =

   109

Elapsed time is 184.345979 seconds.

chan =

   110

Elapsed time is 186.218856 seconds.

chan =

   111

Elapsed time is 185.690200 seconds.

chan =

   112

Elapsed time is 187.874094 seconds.

chan =

   113

Elapsed time is 190.907239 seconds.

chan =

   114

Elapsed time is 186.852772 seconds.

chan =

   115

Elapsed time is 185.531633 seconds.

chan =

   116

Elapsed time is 185.799788 seconds.
attempting saving
save success: /projects/p31578/dtf8829/QuestConnect/CHANDAT/chanDat_SLCH006_077.mat
working on TF
encoding done
encoding RT done
retrieval 1 done
retrieval 2 done
attempting saving
save success: /projects/p31578/dtf8829/QuestConnect/CHANDAT/chanDat_SLCH006_077.mat
working on ISPC
channel: 1 took 0 minutes
channel: 2 took 0 minutes
channel: 3 took 0 minutes
channel: 4 took 0 minutes
channel: 5 took 0 minutes
channel: 6 took 0 minutes
channel: 7 took 0 minutes
channel: 8 took 0 minutes
channel: 9 took 0 minutes
channel: 10 took 0 minutes
channel: 11 took 0 minutes
channel: 12 took 0 minutes
channel: 13 took 0 minutes
channel: 14 took 0 minutes
channel: 15 took 0 minutes
channel: 16 took 0 minutes
channel: 17 took 0 minutes
channel: 18 took 0 minutes
channel: 19 took 0 minutes
channel: 20 took 0 minutes
channel: 21 took 0 minutes
channel: 22 took 0 minutes
channel: 23 took 0 minutes
channel: 24 took 0 minutes
channel: 25 took 0 minutes
channel: 26 took 0 minutes
channel: 27 took 0 minutes
channel: 28 took 0 minutes
channel: 29 took 0 minutes
channel: 30 took 0 minutes
channel: 31 took 0 minutes
channel: 32 took 0 minutes
channel: 33 took 0 minutes
channel: 34 took 0 minutes
channel: 35 took 0 minutes
channel: 36 took 0 minutes
channel: 37 took 0 minutes
channel: 38 took 0 minutes
channel: 39 took 0 minutes
channel: 40 took 0 minutes
channel: 41 took 0 minutes
channel: 42 took 0 minutes
channel: 43 took 0 minutes
channel: 44 took 0 minutes
channel: 45 took 0 minutes
channel: 46 took 0 minutes
channel: 47 took 0 minutes
channel: 48 took 0 minutes
channel: 49 took 0 minutes
channel: 50 took 0 minutes
channel: 51 took 0 minutes
channel: 52 took 0 minutes
channel: 53 took 0 minutes
channel: 54 took 0 minutes
channel: 55 took 0 minutes
channel: 56 took 0 minutes
channel: 57 took 0 minutes
channel: 58 took 0 minutes
channel: 59 took 0 minutes
channel: 60 took 0 minutes
channel: 61 took 0 minutes
channel: 62 took 0 minutes
channel: 63 took 0 minutes
channel: 64 took 0 minutes
channel: 65 took 0 minutes
channel: 66 took 0 minutes
channel: 67 took 0 minutes
channel: 68 took 0 minutes
channel: 69 took 0 minutes
channel: 70 took 0 minutes
channel: 71 took 0 minutes
channel: 72 took 0 minutes
channel: 73 took 0 minutes
channel: 74 took 0 minutes
channel: 75 took 0 minutes
channel: 76 took 0 minutes
channel: 77 took 0 minutes
channel: 78 took 3.6 minutes
channel: 79 took 3.6 minutes
channel: 80 took 3.6 minutes
channel: 81 took 3.6 minutes
channel: 82 took 3.6 minutes
channel: 83 took 3.6 minutes
channel: 84 took 3.6 minutes
channel: 85 took 3.6 minutes
channel: 86 took 3.6 minutes
channel: 87 took 3.6 minutes
channel: 88 took 3.6 minutes
channel: 89 took 3.6 minutes
channel: 90 took 3.6 minutes
channel: 91 took 3.6 minutes
channel: 92 took 3.6 minutes
channel: 93 took 3.6 minutes
channel: 94 took 3.6 minutes
channel: 95 took 3.6 minutes
channel: 96 took 3.6 minutes
channel: 97 took 3.6 minutes
channel: 98 took 3.6 minutes
channel: 99 took 3.6 minutes
channel: 100 took 3.6 minutes
channel: 101 took 3.6 minutes
channel: 102 took 3.6 minutes
channel: 103 took 3.6 minutes
channel: 104 took 3.6 minutes
channel: 105 took 3.6 minutes
channel: 106 took 3.6 minutes
channel: 107 took 3.6 minutes
channel: 108 took 3.6 minutes
channel: 109 took 3.6 minutes
channel: 110 took 3.6 minutes
channel: 111 took 3.6 minutes
channel: 112 took 3.6 minutes
channel: 113 took 3.6 minutes
channel: 114 took 3.6 minutes
channel: 115 took 3.6 minutes
channel: 116 took 3.6 minutes
attempting saving
save success: /projects/p31578/dtf8829/QuestConnect/CHANDAT/chanDat_SLCH006_077.mat
Elapsed time is 220.115657 seconds.
