getting started: 3485
attempting file: 3485
going for SLCH006 7
data loaded: SLCH006 7
MISMATCH WITH ZACH COORDINATES!!!
HFB already done

chan =

     1

Elapsed time is 244.453424 seconds.

chan =

     2

Elapsed time is 240.791591 seconds.

chan =

     3

Elapsed time is 234.135479 seconds.

chan =

     4

Elapsed time is 241.601784 seconds.

chan =

     5

Elapsed time is 252.159740 seconds.

chan =

     6

Elapsed time is 245.676887 seconds.

chan =

     7

Elapsed time is 249.459459 seconds.

chan =

     8

Elapsed time is 248.757664 seconds.

chan =

     9

Elapsed time is 238.734906 seconds.

chan =

    10

Elapsed time is 240.305095 seconds.

chan =

    11

Elapsed time is 244.476691 seconds.

chan =

    12

Elapsed time is 238.028190 seconds.

chan =

    13

Elapsed time is 239.439732 seconds.

chan =

    14

Elapsed time is 239.244583 seconds.

chan =

    15

Elapsed time is 243.095857 seconds.

chan =

    16

Elapsed time is 240.604276 seconds.

chan =

    17

Elapsed time is 244.837065 seconds.

chan =

    18

Elapsed time is 244.076242 seconds.

chan =

    19

Elapsed time is 240.005672 seconds.

chan =

    20

Elapsed time is 242.700129 seconds.

chan =

    21

Elapsed time is 242.240456 seconds.

chan =

    22

Elapsed time is 241.366306 seconds.

chan =

    23

Elapsed time is 239.311710 seconds.

chan =

    24

Elapsed time is 241.101918 seconds.

chan =

    25

Elapsed time is 244.885731 seconds.

chan =

    26

Elapsed time is 247.518015 seconds.

chan =

    27

Elapsed time is 240.906256 seconds.

chan =

    28

Elapsed time is 260.052143 seconds.

chan =

    29

Elapsed time is 258.628107 seconds.

chan =

    30

Elapsed time is 252.611976 seconds.

chan =

    31

Elapsed time is 255.189839 seconds.

chan =

    32

Elapsed time is 256.990924 seconds.

chan =

    33

Elapsed time is 243.086854 seconds.

chan =

    34

Elapsed time is 246.482016 seconds.

chan =

    35

Elapsed time is 255.541149 seconds.

chan =

    36

Elapsed time is 249.283191 seconds.

chan =

    37

Elapsed time is 257.720945 seconds.

chan =

    38

Elapsed time is 257.577615 seconds.

chan =

    39

Elapsed time is 239.792100 seconds.

chan =

    40

Elapsed time is 245.533244 seconds.

chan =

    41

Elapsed time is 255.309743 seconds.

chan =

    42

Elapsed time is 250.688369 seconds.

chan =

    43

Elapsed time is 254.365936 seconds.

chan =

    44

Elapsed time is 246.279974 seconds.

chan =

    45

Elapsed time is 245.736908 seconds.

chan =

    46

Elapsed time is 234.334391 seconds.

chan =

    47

Elapsed time is 239.230024 seconds.

chan =

    48

Elapsed time is 239.837579 seconds.

chan =

    49

Elapsed time is 235.730064 seconds.

chan =

    50

Elapsed time is 232.564205 seconds.

chan =

    51

Elapsed time is 232.768206 seconds.

chan =

    52

Elapsed time is 232.626956 seconds.

chan =

    53

Elapsed time is 234.163931 seconds.

chan =

    54

Elapsed time is 241.738327 seconds.

chan =

    55

Elapsed time is 238.456711 seconds.

chan =

    56

Elapsed time is 242.736439 seconds.

chan =

    57

Elapsed time is 246.308301 seconds.

chan =

    58

Elapsed time is 239.551466 seconds.

chan =

    59

Elapsed time is 234.849268 seconds.

chan =

    60

Elapsed time is 233.843132 seconds.

chan =

    61

Elapsed time is 233.736693 seconds.

chan =

    62

Elapsed time is 231.013825 seconds.

chan =

    63

Elapsed time is 234.115738 seconds.

chan =

    64

Elapsed time is 231.780000 seconds.

chan =

    65

Elapsed time is 233.961895 seconds.

chan =

    66

Elapsed time is 238.190789 seconds.

chan =

    67

Elapsed time is 233.895934 seconds.

chan =

    68

Elapsed time is 236.899325 seconds.

chan =

    69

Elapsed time is 234.534399 seconds.

chan =

    70

Elapsed time is 234.937932 seconds.

chan =

    71

Elapsed time is 236.945906 seconds.

chan =

    72

Elapsed time is 234.232812 seconds.

chan =

    73

Elapsed time is 234.509780 seconds.

chan =

    74

Elapsed time is 236.621966 seconds.

chan =

    75

Elapsed time is 228.158281 seconds.

chan =

    76

Elapsed time is 228.760645 seconds.

chan =

    77

Elapsed time is 228.222651 seconds.

chan =

    78

Elapsed time is 227.725387 seconds.

chan =

    79

Elapsed time is 227.843028 seconds.

chan =

    80

Elapsed time is 231.342758 seconds.

chan =

    81

Elapsed time is 231.733867 seconds.

chan =

    82

Elapsed time is 230.831647 seconds.

chan =

    83

Elapsed time is 230.542245 seconds.

chan =

    84

Elapsed time is 228.610889 seconds.

chan =

    85

Elapsed time is 231.287285 seconds.

chan =

    86

Elapsed time is 228.553305 seconds.

chan =

    87

Elapsed time is 230.279871 seconds.

chan =

    88

Elapsed time is 230.230215 seconds.

chan =

    89

Elapsed time is 226.549391 seconds.

chan =

    90

Elapsed time is 232.534014 seconds.

chan =

    91

Elapsed time is 226.636278 seconds.

chan =

    92

Elapsed time is 230.448459 seconds.

chan =

    93

Elapsed time is 230.729671 seconds.

chan =

    94

Elapsed time is 230.315555 seconds.

chan =

    95

Elapsed time is 232.284227 seconds.

chan =

    96

Elapsed time is 230.996886 seconds.

chan =

    97

Elapsed time is 232.524152 seconds.

chan =

    98

Elapsed time is 231.559459 seconds.

chan =

    99

Elapsed time is 228.707247 seconds.

chan =

   100

Elapsed time is 231.444387 seconds.

chan =

   101

Elapsed time is 231.417647 seconds.

chan =

   102

Elapsed time is 230.971341 seconds.

chan =

   103

Elapsed time is 232.956838 seconds.

chan =

   104

Elapsed time is 233.408427 seconds.

chan =

   105

Elapsed time is 233.850537 seconds.

chan =

   106

Elapsed time is 227.147475 seconds.

chan =

   107

Elapsed time is 225.027167 seconds.

chan =

   108

Elapsed time is 223.990102 seconds.

chan =

   109

Elapsed time is 224.521840 seconds.

chan =

   110

Elapsed time is 222.182921 seconds.

chan =

   111

Elapsed time is 219.498419 seconds.

chan =

   112

Elapsed time is 214.621623 seconds.

chan =

   113

Elapsed time is 212.649423 seconds.

chan =

   114

Elapsed time is 208.886205 seconds.

chan =

   115

Elapsed time is 204.955207 seconds.

chan =

   116

Elapsed time is 203.855414 seconds.
attempting saving
save success: /projects/p31578/dtf8829/QuestConnect/CHANDAT/chanDat_SLCH006_007.mat
working on TF
encoding done
encoding RT done
retrieval 1 done
retrieval 2 done
attempting saving
save success: /projects/p31578/dtf8829/QuestConnect/CHANDAT/chanDat_SLCH006_007.mat
working on ISPC
channel: 1 took 0 minutes
channel: 2 took 0 minutes
channel: 3 took 0 minutes
channel: 4 took 0 minutes
channel: 5 took 0 minutes
channel: 6 took 0 minutes
channel: 7 took 0 minutes
channel: 8 took 3.8 minutes
channel: 9 took 3.8 minutes
channel: 10 took 4.2 minutes
channel: 11 took 4.5 minutes
channel: 12 took 4.5 minutes
channel: 13 took 4.4 minutes
channel: 14 took 4.5 minutes
channel: 15 took 4.5 minutes
channel: 16 took 4.4 minutes
channel: 17 took 4.4 minutes
channel: 18 took 4.4 minutes
channel: 19 took 4.4 minutes
channel: 20 took 4.4 minutes
channel: 21 took 4.4 minutes
channel: 22 took 4.4 minutes
channel: 23 took 4.4 minutes
channel: 24 took 4.4 minutes
channel: 25 took 4.4 minutes
channel: 26 took 4.4 minutes
channel: 27 took 4.4 minutes
channel: 28 took 4.4 minutes
channel: 29 took 4.4 minutes
channel: 30 took 4.4 minutes
channel: 31 took 4.5 minutes
channel: 32 took 4.4 minutes
channel: 33 took 4.5 minutes
channel: 34 took 4.5 minutes
channel: 35 took 4.5 minutes
channel: 36 took 4.5 minutes
channel: 37 took 4.5 minutes
channel: 38 took 4.5 minutes
channel: 39 took 4.4 minutes
channel: 40 took 4.5 minutes
channel: 41 took 4.4 minutes
channel: 42 took 4.5 minutes
channel: 43 took 4.4 minutes
channel: 44 took 4.4 minutes
channel: 45 took 4.4 minutes
channel: 46 took 4.5 minutes
channel: 47 took 4.5 minutes
channel: 48 took 4.4 minutes
channel: 49 took 4.5 minutes
channel: 50 took 4.5 minutes
channel: 51 took 4.5 minutes
channel: 52 took 4.5 minutes
channel: 53 took 4.4 minutes
channel: 54 took 4.4 minutes
channel: 55 took 4.4 minutes
channel: 56 took 4.4 minutes
channel: 57 took 4.4 minutes
channel: 58 took 4.4 minutes
channel: 59 took 4.4 minutes
channel: 60 took 4.5 minutes
channel: 61 took 4.5 minutes
channel: 62 took 4.4 minutes
channel: 63 took 4.5 minutes
channel: 64 took 4.4 minutes
channel: 65 took 4.1 minutes
channel: 66 took 3.8 minutes
channel: 67 took 3.8 minutes
channel: 68 took 3.8 minutes
channel: 69 took 3.8 minutes
channel: 70 took 3.7 minutes
channel: 71 took 3.6 minutes
channel: 72 took 3.6 minutes
channel: 73 took 3.6 minutes
channel: 74 took 3.6 minutes
channel: 75 took 3.6 minutes
channel: 76 took 3.6 minutes
channel: 77 took 3.6 minutes
channel: 78 took 3.6 minutes
channel: 79 took 3.6 minutes
channel: 80 took 3.6 minutes
channel: 81 took 3.6 minutes
channel: 82 took 3.6 minutes
channel: 83 took 3.6 minutes
channel: 84 took 3.6 minutes
channel: 85 took 3.6 minutes
channel: 86 took 3.5 minutes
channel: 87 took 3.5 minutes
channel: 88 took 3.5 minutes
channel: 89 took 3.6 minutes
channel: 90 took 3.5 minutes
channel: 91 took 3.6 minutes
channel: 92 took 3.6 minutes
channel: 93 took 3.5 minutes
channel: 94 took 3.5 minutes
channel: 95 took 3.5 minutes
channel: 96 took 3.5 minutes
channel: 97 took 3.5 minutes
channel: 98 took 3.5 minutes
channel: 99 took 3.5 minutes
channel: 100 took 3.6 minutes
channel: 101 took 3.5 minutes
channel: 102 took 3.5 minutes
channel: 103 took 3.5 minutes
channel: 104 took 3.5 minutes
channel: 105 took 3.5 minutes
channel: 106 took 3.5 minutes
channel: 107 took 3.5 minutes
channel: 108 took 3.5 minutes
channel: 109 took 3.5 minutes
channel: 110 took 3.5 minutes
channel: 111 took 3.5 minutes
channel: 112 took 3.5 minutes
channel: 113 took 3.5 minutes
channel: 114 took 3.5 minutes
channel: 115 took 3.5 minutes
channel: 116 took 3.5 minutes
attempting saving
save success: /projects/p31578/dtf8829/QuestConnect/CHANDAT/chanDat_SLCH006_007.mat
Elapsed time is 216.965456 seconds.
