getting started: 3522
attempting file: 3522
going for SLCH006 44
data loaded: SLCH006 44
MISMATCH WITH ZACH COORDINATES!!!
HFB already done

chan =

     1

Elapsed time is 280.046469 seconds.

chan =

     2

Elapsed time is 273.545862 seconds.

chan =

     3

Elapsed time is 278.168535 seconds.

chan =

     4

Elapsed time is 274.890927 seconds.

chan =

     5

Elapsed time is 277.138065 seconds.

chan =

     6

Elapsed time is 275.724777 seconds.

chan =

     7

Elapsed time is 275.855578 seconds.

chan =

     8

Elapsed time is 274.940956 seconds.

chan =

     9

Elapsed time is 274.081839 seconds.

chan =

    10

Elapsed time is 272.132544 seconds.

chan =

    11

Elapsed time is 273.990503 seconds.

chan =

    12

Elapsed time is 272.596235 seconds.

chan =

    13

Elapsed time is 275.380841 seconds.

chan =

    14

Elapsed time is 274.996706 seconds.

chan =

    15

Elapsed time is 274.615449 seconds.

chan =

    16

Elapsed time is 275.471806 seconds.

chan =

    17

Elapsed time is 275.125912 seconds.

chan =

    18

Elapsed time is 274.739004 seconds.

chan =

    19

Elapsed time is 277.087310 seconds.

chan =

    20

Elapsed time is 271.802709 seconds.

chan =

    21

Elapsed time is 279.489370 seconds.

chan =

    22

Elapsed time is 271.167700 seconds.

chan =

    23

Elapsed time is 274.937522 seconds.

chan =

    24

Elapsed time is 274.824744 seconds.

chan =

    25

Elapsed time is 279.181041 seconds.

chan =

    26

Elapsed time is 275.708078 seconds.

chan =

    27

Elapsed time is 280.238752 seconds.

chan =

    28

Elapsed time is 274.155571 seconds.

chan =

    29

Elapsed time is 275.645872 seconds.

chan =

    30

Elapsed time is 275.607296 seconds.

chan =

    31

Elapsed time is 273.504651 seconds.

chan =

    32

Elapsed time is 275.034858 seconds.

chan =

    33

Elapsed time is 274.293477 seconds.

chan =

    34

Elapsed time is 273.440328 seconds.

chan =

    35

Elapsed time is 273.685202 seconds.

chan =

    36

Elapsed time is 274.256619 seconds.

chan =

    37

Elapsed time is 274.909921 seconds.

chan =

    38

Elapsed time is 275.577929 seconds.

chan =

    39

Elapsed time is 274.215074 seconds.

chan =

    40

Elapsed time is 278.512740 seconds.

chan =

    41

Elapsed time is 278.397967 seconds.

chan =

    42

Elapsed time is 272.304750 seconds.

chan =

    43

Elapsed time is 275.989145 seconds.

chan =

    44

Elapsed time is 276.006872 seconds.

chan =

    45

Elapsed time is 274.352081 seconds.

chan =

    46

Elapsed time is 275.465380 seconds.

chan =

    47

Elapsed time is 276.086898 seconds.

chan =

    48

Elapsed time is 277.851964 seconds.

chan =

    49

Elapsed time is 275.587967 seconds.

chan =

    50

Elapsed time is 275.540039 seconds.

chan =

    51

Elapsed time is 274.735934 seconds.

chan =

    52

Elapsed time is 275.265657 seconds.

chan =

    53

Elapsed time is 273.527794 seconds.

chan =

    54

Elapsed time is 277.442281 seconds.

chan =

    55

Elapsed time is 274.982134 seconds.

chan =

    56

Elapsed time is 273.948871 seconds.

chan =

    57

Elapsed time is 273.051225 seconds.

chan =

    58

Elapsed time is 276.008215 seconds.

chan =

    59

Elapsed time is 274.750491 seconds.

chan =

    60

Elapsed time is 278.061254 seconds.

chan =

    61

Elapsed time is 272.901400 seconds.

chan =

    62

Elapsed time is 274.641967 seconds.

chan =

    63

Elapsed time is 275.192604 seconds.

chan =

    64

Elapsed time is 276.336279 seconds.

chan =

    65

Elapsed time is 275.700356 seconds.

chan =

    66

Elapsed time is 276.095612 seconds.

chan =

    67

Elapsed time is 278.322427 seconds.

chan =

    68

Elapsed time is 272.686937 seconds.

chan =

    69

Elapsed time is 275.752600 seconds.

chan =

    70

Elapsed time is 276.240177 seconds.

chan =

    71

Elapsed time is 278.179985 seconds.

chan =

    72

Elapsed time is 277.091713 seconds.

chan =

    73

Elapsed time is 276.175438 seconds.

chan =

    74

Elapsed time is 275.854418 seconds.

chan =

    75

Elapsed time is 274.862298 seconds.

chan =

    76

Elapsed time is 274.274872 seconds.

chan =

    77

Elapsed time is 274.286665 seconds.

chan =

    78

Elapsed time is 273.506702 seconds.

chan =

    79

Elapsed time is 275.720684 seconds.

chan =

    80

Elapsed time is 277.495222 seconds.

chan =

    81

Elapsed time is 276.469814 seconds.

chan =

    82

Elapsed time is 276.056119 seconds.

chan =

    83

Elapsed time is 277.421545 seconds.

chan =

    84

Elapsed time is 273.643562 seconds.

chan =

    85

Elapsed time is 277.743537 seconds.

chan =

    86

Elapsed time is 272.161839 seconds.

chan =

    87

Elapsed time is 276.752090 seconds.

chan =

    88

Elapsed time is 274.035457 seconds.

chan =

    89

Elapsed time is 276.137469 seconds.

chan =

    90

Elapsed time is 275.737057 seconds.

chan =

    91

Elapsed time is 276.314795 seconds.

chan =

    92

Elapsed time is 274.968543 seconds.

chan =

    93

Elapsed time is 276.710969 seconds.

chan =

    94

Elapsed time is 275.784526 seconds.

chan =

    95

Elapsed time is 275.452804 seconds.

chan =

    96

Elapsed time is 272.871089 seconds.

chan =

    97

Elapsed time is 278.920324 seconds.

chan =

    98

Elapsed time is 275.161603 seconds.

chan =

    99

Elapsed time is 277.229684 seconds.

chan =

   100

Elapsed time is 276.902256 seconds.

chan =

   101

Elapsed time is 279.723270 seconds.

chan =

   102

Elapsed time is 275.503422 seconds.

chan =

   103

Elapsed time is 277.442674 seconds.

chan =

   104

Elapsed time is 278.232610 seconds.

chan =

   105

Elapsed time is 276.990677 seconds.

chan =

   106

Elapsed time is 273.780352 seconds.

chan =

   107

Elapsed time is 276.936912 seconds.

chan =

   108

Elapsed time is 276.900239 seconds.

chan =

   109

Elapsed time is 277.370612 seconds.

chan =

   110

Elapsed time is 274.391527 seconds.

chan =

   111

Elapsed time is 275.650210 seconds.

chan =

   112

Elapsed time is 279.855308 seconds.

chan =

   113

Elapsed time is 275.620446 seconds.

chan =

   114

Elapsed time is 275.865186 seconds.

chan =

   115

Elapsed time is 276.522954 seconds.

chan =

   116

Elapsed time is 272.980264 seconds.
attempting saving
save success: /projects/p31578/dtf8829/QuestConnect/CHANDAT/chanDat_SLCH006_044.mat
working on TF
encoding done
encoding RT done
retrieval 1 done
retrieval 2 done
attempting saving
save success: /projects/p31578/dtf8829/QuestConnect/CHANDAT/chanDat_SLCH006_044.mat
working on ISPC
channel: 1 took 0 minutes
channel: 2 took 0 minutes
channel: 3 took 0 minutes
channel: 4 took 0 minutes
channel: 5 took 0 minutes
channel: 6 took 0 minutes
channel: 7 took 0 minutes
channel: 8 took 0 minutes
channel: 9 took 0 minutes
channel: 10 took 0 minutes
channel: 11 took 0 minutes
channel: 12 took 0 minutes
channel: 13 took 0 minutes
channel: 14 took 0 minutes
channel: 15 took 0 minutes
channel: 16 took 0 minutes
channel: 17 took 0 minutes
channel: 18 took 0 minutes
channel: 19 took 0 minutes
channel: 20 took 0 minutes
channel: 21 took 0 minutes
channel: 22 took 0 minutes
channel: 23 took 0 minutes
channel: 24 took 0 minutes
channel: 25 took 0 minutes
channel: 26 took 0 minutes
channel: 27 took 0 minutes
channel: 28 took 0 minutes
channel: 29 took 0 minutes
channel: 30 took 0 minutes
channel: 31 took 0 minutes
channel: 32 took 0 minutes
channel: 33 took 0 minutes
channel: 34 took 0 minutes
channel: 35 took 0 minutes
channel: 36 took 0 minutes
channel: 37 took 0 minutes
channel: 38 took 0 minutes
channel: 39 took 0 minutes
channel: 40 took 0 minutes
channel: 41 took 0 minutes
channel: 42 took 0 minutes
channel: 43 took 0 minutes
channel: 44 took 0 minutes
channel: 45 took 4.6 minutes
channel: 46 took 4.6 minutes
channel: 47 took 4.6 minutes
channel: 48 took 4.6 minutes
channel: 49 took 4.6 minutes
channel: 50 took 4.6 minutes
channel: 51 took 4.6 minutes
channel: 52 took 4.6 minutes
channel: 53 took 4.6 minutes
channel: 54 took 4.6 minutes
channel: 55 took 4.6 minutes
channel: 56 took 4.6 minutes
channel: 57 took 4.6 minutes
channel: 58 took 4.6 minutes
channel: 59 took 4.6 minutes
channel: 60 took 4.6 minutes
channel: 61 took 4.6 minutes
channel: 62 took 4.6 minutes
channel: 63 took 4.6 minutes
channel: 64 took 4.6 minutes
channel: 65 took 4.6 minutes
channel: 66 took 4.6 minutes
channel: 67 took 4.6 minutes
channel: 68 took 4.6 minutes
channel: 69 took 4.6 minutes
channel: 70 took 4.6 minutes
channel: 71 took 4.6 minutes
channel: 72 took 4.6 minutes
channel: 73 took 4.6 minutes
channel: 74 took 4.6 minutes
channel: 75 took 4.6 minutes
channel: 76 took 4.6 minutes
channel: 77 took 4.6 minutes
channel: 78 took 4.6 minutes
channel: 79 took 4.6 minutes
channel: 80 took 4.6 minutes
channel: 81 took 4.6 minutes
channel: 82 took 4.6 minutes
channel: 83 took 4.6 minutes
channel: 84 took 4.6 minutes
channel: 85 took 4.6 minutes
channel: 86 took 4.6 minutes
channel: 87 took 4.6 minutes
channel: 88 took 4.6 minutes
channel: 89 took 4.6 minutes
channel: 90 took 4.6 minutes
channel: 91 took 4.6 minutes
channel: 92 took 4.6 minutes
channel: 93 took 4.6 minutes
channel: 94 took 4.6 minutes
channel: 95 took 4.6 minutes
channel: 96 took 4.6 minutes
channel: 97 took 4.6 minutes
channel: 98 took 4.6 minutes
channel: 99 took 4.6 minutes
channel: 100 took 4.6 minutes
channel: 101 took 4.6 minutes
channel: 102 took 4.6 minutes
channel: 103 took 4.6 minutes
channel: 104 took 4.6 minutes
channel: 105 took 4.6 minutes
channel: 106 took 4.6 minutes
channel: 107 took 4.6 minutes
channel: 108 took 4.6 minutes
channel: 109 took 4.6 minutes
channel: 110 took 4.6 minutes
channel: 111 took 4.6 minutes
channel: 112 took 4.6 minutes
channel: 113 took 4.6 minutes
channel: 114 took 4.6 minutes
channel: 115 took 4.6 minutes
channel: 116 took 4.6 minutes
attempting saving
save success: /projects/p31578/dtf8829/QuestConnect/CHANDAT/chanDat_SLCH006_044.mat
Elapsed time is 283.596858 seconds.
