getting started: 3561
attempting file: 3561
going for SLCH006 83
data loaded: SLCH006 83
MISMATCH WITH ZACH COORDINATES!!!
HFB already done

chan =

     1

Elapsed time is 200.041452 seconds.

chan =

     2

Elapsed time is 197.584647 seconds.

chan =

     3

Elapsed time is 202.629911 seconds.

chan =

     4

Elapsed time is 202.510258 seconds.

chan =

     5

Elapsed time is 202.952265 seconds.

chan =

     6

Elapsed time is 200.770145 seconds.

chan =

     7

Elapsed time is 201.657966 seconds.

chan =

     8

Elapsed time is 196.032647 seconds.

chan =

     9

Elapsed time is 196.117895 seconds.

chan =

    10

Elapsed time is 199.604611 seconds.

chan =

    11

Elapsed time is 197.861439 seconds.

chan =

    12

Elapsed time is 196.959104 seconds.

chan =

    13

Elapsed time is 195.394682 seconds.

chan =

    14

Elapsed time is 196.447937 seconds.

chan =

    15

Elapsed time is 196.271523 seconds.

chan =

    16

Elapsed time is 195.270898 seconds.

chan =

    17

Elapsed time is 196.168925 seconds.

chan =

    18

Elapsed time is 195.651808 seconds.

chan =

    19

Elapsed time is 193.856414 seconds.

chan =

    20

Elapsed time is 192.309871 seconds.

chan =

    21

Elapsed time is 193.781969 seconds.

chan =

    22

Elapsed time is 192.262302 seconds.

chan =

    23

Elapsed time is 191.306384 seconds.

chan =

    24

Elapsed time is 194.255479 seconds.

chan =

    25

Elapsed time is 195.622909 seconds.

chan =

    26

Elapsed time is 195.862385 seconds.

chan =

    27

Elapsed time is 194.858764 seconds.

chan =

    28

Elapsed time is 195.374048 seconds.

chan =

    29

Elapsed time is 193.300075 seconds.

chan =

    30

Elapsed time is 216.592661 seconds.

chan =

    31

Elapsed time is 219.664199 seconds.

chan =

    32

Elapsed time is 215.800946 seconds.

chan =

    33

Elapsed time is 217.064706 seconds.

chan =

    34

Elapsed time is 216.355082 seconds.

chan =

    35

Elapsed time is 217.400365 seconds.

chan =

    36

Elapsed time is 216.653865 seconds.

chan =

    37

Elapsed time is 221.254001 seconds.

chan =

    38

Elapsed time is 227.383394 seconds.

chan =

    39

Elapsed time is 217.105630 seconds.

chan =

    40

Elapsed time is 219.791827 seconds.

chan =

    41

Elapsed time is 219.491226 seconds.

chan =

    42

Elapsed time is 216.841245 seconds.

chan =

    43

Elapsed time is 213.679955 seconds.

chan =

    44

Elapsed time is 222.627620 seconds.

chan =

    45

Elapsed time is 226.734280 seconds.

chan =

    46

Elapsed time is 217.165576 seconds.

chan =

    47

Elapsed time is 222.555546 seconds.

chan =

    48

Elapsed time is 218.873956 seconds.

chan =

    49

Elapsed time is 220.257123 seconds.

chan =

    50

Elapsed time is 218.860786 seconds.

chan =

    51

Elapsed time is 222.774064 seconds.

chan =

    52

Elapsed time is 227.517167 seconds.

chan =

    53

Elapsed time is 220.673869 seconds.

chan =

    54

Elapsed time is 216.408516 seconds.

chan =

    55

Elapsed time is 219.254711 seconds.

chan =

    56

Elapsed time is 216.139874 seconds.

chan =

    57

Elapsed time is 216.125480 seconds.

chan =

    58

Elapsed time is 194.518116 seconds.

chan =

    59

Elapsed time is 194.598880 seconds.

chan =

    60

Elapsed time is 192.964616 seconds.

chan =

    61

Elapsed time is 191.541925 seconds.

chan =

    62

Elapsed time is 193.227745 seconds.

chan =

    63

Elapsed time is 192.826283 seconds.

chan =

    64

Elapsed time is 216.685215 seconds.

chan =

    65

Elapsed time is 215.849219 seconds.

chan =

    66

Elapsed time is 222.042625 seconds.

chan =

    67

Elapsed time is 219.846263 seconds.

chan =

    68

Elapsed time is 222.751057 seconds.

chan =

    69

Elapsed time is 220.727885 seconds.

chan =

    70

Elapsed time is 220.899631 seconds.

chan =

    71

Elapsed time is 192.695772 seconds.

chan =

    72

Elapsed time is 193.401826 seconds.

chan =

    73

Elapsed time is 194.074253 seconds.

chan =

    74

Elapsed time is 194.813401 seconds.

chan =

    75

Elapsed time is 199.402108 seconds.

chan =

    76

Elapsed time is 197.316282 seconds.

chan =

    77

Elapsed time is 192.420681 seconds.

chan =

    78

Elapsed time is 196.149652 seconds.

chan =

    79

Elapsed time is 194.295145 seconds.

chan =

    80

Elapsed time is 195.824469 seconds.

chan =

    81

Elapsed time is 193.729362 seconds.

chan =

    82

Elapsed time is 194.142010 seconds.

chan =

    83

Elapsed time is 195.840568 seconds.

chan =

    84

Elapsed time is 195.046958 seconds.

chan =

    85

Elapsed time is 197.060191 seconds.

chan =

    86

Elapsed time is 193.176639 seconds.

chan =

    87

Elapsed time is 195.469029 seconds.

chan =

    88

Elapsed time is 196.029506 seconds.

chan =

    89

Elapsed time is 196.829228 seconds.

chan =

    90

Elapsed time is 197.528400 seconds.

chan =

    91

Elapsed time is 198.396321 seconds.

chan =

    92

Elapsed time is 196.788645 seconds.

chan =

    93

Elapsed time is 196.798235 seconds.

chan =

    94

Elapsed time is 198.555695 seconds.

chan =

    95

Elapsed time is 198.216745 seconds.

chan =

    96

Elapsed time is 196.549664 seconds.

chan =

    97

Elapsed time is 194.535688 seconds.

chan =

    98

Elapsed time is 197.809968 seconds.

chan =

    99

Elapsed time is 198.667965 seconds.

chan =

   100

Elapsed time is 199.458577 seconds.

chan =

   101

Elapsed time is 198.318529 seconds.

chan =

   102

Elapsed time is 199.711226 seconds.

chan =

   103

Elapsed time is 200.218586 seconds.

chan =

   104

Elapsed time is 200.527032 seconds.

chan =

   105

Elapsed time is 198.608845 seconds.

chan =

   106

Elapsed time is 215.913123 seconds.

chan =

   107

Elapsed time is 218.078328 seconds.

chan =

   108

Elapsed time is 216.393735 seconds.

chan =

   109

Elapsed time is 217.056944 seconds.

chan =

   110

Elapsed time is 219.342140 seconds.

chan =

   111

Elapsed time is 204.030833 seconds.

chan =

   112

Elapsed time is 216.198257 seconds.

chan =

   113

Elapsed time is 217.822152 seconds.

chan =

   114

Elapsed time is 218.529981 seconds.

chan =

   115

Elapsed time is 213.913265 seconds.

chan =

   116

Elapsed time is 205.606291 seconds.
attempting saving
save success: /projects/p31578/dtf8829/QuestConnect/CHANDAT/chanDat_SLCH006_083.mat
working on TF
encoding done
encoding RT done
retrieval 1 done
retrieval 2 done
attempting saving
save success: /projects/p31578/dtf8829/QuestConnect/CHANDAT/chanDat_SLCH006_083.mat
working on ISPC
channel: 1 took 0 minutes
channel: 2 took 0 minutes
channel: 3 took 0 minutes
channel: 4 took 0 minutes
channel: 5 took 0 minutes
channel: 6 took 0 minutes
channel: 7 took 0 minutes
channel: 8 took 0 minutes
channel: 9 took 0 minutes
channel: 10 took 0 minutes
channel: 11 took 0 minutes
channel: 12 took 0 minutes
channel: 13 took 0 minutes
channel: 14 took 0 minutes
channel: 15 took 0 minutes
channel: 16 took 0 minutes
channel: 17 took 0 minutes
channel: 18 took 0 minutes
channel: 19 took 0 minutes
channel: 20 took 0 minutes
channel: 21 took 0 minutes
channel: 22 took 0 minutes
channel: 23 took 0 minutes
channel: 24 took 0 minutes
channel: 25 took 0 minutes
channel: 26 took 0 minutes
channel: 27 took 0 minutes
channel: 28 took 0 minutes
channel: 29 took 0 minutes
channel: 30 took 0 minutes
channel: 31 took 0 minutes
channel: 32 took 0 minutes
channel: 33 took 0 minutes
channel: 34 took 0 minutes
channel: 35 took 0 minutes
channel: 36 took 0 minutes
channel: 37 took 0 minutes
channel: 38 took 0 minutes
channel: 39 took 0 minutes
channel: 40 took 0 minutes
channel: 41 took 0 minutes
channel: 42 took 0 minutes
channel: 43 took 0 minutes
channel: 44 took 0 minutes
channel: 45 took 0 minutes
channel: 46 took 0 minutes
channel: 47 took 0 minutes
channel: 48 took 0 minutes
channel: 49 took 0 minutes
channel: 50 took 0 minutes
channel: 51 took 0 minutes
channel: 52 took 0 minutes
channel: 53 took 0 minutes
channel: 54 took 0 minutes
channel: 55 took 0 minutes
channel: 56 took 0 minutes
channel: 57 took 0 minutes
channel: 58 took 0 minutes
channel: 59 took 0 minutes
channel: 60 took 0 minutes
channel: 61 took 0 minutes
channel: 62 took 0 minutes
channel: 63 took 0 minutes
channel: 64 took 0 minutes
channel: 65 took 0 minutes
channel: 66 took 0 minutes
channel: 67 took 0 minutes
channel: 68 took 0 minutes
channel: 69 took 0 minutes
channel: 70 took 0 minutes
channel: 71 took 0 minutes
channel: 72 took 0 minutes
channel: 73 took 0 minutes
channel: 74 took 0 minutes
channel: 75 took 0 minutes
channel: 76 took 0 minutes
channel: 77 took 0 minutes
channel: 78 took 0 minutes
channel: 79 took 0 minutes
channel: 80 took 0 minutes
channel: 81 took 0 minutes
channel: 82 took 0 minutes
channel: 83 took 0 minutes
channel: 84 took 4.1 minutes
channel: 85 took 4 minutes
channel: 86 took 4.1 minutes
channel: 87 took 4.1 minutes
channel: 88 took 3.8 minutes
channel: 89 took 4 minutes
channel: 90 took 4 minutes
channel: 91 took 4 minutes
channel: 92 took 4 minutes
channel: 93 took 3.8 minutes
channel: 94 took 4 minutes
channel: 95 took 4 minutes
channel: 96 took 4 minutes
channel: 97 took 4 minutes
channel: 98 took 3.9 minutes
channel: 99 took 4 minutes
channel: 100 took 4 minutes
channel: 101 took 4 minutes
channel: 102 took 4 minutes
channel: 103 took 3.8 minutes
channel: 104 took 3.9 minutes
channel: 105 took 4 minutes
channel: 106 took 4 minutes
channel: 107 took 4 minutes
channel: 108 took 3.9 minutes
channel: 109 took 3.6 minutes
channel: 110 took 4 minutes
channel: 111 took 4.1 minutes
channel: 112 took 4 minutes
channel: 113 took 4 minutes
channel: 114 took 3.9 minutes
channel: 115 took 4 minutes
channel: 116 took 4 minutes
attempting saving
save success: /projects/p31578/dtf8829/QuestConnect/CHANDAT/chanDat_SLCH006_083.mat
Elapsed time is 245.760120 seconds.
