getting started: 3508
attempting file: 3508
going for SLCH006 30
data loaded: SLCH006 30
MISMATCH WITH ZACH COORDINATES!!!
HFB already done

chan =

     1

Elapsed time is 295.894408 seconds.

chan =

     2

Elapsed time is 293.046719 seconds.

chan =

     3

Elapsed time is 302.040627 seconds.

chan =

     4

Elapsed time is 287.924569 seconds.

chan =

     5

Elapsed time is 289.931769 seconds.

chan =

     6

Elapsed time is 284.578864 seconds.

chan =

     7

Elapsed time is 284.319808 seconds.

chan =

     8

Elapsed time is 289.818424 seconds.

chan =

     9

Elapsed time is 288.463173 seconds.

chan =

    10

Elapsed time is 286.455845 seconds.

chan =

    11

Elapsed time is 291.053545 seconds.

chan =

    12

Elapsed time is 283.244849 seconds.

chan =

    13

Elapsed time is 290.241895 seconds.

chan =

    14

Elapsed time is 289.197294 seconds.

chan =

    15

Elapsed time is 288.589867 seconds.

chan =

    16

Elapsed time is 290.655720 seconds.

chan =

    17

Elapsed time is 286.049962 seconds.

chan =

    18

Elapsed time is 291.306101 seconds.

chan =

    19

Elapsed time is 292.089139 seconds.

chan =

    20

Elapsed time is 290.481301 seconds.

chan =

    21

Elapsed time is 291.426245 seconds.

chan =

    22

Elapsed time is 289.975230 seconds.

chan =

    23

Elapsed time is 282.668573 seconds.

chan =

    24

Elapsed time is 291.096080 seconds.

chan =

    25

Elapsed time is 291.831048 seconds.

chan =

    26

Elapsed time is 288.366768 seconds.

chan =

    27

Elapsed time is 290.862369 seconds.

chan =

    28

Elapsed time is 282.173449 seconds.

chan =

    29

Elapsed time is 275.691281 seconds.

chan =

    30

Elapsed time is 286.310659 seconds.

chan =

    31

Elapsed time is 285.019119 seconds.

chan =

    32

Elapsed time is 285.863088 seconds.

chan =

    33

Elapsed time is 285.411020 seconds.

chan =

    34

Elapsed time is 285.431806 seconds.

chan =

    35

Elapsed time is 284.828055 seconds.

chan =

    36

Elapsed time is 287.648501 seconds.

chan =

    37

Elapsed time is 280.183918 seconds.

chan =

    38

Elapsed time is 287.990266 seconds.

chan =

    39

Elapsed time is 286.860829 seconds.

chan =

    40

Elapsed time is 285.338625 seconds.

chan =

    41

Elapsed time is 287.820855 seconds.

chan =

    42

Elapsed time is 282.104891 seconds.

chan =

    43

Elapsed time is 282.666565 seconds.

chan =

    44

Elapsed time is 285.463311 seconds.

chan =

    45

Elapsed time is 280.201377 seconds.

chan =

    46

Elapsed time is 284.942831 seconds.

chan =

    47

Elapsed time is 285.261000 seconds.

chan =

    48

Elapsed time is 286.129178 seconds.

chan =

    49

Elapsed time is 287.867841 seconds.

chan =

    50

Elapsed time is 284.047062 seconds.

chan =

    51

Elapsed time is 286.075734 seconds.

chan =

    52

Elapsed time is 285.949690 seconds.

chan =

    53

Elapsed time is 281.546482 seconds.

chan =

    54

Elapsed time is 287.346076 seconds.

chan =

    55

Elapsed time is 280.782474 seconds.

chan =

    56

Elapsed time is 282.992925 seconds.

chan =

    57

Elapsed time is 287.199624 seconds.

chan =

    58

Elapsed time is 283.747957 seconds.

chan =

    59

Elapsed time is 281.128288 seconds.

chan =

    60

Elapsed time is 286.320664 seconds.

chan =

    61

Elapsed time is 276.016872 seconds.

chan =

    62

Elapsed time is 285.401378 seconds.

chan =

    63

Elapsed time is 285.692897 seconds.

chan =

    64

Elapsed time is 284.384736 seconds.

chan =

    65

Elapsed time is 282.184879 seconds.

chan =

    66

Elapsed time is 287.698000 seconds.

chan =

    67

Elapsed time is 276.200127 seconds.

chan =

    68

Elapsed time is 285.446575 seconds.

chan =

    69

Elapsed time is 289.217539 seconds.

chan =

    70

Elapsed time is 286.875039 seconds.

chan =

    71

Elapsed time is 290.678037 seconds.

chan =

    72

Elapsed time is 287.948951 seconds.

chan =

    73

Elapsed time is 284.192825 seconds.

chan =

    74

Elapsed time is 289.839785 seconds.

chan =

    75

Elapsed time is 286.173760 seconds.

chan =

    76

Elapsed time is 288.981618 seconds.

chan =

    77

Elapsed time is 286.880026 seconds.

chan =

    78

Elapsed time is 279.526496 seconds.

chan =

    79

Elapsed time is 287.030519 seconds.

chan =

    80

Elapsed time is 285.154034 seconds.

chan =

    81

Elapsed time is 287.983410 seconds.

chan =

    82

Elapsed time is 288.517759 seconds.

chan =

    83

Elapsed time is 283.458650 seconds.

chan =

    84

Elapsed time is 286.260535 seconds.

chan =

    85

Elapsed time is 287.974241 seconds.

chan =

    86

Elapsed time is 285.224059 seconds.

chan =

    87

Elapsed time is 287.972778 seconds.

chan =

    88

Elapsed time is 286.908994 seconds.

chan =

    89

Elapsed time is 284.216993 seconds.

chan =

    90

Elapsed time is 286.711513 seconds.

chan =

    91

Elapsed time is 285.472429 seconds.

chan =

    92

Elapsed time is 287.951879 seconds.

chan =

    93

Elapsed time is 288.592878 seconds.

chan =

    94

Elapsed time is 285.247118 seconds.

chan =

    95

Elapsed time is 287.311541 seconds.

chan =

    96

Elapsed time is 286.411528 seconds.

chan =

    97

Elapsed time is 287.252814 seconds.

chan =

    98

Elapsed time is 286.286732 seconds.

chan =

    99

Elapsed time is 282.790198 seconds.

chan =

   100

Elapsed time is 288.804246 seconds.

chan =

   101

Elapsed time is 269.428159 seconds.

chan =

   102

Elapsed time is 238.456117 seconds.

chan =

   103

Elapsed time is 239.132726 seconds.

chan =

   104

Elapsed time is 244.160074 seconds.

chan =

   105

Elapsed time is 218.680916 seconds.

chan =

   106

Elapsed time is 222.048461 seconds.

chan =

   107

Elapsed time is 245.761610 seconds.

chan =

   108

Elapsed time is 251.478227 seconds.

chan =

   109

Elapsed time is 253.417616 seconds.

chan =

   110

Elapsed time is 254.667470 seconds.

chan =

   111

Elapsed time is 253.610629 seconds.

chan =

   112

Elapsed time is 254.492037 seconds.

chan =

   113

Elapsed time is 254.031449 seconds.

chan =

   114

Elapsed time is 253.084833 seconds.

chan =

   115

Elapsed time is 253.817983 seconds.

chan =

   116

Elapsed time is 249.372827 seconds.
attempting saving
save success: /projects/p31578/dtf8829/QuestConnect/CHANDAT/chanDat_SLCH006_030.mat
working on TF
encoding done
encoding RT done
retrieval 1 done
retrieval 2 done
attempting saving
save success: /projects/p31578/dtf8829/QuestConnect/CHANDAT/chanDat_SLCH006_030.mat
working on ISPC
channel: 1 took 0 minutes
channel: 2 took 0 minutes
channel: 3 took 0 minutes
channel: 4 took 0 minutes
channel: 5 took 0 minutes
channel: 6 took 0 minutes
channel: 7 took 0 minutes
channel: 8 took 0 minutes
channel: 9 took 0 minutes
channel: 10 took 0 minutes
channel: 11 took 0 minutes
channel: 12 took 0 minutes
channel: 13 took 0 minutes
channel: 14 took 0 minutes
channel: 15 took 0 minutes
channel: 16 took 0 minutes
channel: 17 took 0 minutes
channel: 18 took 0 minutes
channel: 19 took 0 minutes
channel: 20 took 0 minutes
channel: 21 took 0 minutes
channel: 22 took 0 minutes
channel: 23 took 0 minutes
channel: 24 took 0 minutes
channel: 25 took 0 minutes
channel: 26 took 0 minutes
channel: 27 took 0 minutes
channel: 28 took 0 minutes
channel: 29 took 0 minutes
channel: 30 took 0 minutes
channel: 31 took 4.5 minutes
channel: 32 took 4.3 minutes
channel: 33 took 5.2 minutes
channel: 34 took 5.2 minutes
channel: 35 took 5.2 minutes
channel: 36 took 5.2 minutes
channel: 37 took 4.9 minutes
channel: 38 took 5.2 minutes
channel: 39 took 5.1 minutes
channel: 40 took 5.2 minutes
channel: 41 took 5 minutes
channel: 42 took 5 minutes
channel: 43 took 5.2 minutes
channel: 44 took 5.2 minutes
channel: 45 took 5.2 minutes
channel: 46 took 5 minutes
channel: 47 took 5.2 minutes
channel: 48 took 5.2 minutes
channel: 49 took 5.2 minutes
channel: 50 took 4.9 minutes
channel: 51 took 5.1 minutes
channel: 52 took 5.2 minutes
channel: 53 took 5.2 minutes
channel: 54 took 5.2 minutes
channel: 55 took 4.9 minutes
channel: 56 took 5.2 minutes
channel: 57 took 5.2 minutes
channel: 58 took 5.2 minutes
channel: 59 took 5.2 minutes
channel: 60 took 5.2 minutes
channel: 61 took 5.2 minutes
channel: 62 took 5.2 minutes
channel: 63 took 5.2 minutes
channel: 64 took 5.1 minutes
channel: 65 took 5.2 minutes
channel: 66 took 5.2 minutes
channel: 67 took 5.2 minutes
channel: 68 took 4.9 minutes
channel: 69 took 5.2 minutes
channel: 70 took 5.2 minutes
channel: 71 took 5.2 minutes
channel: 72 took 5.1 minutes
channel: 73 took 5.2 minutes
channel: 74 took 5.1 minutes
channel: 75 took 5.3 minutes
channel: 76 took 5.2 minutes
channel: 77 took 4.8 minutes
channel: 78 took 5.2 minutes
channel: 79 took 5.3 minutes
channel: 80 took 5.2 minutes
channel: 81 took 5 minutes
channel: 82 took 5.1 minutes
channel: 83 took 5.2 minutes
channel: 84 took 5.3 minutes
channel: 85 took 5.3 minutes
channel: 86 took 5.4 minutes
channel: 87 took 5.4 minutes
channel: 88 took 5.4 minutes
channel: 89 took 5.4 minutes
channel: 90 took 5.4 minutes
channel: 91 took 5.4 minutes
channel: 92 took 5.3 minutes
channel: 93 took 5.4 minutes
channel: 94 took 5.4 minutes
channel: 95 took 5.4 minutes
channel: 96 took 5.3 minutes
channel: 97 took 5.4 minutes
channel: 98 took 5.3 minutes
channel: 99 took 5.4 minutes
channel: 100 took 5.4 minutes
channel: 101 took 5.4 minutes
channel: 102 took 5.4 minutes
channel: 103 took 5.4 minutes
channel: 104 took 5.4 minutes
channel: 105 took 5.4 minutes
channel: 106 took 5.4 minutes
channel: 107 took 5.4 minutes
channel: 108 took 5.4 minutes
channel: 109 took 5.4 minutes
channel: 110 took 5.4 minutes
channel: 111 took 5.4 minutes
channel: 112 took 5.4 minutes
channel: 113 took 5.4 minutes
channel: 114 took 5.4 minutes
channel: 115 took 5.4 minutes
channel: 116 took 5.3 minutes
attempting saving
save success: /projects/p31578/dtf8829/QuestConnect/CHANDAT/chanDat_SLCH006_030.mat
Elapsed time is 323.312709 seconds.
