getting started: 3546
attempting file: 3546
going for SLCH006 68
data loaded: SLCH006 68
MISMATCH WITH ZACH COORDINATES!!!
HFB already done

chan =

     1

Elapsed time is 206.333910 seconds.

chan =

     2

Elapsed time is 202.701936 seconds.

chan =

     3

Elapsed time is 218.321382 seconds.

chan =

     4

Elapsed time is 214.483026 seconds.

chan =

     5

Elapsed time is 204.798958 seconds.

chan =

     6

Elapsed time is 201.996787 seconds.

chan =

     7

Elapsed time is 204.348381 seconds.

chan =

     8

Elapsed time is 202.066307 seconds.

chan =

     9

Elapsed time is 202.569784 seconds.

chan =

    10

Elapsed time is 202.650810 seconds.

chan =

    11

Elapsed time is 201.899222 seconds.

chan =

    12

Elapsed time is 202.443227 seconds.

chan =

    13

Elapsed time is 202.129583 seconds.

chan =

    14

Elapsed time is 202.889973 seconds.

chan =

    15

Elapsed time is 203.678191 seconds.

chan =

    16

Elapsed time is 201.250051 seconds.

chan =

    17

Elapsed time is 203.886048 seconds.

chan =

    18

Elapsed time is 202.285829 seconds.

chan =

    19

Elapsed time is 204.144486 seconds.

chan =

    20

Elapsed time is 203.487178 seconds.

chan =

    21

Elapsed time is 203.605671 seconds.

chan =

    22

Elapsed time is 200.159449 seconds.

chan =

    23

Elapsed time is 203.615111 seconds.

chan =

    24

Elapsed time is 203.175525 seconds.

chan =

    25

Elapsed time is 203.612969 seconds.

chan =

    26

Elapsed time is 204.802161 seconds.

chan =

    27

Elapsed time is 202.874671 seconds.

chan =

    28

Elapsed time is 203.326770 seconds.

chan =

    29

Elapsed time is 240.328901 seconds.

chan =

    30

Elapsed time is 230.104901 seconds.

chan =

    31

Elapsed time is 243.427582 seconds.

chan =

    32

Elapsed time is 242.456218 seconds.

chan =

    33

Elapsed time is 247.596525 seconds.

chan =

    34

Elapsed time is 248.524539 seconds.

chan =

    35

Elapsed time is 244.376336 seconds.

chan =

    36

Elapsed time is 246.239420 seconds.

chan =

    37

Elapsed time is 245.410141 seconds.

chan =

    38

Elapsed time is 243.743736 seconds.

chan =

    39

Elapsed time is 245.004485 seconds.

chan =

    40

Elapsed time is 230.332323 seconds.

chan =

    41

Elapsed time is 246.150354 seconds.

chan =

    42

Elapsed time is 222.171379 seconds.

chan =

    43

Elapsed time is 233.300836 seconds.

chan =

    44

Elapsed time is 226.086780 seconds.

chan =

    45

Elapsed time is 237.802727 seconds.

chan =

    46

Elapsed time is 202.119190 seconds.

chan =

    47

Elapsed time is 200.793141 seconds.

chan =

    48

Elapsed time is 203.059103 seconds.

chan =

    49

Elapsed time is 201.260239 seconds.

chan =

    50

Elapsed time is 203.766800 seconds.

chan =

    51

Elapsed time is 199.821656 seconds.

chan =

    52

Elapsed time is 223.690512 seconds.

chan =

    53

Elapsed time is 237.336321 seconds.

chan =

    54

Elapsed time is 225.349059 seconds.

chan =

    55

Elapsed time is 209.183566 seconds.

chan =

    56

Elapsed time is 208.438373 seconds.

chan =

    57

Elapsed time is 200.456309 seconds.

chan =

    58

Elapsed time is 200.190413 seconds.

chan =

    59

Elapsed time is 200.449214 seconds.

chan =

    60

Elapsed time is 198.311315 seconds.

chan =

    61

Elapsed time is 198.941589 seconds.

chan =

    62

Elapsed time is 198.958886 seconds.

chan =

    63

Elapsed time is 198.517958 seconds.

chan =

    64

Elapsed time is 201.159075 seconds.

chan =

    65

Elapsed time is 198.091535 seconds.

chan =

    66

Elapsed time is 201.167247 seconds.

chan =

    67

Elapsed time is 200.488054 seconds.

chan =

    68

Elapsed time is 200.350049 seconds.

chan =

    69

Elapsed time is 199.397913 seconds.

chan =

    70

Elapsed time is 199.398384 seconds.

chan =

    71

Elapsed time is 201.041429 seconds.

chan =

    72

Elapsed time is 199.912686 seconds.

chan =

    73

Elapsed time is 200.388015 seconds.

chan =

    74

Elapsed time is 200.203866 seconds.

chan =

    75

Elapsed time is 199.618683 seconds.

chan =

    76

Elapsed time is 201.755190 seconds.

chan =

    77

Elapsed time is 196.529828 seconds.

chan =

    78

Elapsed time is 197.416132 seconds.

chan =

    79

Elapsed time is 197.828348 seconds.

chan =

    80

Elapsed time is 198.095806 seconds.

chan =

    81

Elapsed time is 200.403152 seconds.

chan =

    82

Elapsed time is 199.897927 seconds.

chan =

    83

Elapsed time is 198.434557 seconds.

chan =

    84

Elapsed time is 197.945645 seconds.

chan =

    85

Elapsed time is 199.349452 seconds.

chan =

    86

Elapsed time is 199.013977 seconds.

chan =

    87

Elapsed time is 198.593881 seconds.

chan =

    88

Elapsed time is 199.335653 seconds.

chan =

    89

Elapsed time is 196.996496 seconds.

chan =

    90

Elapsed time is 199.500760 seconds.

chan =

    91

Elapsed time is 201.311772 seconds.

chan =

    92

Elapsed time is 199.285725 seconds.

chan =

    93

Elapsed time is 198.707391 seconds.

chan =

    94

Elapsed time is 199.852109 seconds.

chan =

    95

Elapsed time is 199.853318 seconds.

chan =

    96

Elapsed time is 200.795519 seconds.

chan =

    97

Elapsed time is 200.177262 seconds.

chan =

    98

Elapsed time is 201.378387 seconds.

chan =

    99

Elapsed time is 199.995264 seconds.

chan =

   100

Elapsed time is 199.642794 seconds.

chan =

   101

Elapsed time is 199.842386 seconds.

chan =

   102

Elapsed time is 201.118931 seconds.

chan =

   103

Elapsed time is 199.589001 seconds.

chan =

   104

Elapsed time is 199.571134 seconds.

chan =

   105

Elapsed time is 199.202598 seconds.

chan =

   106

Elapsed time is 197.916811 seconds.

chan =

   107

Elapsed time is 198.300863 seconds.

chan =

   108

Elapsed time is 199.188664 seconds.

chan =

   109

Elapsed time is 199.341746 seconds.

chan =

   110

Elapsed time is 199.026950 seconds.

chan =

   111

Elapsed time is 199.178722 seconds.

chan =

   112

Elapsed time is 200.024297 seconds.

chan =

   113

Elapsed time is 199.104627 seconds.

chan =

   114

Elapsed time is 198.905264 seconds.

chan =

   115

Elapsed time is 197.444564 seconds.

chan =

   116

Elapsed time is 199.207007 seconds.
attempting saving
save success: /projects/p31578/dtf8829/QuestConnect/CHANDAT/chanDat_SLCH006_068.mat
working on TF
encoding done
encoding RT done
retrieval 1 done
retrieval 2 done
attempting saving
save success: /projects/p31578/dtf8829/QuestConnect/CHANDAT/chanDat_SLCH006_068.mat
working on ISPC
channel: 1 took 0 minutes
channel: 2 took 0 minutes
channel: 3 took 0 minutes
channel: 4 took 0 minutes
channel: 5 took 0 minutes
channel: 6 took 0 minutes
channel: 7 took 0 minutes
channel: 8 took 0 minutes
channel: 9 took 0 minutes
channel: 10 took 0 minutes
channel: 11 took 0 minutes
channel: 12 took 0 minutes
channel: 13 took 0 minutes
channel: 14 took 0 minutes
channel: 15 took 0 minutes
channel: 16 took 0 minutes
channel: 17 took 0 minutes
channel: 18 took 0 minutes
channel: 19 took 0 minutes
channel: 20 took 0 minutes
channel: 21 took 0 minutes
channel: 22 took 0 minutes
channel: 23 took 0 minutes
channel: 24 took 0 minutes
channel: 25 took 0 minutes
channel: 26 took 0 minutes
channel: 27 took 0 minutes
channel: 28 took 0 minutes
channel: 29 took 0 minutes
channel: 30 took 0 minutes
channel: 31 took 0 minutes
channel: 32 took 0 minutes
channel: 33 took 0 minutes
channel: 34 took 0 minutes
channel: 35 took 0 minutes
channel: 36 took 0 minutes
channel: 37 took 0 minutes
channel: 38 took 0 minutes
channel: 39 took 0 minutes
channel: 40 took 0 minutes
channel: 41 took 0 minutes
channel: 42 took 0 minutes
channel: 43 took 0 minutes
channel: 44 took 0 minutes
channel: 45 took 0 minutes
channel: 46 took 0 minutes
channel: 47 took 0 minutes
channel: 48 took 0 minutes
channel: 49 took 0 minutes
channel: 50 took 0 minutes
channel: 51 took 0 minutes
channel: 52 took 0 minutes
channel: 53 took 0 minutes
channel: 54 took 0 minutes
channel: 55 took 0 minutes
channel: 56 took 0 minutes
channel: 57 took 0 minutes
channel: 58 took 0 minutes
channel: 59 took 0 minutes
channel: 60 took 0 minutes
channel: 61 took 0 minutes
channel: 62 took 0 minutes
channel: 63 took 0 minutes
channel: 64 took 0 minutes
channel: 65 took 0 minutes
channel: 66 took 0 minutes
channel: 67 took 0 minutes
channel: 68 took 0 minutes
channel: 69 took 3.9 minutes
channel: 70 took 3.8 minutes
channel: 71 took 3.9 minutes
channel: 72 took 3.8 minutes
channel: 73 took 3.9 minutes
channel: 74 took 3.8 minutes
channel: 75 took 3.9 minutes
channel: 76 took 3.8 minutes
channel: 77 took 3.8 minutes
channel: 78 took 3.9 minutes
channel: 79 took 3.9 minutes
channel: 80 took 3.8 minutes
channel: 81 took 3.9 minutes
channel: 82 took 3.8 minutes
channel: 83 took 3.9 minutes
channel: 84 took 3.9 minutes
channel: 85 took 3.9 minutes
channel: 86 took 3.9 minutes
channel: 87 took 3.9 minutes
channel: 88 took 3.9 minutes
channel: 89 took 3.9 minutes
channel: 90 took 3.9 minutes
channel: 91 took 3.8 minutes
channel: 92 took 3.9 minutes
channel: 93 took 3.9 minutes
channel: 94 took 3.9 minutes
channel: 95 took 3.8 minutes
channel: 96 took 3.8 minutes
channel: 97 took 3.9 minutes
channel: 98 took 3.9 minutes
channel: 99 took 3.9 minutes
channel: 100 took 3.9 minutes
channel: 101 took 3.8 minutes
channel: 102 took 3.8 minutes
channel: 103 took 3.9 minutes
channel: 104 took 3.9 minutes
channel: 105 took 3.9 minutes
channel: 106 took 3.9 minutes
channel: 107 took 3.9 minutes
channel: 108 took 3.9 minutes
channel: 109 took 3.9 minutes
channel: 110 took 3.9 minutes
channel: 111 took 3.9 minutes
channel: 112 took 3.9 minutes
channel: 113 took 3.9 minutes
channel: 114 took 3.9 minutes
channel: 115 took 3.9 minutes
channel: 116 took 3.9 minutes
attempting saving
save success: /projects/p31578/dtf8829/QuestConnect/CHANDAT/chanDat_SLCH006_068.mat
Elapsed time is 236.578108 seconds.
