getting started: 3551
attempting file: 3551
going for SLCH006 73
data loaded: SLCH006 73
MISMATCH WITH ZACH COORDINATES!!!
HFB already done

chan =

     1

Elapsed time is 287.271998 seconds.

chan =

     2

Elapsed time is 288.001751 seconds.

chan =

     3

Elapsed time is 289.801002 seconds.

chan =

     4

Elapsed time is 283.533725 seconds.

chan =

     5

Elapsed time is 274.922918 seconds.

chan =

     6

Elapsed time is 279.683781 seconds.

chan =

     7

Elapsed time is 282.797755 seconds.

chan =

     8

Elapsed time is 283.686452 seconds.

chan =

     9

Elapsed time is 283.001206 seconds.

chan =

    10

Elapsed time is 281.576641 seconds.

chan =

    11

Elapsed time is 278.275902 seconds.

chan =

    12

Elapsed time is 279.516962 seconds.

chan =

    13

Elapsed time is 280.560889 seconds.

chan =

    14

Elapsed time is 279.521768 seconds.

chan =

    15

Elapsed time is 279.741662 seconds.

chan =

    16

Elapsed time is 278.133209 seconds.

chan =

    17

Elapsed time is 280.198849 seconds.

chan =

    18

Elapsed time is 279.800900 seconds.

chan =

    19

Elapsed time is 275.818849 seconds.

chan =

    20

Elapsed time is 275.239416 seconds.

chan =

    21

Elapsed time is 276.576163 seconds.

chan =

    22

Elapsed time is 271.631825 seconds.

chan =

    23

Elapsed time is 268.077424 seconds.

chan =

    24

Elapsed time is 266.476435 seconds.

chan =

    25

Elapsed time is 283.736185 seconds.

chan =

    26

Elapsed time is 277.320826 seconds.

chan =

    27

Elapsed time is 269.924593 seconds.

chan =

    28

Elapsed time is 280.171086 seconds.

chan =

    29

Elapsed time is 276.292814 seconds.

chan =

    30

Elapsed time is 276.409475 seconds.

chan =

    31

Elapsed time is 275.006208 seconds.

chan =

    32

Elapsed time is 278.988525 seconds.

chan =

    33

Elapsed time is 272.942128 seconds.

chan =

    34

Elapsed time is 251.573351 seconds.

chan =

    35

Elapsed time is 270.708576 seconds.

chan =

    36

Elapsed time is 263.200180 seconds.

chan =

    37

Elapsed time is 259.988167 seconds.

chan =

    38

Elapsed time is 269.681965 seconds.

chan =

    39

Elapsed time is 271.055879 seconds.

chan =

    40

Elapsed time is 251.778628 seconds.

chan =

    41

Elapsed time is 242.097459 seconds.

chan =

    42

Elapsed time is 267.954680 seconds.

chan =

    43

Elapsed time is 246.646519 seconds.

chan =

    44

Elapsed time is 228.131823 seconds.

chan =

    45

Elapsed time is 229.217923 seconds.

chan =

    46

Elapsed time is 225.939383 seconds.

chan =

    47

Elapsed time is 229.670934 seconds.

chan =

    48

Elapsed time is 249.643471 seconds.

chan =

    49

Elapsed time is 245.093650 seconds.

chan =

    50

Elapsed time is 246.893407 seconds.

chan =

    51

Elapsed time is 229.025302 seconds.

chan =

    52

Elapsed time is 224.381683 seconds.

chan =

    53

Elapsed time is 225.898476 seconds.

chan =

    54

Elapsed time is 224.736366 seconds.

chan =

    55

Elapsed time is 228.444634 seconds.

chan =

    56

Elapsed time is 234.790958 seconds.

chan =

    57

Elapsed time is 224.543072 seconds.

chan =

    58

Elapsed time is 226.441149 seconds.

chan =

    59

Elapsed time is 233.490552 seconds.

chan =

    60

Elapsed time is 235.571333 seconds.

chan =

    61

Elapsed time is 236.004798 seconds.

chan =

    62

Elapsed time is 238.439658 seconds.

chan =

    63

Elapsed time is 235.565564 seconds.

chan =

    64

Elapsed time is 237.468672 seconds.

chan =

    65

Elapsed time is 239.218690 seconds.

chan =

    66

Elapsed time is 242.865313 seconds.

chan =

    67

Elapsed time is 240.509214 seconds.

chan =

    68

Elapsed time is 238.897158 seconds.

chan =

    69

Elapsed time is 239.871032 seconds.

chan =

    70

Elapsed time is 239.453836 seconds.

chan =

    71

Elapsed time is 234.597468 seconds.

chan =

    72

Elapsed time is 235.805176 seconds.

chan =

    73

Elapsed time is 234.512085 seconds.

chan =

    74

Elapsed time is 236.814519 seconds.

chan =

    75

Elapsed time is 235.412150 seconds.

chan =

    76

Elapsed time is 237.336456 seconds.

chan =

    77

Elapsed time is 227.248731 seconds.

chan =

    78

Elapsed time is 226.516837 seconds.

chan =

    79

Elapsed time is 226.148637 seconds.

chan =

    80

Elapsed time is 227.123630 seconds.

chan =

    81

Elapsed time is 227.605950 seconds.

chan =

    82

Elapsed time is 312.114011 seconds.

chan =

    83

Elapsed time is 326.325548 seconds.

chan =

    84

Elapsed time is 326.443796 seconds.

chan =

    85

Elapsed time is 325.148526 seconds.

chan =

    86

Elapsed time is 316.426481 seconds.

chan =

    87

Elapsed time is 326.170004 seconds.

chan =

    88

Elapsed time is 321.945503 seconds.

chan =

    89

Elapsed time is 329.013608 seconds.

chan =

    90

Elapsed time is 320.754498 seconds.

chan =

    91

Elapsed time is 329.543469 seconds.

chan =

    92

Elapsed time is 321.744070 seconds.

chan =

    93

Elapsed time is 316.714583 seconds.

chan =

    94

Elapsed time is 312.425712 seconds.

chan =

    95

Elapsed time is 314.392355 seconds.

chan =

    96

Elapsed time is 314.513102 seconds.

chan =

    97

Elapsed time is 316.672979 seconds.

chan =

    98

Elapsed time is 311.554256 seconds.

chan =

    99

Elapsed time is 315.233317 seconds.

chan =

   100

Elapsed time is 321.160076 seconds.

chan =

   101

Elapsed time is 319.467498 seconds.

chan =

   102

Elapsed time is 317.552112 seconds.

chan =

   103

Elapsed time is 326.204686 seconds.

chan =

   104

Elapsed time is 275.603968 seconds.

chan =

   105

Elapsed time is 223.918254 seconds.

chan =

   106

Elapsed time is 227.112519 seconds.

chan =

   107

Elapsed time is 226.894517 seconds.

chan =

   108

Elapsed time is 225.935455 seconds.

chan =

   109

Elapsed time is 225.139120 seconds.

chan =

   110

Elapsed time is 227.516317 seconds.

chan =

   111

Elapsed time is 239.380658 seconds.

chan =

   112

Elapsed time is 229.159640 seconds.

chan =

   113

Elapsed time is 256.084806 seconds.

chan =

   114

Elapsed time is 255.455827 seconds.

chan =

   115

Elapsed time is 251.734688 seconds.

chan =

   116

Elapsed time is 252.679931 seconds.
attempting saving
save success: /projects/p31578/dtf8829/QuestConnect/CHANDAT/chanDat_SLCH006_073.mat
working on TF
encoding done
encoding RT done
retrieval 1 done
retrieval 2 done
attempting saving
save success: /projects/p31578/dtf8829/QuestConnect/CHANDAT/chanDat_SLCH006_073.mat
working on ISPC
channel: 1 took 0 minutes
channel: 2 took 0 minutes
channel: 3 took 0 minutes
channel: 4 took 0 minutes
channel: 5 took 0 minutes
channel: 6 took 0 minutes
channel: 7 took 0 minutes
channel: 8 took 0 minutes
channel: 9 took 0 minutes
channel: 10 took 0 minutes
channel: 11 took 0 minutes
channel: 12 took 0 minutes
channel: 13 took 0 minutes
channel: 14 took 0 minutes
channel: 15 took 0 minutes
channel: 16 took 0 minutes
channel: 17 took 0 minutes
channel: 18 took 0 minutes
channel: 19 took 0 minutes
channel: 20 took 0 minutes
channel: 21 took 0 minutes
channel: 22 took 0 minutes
channel: 23 took 0 minutes
channel: 24 took 0 minutes
channel: 25 took 0 minutes
channel: 26 took 0 minutes
channel: 27 took 0 minutes
channel: 28 took 0 minutes
channel: 29 took 0 minutes
channel: 30 took 0 minutes
channel: 31 took 0 minutes
channel: 32 took 0 minutes
channel: 33 took 0 minutes
channel: 34 took 0 minutes
channel: 35 took 0 minutes
channel: 36 took 0 minutes
channel: 37 took 0 minutes
channel: 38 took 0 minutes
channel: 39 took 0 minutes
channel: 40 took 0 minutes
channel: 41 took 0 minutes
channel: 42 took 0 minutes
channel: 43 took 0 minutes
channel: 44 took 0 minutes
channel: 45 took 0 minutes
channel: 46 took 0 minutes
channel: 47 took 0 minutes
channel: 48 took 0 minutes
channel: 49 took 0 minutes
channel: 50 took 0 minutes
channel: 51 took 0 minutes
channel: 52 took 0 minutes
channel: 53 took 0 minutes
channel: 54 took 0 minutes
channel: 55 took 0 minutes
channel: 56 took 0 minutes
channel: 57 took 0 minutes
channel: 58 took 0 minutes
channel: 59 took 0 minutes
channel: 60 took 0 minutes
channel: 61 took 0 minutes
channel: 62 took 0 minutes
channel: 63 took 0 minutes
channel: 64 took 0 minutes
channel: 65 took 0 minutes
channel: 66 took 0 minutes
channel: 67 took 0 minutes
channel: 68 took 0 minutes
channel: 69 took 0 minutes
channel: 70 took 0 minutes
channel: 71 took 0 minutes
channel: 72 took 0 minutes
channel: 73 took 0 minutes
channel: 74 took 4.8 minutes
channel: 75 took 4.7 minutes
channel: 76 took 4.7 minutes
channel: 77 took 4.7 minutes
channel: 78 took 4.8 minutes
channel: 79 took 4.5 minutes
channel: 80 took 4.1 minutes
channel: 81 took 4.1 minutes
channel: 82 took 4.1 minutes
channel: 83 took 4.1 minutes
channel: 84 took 4.1 minutes
channel: 85 took 4.1 minutes
channel: 86 took 4.1 minutes
channel: 87 took 4.1 minutes
channel: 88 took 4.1 minutes
channel: 89 took 4.1 minutes
channel: 90 took 4.1 minutes
channel: 91 took 4.1 minutes
channel: 92 took 4.1 minutes
channel: 93 took 4.1 minutes
channel: 94 took 4.1 minutes
channel: 95 took 4.1 minutes
channel: 96 took 4.1 minutes
channel: 97 took 4.2 minutes
channel: 98 took 4.1 minutes
channel: 99 took 4.1 minutes
channel: 100 took 4.1 minutes
channel: 101 took 4.1 minutes
channel: 102 took 4.1 minutes
channel: 103 took 4.1 minutes
channel: 104 took 4.1 minutes
channel: 105 took 4.1 minutes
channel: 106 took 4.1 minutes
channel: 107 took 4.1 minutes
channel: 108 took 4.1 minutes
channel: 109 took 4.1 minutes
channel: 110 took 4.1 minutes
channel: 111 took 4.1 minutes
channel: 112 took 4.1 minutes
channel: 113 took 4.1 minutes
channel: 114 took 4.1 minutes
channel: 115 took 4.1 minutes
channel: 116 took 4.1 minutes
attempting saving
save success: /projects/p31578/dtf8829/QuestConnect/CHANDAT/chanDat_SLCH006_073.mat
Elapsed time is 251.744792 seconds.
