getting started: 3592
attempting file: 3592
going for SLCH006 114
data loaded: SLCH006 114
MISMATCH WITH ZACH COORDINATES!!!
HFB already done

chan =

     1

Elapsed time is 270.312491 seconds.

chan =

     2

Elapsed time is 264.485499 seconds.

chan =

     3

Elapsed time is 263.757591 seconds.

chan =

     4

Elapsed time is 267.022743 seconds.

chan =

     5

Elapsed time is 266.248962 seconds.

chan =

     6

Elapsed time is 265.393790 seconds.

chan =

     7

Elapsed time is 265.671007 seconds.

chan =

     8

Elapsed time is 262.471482 seconds.

chan =

     9

Elapsed time is 263.856525 seconds.

chan =

    10

Elapsed time is 264.643039 seconds.

chan =

    11

Elapsed time is 266.900625 seconds.

chan =

    12

Elapsed time is 261.745740 seconds.

chan =

    13

Elapsed time is 256.814719 seconds.

chan =

    14

Elapsed time is 259.423390 seconds.

chan =

    15

Elapsed time is 261.917660 seconds.

chan =

    16

Elapsed time is 257.631172 seconds.

chan =

    17

Elapsed time is 261.697660 seconds.

chan =

    18

Elapsed time is 256.753306 seconds.

chan =

    19

Elapsed time is 260.131604 seconds.

chan =

    20

Elapsed time is 258.376768 seconds.

chan =

    21

Elapsed time is 260.775344 seconds.

chan =

    22

Elapsed time is 259.490510 seconds.

chan =

    23

Elapsed time is 245.153991 seconds.

chan =

    24

Elapsed time is 248.009283 seconds.

chan =

    25

Elapsed time is 252.197330 seconds.

chan =

    26

Elapsed time is 260.173138 seconds.

chan =

    27

Elapsed time is 259.101228 seconds.

chan =

    28

Elapsed time is 255.596795 seconds.

chan =

    29

Elapsed time is 257.839176 seconds.

chan =

    30

Elapsed time is 249.859450 seconds.

chan =

    31

Elapsed time is 255.141176 seconds.

chan =

    32

Elapsed time is 254.909950 seconds.

chan =

    33

Elapsed time is 253.780434 seconds.

chan =

    34

Elapsed time is 253.504174 seconds.

chan =

    35

Elapsed time is 256.983100 seconds.

chan =

    36

Elapsed time is 251.472909 seconds.

chan =

    37

Elapsed time is 257.216713 seconds.

chan =

    38

Elapsed time is 254.174579 seconds.

chan =

    39

Elapsed time is 255.173208 seconds.

chan =

    40

Elapsed time is 257.266232 seconds.

chan =

    41

Elapsed time is 253.504132 seconds.

chan =

    42

Elapsed time is 251.949785 seconds.

chan =

    43

Elapsed time is 252.936495 seconds.

chan =

    44

Elapsed time is 252.518107 seconds.

chan =

    45

Elapsed time is 256.469431 seconds.

chan =

    46

Elapsed time is 250.967564 seconds.

chan =

    47

Elapsed time is 255.174059 seconds.

chan =

    48

Elapsed time is 253.910255 seconds.

chan =

    49

Elapsed time is 256.179597 seconds.

chan =

    50

Elapsed time is 255.970368 seconds.

chan =

    51

Elapsed time is 253.318335 seconds.

chan =

    52

Elapsed time is 255.548076 seconds.

chan =

    53

Elapsed time is 254.311380 seconds.

chan =

    54

Elapsed time is 250.300326 seconds.

chan =

    55

Elapsed time is 257.871229 seconds.

chan =

    56

Elapsed time is 248.315935 seconds.

chan =

    57

Elapsed time is 254.060646 seconds.

chan =

    58

Elapsed time is 249.149003 seconds.

chan =

    59

Elapsed time is 252.785755 seconds.

chan =

    60

Elapsed time is 248.628143 seconds.

chan =

    61

Elapsed time is 246.299254 seconds.

chan =

    62

Elapsed time is 251.240316 seconds.

chan =

    63

Elapsed time is 250.767270 seconds.

chan =

    64

Elapsed time is 246.918533 seconds.

chan =

    65

Elapsed time is 249.507150 seconds.

chan =

    66

Elapsed time is 227.746568 seconds.

chan =

    67

Elapsed time is 244.303296 seconds.

chan =

    68

Elapsed time is 246.197170 seconds.

chan =

    69

Elapsed time is 247.849638 seconds.

chan =

    70

Elapsed time is 245.782374 seconds.

chan =

    71

Elapsed time is 236.653485 seconds.

chan =

    72

Elapsed time is 237.167246 seconds.

chan =

    73

Elapsed time is 248.370449 seconds.

chan =

    74

Elapsed time is 247.756287 seconds.

chan =

    75

Elapsed time is 247.849392 seconds.

chan =

    76

Elapsed time is 246.531259 seconds.

chan =

    77

Elapsed time is 233.779116 seconds.

chan =

    78

Elapsed time is 242.607542 seconds.

chan =

    79

Elapsed time is 245.750005 seconds.

chan =

    80

Elapsed time is 242.765436 seconds.

chan =

    81

Elapsed time is 247.805109 seconds.

chan =

    82

Elapsed time is 230.174135 seconds.

chan =

    83

Elapsed time is 248.495051 seconds.

chan =

    84

Elapsed time is 243.942817 seconds.

chan =

    85

Elapsed time is 247.722415 seconds.

chan =

    86

Elapsed time is 246.108164 seconds.

chan =

    87

Elapsed time is 237.199832 seconds.

chan =

    88

Elapsed time is 236.019806 seconds.

chan =

    89

Elapsed time is 245.858697 seconds.

chan =

    90

Elapsed time is 246.316722 seconds.

chan =

    91

Elapsed time is 246.504571 seconds.

chan =

    92

Elapsed time is 245.963020 seconds.

chan =

    93

Elapsed time is 224.678975 seconds.

chan =

    94

Elapsed time is 244.321204 seconds.

chan =

    95

Elapsed time is 248.632276 seconds.

chan =

    96

Elapsed time is 243.601346 seconds.

chan =

    97

Elapsed time is 246.625919 seconds.

chan =

    98

Elapsed time is 237.822983 seconds.

chan =

    99

Elapsed time is 226.516547 seconds.

chan =

   100

Elapsed time is 246.880759 seconds.

chan =

   101

Elapsed time is 247.895906 seconds.

chan =

   102

Elapsed time is 247.069954 seconds.

chan =

   103

Elapsed time is 249.017627 seconds.

chan =

   104

Elapsed time is 225.761278 seconds.

chan =

   105

Elapsed time is 244.129921 seconds.

chan =

   106

Elapsed time is 245.854788 seconds.

chan =

   107

Elapsed time is 246.103868 seconds.

chan =

   108

Elapsed time is 246.284361 seconds.

chan =

   109

Elapsed time is 244.111887 seconds.

chan =

   110

Elapsed time is 225.088752 seconds.

chan =

   111

Elapsed time is 251.016767 seconds.

chan =

   112

Elapsed time is 247.017378 seconds.

chan =

   113

Elapsed time is 250.553367 seconds.

chan =

   114

Elapsed time is 247.743487 seconds.

chan =

   115

Elapsed time is 235.528403 seconds.

chan =

   116

Elapsed time is 243.494663 seconds.
attempting saving
save success: /projects/p31578/dtf8829/QuestConnect/CHANDAT/chanDat_SLCH006_114.mat
working on TF
encoding done
encoding RT done
retrieval 1 done
retrieval 2 done
attempting saving
save success: /projects/p31578/dtf8829/QuestConnect/CHANDAT/chanDat_SLCH006_114.mat
working on ISPC
channel: 1 took 0 minutes
channel: 2 took 0 minutes
channel: 3 took 0 minutes
channel: 4 took 0 minutes
channel: 5 took 0 minutes
channel: 6 took 0 minutes
channel: 7 took 0 minutes
channel: 8 took 0 minutes
channel: 9 took 0 minutes
channel: 10 took 0 minutes
channel: 11 took 0 minutes
channel: 12 took 0 minutes
channel: 13 took 0 minutes
channel: 14 took 0 minutes
channel: 15 took 0 minutes
channel: 16 took 0 minutes
channel: 17 took 0 minutes
channel: 18 took 0 minutes
channel: 19 took 0 minutes
channel: 20 took 0 minutes
channel: 21 took 0 minutes
channel: 22 took 0 minutes
channel: 23 took 0 minutes
channel: 24 took 0 minutes
channel: 25 took 0 minutes
channel: 26 took 0 minutes
channel: 27 took 0 minutes
channel: 28 took 0 minutes
channel: 29 took 0 minutes
channel: 30 took 0 minutes
channel: 31 took 0 minutes
channel: 32 took 0 minutes
channel: 33 took 0 minutes
channel: 34 took 0 minutes
channel: 35 took 0 minutes
channel: 36 took 0 minutes
channel: 37 took 0 minutes
channel: 38 took 0 minutes
channel: 39 took 0 minutes
channel: 40 took 0 minutes
channel: 41 took 0 minutes
channel: 42 took 0 minutes
channel: 43 took 0 minutes
channel: 44 took 0 minutes
channel: 45 took 0 minutes
channel: 46 took 0 minutes
channel: 47 took 0 minutes
channel: 48 took 0 minutes
channel: 49 took 0 minutes
channel: 50 took 0 minutes
channel: 51 took 0 minutes
channel: 52 took 0 minutes
channel: 53 took 0 minutes
channel: 54 took 0 minutes
channel: 55 took 0 minutes
channel: 56 took 0 minutes
channel: 57 took 0 minutes
channel: 58 took 0 minutes
channel: 59 took 0 minutes
channel: 60 took 0 minutes
channel: 61 took 0 minutes
channel: 62 took 0 minutes
channel: 63 took 0 minutes
channel: 64 took 0 minutes
channel: 65 took 0 minutes
channel: 66 took 0 minutes
channel: 67 took 0 minutes
channel: 68 took 0 minutes
channel: 69 took 0 minutes
channel: 70 took 0 minutes
channel: 71 took 0 minutes
channel: 72 took 0 minutes
channel: 73 took 0 minutes
channel: 74 took 0 minutes
channel: 75 took 0 minutes
channel: 76 took 0 minutes
channel: 77 took 0 minutes
channel: 78 took 0 minutes
channel: 79 took 0 minutes
channel: 80 took 0 minutes
channel: 81 took 0 minutes
channel: 82 took 0 minutes
channel: 83 took 0 minutes
channel: 84 took 0 minutes
channel: 85 took 0 minutes
channel: 86 took 0 minutes
channel: 87 took 0 minutes
channel: 88 took 0 minutes
channel: 89 took 0 minutes
channel: 90 took 0 minutes
channel: 91 took 0 minutes
channel: 92 took 0 minutes
channel: 93 took 0 minutes
channel: 94 took 0 minutes
channel: 95 took 0 minutes
channel: 96 took 0 minutes
channel: 97 took 0 minutes
channel: 98 took 0 minutes
channel: 99 took 0 minutes
channel: 100 took 0 minutes
channel: 101 took 0 minutes
channel: 102 took 0 minutes
channel: 103 took 0 minutes
channel: 104 took 0 minutes
channel: 105 took 0 minutes
channel: 106 took 0 minutes
channel: 107 took 0 minutes
channel: 108 took 0 minutes
channel: 109 took 0 minutes
channel: 110 took 0 minutes
channel: 111 took 0 minutes
channel: 112 took 0 minutes
channel: 113 took 0 minutes
channel: 114 took 0 minutes
channel: 115 took 4.5 minutes
channel: 116 took 4.4 minutes
attempting saving
save success: /projects/p31578/dtf8829/QuestConnect/CHANDAT/chanDat_SLCH006_114.mat
Elapsed time is 272.706589 seconds.
