getting started: 3581
attempting file: 3581
going for SLCH006 103
data loaded: SLCH006 103
MISMATCH WITH ZACH COORDINATES!!!
HFB already done

chan =

     1

Elapsed time is 268.560126 seconds.

chan =

     2

Elapsed time is 272.836922 seconds.

chan =

     3

Elapsed time is 272.990366 seconds.

chan =

     4

Elapsed time is 274.738720 seconds.

chan =

     5

Elapsed time is 272.619014 seconds.

chan =

     6

Elapsed time is 274.048444 seconds.

chan =

     7

Elapsed time is 272.330075 seconds.

chan =

     8

Elapsed time is 271.433682 seconds.

chan =

     9

Elapsed time is 269.820746 seconds.

chan =

    10

Elapsed time is 268.216956 seconds.

chan =

    11

Elapsed time is 270.119422 seconds.

chan =

    12

Elapsed time is 267.998805 seconds.

chan =

    13

Elapsed time is 268.725764 seconds.

chan =

    14

Elapsed time is 267.518982 seconds.

chan =

    15

Elapsed time is 270.433415 seconds.

chan =

    16

Elapsed time is 269.765891 seconds.

chan =

    17

Elapsed time is 270.852872 seconds.

chan =

    18

Elapsed time is 269.962052 seconds.

chan =

    19

Elapsed time is 269.952287 seconds.

chan =

    20

Elapsed time is 269.587466 seconds.

chan =

    21

Elapsed time is 270.200555 seconds.

chan =

    22

Elapsed time is 268.478177 seconds.

chan =

    23

Elapsed time is 264.916749 seconds.

chan =

    24

Elapsed time is 266.493882 seconds.

chan =

    25

Elapsed time is 268.179585 seconds.

chan =

    26

Elapsed time is 268.249188 seconds.

chan =

    27

Elapsed time is 268.141816 seconds.

chan =

    28

Elapsed time is 267.308512 seconds.

chan =

    29

Elapsed time is 267.314875 seconds.

chan =

    30

Elapsed time is 264.904673 seconds.

chan =

    31

Elapsed time is 265.799984 seconds.

chan =

    32

Elapsed time is 264.999305 seconds.

chan =

    33

Elapsed time is 266.357121 seconds.

chan =

    34

Elapsed time is 264.574891 seconds.

chan =

    35

Elapsed time is 265.984480 seconds.

chan =

    36

Elapsed time is 266.038609 seconds.

chan =

    37

Elapsed time is 267.321468 seconds.

chan =

    38

Elapsed time is 268.118642 seconds.

chan =

    39

Elapsed time is 271.687852 seconds.

chan =

    40

Elapsed time is 270.675342 seconds.

chan =

    41

Elapsed time is 271.867028 seconds.

chan =

    42

Elapsed time is 266.134722 seconds.

chan =

    43

Elapsed time is 266.063155 seconds.

chan =

    44

Elapsed time is 267.427632 seconds.

chan =

    45

Elapsed time is 270.835153 seconds.

chan =

    46

Elapsed time is 267.941483 seconds.

chan =

    47

Elapsed time is 270.145185 seconds.

chan =

    48

Elapsed time is 269.252067 seconds.

chan =

    49

Elapsed time is 272.056666 seconds.

chan =

    50

Elapsed time is 267.495946 seconds.

chan =

    51

Elapsed time is 270.483150 seconds.

chan =

    52

Elapsed time is 267.684805 seconds.

chan =

    53

Elapsed time is 269.511452 seconds.

chan =

    54

Elapsed time is 267.876939 seconds.

chan =

    55

Elapsed time is 270.424167 seconds.

chan =

    56

Elapsed time is 267.690371 seconds.

chan =

    57

Elapsed time is 268.806475 seconds.

chan =

    58

Elapsed time is 266.821735 seconds.

chan =

    59

Elapsed time is 270.289751 seconds.

chan =

    60

Elapsed time is 267.450497 seconds.

chan =

    61

Elapsed time is 267.739225 seconds.

chan =

    62

Elapsed time is 264.328789 seconds.

chan =

    63

Elapsed time is 264.871840 seconds.

chan =

    64

Elapsed time is 264.897543 seconds.

chan =

    65

Elapsed time is 264.497707 seconds.

chan =

    66

Elapsed time is 266.969096 seconds.

chan =

    67

Elapsed time is 266.226968 seconds.

chan =

    68

Elapsed time is 266.647510 seconds.

chan =

    69

Elapsed time is 267.348602 seconds.

chan =

    70

Elapsed time is 266.898455 seconds.

chan =

    71

Elapsed time is 267.625521 seconds.

chan =

    72

Elapsed time is 262.952962 seconds.

chan =

    73

Elapsed time is 266.589161 seconds.

chan =

    74

Elapsed time is 265.993238 seconds.

chan =

    75

Elapsed time is 267.311507 seconds.

chan =

    76

Elapsed time is 265.094803 seconds.

chan =

    77

Elapsed time is 264.412137 seconds.

chan =

    78

Elapsed time is 263.704524 seconds.

chan =

    79

Elapsed time is 265.226439 seconds.

chan =

    80

Elapsed time is 265.260542 seconds.

chan =

    81

Elapsed time is 267.195249 seconds.

chan =

    82

Elapsed time is 263.782173 seconds.

chan =

    83

Elapsed time is 266.728168 seconds.

chan =

    84

Elapsed time is 263.892421 seconds.

chan =

    85

Elapsed time is 264.507999 seconds.

chan =

    86

Elapsed time is 260.161155 seconds.

chan =

    87

Elapsed time is 257.280793 seconds.

chan =

    88

Elapsed time is 259.680103 seconds.

chan =

    89

Elapsed time is 258.864411 seconds.

chan =

    90

Elapsed time is 258.757974 seconds.

chan =

    91

Elapsed time is 258.968199 seconds.

chan =

    92

Elapsed time is 258.438951 seconds.

chan =

    93

Elapsed time is 260.597131 seconds.

chan =

    94

Elapsed time is 258.780778 seconds.

chan =

    95

Elapsed time is 258.867910 seconds.

chan =

    96

Elapsed time is 255.327214 seconds.

chan =

    97

Elapsed time is 259.704713 seconds.

chan =

    98

Elapsed time is 260.224222 seconds.

chan =

    99

Elapsed time is 258.718666 seconds.

chan =

   100

Elapsed time is 260.042765 seconds.

chan =

   101

Elapsed time is 254.514582 seconds.

chan =

   102

Elapsed time is 259.517706 seconds.

chan =

   103

Elapsed time is 260.953591 seconds.

chan =

   104

Elapsed time is 257.053307 seconds.

chan =

   105

Elapsed time is 260.989358 seconds.

chan =

   106

Elapsed time is 253.599615 seconds.

chan =

   107

Elapsed time is 260.405541 seconds.

chan =

   108

Elapsed time is 259.238188 seconds.

chan =

   109

Elapsed time is 258.039413 seconds.

chan =

   110

Elapsed time is 260.670482 seconds.

chan =

   111

Elapsed time is 254.641157 seconds.

chan =

   112

Elapsed time is 260.182601 seconds.

chan =

   113

Elapsed time is 260.913067 seconds.

chan =

   114

Elapsed time is 255.726449 seconds.

chan =

   115

Elapsed time is 254.435203 seconds.

chan =

   116

Elapsed time is 249.446530 seconds.
attempting saving
save success: /projects/p31578/dtf8829/QuestConnect/CHANDAT/chanDat_SLCH006_103.mat
working on TF
encoding done
encoding RT done
retrieval 1 done
retrieval 2 done
attempting saving
save success: /projects/p31578/dtf8829/QuestConnect/CHANDAT/chanDat_SLCH006_103.mat
working on ISPC
channel: 1 took 0 minutes
channel: 2 took 0 minutes
channel: 3 took 0 minutes
channel: 4 took 0 minutes
channel: 5 took 0 minutes
channel: 6 took 0 minutes
channel: 7 took 0 minutes
channel: 8 took 0 minutes
channel: 9 took 0 minutes
channel: 10 took 0 minutes
channel: 11 took 0 minutes
channel: 12 took 0 minutes
channel: 13 took 0 minutes
channel: 14 took 0 minutes
channel: 15 took 0 minutes
channel: 16 took 0 minutes
channel: 17 took 0 minutes
channel: 18 took 0 minutes
channel: 19 took 0 minutes
channel: 20 took 0 minutes
channel: 21 took 0 minutes
channel: 22 took 0 minutes
channel: 23 took 0 minutes
channel: 24 took 0 minutes
channel: 25 took 0 minutes
channel: 26 took 0 minutes
channel: 27 took 0 minutes
channel: 28 took 0 minutes
channel: 29 took 0 minutes
channel: 30 took 0 minutes
channel: 31 took 0 minutes
channel: 32 took 0 minutes
channel: 33 took 0 minutes
channel: 34 took 0 minutes
channel: 35 took 0 minutes
channel: 36 took 0 minutes
channel: 37 took 0 minutes
channel: 38 took 0 minutes
channel: 39 took 0 minutes
channel: 40 took 0 minutes
channel: 41 took 0 minutes
channel: 42 took 0 minutes
channel: 43 took 0 minutes
channel: 44 took 0 minutes
channel: 45 took 0 minutes
channel: 46 took 0 minutes
channel: 47 took 0 minutes
channel: 48 took 0 minutes
channel: 49 took 0 minutes
channel: 50 took 0 minutes
channel: 51 took 0 minutes
channel: 52 took 0 minutes
channel: 53 took 0 minutes
channel: 54 took 0 minutes
channel: 55 took 0 minutes
channel: 56 took 0 minutes
channel: 57 took 0 minutes
channel: 58 took 0 minutes
channel: 59 took 0 minutes
channel: 60 took 0 minutes
channel: 61 took 0 minutes
channel: 62 took 0 minutes
channel: 63 took 0 minutes
channel: 64 took 0 minutes
channel: 65 took 0 minutes
channel: 66 took 0 minutes
channel: 67 took 0 minutes
channel: 68 took 0 minutes
channel: 69 took 0 minutes
channel: 70 took 0 minutes
channel: 71 took 0 minutes
channel: 72 took 0 minutes
channel: 73 took 0 minutes
channel: 74 took 0 minutes
channel: 75 took 0 minutes
channel: 76 took 0 minutes
channel: 77 took 0 minutes
channel: 78 took 0 minutes
channel: 79 took 0 minutes
channel: 80 took 0 minutes
channel: 81 took 0 minutes
channel: 82 took 0 minutes
channel: 83 took 0 minutes
channel: 84 took 0 minutes
channel: 85 took 0 minutes
channel: 86 took 0 minutes
channel: 87 took 0 minutes
channel: 88 took 0 minutes
channel: 89 took 0 minutes
channel: 90 took 0 minutes
channel: 91 took 0 minutes
channel: 92 took 0 minutes
channel: 93 took 0 minutes
channel: 94 took 0 minutes
channel: 95 took 0 minutes
channel: 96 took 0 minutes
channel: 97 took 0 minutes
channel: 98 took 0 minutes
channel: 99 took 0 minutes
channel: 100 took 0 minutes
channel: 101 took 0 minutes
channel: 102 took 0 minutes
channel: 103 took 0 minutes
channel: 104 took 4.8 minutes
channel: 105 took 4.7 minutes
channel: 106 took 4.7 minutes
channel: 107 took 4.8 minutes
channel: 108 took 4.5 minutes
channel: 109 took 4.8 minutes
channel: 110 took 4.7 minutes
channel: 111 took 4.8 minutes
channel: 112 took 4.7 minutes
channel: 113 took 4.7 minutes
channel: 114 took 4.7 minutes
channel: 115 took 4.8 minutes
channel: 116 took 4.7 minutes
attempting saving
save success: /projects/p31578/dtf8829/QuestConnect/CHANDAT/chanDat_SLCH006_103.mat
Elapsed time is 290.601758 seconds.
