getting started: 3569
attempting file: 3569
going for SLCH006 91
data loaded: SLCH006 91
MISMATCH WITH ZACH COORDINATES!!!
HFB already done

chan =

     1

Elapsed time is 283.636331 seconds.

chan =

     2

Elapsed time is 274.604900 seconds.

chan =

     3

Elapsed time is 273.734120 seconds.

chan =

     4

Elapsed time is 276.205162 seconds.

chan =

     5

Elapsed time is 278.662708 seconds.

chan =

     6

Elapsed time is 275.881976 seconds.

chan =

     7

Elapsed time is 276.808640 seconds.

chan =

     8

Elapsed time is 277.382444 seconds.

chan =

     9

Elapsed time is 276.139549 seconds.

chan =

    10

Elapsed time is 271.682996 seconds.

chan =

    11

Elapsed time is 274.242900 seconds.

chan =

    12

Elapsed time is 269.222494 seconds.

chan =

    13

Elapsed time is 268.094426 seconds.

chan =

    14

Elapsed time is 238.928368 seconds.

chan =

    15

Elapsed time is 239.272436 seconds.

chan =

    16

Elapsed time is 231.003995 seconds.

chan =

    17

Elapsed time is 225.577849 seconds.

chan =

    18

Elapsed time is 221.711013 seconds.

chan =

    19

Elapsed time is 216.962367 seconds.

chan =

    20

Elapsed time is 211.757633 seconds.

chan =

    21

Elapsed time is 213.609229 seconds.

chan =

    22

Elapsed time is 212.448355 seconds.

chan =

    23

Elapsed time is 223.514578 seconds.

chan =

    24

Elapsed time is 234.009641 seconds.

chan =

    25

Elapsed time is 232.725711 seconds.

chan =

    26

Elapsed time is 257.511348 seconds.

chan =

    27

Elapsed time is 255.266622 seconds.

chan =

    28

Elapsed time is 244.165695 seconds.

chan =

    29

Elapsed time is 213.375734 seconds.

chan =

    30

Elapsed time is 253.169085 seconds.

chan =

    31

Elapsed time is 257.433246 seconds.

chan =

    32

Elapsed time is 254.057719 seconds.

chan =

    33

Elapsed time is 224.951315 seconds.

chan =

    34

Elapsed time is 243.864414 seconds.

chan =

    35

Elapsed time is 228.392730 seconds.

chan =

    36

Elapsed time is 254.459030 seconds.

chan =

    37

Elapsed time is 259.512676 seconds.

chan =

    38

Elapsed time is 243.129719 seconds.

chan =

    39

Elapsed time is 238.297157 seconds.

chan =

    40

Elapsed time is 259.168475 seconds.

chan =

    41

Elapsed time is 238.192011 seconds.

chan =

    42

Elapsed time is 253.353628 seconds.

chan =

    43

Elapsed time is 255.454749 seconds.

chan =

    44

Elapsed time is 231.149892 seconds.

chan =

    45

Elapsed time is 216.999034 seconds.

chan =

    46

Elapsed time is 234.008096 seconds.

chan =

    47

Elapsed time is 220.831477 seconds.

chan =

    48

Elapsed time is 233.367298 seconds.

chan =

    49

Elapsed time is 225.959896 seconds.

chan =

    50

Elapsed time is 221.182401 seconds.

chan =

    51

Elapsed time is 223.212503 seconds.

chan =

    52

Elapsed time is 221.480134 seconds.

chan =

    53

Elapsed time is 243.837707 seconds.

chan =

    54

Elapsed time is 214.617685 seconds.

chan =

    55

Elapsed time is 212.845619 seconds.

chan =

    56

Elapsed time is 210.314035 seconds.

chan =

    57

Elapsed time is 211.745742 seconds.

chan =

    58

Elapsed time is 211.466173 seconds.

chan =

    59

Elapsed time is 213.734772 seconds.

chan =

    60

Elapsed time is 210.733969 seconds.

chan =

    61

Elapsed time is 226.430963 seconds.

chan =

    62

Elapsed time is 211.848421 seconds.

chan =

    63

Elapsed time is 211.348383 seconds.

chan =

    64

Elapsed time is 214.808681 seconds.

chan =

    65

Elapsed time is 227.067176 seconds.

chan =

    66

Elapsed time is 230.694169 seconds.

chan =

    67

Elapsed time is 233.035561 seconds.

chan =

    68

Elapsed time is 230.365599 seconds.

chan =

    69

Elapsed time is 231.940018 seconds.

chan =

    70

Elapsed time is 230.155571 seconds.

chan =

    71

Elapsed time is 231.075814 seconds.

chan =

    72

Elapsed time is 229.393239 seconds.

chan =

    73

Elapsed time is 230.281133 seconds.

chan =

    74

Elapsed time is 230.813000 seconds.

chan =

    75

Elapsed time is 231.252777 seconds.

chan =

    76

Elapsed time is 229.613105 seconds.

chan =

    77

Elapsed time is 229.893873 seconds.

chan =

    78

Elapsed time is 228.185912 seconds.

chan =

    79

Elapsed time is 229.376769 seconds.

chan =

    80

Elapsed time is 228.544667 seconds.

chan =

    81

Elapsed time is 214.152109 seconds.

chan =

    82

Elapsed time is 212.596278 seconds.

chan =

    83

Elapsed time is 213.504926 seconds.

chan =

    84

Elapsed time is 211.373747 seconds.

chan =

    85

Elapsed time is 212.429642 seconds.

chan =

    86

Elapsed time is 210.786123 seconds.

chan =

    87

Elapsed time is 212.863128 seconds.

chan =

    88

Elapsed time is 211.658809 seconds.

chan =

    89

Elapsed time is 210.833841 seconds.

chan =

    90

Elapsed time is 210.981342 seconds.

chan =

    91

Elapsed time is 212.902464 seconds.

chan =

    92

Elapsed time is 210.224022 seconds.

chan =

    93

Elapsed time is 210.819025 seconds.

chan =

    94

Elapsed time is 210.205403 seconds.

chan =

    95

Elapsed time is 211.825422 seconds.

chan =

    96

Elapsed time is 209.544231 seconds.

chan =

    97

Elapsed time is 209.074535 seconds.

chan =

    98

Elapsed time is 209.240723 seconds.

chan =

    99

Elapsed time is 213.027509 seconds.

chan =

   100

Elapsed time is 212.171925 seconds.

chan =

   101

Elapsed time is 211.399318 seconds.

chan =

   102

Elapsed time is 211.337625 seconds.

chan =

   103

Elapsed time is 213.727323 seconds.

chan =

   104

Elapsed time is 212.668384 seconds.

chan =

   105

Elapsed time is 213.197820 seconds.

chan =

   106

Elapsed time is 210.044283 seconds.

chan =

   107

Elapsed time is 215.324098 seconds.

chan =

   108

Elapsed time is 213.911827 seconds.

chan =

   109

Elapsed time is 212.954607 seconds.

chan =

   110

Elapsed time is 211.819023 seconds.

chan =

   111

Elapsed time is 214.157760 seconds.

chan =

   112

Elapsed time is 216.740109 seconds.

chan =

   113

Elapsed time is 247.315198 seconds.

chan =

   114

Elapsed time is 208.223319 seconds.

chan =

   115

Elapsed time is 206.082597 seconds.

chan =

   116

Elapsed time is 200.469412 seconds.
attempting saving
save success: /projects/p31578/dtf8829/QuestConnect/CHANDAT/chanDat_SLCH006_091.mat
working on TF
encoding done
encoding RT done
retrieval 1 done
retrieval 2 done
attempting saving
save success: /projects/p31578/dtf8829/QuestConnect/CHANDAT/chanDat_SLCH006_091.mat
working on ISPC
channel: 1 took 0 minutes
channel: 2 took 0 minutes
channel: 3 took 0 minutes
channel: 4 took 0 minutes
channel: 5 took 0 minutes
channel: 6 took 0 minutes
channel: 7 took 0 minutes
channel: 8 took 0 minutes
channel: 9 took 0 minutes
channel: 10 took 0 minutes
channel: 11 took 0 minutes
channel: 12 took 0 minutes
channel: 13 took 0 minutes
channel: 14 took 0 minutes
channel: 15 took 0 minutes
channel: 16 took 0 minutes
channel: 17 took 0 minutes
channel: 18 took 0 minutes
channel: 19 took 0 minutes
channel: 20 took 0 minutes
channel: 21 took 0 minutes
channel: 22 took 0 minutes
channel: 23 took 0 minutes
channel: 24 took 0 minutes
channel: 25 took 0 minutes
channel: 26 took 0 minutes
channel: 27 took 0 minutes
channel: 28 took 0 minutes
channel: 29 took 0 minutes
channel: 30 took 0 minutes
channel: 31 took 0 minutes
channel: 32 took 0 minutes
channel: 33 took 0 minutes
channel: 34 took 0 minutes
channel: 35 took 0 minutes
channel: 36 took 0 minutes
channel: 37 took 0 minutes
channel: 38 took 0 minutes
channel: 39 took 0 minutes
channel: 40 took 0 minutes
channel: 41 took 0 minutes
channel: 42 took 0 minutes
channel: 43 took 0 minutes
channel: 44 took 0 minutes
channel: 45 took 0 minutes
channel: 46 took 0 minutes
channel: 47 took 0 minutes
channel: 48 took 0 minutes
channel: 49 took 0 minutes
channel: 50 took 0 minutes
channel: 51 took 0 minutes
channel: 52 took 0 minutes
channel: 53 took 0 minutes
channel: 54 took 0 minutes
channel: 55 took 0 minutes
channel: 56 took 0 minutes
channel: 57 took 0 minutes
channel: 58 took 0 minutes
channel: 59 took 0 minutes
channel: 60 took 0 minutes
channel: 61 took 0 minutes
channel: 62 took 0 minutes
channel: 63 took 0 minutes
channel: 64 took 0 minutes
channel: 65 took 0 minutes
channel: 66 took 0 minutes
channel: 67 took 0 minutes
channel: 68 took 0 minutes
channel: 69 took 0 minutes
channel: 70 took 0 minutes
channel: 71 took 0 minutes
channel: 72 took 0 minutes
channel: 73 took 0 minutes
channel: 74 took 0 minutes
channel: 75 took 0 minutes
channel: 76 took 0 minutes
channel: 77 took 0 minutes
channel: 78 took 0 minutes
channel: 79 took 0 minutes
channel: 80 took 0 minutes
channel: 81 took 0 minutes
channel: 82 took 0 minutes
channel: 83 took 0 minutes
channel: 84 took 0 minutes
channel: 85 took 0 minutes
channel: 86 took 0 minutes
channel: 87 took 0 minutes
channel: 88 took 0 minutes
channel: 89 took 0 minutes
channel: 90 took 0 minutes
channel: 91 took 0 minutes
channel: 92 took 3.8 minutes
channel: 93 took 3.8 minutes
channel: 94 took 3.8 minutes
channel: 95 took 3.8 minutes
channel: 96 took 3.8 minutes
channel: 97 took 3.8 minutes
channel: 98 took 3.8 minutes
channel: 99 took 3.8 minutes
channel: 100 took 3.8 minutes
channel: 101 took 3.8 minutes
channel: 102 took 3.8 minutes
channel: 103 took 4.3 minutes
channel: 104 took 3.8 minutes
channel: 105 took 4.1 minutes
channel: 106 took 4.4 minutes
channel: 107 took 4.4 minutes
channel: 108 took 4.4 minutes
channel: 109 took 4.4 minutes
channel: 110 took 4.4 minutes
channel: 111 took 4.4 minutes
channel: 112 took 4.4 minutes
channel: 113 took 4.4 minutes
channel: 114 took 4.4 minutes
channel: 115 took 4.4 minutes
channel: 116 took 4.3 minutes
attempting saving
save success: /projects/p31578/dtf8829/QuestConnect/CHANDAT/chanDat_SLCH006_091.mat
Elapsed time is 266.519678 seconds.
