getting started: 3578
attempting file: 3578
going for SLCH006 100
data loaded: SLCH006 100
MISMATCH WITH ZACH COORDINATES!!!
HFB already done

chan =

     1

Elapsed time is 209.495926 seconds.

chan =

     2

Elapsed time is 212.945396 seconds.

chan =

     3

Elapsed time is 214.600329 seconds.

chan =

     4

Elapsed time is 216.608530 seconds.

chan =

     5

Elapsed time is 220.471647 seconds.

chan =

     6

Elapsed time is 210.642148 seconds.

chan =

     7

Elapsed time is 216.481223 seconds.

chan =

     8

Elapsed time is 214.845444 seconds.

chan =

     9

Elapsed time is 211.814708 seconds.

chan =

    10

Elapsed time is 216.770087 seconds.

chan =

    11

Elapsed time is 213.959071 seconds.

chan =

    12

Elapsed time is 211.963842 seconds.

chan =

    13

Elapsed time is 211.192420 seconds.

chan =

    14

Elapsed time is 213.552230 seconds.

chan =

    15

Elapsed time is 213.113119 seconds.

chan =

    16

Elapsed time is 214.836906 seconds.

chan =

    17

Elapsed time is 211.071721 seconds.

chan =

    18

Elapsed time is 211.940580 seconds.

chan =

    19

Elapsed time is 213.518585 seconds.

chan =

    20

Elapsed time is 214.396744 seconds.

chan =

    21

Elapsed time is 210.924957 seconds.

chan =

    22

Elapsed time is 213.107230 seconds.

chan =

    23

Elapsed time is 208.920593 seconds.

chan =

    24

Elapsed time is 215.705816 seconds.

chan =

    25

Elapsed time is 214.263642 seconds.

chan =

    26

Elapsed time is 206.057682 seconds.

chan =

    27

Elapsed time is 202.076496 seconds.

chan =

    28

Elapsed time is 204.725170 seconds.

chan =

    29

Elapsed time is 205.119890 seconds.

chan =

    30

Elapsed time is 204.144710 seconds.

chan =

    31

Elapsed time is 208.079251 seconds.

chan =

    32

Elapsed time is 221.328719 seconds.

chan =

    33

Elapsed time is 229.864216 seconds.

chan =

    34

Elapsed time is 237.543356 seconds.

chan =

    35

Elapsed time is 217.433156 seconds.

chan =

    36

Elapsed time is 237.516269 seconds.

chan =

    37

Elapsed time is 236.030838 seconds.

chan =

    38

Elapsed time is 216.932017 seconds.

chan =

    39

Elapsed time is 232.992117 seconds.

chan =

    40

Elapsed time is 214.167007 seconds.

chan =

    41

Elapsed time is 232.472549 seconds.

chan =

    42

Elapsed time is 229.369987 seconds.

chan =

    43

Elapsed time is 236.369890 seconds.

chan =

    44

Elapsed time is 232.005839 seconds.

chan =

    45

Elapsed time is 233.844999 seconds.

chan =

    46

Elapsed time is 206.481323 seconds.

chan =

    47

Elapsed time is 222.729048 seconds.

chan =

    48

Elapsed time is 223.695480 seconds.

chan =

    49

Elapsed time is 219.177551 seconds.

chan =

    50

Elapsed time is 204.325127 seconds.

chan =

    51

Elapsed time is 200.498179 seconds.

chan =

    52

Elapsed time is 204.752442 seconds.

chan =

    53

Elapsed time is 237.295731 seconds.

chan =

    54

Elapsed time is 211.669841 seconds.

chan =

    55

Elapsed time is 213.413789 seconds.

chan =

    56

Elapsed time is 208.642911 seconds.

chan =

    57

Elapsed time is 201.276395 seconds.

chan =

    58

Elapsed time is 200.722107 seconds.

chan =

    59

Elapsed time is 197.104634 seconds.

chan =

    60

Elapsed time is 226.650445 seconds.

chan =

    61

Elapsed time is 230.065992 seconds.

chan =

    62

Elapsed time is 226.770790 seconds.

chan =

    63

Elapsed time is 208.624035 seconds.

chan =

    64

Elapsed time is 196.991519 seconds.

chan =

    65

Elapsed time is 198.417048 seconds.

chan =

    66

Elapsed time is 203.149392 seconds.

chan =

    67

Elapsed time is 201.043459 seconds.

chan =

    68

Elapsed time is 199.113258 seconds.

chan =

    69

Elapsed time is 197.888364 seconds.

chan =

    70

Elapsed time is 199.643625 seconds.

chan =

    71

Elapsed time is 201.111328 seconds.

chan =

    72

Elapsed time is 199.945768 seconds.

chan =

    73

Elapsed time is 198.124446 seconds.

chan =

    74

Elapsed time is 202.391412 seconds.

chan =

    75

Elapsed time is 198.003604 seconds.

chan =

    76

Elapsed time is 199.744054 seconds.

chan =

    77

Elapsed time is 198.289722 seconds.

chan =

    78

Elapsed time is 197.561829 seconds.

chan =

    79

Elapsed time is 198.404052 seconds.

chan =

    80

Elapsed time is 197.771616 seconds.

chan =

    81

Elapsed time is 201.511941 seconds.

chan =

    82

Elapsed time is 199.270148 seconds.

chan =

    83

Elapsed time is 197.039822 seconds.

chan =

    84

Elapsed time is 197.279424 seconds.

chan =

    85

Elapsed time is 197.285175 seconds.

chan =

    86

Elapsed time is 199.044714 seconds.

chan =

    87

Elapsed time is 200.018340 seconds.

chan =

    88

Elapsed time is 197.949001 seconds.

chan =

    89

Elapsed time is 199.960937 seconds.

chan =

    90

Elapsed time is 198.450217 seconds.

chan =

    91

Elapsed time is 199.371523 seconds.

chan =

    92

Elapsed time is 201.197126 seconds.

chan =

    93

Elapsed time is 201.274762 seconds.

chan =

    94

Elapsed time is 198.461324 seconds.

chan =

    95

Elapsed time is 197.684311 seconds.

chan =

    96

Elapsed time is 200.749450 seconds.

chan =

    97

Elapsed time is 199.113634 seconds.

chan =

    98

Elapsed time is 198.669727 seconds.

chan =

    99

Elapsed time is 197.606575 seconds.

chan =

   100

Elapsed time is 200.447343 seconds.

chan =

   101

Elapsed time is 198.262018 seconds.

chan =

   102

Elapsed time is 200.886057 seconds.

chan =

   103

Elapsed time is 198.135138 seconds.

chan =

   104

Elapsed time is 192.822850 seconds.

chan =

   105

Elapsed time is 194.802780 seconds.

chan =

   106

Elapsed time is 193.933267 seconds.

chan =

   107

Elapsed time is 199.975864 seconds.

chan =

   108

Elapsed time is 199.800704 seconds.

chan =

   109

Elapsed time is 198.646812 seconds.

chan =

   110

Elapsed time is 199.765632 seconds.

chan =

   111

Elapsed time is 201.878670 seconds.

chan =

   112

Elapsed time is 201.350746 seconds.

chan =

   113

Elapsed time is 199.601899 seconds.

chan =

   114

Elapsed time is 198.233955 seconds.

chan =

   115

Elapsed time is 197.122001 seconds.

chan =

   116

Elapsed time is 192.692779 seconds.
attempting saving
save success: /projects/p31578/dtf8829/QuestConnect/CHANDAT/chanDat_SLCH006_100.mat
working on TF
encoding done
encoding RT done
retrieval 1 done
retrieval 2 done
attempting saving
save success: /projects/p31578/dtf8829/QuestConnect/CHANDAT/chanDat_SLCH006_100.mat
working on ISPC
channel: 1 took 0 minutes
channel: 2 took 0 minutes
channel: 3 took 0 minutes
channel: 4 took 0 minutes
channel: 5 took 0 minutes
channel: 6 took 0 minutes
channel: 7 took 0 minutes
channel: 8 took 0 minutes
channel: 9 took 0 minutes
channel: 10 took 0 minutes
channel: 11 took 0 minutes
channel: 12 took 0 minutes
channel: 13 took 0 minutes
channel: 14 took 0 minutes
channel: 15 took 0 minutes
channel: 16 took 0 minutes
channel: 17 took 0 minutes
channel: 18 took 0 minutes
channel: 19 took 0 minutes
channel: 20 took 0 minutes
channel: 21 took 0 minutes
channel: 22 took 0 minutes
channel: 23 took 0 minutes
channel: 24 took 0 minutes
channel: 25 took 0 minutes
channel: 26 took 0 minutes
channel: 27 took 0 minutes
channel: 28 took 0 minutes
channel: 29 took 0 minutes
channel: 30 took 0 minutes
channel: 31 took 0 minutes
channel: 32 took 0 minutes
channel: 33 took 0 minutes
channel: 34 took 0 minutes
channel: 35 took 0 minutes
channel: 36 took 0 minutes
channel: 37 took 0 minutes
channel: 38 took 0 minutes
channel: 39 took 0 minutes
channel: 40 took 0 minutes
channel: 41 took 0 minutes
channel: 42 took 0 minutes
channel: 43 took 0 minutes
channel: 44 took 0 minutes
channel: 45 took 0 minutes
channel: 46 took 0 minutes
channel: 47 took 0 minutes
channel: 48 took 0 minutes
channel: 49 took 0 minutes
channel: 50 took 0 minutes
channel: 51 took 0 minutes
channel: 52 took 0 minutes
channel: 53 took 0 minutes
channel: 54 took 0 minutes
channel: 55 took 0 minutes
channel: 56 took 0 minutes
channel: 57 took 0 minutes
channel: 58 took 0 minutes
channel: 59 took 0 minutes
channel: 60 took 0 minutes
channel: 61 took 0 minutes
channel: 62 took 0 minutes
channel: 63 took 0 minutes
channel: 64 took 0 minutes
channel: 65 took 0 minutes
channel: 66 took 0 minutes
channel: 67 took 0 minutes
channel: 68 took 0 minutes
channel: 69 took 0 minutes
channel: 70 took 0 minutes
channel: 71 took 0 minutes
channel: 72 took 0 minutes
channel: 73 took 0 minutes
channel: 74 took 0 minutes
channel: 75 took 0 minutes
channel: 76 took 0 minutes
channel: 77 took 0 minutes
channel: 78 took 0 minutes
channel: 79 took 0 minutes
channel: 80 took 0 minutes
channel: 81 took 0 minutes
channel: 82 took 0 minutes
channel: 83 took 0 minutes
channel: 84 took 0 minutes
channel: 85 took 0 minutes
channel: 86 took 0 minutes
channel: 87 took 0 minutes
channel: 88 took 0 minutes
channel: 89 took 0 minutes
channel: 90 took 0 minutes
channel: 91 took 0 minutes
channel: 92 took 0 minutes
channel: 93 took 0 minutes
channel: 94 took 0 minutes
channel: 95 took 0 minutes
channel: 96 took 0 minutes
channel: 97 took 0 minutes
channel: 98 took 0 minutes
channel: 99 took 0 minutes
channel: 100 took 0 minutes
channel: 101 took 3.6 minutes
channel: 102 took 3.6 minutes
channel: 103 took 3.6 minutes
channel: 104 took 3.6 minutes
channel: 105 took 3.6 minutes
channel: 106 took 3.6 minutes
channel: 107 took 3.6 minutes
channel: 108 took 3.6 minutes
channel: 109 took 3.6 minutes
channel: 110 took 3.6 minutes
channel: 111 took 3.6 minutes
channel: 112 took 3.6 minutes
channel: 113 took 3.6 minutes
channel: 114 took 3.6 minutes
channel: 115 took 3.6 minutes
channel: 116 took 3.5 minutes
attempting saving
save success: /projects/p31578/dtf8829/QuestConnect/CHANDAT/chanDat_SLCH006_100.mat
Elapsed time is 217.014693 seconds.
