getting started: 3494
attempting file: 3494
going for SLCH006 16
data loaded: SLCH006 16
MISMATCH WITH ZACH COORDINATES!!!
HFB already done

chan =

     1

Elapsed time is 195.976750 seconds.

chan =

     2

Elapsed time is 197.302258 seconds.

chan =

     3

Elapsed time is 203.610328 seconds.

chan =

     4

Elapsed time is 212.155170 seconds.

chan =

     5

Elapsed time is 200.039821 seconds.

chan =

     6

Elapsed time is 200.148728 seconds.

chan =

     7

Elapsed time is 205.872589 seconds.

chan =

     8

Elapsed time is 202.806486 seconds.

chan =

     9

Elapsed time is 204.618654 seconds.

chan =

    10

Elapsed time is 201.595486 seconds.

chan =

    11

Elapsed time is 204.167952 seconds.

chan =

    12

Elapsed time is 205.278980 seconds.

chan =

    13

Elapsed time is 200.773897 seconds.

chan =

    14

Elapsed time is 197.462032 seconds.

chan =

    15

Elapsed time is 202.834038 seconds.

chan =

    16

Elapsed time is 201.210984 seconds.

chan =

    17

Elapsed time is 203.695453 seconds.

chan =

    18

Elapsed time is 200.520981 seconds.

chan =

    19

Elapsed time is 204.155325 seconds.

chan =

    20

Elapsed time is 201.485342 seconds.

chan =

    21

Elapsed time is 200.723967 seconds.

chan =

    22

Elapsed time is 198.168297 seconds.

chan =

    23

Elapsed time is 201.381560 seconds.

chan =

    24

Elapsed time is 204.776868 seconds.

chan =

    25

Elapsed time is 201.727102 seconds.

chan =

    26

Elapsed time is 204.033770 seconds.

chan =

    27

Elapsed time is 206.501918 seconds.

chan =

    28

Elapsed time is 201.240451 seconds.

chan =

    29

Elapsed time is 202.000355 seconds.

chan =

    30

Elapsed time is 200.678137 seconds.

chan =

    31

Elapsed time is 229.775657 seconds.

chan =

    32

Elapsed time is 220.784308 seconds.

chan =

    33

Elapsed time is 227.236681 seconds.

chan =

    34

Elapsed time is 248.131519 seconds.

chan =

    35

Elapsed time is 251.737127 seconds.

chan =

    36

Elapsed time is 247.312014 seconds.

chan =

    37

Elapsed time is 253.369266 seconds.

chan =

    38

Elapsed time is 245.296401 seconds.

chan =

    39

Elapsed time is 240.924552 seconds.

chan =

    40

Elapsed time is 245.709768 seconds.

chan =

    41

Elapsed time is 237.787305 seconds.

chan =

    42

Elapsed time is 242.328479 seconds.

chan =

    43

Elapsed time is 226.809380 seconds.

chan =

    44

Elapsed time is 225.245062 seconds.

chan =

    45

Elapsed time is 245.743810 seconds.

chan =

    46

Elapsed time is 225.214355 seconds.

chan =

    47

Elapsed time is 243.344371 seconds.

chan =

    48

Elapsed time is 224.370870 seconds.

chan =

    49

Elapsed time is 202.201675 seconds.

chan =

    50

Elapsed time is 233.660468 seconds.

chan =

    51

Elapsed time is 217.043749 seconds.

chan =

    52

Elapsed time is 206.485099 seconds.

chan =

    53

Elapsed time is 201.317007 seconds.

chan =

    54

Elapsed time is 210.369054 seconds.

chan =

    55

Elapsed time is 199.120214 seconds.

chan =

    56

Elapsed time is 196.436318 seconds.

chan =

    57

Elapsed time is 205.242778 seconds.

chan =

    58

Elapsed time is 219.208659 seconds.

chan =

    59

Elapsed time is 213.613775 seconds.

chan =

    60

Elapsed time is 232.679293 seconds.

chan =

    61

Elapsed time is 211.957681 seconds.

chan =

    62

Elapsed time is 201.999827 seconds.

chan =

    63

Elapsed time is 211.544485 seconds.

chan =

    64

Elapsed time is 199.728054 seconds.

chan =

    65

Elapsed time is 194.450474 seconds.

chan =

    66

Elapsed time is 190.218012 seconds.

chan =

    67

Elapsed time is 193.746512 seconds.

chan =

    68

Elapsed time is 189.056540 seconds.

chan =

    69

Elapsed time is 188.135268 seconds.

chan =

    70

Elapsed time is 188.118875 seconds.

chan =

    71

Elapsed time is 192.579487 seconds.

chan =

    72

Elapsed time is 191.413282 seconds.

chan =

    73

Elapsed time is 187.175572 seconds.

chan =

    74

Elapsed time is 192.885214 seconds.

chan =

    75

Elapsed time is 189.860846 seconds.

chan =

    76

Elapsed time is 190.746711 seconds.

chan =

    77

Elapsed time is 192.357513 seconds.

chan =

    78

Elapsed time is 190.143279 seconds.

chan =

    79

Elapsed time is 192.114760 seconds.

chan =

    80

Elapsed time is 191.047376 seconds.

chan =

    81

Elapsed time is 190.684479 seconds.

chan =

    82

Elapsed time is 188.372702 seconds.

chan =

    83

Elapsed time is 191.743678 seconds.

chan =

    84

Elapsed time is 189.895091 seconds.

chan =

    85

Elapsed time is 192.539770 seconds.

chan =

    86

Elapsed time is 188.646421 seconds.

chan =

    87

Elapsed time is 192.931407 seconds.

chan =

    88

Elapsed time is 191.522805 seconds.

chan =

    89

Elapsed time is 189.732306 seconds.

chan =

    90

Elapsed time is 188.356331 seconds.

chan =

    91

Elapsed time is 193.961579 seconds.

chan =

    92

Elapsed time is 190.156097 seconds.

chan =

    93

Elapsed time is 192.639319 seconds.

chan =

    94

Elapsed time is 189.806645 seconds.

chan =

    95

Elapsed time is 191.280453 seconds.

chan =

    96

Elapsed time is 188.663187 seconds.

chan =

    97

Elapsed time is 186.597242 seconds.

chan =

    98

Elapsed time is 187.171016 seconds.

chan =

    99

Elapsed time is 188.550710 seconds.

chan =

   100

Elapsed time is 190.745937 seconds.

chan =

   101

Elapsed time is 186.924381 seconds.

chan =

   102

Elapsed time is 189.349560 seconds.

chan =

   103

Elapsed time is 187.555507 seconds.

chan =

   104

Elapsed time is 189.435115 seconds.

chan =

   105

Elapsed time is 187.837770 seconds.

chan =

   106

Elapsed time is 188.647833 seconds.

chan =

   107

Elapsed time is 190.047905 seconds.

chan =

   108

Elapsed time is 190.089005 seconds.

chan =

   109

Elapsed time is 189.955018 seconds.

chan =

   110

Elapsed time is 192.072955 seconds.

chan =

   111

Elapsed time is 192.499140 seconds.

chan =

   112

Elapsed time is 191.164396 seconds.

chan =

   113

Elapsed time is 195.341126 seconds.

chan =

   114

Elapsed time is 191.626235 seconds.

chan =

   115

Elapsed time is 192.010682 seconds.

chan =

   116

Elapsed time is 189.649382 seconds.
attempting saving
save success: /projects/p31578/dtf8829/QuestConnect/CHANDAT/chanDat_SLCH006_016.mat
working on TF
encoding done
encoding RT done
retrieval 1 done
retrieval 2 done
attempting saving
save success: /projects/p31578/dtf8829/QuestConnect/CHANDAT/chanDat_SLCH006_016.mat
working on ISPC
channel: 1 took 0 minutes
channel: 2 took 0 minutes
channel: 3 took 0 minutes
channel: 4 took 0 minutes
channel: 5 took 0 minutes
channel: 6 took 0 minutes
channel: 7 took 0 minutes
channel: 8 took 0 minutes
channel: 9 took 0 minutes
channel: 10 took 0 minutes
channel: 11 took 0 minutes
channel: 12 took 0 minutes
channel: 13 took 0 minutes
channel: 14 took 0 minutes
channel: 15 took 0 minutes
channel: 16 took 0 minutes
channel: 17 took 3.6 minutes
channel: 18 took 3.6 minutes
channel: 19 took 3.5 minutes
channel: 20 took 3.5 minutes
channel: 21 took 3.5 minutes
channel: 22 took 3.5 minutes
channel: 23 took 3.5 minutes
channel: 24 took 3.5 minutes
channel: 25 took 3.5 minutes
channel: 26 took 3.5 minutes
channel: 27 took 3.5 minutes
channel: 28 took 3.5 minutes
channel: 29 took 3.5 minutes
channel: 30 took 3.6 minutes
channel: 31 took 3.6 minutes
channel: 32 took 3.6 minutes
channel: 33 took 3.6 minutes
channel: 34 took 3.6 minutes
channel: 35 took 3.6 minutes
channel: 36 took 3.6 minutes
channel: 37 took 3.5 minutes
channel: 38 took 3.6 minutes
channel: 39 took 3.5 minutes
channel: 40 took 3.5 minutes
channel: 41 took 3.5 minutes
channel: 42 took 3.6 minutes
channel: 43 took 3.5 minutes
channel: 44 took 3.5 minutes
channel: 45 took 3.5 minutes
channel: 46 took 3.5 minutes
channel: 47 took 3.5 minutes
channel: 48 took 3.5 minutes
channel: 49 took 3.5 minutes
channel: 50 took 3.5 minutes
channel: 51 took 3.5 minutes
channel: 52 took 3.5 minutes
channel: 53 took 3.5 minutes
channel: 54 took 3.5 minutes
channel: 55 took 3.5 minutes
channel: 56 took 3.5 minutes
channel: 57 took 3.5 minutes
channel: 58 took 3.6 minutes
channel: 59 took 3.5 minutes
channel: 60 took 3.5 minutes
channel: 61 took 3.6 minutes
channel: 62 took 3.6 minutes
channel: 63 took 3.6 minutes
channel: 64 took 3.6 minutes
channel: 65 took 3.6 minutes
channel: 66 took 3.6 minutes
channel: 67 took 3.6 minutes
channel: 68 took 3.6 minutes
channel: 69 took 3.5 minutes
channel: 70 took 3.5 minutes
channel: 71 took 3.5 minutes
channel: 72 took 3.5 minutes
channel: 73 took 3.5 minutes
channel: 74 took 3.5 minutes
channel: 75 took 3.5 minutes
channel: 76 took 3.5 minutes
channel: 77 took 3.5 minutes
channel: 78 took 3.5 minutes
channel: 79 took 3.5 minutes
channel: 80 took 3.5 minutes
channel: 81 took 3.5 minutes
channel: 82 took 3.5 minutes
channel: 83 took 3.5 minutes
channel: 84 took 3.5 minutes
channel: 85 took 3.5 minutes
channel: 86 took 3.6 minutes
channel: 87 took 3.6 minutes
channel: 88 took 3.6 minutes
channel: 89 took 3.6 minutes
channel: 90 took 3.6 minutes
channel: 91 took 3.5 minutes
channel: 92 took 3.6 minutes
channel: 93 took 3.6 minutes
channel: 94 took 3.6 minutes
channel: 95 took 3.5 minutes
channel: 96 took 3.6 minutes
channel: 97 took 3.5 minutes
channel: 98 took 3.5 minutes
channel: 99 took 3.6 minutes
channel: 100 took 3.6 minutes
channel: 101 took 3.6 minutes
channel: 102 took 3.6 minutes
channel: 103 took 3.6 minutes
channel: 104 took 3.6 minutes
channel: 105 took 3.6 minutes
channel: 106 took 3.6 minutes
channel: 107 took 3.6 minutes
channel: 108 took 3.6 minutes
channel: 109 took 3.6 minutes
channel: 110 took 3.5 minutes
channel: 111 took 3.6 minutes
channel: 112 took 3.6 minutes
channel: 113 took 3.5 minutes
channel: 114 took 3.6 minutes
channel: 115 took 3.5 minutes
channel: 116 took 3.6 minutes
attempting saving
save success: /projects/p31578/dtf8829/QuestConnect/CHANDAT/chanDat_SLCH006_016.mat
Elapsed time is 219.680953 seconds.
