getting started: 3503
attempting file: 3503
going for SLCH006 25
data loaded: SLCH006 25
MISMATCH WITH ZACH COORDINATES!!!
HFB already done

chan =

     1

Elapsed time is 255.796792 seconds.

chan =

     2

Elapsed time is 262.371389 seconds.

chan =

     3

Elapsed time is 266.516731 seconds.

chan =

     4

Elapsed time is 262.906406 seconds.

chan =

     5

Elapsed time is 262.321102 seconds.

chan =

     6

Elapsed time is 263.378767 seconds.

chan =

     7

Elapsed time is 264.512376 seconds.

chan =

     8

Elapsed time is 263.687344 seconds.

chan =

     9

Elapsed time is 262.588502 seconds.

chan =

    10

Elapsed time is 263.265338 seconds.

chan =

    11

Elapsed time is 259.038027 seconds.

chan =

    12

Elapsed time is 262.337805 seconds.

chan =

    13

Elapsed time is 263.753671 seconds.

chan =

    14

Elapsed time is 260.894058 seconds.

chan =

    15

Elapsed time is 262.594491 seconds.

chan =

    16

Elapsed time is 260.457729 seconds.

chan =

    17

Elapsed time is 263.059195 seconds.

chan =

    18

Elapsed time is 263.154135 seconds.

chan =

    19

Elapsed time is 262.302989 seconds.

chan =

    20

Elapsed time is 260.999272 seconds.

chan =

    21

Elapsed time is 262.013042 seconds.

chan =

    22

Elapsed time is 262.873388 seconds.

chan =

    23

Elapsed time is 260.376918 seconds.

chan =

    24

Elapsed time is 266.385672 seconds.

chan =

    25

Elapsed time is 263.460622 seconds.

chan =

    26

Elapsed time is 266.050069 seconds.

chan =

    27

Elapsed time is 265.262993 seconds.

chan =

    28

Elapsed time is 265.441883 seconds.

chan =

    29

Elapsed time is 263.893165 seconds.

chan =

    30

Elapsed time is 262.784620 seconds.

chan =

    31

Elapsed time is 262.158243 seconds.

chan =

    32

Elapsed time is 259.854113 seconds.

chan =

    33

Elapsed time is 264.695403 seconds.

chan =

    34

Elapsed time is 262.056327 seconds.

chan =

    35

Elapsed time is 263.818364 seconds.

chan =

    36

Elapsed time is 263.872582 seconds.

chan =

    37

Elapsed time is 262.059440 seconds.

chan =

    38

Elapsed time is 265.012884 seconds.

chan =

    39

Elapsed time is 264.333070 seconds.

chan =

    40

Elapsed time is 268.193978 seconds.

chan =

    41

Elapsed time is 262.286397 seconds.

chan =

    42

Elapsed time is 264.279058 seconds.

chan =

    43

Elapsed time is 261.577744 seconds.

chan =

    44

Elapsed time is 263.088154 seconds.

chan =

    45

Elapsed time is 262.416174 seconds.

chan =

    46

Elapsed time is 259.615278 seconds.

chan =

    47

Elapsed time is 263.021299 seconds.

chan =

    48

Elapsed time is 264.469817 seconds.

chan =

    49

Elapsed time is 264.109418 seconds.

chan =

    50

Elapsed time is 261.278411 seconds.

chan =

    51

Elapsed time is 262.719427 seconds.

chan =

    52

Elapsed time is 261.487474 seconds.

chan =

    53

Elapsed time is 262.523136 seconds.

chan =

    54

Elapsed time is 261.438954 seconds.

chan =

    55

Elapsed time is 265.331447 seconds.

chan =

    56

Elapsed time is 262.817270 seconds.

chan =

    57

Elapsed time is 262.290293 seconds.

chan =

    58

Elapsed time is 259.082218 seconds.

chan =

    59

Elapsed time is 264.179751 seconds.

chan =

    60

Elapsed time is 256.548673 seconds.

chan =

    61

Elapsed time is 242.713192 seconds.

chan =

    62

Elapsed time is 258.215933 seconds.

chan =

    63

Elapsed time is 260.660999 seconds.

chan =

    64

Elapsed time is 260.762516 seconds.

chan =

    65

Elapsed time is 260.036989 seconds.

chan =

    66

Elapsed time is 227.392980 seconds.

chan =

    67

Elapsed time is 258.657673 seconds.

chan =

    68

Elapsed time is 257.284982 seconds.

chan =

    69

Elapsed time is 260.438062 seconds.

chan =

    70

Elapsed time is 257.568781 seconds.

chan =

    71

Elapsed time is 248.398521 seconds.

chan =

    72

Elapsed time is 254.381023 seconds.

chan =

    73

Elapsed time is 255.766012 seconds.

chan =

    74

Elapsed time is 257.015241 seconds.

chan =

    75

Elapsed time is 258.327861 seconds.

chan =

    76

Elapsed time is 251.026677 seconds.

chan =

    77

Elapsed time is 242.719720 seconds.

chan =

    78

Elapsed time is 256.420712 seconds.

chan =

    79

Elapsed time is 256.135125 seconds.

chan =

    80

Elapsed time is 255.644685 seconds.

chan =

    81

Elapsed time is 255.793981 seconds.

chan =

    82

Elapsed time is 226.747653 seconds.

chan =

    83

Elapsed time is 245.559389 seconds.

chan =

    84

Elapsed time is 258.107139 seconds.

chan =

    85

Elapsed time is 256.071414 seconds.

chan =

    86

Elapsed time is 255.955465 seconds.

chan =

    87

Elapsed time is 251.541975 seconds.

chan =

    88

Elapsed time is 219.912595 seconds.

chan =

    89

Elapsed time is 250.520047 seconds.

chan =

    90

Elapsed time is 252.740025 seconds.

chan =

    91

Elapsed time is 254.411857 seconds.

chan =

    92

Elapsed time is 251.695607 seconds.

chan =

    93

Elapsed time is 245.629356 seconds.

chan =

    94

Elapsed time is 223.617298 seconds.

chan =

    95

Elapsed time is 251.218739 seconds.

chan =

    96

Elapsed time is 251.469795 seconds.

chan =

    97

Elapsed time is 250.639270 seconds.

chan =

    98

Elapsed time is 253.543732 seconds.

chan =

    99

Elapsed time is 238.126717 seconds.

chan =

   100

Elapsed time is 219.819012 seconds.

chan =

   101

Elapsed time is 226.618127 seconds.

chan =

   102

Elapsed time is 232.599572 seconds.

chan =

   103

Elapsed time is 227.339239 seconds.

chan =

   104

Elapsed time is 225.487439 seconds.

chan =

   105

Elapsed time is 223.921698 seconds.

chan =

   106

Elapsed time is 234.389416 seconds.

chan =

   107

Elapsed time is 247.981275 seconds.

chan =

   108

Elapsed time is 246.679581 seconds.

chan =

   109

Elapsed time is 250.050834 seconds.

chan =

   110

Elapsed time is 245.047739 seconds.

chan =

   111

Elapsed time is 231.206855 seconds.

chan =

   112

Elapsed time is 251.891578 seconds.

chan =

   113

Elapsed time is 249.514104 seconds.

chan =

   114

Elapsed time is 244.769122 seconds.

chan =

   115

Elapsed time is 238.038663 seconds.

chan =

   116

Elapsed time is 218.206897 seconds.
attempting saving
save success: /projects/p31578/dtf8829/QuestConnect/CHANDAT/chanDat_SLCH006_025.mat
working on TF
encoding done
encoding RT done
retrieval 1 done
retrieval 2 done
attempting saving
save success: /projects/p31578/dtf8829/QuestConnect/CHANDAT/chanDat_SLCH006_025.mat
working on ISPC
channel: 1 took 0 minutes
channel: 2 took 0 minutes
channel: 3 took 0 minutes
channel: 4 took 0 minutes
channel: 5 took 0 minutes
channel: 6 took 0 minutes
channel: 7 took 0 minutes
channel: 8 took 0 minutes
channel: 9 took 0 minutes
channel: 10 took 0 minutes
channel: 11 took 0 minutes
channel: 12 took 0 minutes
channel: 13 took 0 minutes
channel: 14 took 0 minutes
channel: 15 took 0 minutes
channel: 16 took 0 minutes
channel: 17 took 0 minutes
channel: 18 took 0 minutes
channel: 19 took 0 minutes
channel: 20 took 0 minutes
channel: 21 took 0 minutes
channel: 22 took 0 minutes
channel: 23 took 0 minutes
channel: 24 took 0 minutes
channel: 25 took 0 minutes
channel: 26 took 4.2 minutes
channel: 27 took 4.2 minutes
channel: 28 took 4.2 minutes
channel: 29 took 4.2 minutes
channel: 30 took 3.8 minutes
channel: 31 took 4.2 minutes
channel: 32 took 4.2 minutes
channel: 33 took 4.2 minutes
channel: 34 took 4.2 minutes
channel: 35 took 3.9 minutes
channel: 36 took 3.8 minutes
channel: 37 took 4.2 minutes
channel: 38 took 4.2 minutes
channel: 39 took 4.2 minutes
channel: 40 took 4.2 minutes
channel: 41 took 4.1 minutes
channel: 42 took 4.2 minutes
channel: 43 took 4.2 minutes
channel: 44 took 4.2 minutes
channel: 45 took 4.2 minutes
channel: 46 took 3.9 minutes
channel: 47 took 4.2 minutes
channel: 48 took 4.2 minutes
channel: 49 took 4.2 minutes
channel: 50 took 4.2 minutes
channel: 51 took 3.9 minutes
channel: 52 took 4.2 minutes
channel: 53 took 4.2 minutes
channel: 54 took 4.2 minutes
channel: 55 took 4.2 minutes
channel: 56 took 4 minutes
channel: 57 took 4.2 minutes
channel: 58 took 4.2 minutes
channel: 59 took 4.2 minutes
channel: 60 took 4.2 minutes
channel: 61 took 3.9 minutes
channel: 62 took 4.2 minutes
channel: 63 took 4.2 minutes
channel: 64 took 4.2 minutes
channel: 65 took 4.2 minutes
channel: 66 took 4 minutes
channel: 67 took 4.2 minutes
channel: 68 took 4.2 minutes
channel: 69 took 4.2 minutes
channel: 70 took 4.2 minutes
channel: 71 took 3.9 minutes
channel: 72 took 4.2 minutes
channel: 73 took 4.2 minutes
channel: 74 took 4.2 minutes
channel: 75 took 4.2 minutes
channel: 76 took 4.1 minutes
channel: 77 took 4.2 minutes
channel: 78 took 4.2 minutes
channel: 79 took 4.2 minutes
channel: 80 took 4.2 minutes
channel: 81 took 4 minutes
channel: 82 took 4.2 minutes
channel: 83 took 4.2 minutes
channel: 84 took 4.2 minutes
channel: 85 took 4.1 minutes
channel: 86 took 3.9 minutes
channel: 87 took 4.1 minutes
channel: 88 took 4.3 minutes
channel: 89 took 4.3 minutes
channel: 90 took 4.2 minutes
channel: 91 took 4.1 minutes
channel: 92 took 4.2 minutes
channel: 93 took 4.3 minutes
channel: 94 took 4.3 minutes
channel: 95 took 4.2 minutes
channel: 96 took 4 minutes
channel: 97 took 4.2 minutes
channel: 98 took 4.3 minutes
channel: 99 took 4.3 minutes
channel: 100 took 4.2 minutes
channel: 101 took 3.8 minutes
channel: 102 took 3.6 minutes
channel: 103 took 3.7 minutes
channel: 104 took 4.3 minutes
channel: 105 took 4.3 minutes
channel: 106 took 4.3 minutes
channel: 107 took 4.3 minutes
channel: 108 took 4.3 minutes
channel: 109 took 4.3 minutes
channel: 110 took 4.3 minutes
channel: 111 took 4.3 minutes
channel: 112 took 4.3 minutes
channel: 113 took 4.3 minutes
channel: 114 took 4.3 minutes
channel: 115 took 4.3 minutes
channel: 116 took 4.2 minutes
attempting saving
save success: /projects/p31578/dtf8829/QuestConnect/CHANDAT/chanDat_SLCH006_025.mat
Elapsed time is 262.074510 seconds.
