getting started: 3489
attempting file: 3489
going for SLCH006 11
data loaded: SLCH006 11
MISMATCH WITH ZACH COORDINATES!!!
HFB already done
already done with leadLag
working on TF
encoding done
encoding RT done
retrieval 1 done
retrieval 2 done
attempting saving
save success: /projects/p31578/dtf8829/QuestConnect/CHANDAT/chanDat_SLCH006_011.mat
working on ISPC
channel: 1 took 0 minutes
channel: 2 took 0 minutes
channel: 3 took 0 minutes
channel: 4 took 0 minutes
channel: 5 took 0 minutes
channel: 6 took 0 minutes
channel: 7 took 0 minutes
channel: 8 took 0 minutes
channel: 9 took 0 minutes
channel: 10 took 0 minutes
channel: 11 took 0 minutes
channel: 12 took 4.2 minutes
channel: 13 took 4.2 minutes
channel: 14 took 4.4 minutes
channel: 15 took 4.4 minutes
channel: 16 took 4.4 minutes
channel: 17 took 4.4 minutes
channel: 18 took 4.4 minutes
channel: 19 took 4.3 minutes
channel: 20 took 4.3 minutes
channel: 21 took 4.3 minutes
channel: 22 took 4.3 minutes
channel: 23 took 4.3 minutes
channel: 24 took 4.3 minutes
channel: 25 took 4.3 minutes
channel: 26 took 4.3 minutes
channel: 27 took 4.3 minutes
channel: 28 took 4.3 minutes
channel: 29 took 4.3 minutes
channel: 30 took 4.3 minutes
channel: 31 took 4.3 minutes
channel: 32 took 4.3 minutes
channel: 33 took 4.3 minutes
channel: 34 took 4.3 minutes
channel: 35 took 4.3 minutes
channel: 36 took 4.2 minutes
channel: 37 took 4.5 minutes
channel: 38 took 4.5 minutes
channel: 39 took 4.4 minutes
channel: 40 took 4.5 minutes
channel: 41 took 4.5 minutes
channel: 42 took 4.3 minutes
channel: 43 took 4.4 minutes
channel: 44 took 4.5 minutes
channel: 45 took 4.4 minutes
channel: 46 took 4.5 minutes
channel: 47 took 4.4 minutes
channel: 48 took 4.2 minutes
channel: 49 took 4.5 minutes
channel: 50 took 4.4 minutes
channel: 51 took 4.5 minutes
channel: 52 took 4.4 minutes
channel: 53 took 4.4 minutes
channel: 54 took 4.2 minutes
channel: 55 took 4.3 minutes
channel: 56 took 4.2 minutes
channel: 57 took 4.2 minutes
channel: 58 took 4.2 minutes
channel: 59 took 4.2 minutes
channel: 60 took 4.2 minutes
channel: 61 took 4.2 minutes
channel: 62 took 4.3 minutes
channel: 63 took 4.4 minutes
channel: 64 took 4.4 minutes
channel: 65 took 4.3 minutes
channel: 66 took 4.2 minutes
channel: 67 took 4.2 minutes
channel: 68 took 4.2 minutes
channel: 69 took 4.1 minutes
channel: 70 took 4.2 minutes
channel: 71 took 4.2 minutes
channel: 72 took 4.2 minutes
channel: 73 took 4.2 minutes
channel: 74 took 4.1 minutes
channel: 75 took 4.2 minutes
channel: 76 took 4.2 minutes
channel: 77 took 4.2 minutes
channel: 78 took 4.2 minutes
channel: 79 took 4.2 minutes
channel: 80 took 4.2 minutes
channel: 81 took 4.1 minutes
channel: 82 took 4.1 minutes
channel: 83 took 4.1 minutes
channel: 84 took 4.1 minutes
channel: 85 took 4.1 minutes
channel: 86 took 4.1 minutes
channel: 87 took 4.1 minutes
channel: 88 took 4.1 minutes
channel: 89 took 4.1 minutes
channel: 90 took 4.1 minutes
channel: 91 took 4.1 minutes
channel: 92 took 4.1 minutes
channel: 93 took 4.1 minutes
channel: 94 took 4.1 minutes
channel: 95 took 4.2 minutes
channel: 96 took 4.1 minutes
channel: 97 took 4.1 minutes
channel: 98 took 4.1 minutes
channel: 99 took 4.1 minutes
channel: 100 took 4.2 minutes
channel: 101 took 4.1 minutes
channel: 102 took 4.2 minutes
channel: 103 took 4.1 minutes
channel: 104 took 4.1 minutes
channel: 105 took 4.1 minutes
channel: 106 took 4.2 minutes
channel: 107 took 4.1 minutes
channel: 108 took 4.2 minutes
channel: 109 took 4.2 minutes
channel: 110 took 4.1 minutes
channel: 111 took 4.1 minutes
channel: 112 took 4.1 minutes
channel: 113 took 4.1 minutes
channel: 114 took 4.1 minutes
channel: 115 took 4 minutes
channel: 116 took 4 minutes
attempting saving
save success: /projects/p31578/dtf8829/QuestConnect/CHANDAT/chanDat_SLCH006_011.mat
Elapsed time is 245.594352 seconds.
