getting started: 3504
attempting file: 3504
going for SLCH006 26
data loaded: SLCH006 26
MISMATCH WITH ZACH COORDINATES!!!
HFB already done

chan =

     1

Elapsed time is 282.496497 seconds.

chan =

     2

Elapsed time is 284.826388 seconds.

chan =

     3

Elapsed time is 287.187622 seconds.

chan =

     4

Elapsed time is 287.698160 seconds.

chan =

     5

Elapsed time is 289.080931 seconds.

chan =

     6

Elapsed time is 286.237252 seconds.

chan =

     7

Elapsed time is 285.829862 seconds.

chan =

     8

Elapsed time is 285.075186 seconds.

chan =

     9

Elapsed time is 286.166642 seconds.

chan =

    10

Elapsed time is 282.415174 seconds.

chan =

    11

Elapsed time is 283.234751 seconds.

chan =

    12

Elapsed time is 277.841022 seconds.

chan =

    13

Elapsed time is 283.691394 seconds.

chan =

    14

Elapsed time is 283.744191 seconds.

chan =

    15

Elapsed time is 283.386065 seconds.

chan =

    16

Elapsed time is 280.089976 seconds.

chan =

    17

Elapsed time is 283.133090 seconds.

chan =

    18

Elapsed time is 283.272802 seconds.

chan =

    19

Elapsed time is 284.737637 seconds.

chan =

    20

Elapsed time is 283.857551 seconds.

chan =

    21

Elapsed time is 282.349803 seconds.

chan =

    22

Elapsed time is 276.445104 seconds.

chan =

    23

Elapsed time is 266.810414 seconds.

chan =

    24

Elapsed time is 269.716062 seconds.

chan =

    25

Elapsed time is 286.476545 seconds.

chan =

    26

Elapsed time is 283.198344 seconds.

chan =

    27

Elapsed time is 288.368039 seconds.

chan =

    28

Elapsed time is 287.830865 seconds.

chan =

    29

Elapsed time is 276.827514 seconds.

chan =

    30

Elapsed time is 270.139439 seconds.

chan =

    31

Elapsed time is 283.159749 seconds.

chan =

    32

Elapsed time is 282.808197 seconds.

chan =

    33

Elapsed time is 283.770005 seconds.

chan =

    34

Elapsed time is 283.870395 seconds.

chan =

    35

Elapsed time is 271.993157 seconds.

chan =

    36

Elapsed time is 280.046488 seconds.

chan =

    37

Elapsed time is 279.559416 seconds.

chan =

    38

Elapsed time is 281.480170 seconds.

chan =

    39

Elapsed time is 283.222970 seconds.

chan =

    40

Elapsed time is 278.515192 seconds.

chan =

    41

Elapsed time is 282.632242 seconds.

chan =

    42

Elapsed time is 275.354524 seconds.

chan =

    43

Elapsed time is 278.885469 seconds.

chan =

    44

Elapsed time is 282.151470 seconds.

chan =

    45

Elapsed time is 278.067693 seconds.

chan =

    46

Elapsed time is 277.004112 seconds.

chan =

    47

Elapsed time is 281.910000 seconds.

chan =

    48

Elapsed time is 282.548295 seconds.

chan =

    49

Elapsed time is 284.535296 seconds.

chan =

    50

Elapsed time is 280.588346 seconds.

chan =

    51

Elapsed time is 275.032205 seconds.

chan =

    52

Elapsed time is 282.105804 seconds.

chan =

    53

Elapsed time is 279.585717 seconds.

chan =

    54

Elapsed time is 282.907209 seconds.

chan =

    55

Elapsed time is 280.755661 seconds.

chan =

    56

Elapsed time is 274.621747 seconds.

chan =

    57

Elapsed time is 281.172649 seconds.

chan =

    58

Elapsed time is 278.985823 seconds.

chan =

    59

Elapsed time is 282.580036 seconds.

chan =

    60

Elapsed time is 279.803505 seconds.

chan =

    61

Elapsed time is 274.383477 seconds.

chan =

    62

Elapsed time is 275.407635 seconds.

chan =

    63

Elapsed time is 277.246968 seconds.

chan =

    64

Elapsed time is 282.266639 seconds.

chan =

    65

Elapsed time is 277.680108 seconds.

chan =

    66

Elapsed time is 282.170861 seconds.

chan =

    67

Elapsed time is 275.388022 seconds.

chan =

    68

Elapsed time is 281.236388 seconds.

chan =

    69

Elapsed time is 283.068325 seconds.

chan =

    70

Elapsed time is 281.788984 seconds.

chan =

    71

Elapsed time is 283.464972 seconds.

chan =

    72

Elapsed time is 279.466124 seconds.

chan =

    73

Elapsed time is 277.365894 seconds.

chan =

    74

Elapsed time is 281.324919 seconds.

chan =

    75

Elapsed time is 282.594033 seconds.

chan =

    76

Elapsed time is 276.046708 seconds.

chan =

    77

Elapsed time is 279.075912 seconds.

chan =

    78

Elapsed time is 273.161858 seconds.

chan =

    79

Elapsed time is 277.686302 seconds.

chan =

    80

Elapsed time is 275.887348 seconds.

chan =

    81

Elapsed time is 278.277822 seconds.

chan =

    82

Elapsed time is 282.890464 seconds.

chan =

    83

Elapsed time is 277.728239 seconds.

chan =

    84

Elapsed time is 279.443670 seconds.

chan =

    85

Elapsed time is 280.289730 seconds.

chan =

    86

Elapsed time is 280.168868 seconds.

chan =

    87

Elapsed time is 281.757079 seconds.

chan =

    88

Elapsed time is 276.310562 seconds.

chan =

    89

Elapsed time is 275.340432 seconds.

chan =

    90

Elapsed time is 281.780129 seconds.

chan =

    91

Elapsed time is 280.676268 seconds.

chan =

    92

Elapsed time is 274.557201 seconds.

chan =

    93

Elapsed time is 279.243385 seconds.

chan =

    94

Elapsed time is 269.021672 seconds.

chan =

    95

Elapsed time is 278.814515 seconds.

chan =

    96

Elapsed time is 277.513228 seconds.

chan =

    97

Elapsed time is 277.452344 seconds.

chan =

    98

Elapsed time is 278.264726 seconds.

chan =

    99

Elapsed time is 267.456466 seconds.

chan =

   100

Elapsed time is 276.660125 seconds.

chan =

   101

Elapsed time is 279.741479 seconds.

chan =

   102

Elapsed time is 278.541020 seconds.

chan =

   103

Elapsed time is 279.107153 seconds.

chan =

   104

Elapsed time is 274.665078 seconds.

chan =

   105

Elapsed time is 277.731102 seconds.

chan =

   106

Elapsed time is 278.295849 seconds.

chan =

   107

Elapsed time is 278.151287 seconds.

chan =

   108

Elapsed time is 278.423330 seconds.

chan =

   109

Elapsed time is 275.488985 seconds.

chan =

   110

Elapsed time is 273.368944 seconds.

chan =

   111

Elapsed time is 278.425120 seconds.

chan =

   112

Elapsed time is 276.905848 seconds.

chan =

   113

Elapsed time is 280.527543 seconds.

chan =

   114

Elapsed time is 277.230051 seconds.

chan =

   115

Elapsed time is 264.230981 seconds.

chan =

   116

Elapsed time is 265.897618 seconds.
attempting saving
save success: /projects/p31578/dtf8829/QuestConnect/CHANDAT/chanDat_SLCH006_026.mat
working on TF
encoding done
encoding RT done
retrieval 1 done
retrieval 2 done
attempting saving
save success: /projects/p31578/dtf8829/QuestConnect/CHANDAT/chanDat_SLCH006_026.mat
working on ISPC
channel: 1 took 0 minutes
channel: 2 took 0 minutes
channel: 3 took 0 minutes
channel: 4 took 0 minutes
channel: 5 took 0 minutes
channel: 6 took 0 minutes
channel: 7 took 0 minutes
channel: 8 took 0 minutes
channel: 9 took 0 minutes
channel: 10 took 0 minutes
channel: 11 took 0 minutes
channel: 12 took 0 minutes
channel: 13 took 0 minutes
channel: 14 took 0 minutes
channel: 15 took 0 minutes
channel: 16 took 0 minutes
channel: 17 took 0 minutes
channel: 18 took 0 minutes
channel: 19 took 0 minutes
channel: 20 took 0 minutes
channel: 21 took 0 minutes
channel: 22 took 0 minutes
channel: 23 took 0 minutes
channel: 24 took 0 minutes
channel: 25 took 0 minutes
channel: 26 took 0 minutes
channel: 27 took 5.3 minutes
channel: 28 took 5.4 minutes
channel: 29 took 5 minutes
channel: 30 took 5.2 minutes
channel: 31 took 5.2 minutes
channel: 32 took 5.4 minutes
channel: 33 took 5.3 minutes
channel: 34 took 5.1 minutes
channel: 35 took 5.3 minutes
channel: 36 took 5.3 minutes
channel: 37 took 5.2 minutes
channel: 38 took 5.2 minutes
channel: 39 took 5.3 minutes
channel: 40 took 5.2 minutes
channel: 41 took 5.3 minutes
channel: 42 took 5.3 minutes
channel: 43 took 5.2 minutes
channel: 44 took 5.3 minutes
channel: 45 took 5.3 minutes
channel: 46 took 5.4 minutes
channel: 47 took 4.8 minutes
channel: 48 took 5.3 minutes
channel: 49 took 5.2 minutes
channel: 50 took 5.4 minutes
channel: 51 took 5.3 minutes
channel: 52 took 5 minutes
channel: 53 took 5.3 minutes
channel: 54 took 5.3 minutes
channel: 55 took 5.3 minutes
channel: 56 took 4.9 minutes
channel: 57 took 5.1 minutes
channel: 58 took 5.2 minutes
channel: 59 took 5.3 minutes
channel: 60 took 5.3 minutes
channel: 61 took 5.1 minutes
channel: 62 took 5.3 minutes
channel: 63 took 5.3 minutes
channel: 64 took 5.3 minutes
channel: 65 took 5.2 minutes
channel: 66 took 5.2 minutes
channel: 67 took 5.3 minutes
channel: 68 took 5.3 minutes
channel: 69 took 5.3 minutes
channel: 70 took 5.1 minutes
channel: 71 took 5.2 minutes
channel: 72 took 5.3 minutes
channel: 73 took 5.3 minutes
channel: 74 took 5.1 minutes
channel: 75 took 5.1 minutes
channel: 76 took 5.3 minutes
channel: 77 took 5.3 minutes
channel: 78 took 5.3 minutes
channel: 79 took 4.8 minutes
channel: 80 took 4.4 minutes
channel: 81 took 4.3 minutes
channel: 82 took 4.3 minutes
channel: 83 took 4.3 minutes
channel: 84 took 4.4 minutes
channel: 85 took 4.4 minutes
channel: 86 took 5.6 minutes
channel: 87 took 5.5 minutes
channel: 88 took 5.6 minutes
channel: 89 took 5.5 minutes
channel: 90 took 5.6 minutes
channel: 91 took 5.6 minutes
channel: 92 took 5.6 minutes
channel: 93 took 5.5 minutes
channel: 94 took 5.5 minutes
channel: 95 took 5.5 minutes
channel: 96 took 5.5 minutes
channel: 97 took 5.5 minutes
channel: 98 took 5.5 minutes
channel: 99 took 5.6 minutes
channel: 100 took 5.6 minutes
channel: 101 took 5.5 minutes
channel: 102 took 5.6 minutes
channel: 103 took 5.5 minutes
channel: 104 took 5.6 minutes
channel: 105 took 5.6 minutes
channel: 106 took 5.6 minutes
channel: 107 took 5.5 minutes
channel: 108 took 5.6 minutes
channel: 109 took 5.6 minutes
channel: 110 took 5.6 minutes
channel: 111 took 5.6 minutes
channel: 112 took 5.6 minutes
channel: 113 took 5.5 minutes
channel: 114 took 5.4 minutes
channel: 115 took 5.4 minutes
channel: 116 took 5.2 minutes
attempting saving
save success: /projects/p31578/dtf8829/QuestConnect/CHANDAT/chanDat_SLCH006_026.mat
Elapsed time is 319.450712 seconds.
