getting started: 3520
attempting file: 3520
going for SLCH006 42
data loaded: SLCH006 42
MISMATCH WITH ZACH COORDINATES!!!
HFB already done

chan =

     1

Elapsed time is 240.544104 seconds.

chan =

     2

Elapsed time is 239.895008 seconds.

chan =

     3

Elapsed time is 242.629487 seconds.

chan =

     4

Elapsed time is 242.849082 seconds.

chan =

     5

Elapsed time is 243.595889 seconds.

chan =

     6

Elapsed time is 237.877322 seconds.

chan =

     7

Elapsed time is 238.641865 seconds.

chan =

     8

Elapsed time is 235.809215 seconds.

chan =

     9

Elapsed time is 238.179049 seconds.

chan =

    10

Elapsed time is 242.352496 seconds.

chan =

    11

Elapsed time is 241.375573 seconds.

chan =

    12

Elapsed time is 237.853093 seconds.

chan =

    13

Elapsed time is 234.317441 seconds.

chan =

    14

Elapsed time is 236.149823 seconds.

chan =

    15

Elapsed time is 239.356907 seconds.

chan =

    16

Elapsed time is 242.849210 seconds.

chan =

    17

Elapsed time is 243.208365 seconds.

chan =

    18

Elapsed time is 239.698859 seconds.

chan =

    19

Elapsed time is 237.908252 seconds.

chan =

    20

Elapsed time is 235.431754 seconds.

chan =

    21

Elapsed time is 238.331449 seconds.

chan =

    22

Elapsed time is 241.841957 seconds.

chan =

    23

Elapsed time is 242.164049 seconds.

chan =

    24

Elapsed time is 238.629327 seconds.

chan =

    25

Elapsed time is 239.033239 seconds.

chan =

    26

Elapsed time is 238.930313 seconds.

chan =

    27

Elapsed time is 245.374663 seconds.

chan =

    28

Elapsed time is 245.994417 seconds.

chan =

    29

Elapsed time is 238.053741 seconds.

chan =

    30

Elapsed time is 237.606023 seconds.

chan =

    31

Elapsed time is 237.914605 seconds.

chan =

    32

Elapsed time is 238.373360 seconds.

chan =

    33

Elapsed time is 242.007797 seconds.

chan =

    34

Elapsed time is 234.145598 seconds.

chan =

    35

Elapsed time is 235.014459 seconds.

chan =

    36

Elapsed time is 232.688522 seconds.

chan =

    37

Elapsed time is 242.162557 seconds.

chan =

    38

Elapsed time is 240.569282 seconds.

chan =

    39

Elapsed time is 239.456546 seconds.

chan =

    40

Elapsed time is 237.840675 seconds.

chan =

    41

Elapsed time is 243.012478 seconds.

chan =

    42

Elapsed time is 233.852940 seconds.

chan =

    43

Elapsed time is 232.229508 seconds.

chan =

    44

Elapsed time is 237.310754 seconds.

chan =

    45

Elapsed time is 239.512580 seconds.

chan =

    46

Elapsed time is 235.025381 seconds.

chan =

    47

Elapsed time is 238.658696 seconds.

chan =

    48

Elapsed time is 241.762081 seconds.

chan =

    49

Elapsed time is 235.529136 seconds.

chan =

    50

Elapsed time is 232.807546 seconds.

chan =

    51

Elapsed time is 239.886458 seconds.

chan =

    52

Elapsed time is 234.169686 seconds.

chan =

    53

Elapsed time is 239.524705 seconds.

chan =

    54

Elapsed time is 238.768281 seconds.

chan =

    55

Elapsed time is 232.472097 seconds.

chan =

    56

Elapsed time is 239.761330 seconds.

chan =

    57

Elapsed time is 235.985891 seconds.

chan =

    58

Elapsed time is 238.472969 seconds.

chan =

    59

Elapsed time is 243.028699 seconds.

chan =

    60

Elapsed time is 236.239635 seconds.

chan =

    61

Elapsed time is 238.836760 seconds.

chan =

    62

Elapsed time is 234.719542 seconds.

chan =

    63

Elapsed time is 236.958077 seconds.

chan =

    64

Elapsed time is 239.633406 seconds.

chan =

    65

Elapsed time is 235.948662 seconds.

chan =

    66

Elapsed time is 243.960897 seconds.

chan =

    67

Elapsed time is 242.351134 seconds.

chan =

    68

Elapsed time is 245.095998 seconds.

chan =

    69

Elapsed time is 241.686342 seconds.

chan =

    70

Elapsed time is 241.379735 seconds.

chan =

    71

Elapsed time is 243.729436 seconds.

chan =

    72

Elapsed time is 242.295301 seconds.

chan =

    73

Elapsed time is 242.887608 seconds.

chan =

    74

Elapsed time is 240.867774 seconds.

chan =

    75

Elapsed time is 245.357717 seconds.

chan =

    76

Elapsed time is 241.349003 seconds.

chan =

    77

Elapsed time is 241.948677 seconds.

chan =

    78

Elapsed time is 238.513063 seconds.

chan =

    79

Elapsed time is 244.769633 seconds.

chan =

    80

Elapsed time is 242.423953 seconds.

chan =

    81

Elapsed time is 241.441948 seconds.

chan =

    82

Elapsed time is 240.581680 seconds.

chan =

    83

Elapsed time is 237.876620 seconds.

chan =

    84

Elapsed time is 240.214775 seconds.

chan =

    85

Elapsed time is 240.865964 seconds.

chan =

    86

Elapsed time is 242.303918 seconds.

chan =

    87

Elapsed time is 242.181823 seconds.

chan =

    88

Elapsed time is 243.885527 seconds.

chan =

    89

Elapsed time is 239.854828 seconds.

chan =

    90

Elapsed time is 234.627773 seconds.

chan =

    91

Elapsed time is 238.946446 seconds.

chan =

    92

Elapsed time is 235.119390 seconds.

chan =

    93

Elapsed time is 235.687415 seconds.

chan =

    94

Elapsed time is 231.272348 seconds.

chan =

    95

Elapsed time is 234.773066 seconds.

chan =

    96

Elapsed time is 235.580290 seconds.

chan =

    97

Elapsed time is 236.791115 seconds.

chan =

    98

Elapsed time is 240.356226 seconds.

chan =

    99

Elapsed time is 240.047540 seconds.

chan =

   100

Elapsed time is 239.906768 seconds.

chan =

   101

Elapsed time is 234.638941 seconds.

chan =

   102

Elapsed time is 229.956790 seconds.

chan =

   103

Elapsed time is 233.418235 seconds.

chan =

   104

Elapsed time is 232.169995 seconds.

chan =

   105

Elapsed time is 234.600002 seconds.

chan =

   106

Elapsed time is 235.192741 seconds.

chan =

   107

Elapsed time is 236.684415 seconds.

chan =

   108

Elapsed time is 237.931335 seconds.

chan =

   109

Elapsed time is 240.397088 seconds.

chan =

   110

Elapsed time is 236.548729 seconds.

chan =

   111

Elapsed time is 238.105112 seconds.

chan =

   112

Elapsed time is 237.835758 seconds.

chan =

   113

Elapsed time is 237.726429 seconds.

chan =

   114

Elapsed time is 236.658096 seconds.

chan =

   115

Elapsed time is 236.163215 seconds.

chan =

   116

Elapsed time is 240.559011 seconds.
attempting saving
save success: /projects/p31578/dtf8829/QuestConnect/CHANDAT/chanDat_SLCH006_042.mat
working on TF
encoding done
encoding RT done
retrieval 1 done
retrieval 2 done
attempting saving
save success: /projects/p31578/dtf8829/QuestConnect/CHANDAT/chanDat_SLCH006_042.mat
working on ISPC
channel: 1 took 0 minutes
channel: 2 took 0 minutes
channel: 3 took 0 minutes
channel: 4 took 0 minutes
channel: 5 took 0 minutes
channel: 6 took 0 minutes
channel: 7 took 0 minutes
channel: 8 took 0 minutes
channel: 9 took 0 minutes
channel: 10 took 0 minutes
channel: 11 took 0 minutes
channel: 12 took 0 minutes
channel: 13 took 0 minutes
channel: 14 took 0 minutes
channel: 15 took 0 minutes
channel: 16 took 0 minutes
channel: 17 took 0 minutes
channel: 18 took 0 minutes
channel: 19 took 0 minutes
channel: 20 took 0 minutes
channel: 21 took 0 minutes
channel: 22 took 0 minutes
channel: 23 took 0 minutes
channel: 24 took 0 minutes
channel: 25 took 0 minutes
channel: 26 took 0 minutes
channel: 27 took 0 minutes
channel: 28 took 0 minutes
channel: 29 took 0 minutes
channel: 30 took 0 minutes
channel: 31 took 0 minutes
channel: 32 took 0 minutes
channel: 33 took 0 minutes
channel: 34 took 0 minutes
channel: 35 took 0 minutes
channel: 36 took 0 minutes
channel: 37 took 0 minutes
channel: 38 took 0 minutes
channel: 39 took 0 minutes
channel: 40 took 0 minutes
channel: 41 took 0 minutes
channel: 42 took 0 minutes
channel: 43 took 4.5 minutes
channel: 44 took 4.5 minutes
channel: 45 took 4.5 minutes
channel: 46 took 4.4 minutes
channel: 47 took 4.4 minutes
channel: 48 took 4.4 minutes
channel: 49 took 4.4 minutes
channel: 50 took 4.4 minutes
channel: 51 took 4.5 minutes
channel: 52 took 4.4 minutes
channel: 53 took 4.4 minutes
channel: 54 took 4.4 minutes
channel: 55 took 4.3 minutes
channel: 56 took 4.3 minutes
channel: 57 took 4.3 minutes
channel: 58 took 4.3 minutes
channel: 59 took 4.4 minutes
channel: 60 took 4.4 minutes
channel: 61 took 4.4 minutes
channel: 62 took 4.4 minutes
channel: 63 took 4.3 minutes
channel: 64 took 4.3 minutes
channel: 65 took 4.3 minutes
channel: 66 took 4.3 minutes
channel: 67 took 4.4 minutes
channel: 68 took 4.4 minutes
channel: 69 took 4.4 minutes
channel: 70 took 4.3 minutes
channel: 71 took 4.3 minutes
channel: 72 took 4.3 minutes
channel: 73 took 4.3 minutes
channel: 74 took 4.3 minutes
channel: 75 took 4.4 minutes
channel: 76 took 4.4 minutes
channel: 77 took 4.4 minutes
channel: 78 took 4.3 minutes
channel: 79 took 4.3 minutes
channel: 80 took 4.3 minutes
channel: 81 took 4.4 minutes
channel: 82 took 4.4 minutes
channel: 83 took 4.4 minutes
channel: 84 took 4.3 minutes
channel: 85 took 4.3 minutes
channel: 86 took 4.3 minutes
channel: 87 took 4.4 minutes
channel: 88 took 4.4 minutes
channel: 89 took 4.4 minutes
channel: 90 took 4.3 minutes
channel: 91 took 4.3 minutes
channel: 92 took 4.3 minutes
channel: 93 took 4.4 minutes
channel: 94 took 4.4 minutes
channel: 95 took 4.3 minutes
channel: 96 took 4.3 minutes
channel: 97 took 4.3 minutes
channel: 98 took 4.4 minutes
channel: 99 took 4.4 minutes
channel: 100 took 4.3 minutes
channel: 101 took 4.3 minutes
channel: 102 took 4.4 minutes
channel: 103 took 4.5 minutes
channel: 104 took 4.4 minutes
channel: 105 took 4.3 minutes
channel: 106 took 4.4 minutes
channel: 107 took 4.4 minutes
channel: 108 took 4.4 minutes
channel: 109 took 4.3 minutes
channel: 110 took 4.5 minutes
channel: 111 took 4.4 minutes
channel: 112 took 4.3 minutes
channel: 113 took 4.5 minutes
channel: 114 took 4.4 minutes
channel: 115 took 4.4 minutes
channel: 116 took 4.4 minutes
attempting saving
save success: /projects/p31578/dtf8829/QuestConnect/CHANDAT/chanDat_SLCH006_042.mat
Elapsed time is 272.499383 seconds.
