getting started: 3594
attempting file: 3594
going for SLCH006 116
data loaded: SLCH006 116
MISMATCH WITH ZACH COORDINATES!!!
HFB already done

chan =

     1

Elapsed time is 260.552553 seconds.

chan =

     2

Elapsed time is 257.894439 seconds.

chan =

     3

Elapsed time is 258.543375 seconds.

chan =

     4

Elapsed time is 256.957799 seconds.

chan =

     5

Elapsed time is 258.764075 seconds.

chan =

     6

Elapsed time is 259.260560 seconds.

chan =

     7

Elapsed time is 258.711944 seconds.

chan =

     8

Elapsed time is 260.751207 seconds.

chan =

     9

Elapsed time is 259.227499 seconds.

chan =

    10

Elapsed time is 255.370353 seconds.

chan =

    11

Elapsed time is 260.248771 seconds.

chan =

    12

Elapsed time is 258.744494 seconds.

chan =

    13

Elapsed time is 255.601875 seconds.

chan =

    14

Elapsed time is 256.394155 seconds.

chan =

    15

Elapsed time is 254.885525 seconds.

chan =

    16

Elapsed time is 255.568813 seconds.

chan =

    17

Elapsed time is 259.755629 seconds.

chan =

    18

Elapsed time is 255.015071 seconds.

chan =

    19

Elapsed time is 258.487101 seconds.

chan =

    20

Elapsed time is 253.898681 seconds.

chan =

    21

Elapsed time is 259.241390 seconds.

chan =

    22

Elapsed time is 252.567956 seconds.

chan =

    23

Elapsed time is 258.973835 seconds.

chan =

    24

Elapsed time is 257.165648 seconds.

chan =

    25

Elapsed time is 260.556592 seconds.

chan =

    26

Elapsed time is 259.375395 seconds.

chan =

    27

Elapsed time is 258.807468 seconds.

chan =

    28

Elapsed time is 257.728035 seconds.

chan =

    29

Elapsed time is 256.391143 seconds.

chan =

    30

Elapsed time is 255.492079 seconds.

chan =

    31

Elapsed time is 253.971431 seconds.

chan =

    32

Elapsed time is 255.100733 seconds.

chan =

    33

Elapsed time is 258.950443 seconds.

chan =

    34

Elapsed time is 252.780192 seconds.

chan =

    35

Elapsed time is 259.036163 seconds.

chan =

    36

Elapsed time is 253.710114 seconds.

chan =

    37

Elapsed time is 260.705264 seconds.

chan =

    38

Elapsed time is 256.653171 seconds.

chan =

    39

Elapsed time is 261.059670 seconds.

chan =

    40

Elapsed time is 258.464211 seconds.

chan =

    41

Elapsed time is 257.861386 seconds.

chan =

    42

Elapsed time is 255.736722 seconds.

chan =

    43

Elapsed time is 256.006583 seconds.

chan =

    44

Elapsed time is 255.970072 seconds.

chan =

    45

Elapsed time is 256.957774 seconds.

chan =

    46

Elapsed time is 254.591408 seconds.

chan =

    47

Elapsed time is 259.185187 seconds.

chan =

    48

Elapsed time is 258.968484 seconds.

chan =

    49

Elapsed time is 261.806716 seconds.

chan =

    50

Elapsed time is 255.936437 seconds.

chan =

    51

Elapsed time is 259.931914 seconds.

chan =

    52

Elapsed time is 255.479325 seconds.

chan =

    53

Elapsed time is 258.321478 seconds.

chan =

    54

Elapsed time is 254.711354 seconds.

chan =

    55

Elapsed time is 261.450365 seconds.

chan =

    56

Elapsed time is 255.095527 seconds.

chan =

    57

Elapsed time is 259.110694 seconds.

chan =

    58

Elapsed time is 255.172278 seconds.

chan =

    59

Elapsed time is 259.410630 seconds.

chan =

    60

Elapsed time is 251.114420 seconds.

chan =

    61

Elapsed time is 239.542302 seconds.

chan =

    62

Elapsed time is 251.913495 seconds.

chan =

    63

Elapsed time is 257.077864 seconds.

chan =

    64

Elapsed time is 252.726280 seconds.

chan =

    65

Elapsed time is 253.944816 seconds.

chan =

    66

Elapsed time is 229.299972 seconds.

chan =

    67

Elapsed time is 243.786826 seconds.

chan =

    68

Elapsed time is 250.127871 seconds.

chan =

    69

Elapsed time is 257.418812 seconds.

chan =

    70

Elapsed time is 250.497791 seconds.

chan =

    71

Elapsed time is 253.722747 seconds.

chan =

    72

Elapsed time is 234.755198 seconds.

chan =

    73

Elapsed time is 254.156815 seconds.

chan =

    74

Elapsed time is 252.165196 seconds.

chan =

    75

Elapsed time is 253.282404 seconds.

chan =

    76

Elapsed time is 249.430883 seconds.

chan =

    77

Elapsed time is 229.462953 seconds.

chan =

    78

Elapsed time is 248.860328 seconds.

chan =

    79

Elapsed time is 251.538802 seconds.

chan =

    80

Elapsed time is 248.704522 seconds.

chan =

    81

Elapsed time is 251.489093 seconds.

chan =

    82

Elapsed time is 238.572833 seconds.

chan =

    83

Elapsed time is 223.419072 seconds.

chan =

    84

Elapsed time is 250.785429 seconds.

chan =

    85

Elapsed time is 253.267799 seconds.

chan =

    86

Elapsed time is 250.242310 seconds.

chan =

    87

Elapsed time is 248.884472 seconds.

chan =

    88

Elapsed time is 238.107188 seconds.

chan =

    89

Elapsed time is 222.980733 seconds.

chan =

    90

Elapsed time is 246.946187 seconds.

chan =

    91

Elapsed time is 249.524020 seconds.

chan =

    92

Elapsed time is 245.892203 seconds.

chan =

    93

Elapsed time is 247.404016 seconds.

chan =

    94

Elapsed time is 234.907842 seconds.

chan =

    95

Elapsed time is 224.451049 seconds.

chan =

    96

Elapsed time is 245.060709 seconds.

chan =

    97

Elapsed time is 248.184245 seconds.

chan =

    98

Elapsed time is 246.299824 seconds.

chan =

    99

Elapsed time is 250.805323 seconds.

chan =

   100

Elapsed time is 231.150643 seconds.

chan =

   101

Elapsed time is 216.756172 seconds.

chan =

   102

Elapsed time is 219.802534 seconds.

chan =

   103

Elapsed time is 228.561917 seconds.

chan =

   104

Elapsed time is 219.332106 seconds.

chan =

   105

Elapsed time is 220.760444 seconds.

chan =

   106

Elapsed time is 217.082334 seconds.

chan =

   107

Elapsed time is 225.959630 seconds.

chan =

   108

Elapsed time is 239.419098 seconds.

chan =

   109

Elapsed time is 240.045176 seconds.

chan =

   110

Elapsed time is 242.816780 seconds.

chan =

   111

Elapsed time is 241.465279 seconds.

chan =

   112

Elapsed time is 226.234407 seconds.

chan =

   113

Elapsed time is 241.754059 seconds.

chan =

   114

Elapsed time is 241.120084 seconds.

chan =

   115

Elapsed time is 236.547598 seconds.

chan =

   116

Elapsed time is 235.363635 seconds.
attempting saving
save success: /projects/p31578/dtf8829/QuestConnect/CHANDAT/chanDat_SLCH006_116.mat
working on TF
encoding done
encoding RT done
retrieval 1 done
retrieval 2 done
attempting saving
save success: /projects/p31578/dtf8829/QuestConnect/CHANDAT/chanDat_SLCH006_116.mat
working on ISPC
channel: 1 took 0 minutes
channel: 2 took 0 minutes
channel: 3 took 0 minutes
channel: 4 took 0 minutes
channel: 5 took 0 minutes
channel: 6 took 0 minutes
channel: 7 took 0 minutes
channel: 8 took 0 minutes
channel: 9 took 0 minutes
channel: 10 took 0 minutes
channel: 11 took 0 minutes
channel: 12 took 0 minutes
channel: 13 took 0 minutes
channel: 14 took 0 minutes
channel: 15 took 0 minutes
channel: 16 took 0 minutes
channel: 17 took 0 minutes
channel: 18 took 0 minutes
channel: 19 took 0 minutes
channel: 20 took 0 minutes
channel: 21 took 0 minutes
channel: 22 took 0 minutes
channel: 23 took 0 minutes
channel: 24 took 0 minutes
channel: 25 took 0 minutes
channel: 26 took 0 minutes
channel: 27 took 0 minutes
channel: 28 took 0 minutes
channel: 29 took 0 minutes
channel: 30 took 0 minutes
channel: 31 took 0 minutes
channel: 32 took 0 minutes
channel: 33 took 0 minutes
channel: 34 took 0 minutes
channel: 35 took 0 minutes
channel: 36 took 0 minutes
channel: 37 took 0 minutes
channel: 38 took 0 minutes
channel: 39 took 0 minutes
channel: 40 took 0 minutes
channel: 41 took 0 minutes
channel: 42 took 0 minutes
channel: 43 took 0 minutes
channel: 44 took 0 minutes
channel: 45 took 0 minutes
channel: 46 took 0 minutes
channel: 47 took 0 minutes
channel: 48 took 0 minutes
channel: 49 took 0 minutes
channel: 50 took 0 minutes
channel: 51 took 0 minutes
channel: 52 took 0 minutes
channel: 53 took 0 minutes
channel: 54 took 0 minutes
channel: 55 took 0 minutes
channel: 56 took 0 minutes
channel: 57 took 0 minutes
channel: 58 took 0 minutes
channel: 59 took 0 minutes
channel: 60 took 0 minutes
channel: 61 took 0 minutes
channel: 62 took 0 minutes
channel: 63 took 0 minutes
channel: 64 took 0 minutes
channel: 65 took 0 minutes
channel: 66 took 0 minutes
channel: 67 took 0 minutes
channel: 68 took 0 minutes
channel: 69 took 0 minutes
channel: 70 took 0 minutes
channel: 71 took 0 minutes
channel: 72 took 0 minutes
channel: 73 took 0 minutes
channel: 74 took 0 minutes
channel: 75 took 0 minutes
channel: 76 took 0 minutes
channel: 77 took 0 minutes
channel: 78 took 0 minutes
channel: 79 took 0 minutes
channel: 80 took 0 minutes
channel: 81 took 0 minutes
channel: 82 took 0 minutes
channel: 83 took 0 minutes
channel: 84 took 0 minutes
channel: 85 took 0 minutes
channel: 86 took 0 minutes
channel: 87 took 0 minutes
channel: 88 took 0 minutes
channel: 89 took 0 minutes
channel: 90 took 0 minutes
channel: 91 took 0 minutes
channel: 92 took 0 minutes
channel: 93 took 0 minutes
channel: 94 took 0 minutes
channel: 95 took 0 minutes
channel: 96 took 0 minutes
channel: 97 took 0 minutes
channel: 98 took 0 minutes
channel: 99 took 0 minutes
channel: 100 took 0 minutes
channel: 101 took 0 minutes
channel: 102 took 0 minutes
channel: 103 took 0 minutes
channel: 104 took 0 minutes
channel: 105 took 0 minutes
channel: 106 took 0 minutes
channel: 107 took 0 minutes
channel: 108 took 0 minutes
channel: 109 took 0 minutes
channel: 110 took 0 minutes
channel: 111 took 0 minutes
channel: 112 took 0 minutes
channel: 113 took 0 minutes
channel: 114 took 0 minutes
channel: 115 took 0 minutes
channel: 116 took 0 minutes
attempting saving
save success: /projects/p31578/dtf8829/QuestConnect/CHANDAT/chanDat_SLCH006_116.mat
Elapsed time is 5.168641 seconds.
