getting started: 3585
attempting file: 3585
going for SLCH006 107
data loaded: SLCH006 107
MISMATCH WITH ZACH COORDINATES!!!
HFB already done

chan =

     1

Elapsed time is 251.323869 seconds.

chan =

     2

Elapsed time is 254.335622 seconds.

chan =

     3

Elapsed time is 253.873481 seconds.

chan =

     4

Elapsed time is 260.063113 seconds.

chan =

     5

Elapsed time is 252.966666 seconds.

chan =

     6

Elapsed time is 258.238651 seconds.

chan =

     7

Elapsed time is 254.269337 seconds.

chan =

     8

Elapsed time is 256.677510 seconds.

chan =

     9

Elapsed time is 252.827768 seconds.

chan =

    10

Elapsed time is 254.407619 seconds.

chan =

    11

Elapsed time is 251.645489 seconds.

chan =

    12

Elapsed time is 254.166245 seconds.

chan =

    13

Elapsed time is 250.634358 seconds.

chan =

    14

Elapsed time is 252.906841 seconds.

chan =

    15

Elapsed time is 253.879335 seconds.

chan =

    16

Elapsed time is 253.747557 seconds.

chan =

    17

Elapsed time is 250.975093 seconds.

chan =

    18

Elapsed time is 252.794124 seconds.

chan =

    19

Elapsed time is 254.183320 seconds.

chan =

    20

Elapsed time is 253.645385 seconds.

chan =

    21

Elapsed time is 255.205970 seconds.

chan =

    22

Elapsed time is 255.163222 seconds.

chan =

    23

Elapsed time is 246.634934 seconds.

chan =

    24

Elapsed time is 258.044631 seconds.

chan =

    25

Elapsed time is 256.944474 seconds.

chan =

    26

Elapsed time is 236.162040 seconds.

chan =

    27

Elapsed time is 219.278362 seconds.

chan =

    28

Elapsed time is 218.658066 seconds.

chan =

    29

Elapsed time is 257.925542 seconds.

chan =

    30

Elapsed time is 262.696347 seconds.

chan =

    31

Elapsed time is 260.479254 seconds.

chan =

    32

Elapsed time is 265.021808 seconds.

chan =

    33

Elapsed time is 260.448194 seconds.

chan =

    34

Elapsed time is 246.446244 seconds.

chan =

    35

Elapsed time is 256.605029 seconds.

chan =

    36

Elapsed time is 265.472480 seconds.

chan =

    37

Elapsed time is 263.005590 seconds.

chan =

    38

Elapsed time is 265.684321 seconds.

chan =

    39

Elapsed time is 253.795742 seconds.

chan =

    40

Elapsed time is 229.091165 seconds.

chan =

    41

Elapsed time is 263.424139 seconds.

chan =

    42

Elapsed time is 245.603811 seconds.

chan =

    43

Elapsed time is 242.753354 seconds.

chan =

    44

Elapsed time is 226.339987 seconds.

chan =

    45

Elapsed time is 242.229149 seconds.

chan =

    46

Elapsed time is 228.742729 seconds.

chan =

    47

Elapsed time is 228.553694 seconds.

chan =

    48

Elapsed time is 234.301136 seconds.

chan =

    49

Elapsed time is 236.390294 seconds.

chan =

    50

Elapsed time is 239.979625 seconds.

chan =

    51

Elapsed time is 241.244118 seconds.

chan =

    52

Elapsed time is 239.458450 seconds.

chan =

    53

Elapsed time is 239.034749 seconds.

chan =

    54

Elapsed time is 239.692168 seconds.

chan =

    55

Elapsed time is 257.279865 seconds.

chan =

    56

Elapsed time is 262.272953 seconds.

chan =

    57

Elapsed time is 257.899437 seconds.

chan =

    58

Elapsed time is 254.031967 seconds.

chan =

    59

Elapsed time is 241.259392 seconds.

chan =

    60

Elapsed time is 223.858739 seconds.

chan =

    61

Elapsed time is 250.783750 seconds.

chan =

    62

Elapsed time is 255.718903 seconds.

chan =

    63

Elapsed time is 257.564877 seconds.

chan =

    64

Elapsed time is 259.377912 seconds.

chan =

    65

Elapsed time is 251.771564 seconds.

chan =

    66

Elapsed time is 233.229744 seconds.

chan =

    67

Elapsed time is 261.931905 seconds.

chan =

    68

Elapsed time is 261.462549 seconds.

chan =

    69

Elapsed time is 262.548043 seconds.

chan =

    70

Elapsed time is 261.976647 seconds.

chan =

    71

Elapsed time is 232.674123 seconds.

chan =

    72

Elapsed time is 219.445839 seconds.

chan =

    73

Elapsed time is 261.503555 seconds.

chan =

    74

Elapsed time is 260.641923 seconds.

chan =

    75

Elapsed time is 258.932547 seconds.

chan =

    76

Elapsed time is 259.790733 seconds.

chan =

    77

Elapsed time is 242.416350 seconds.

chan =

    78

Elapsed time is 252.674474 seconds.

chan =

    79

Elapsed time is 256.521476 seconds.

chan =

    80

Elapsed time is 258.576361 seconds.

chan =

    81

Elapsed time is 262.005714 seconds.

chan =

    82

Elapsed time is 254.506088 seconds.

chan =

    83

Elapsed time is 220.890182 seconds.

chan =

    84

Elapsed time is 217.150328 seconds.

chan =

    85

Elapsed time is 214.328890 seconds.

chan =

    86

Elapsed time is 219.434063 seconds.

chan =

    87

Elapsed time is 220.027326 seconds.

chan =

    88

Elapsed time is 218.759156 seconds.

chan =

    89

Elapsed time is 217.637844 seconds.

chan =

    90

Elapsed time is 216.396996 seconds.

chan =

    91

Elapsed time is 216.967949 seconds.

chan =

    92

Elapsed time is 217.813618 seconds.

chan =

    93

Elapsed time is 212.215882 seconds.

chan =

    94

Elapsed time is 209.780245 seconds.

chan =

    95

Elapsed time is 210.304737 seconds.

chan =

    96

Elapsed time is 211.153572 seconds.

chan =

    97

Elapsed time is 209.837862 seconds.

chan =

    98

Elapsed time is 213.537487 seconds.

chan =

    99

Elapsed time is 209.017093 seconds.

chan =

   100

Elapsed time is 211.596127 seconds.

chan =

   101

Elapsed time is 211.818785 seconds.

chan =

   102

Elapsed time is 214.474113 seconds.

chan =

   103

Elapsed time is 213.940299 seconds.

chan =

   104

Elapsed time is 211.805519 seconds.

chan =

   105

Elapsed time is 210.991742 seconds.

chan =

   106

Elapsed time is 210.984100 seconds.

chan =

   107

Elapsed time is 216.587798 seconds.

chan =

   108

Elapsed time is 210.420608 seconds.

chan =

   109

Elapsed time is 211.032749 seconds.

chan =

   110

Elapsed time is 209.392163 seconds.

chan =

   111

Elapsed time is 212.690907 seconds.

chan =

   112

Elapsed time is 211.176659 seconds.

chan =

   113

Elapsed time is 211.012476 seconds.

chan =

   114

Elapsed time is 212.594319 seconds.

chan =

   115

Elapsed time is 208.920522 seconds.

chan =

   116

Elapsed time is 210.296740 seconds.
attempting saving
save success: /projects/p31578/dtf8829/QuestConnect/CHANDAT/chanDat_SLCH006_107.mat
working on TF
encoding done
encoding RT done
retrieval 1 done
retrieval 2 done
attempting saving
save success: /projects/p31578/dtf8829/QuestConnect/CHANDAT/chanDat_SLCH006_107.mat
working on ISPC
channel: 1 took 0 minutes
channel: 2 took 0 minutes
channel: 3 took 0 minutes
channel: 4 took 0 minutes
channel: 5 took 0 minutes
channel: 6 took 0 minutes
channel: 7 took 0 minutes
channel: 8 took 0 minutes
channel: 9 took 0 minutes
channel: 10 took 0 minutes
channel: 11 took 0 minutes
channel: 12 took 0 minutes
channel: 13 took 0 minutes
channel: 14 took 0 minutes
channel: 15 took 0 minutes
channel: 16 took 0 minutes
channel: 17 took 0 minutes
channel: 18 took 0 minutes
channel: 19 took 0 minutes
channel: 20 took 0 minutes
channel: 21 took 0 minutes
channel: 22 took 0 minutes
channel: 23 took 0 minutes
channel: 24 took 0 minutes
channel: 25 took 0 minutes
channel: 26 took 0 minutes
channel: 27 took 0 minutes
channel: 28 took 0 minutes
channel: 29 took 0 minutes
channel: 30 took 0 minutes
channel: 31 took 0 minutes
channel: 32 took 0 minutes
channel: 33 took 0 minutes
channel: 34 took 0 minutes
channel: 35 took 0 minutes
channel: 36 took 0 minutes
channel: 37 took 0 minutes
channel: 38 took 0 minutes
channel: 39 took 0 minutes
channel: 40 took 0 minutes
channel: 41 took 0 minutes
channel: 42 took 0 minutes
channel: 43 took 0 minutes
channel: 44 took 0 minutes
channel: 45 took 0 minutes
channel: 46 took 0 minutes
channel: 47 took 0 minutes
channel: 48 took 0 minutes
channel: 49 took 0 minutes
channel: 50 took 0 minutes
channel: 51 took 0 minutes
channel: 52 took 0 minutes
channel: 53 took 0 minutes
channel: 54 took 0 minutes
channel: 55 took 0 minutes
channel: 56 took 0 minutes
channel: 57 took 0 minutes
channel: 58 took 0 minutes
channel: 59 took 0 minutes
channel: 60 took 0 minutes
channel: 61 took 0 minutes
channel: 62 took 0 minutes
channel: 63 took 0 minutes
channel: 64 took 0 minutes
channel: 65 took 0 minutes
channel: 66 took 0 minutes
channel: 67 took 0 minutes
channel: 68 took 0 minutes
channel: 69 took 0 minutes
channel: 70 took 0 minutes
channel: 71 took 0 minutes
channel: 72 took 0 minutes
channel: 73 took 0 minutes
channel: 74 took 0 minutes
channel: 75 took 0 minutes
channel: 76 took 0 minutes
channel: 77 took 0 minutes
channel: 78 took 0 minutes
channel: 79 took 0 minutes
channel: 80 took 0 minutes
channel: 81 took 0 minutes
channel: 82 took 0 minutes
channel: 83 took 0 minutes
channel: 84 took 0 minutes
channel: 85 took 0 minutes
channel: 86 took 0 minutes
channel: 87 took 0 minutes
channel: 88 took 0 minutes
channel: 89 took 0 minutes
channel: 90 took 0 minutes
channel: 91 took 0 minutes
channel: 92 took 0 minutes
channel: 93 took 0 minutes
channel: 94 took 0 minutes
channel: 95 took 0 minutes
channel: 96 took 0 minutes
channel: 97 took 0 minutes
channel: 98 took 0 minutes
channel: 99 took 0 minutes
channel: 100 took 0 minutes
channel: 101 took 0 minutes
channel: 102 took 0 minutes
channel: 103 took 0 minutes
channel: 104 took 0 minutes
channel: 105 took 0 minutes
channel: 106 took 0 minutes
channel: 107 took 0 minutes
channel: 108 took 3.8 minutes
channel: 109 took 3.8 minutes
channel: 110 took 3.8 minutes
channel: 111 took 3.8 minutes
channel: 112 took 3.8 minutes
channel: 113 took 3.8 minutes
channel: 114 took 3.9 minutes
channel: 115 took 3.9 minutes
channel: 116 took 3.9 minutes
attempting saving
save success: /projects/p31578/dtf8829/QuestConnect/CHANDAT/chanDat_SLCH006_107.mat
Elapsed time is 241.431480 seconds.
