getting started: 3544
attempting file: 3544
going for SLCH006 66
data loaded: SLCH006 66
MISMATCH WITH ZACH COORDINATES!!!
HFB already done

chan =

     1

Elapsed time is 289.001232 seconds.

chan =

     2

Elapsed time is 277.037857 seconds.

chan =

     3

Elapsed time is 274.807653 seconds.

chan =

     4

Elapsed time is 275.059566 seconds.

chan =

     5

Elapsed time is 272.062263 seconds.

chan =

     6

Elapsed time is 255.252688 seconds.

chan =

     7

Elapsed time is 243.467382 seconds.

chan =

     8

Elapsed time is 237.293934 seconds.

chan =

     9

Elapsed time is 276.604205 seconds.

chan =

    10

Elapsed time is 280.054381 seconds.

chan =

    11

Elapsed time is 278.010015 seconds.

chan =

    12

Elapsed time is 278.467759 seconds.

chan =

    13

Elapsed time is 278.564516 seconds.

chan =

    14

Elapsed time is 278.338787 seconds.

chan =

    15

Elapsed time is 280.532450 seconds.

chan =

    16

Elapsed time is 277.676103 seconds.

chan =

    17

Elapsed time is 276.904327 seconds.

chan =

    18

Elapsed time is 277.403405 seconds.

chan =

    19

Elapsed time is 278.744825 seconds.

chan =

    20

Elapsed time is 279.708998 seconds.

chan =

    21

Elapsed time is 280.411094 seconds.

chan =

    22

Elapsed time is 281.954770 seconds.

chan =

    23

Elapsed time is 280.016952 seconds.

chan =

    24

Elapsed time is 283.365082 seconds.

chan =

    25

Elapsed time is 282.434155 seconds.

chan =

    26

Elapsed time is 279.734271 seconds.

chan =

    27

Elapsed time is 275.948218 seconds.

chan =

    28

Elapsed time is 273.012625 seconds.

chan =

    29

Elapsed time is 272.842692 seconds.

chan =

    30

Elapsed time is 272.100416 seconds.

chan =

    31

Elapsed time is 270.782873 seconds.

chan =

    32

Elapsed time is 272.705920 seconds.

chan =

    33

Elapsed time is 271.827278 seconds.

chan =

    34

Elapsed time is 273.228717 seconds.

chan =

    35

Elapsed time is 273.599529 seconds.

chan =

    36

Elapsed time is 275.305752 seconds.

chan =

    37

Elapsed time is 274.757744 seconds.

chan =

    38

Elapsed time is 276.936776 seconds.

chan =

    39

Elapsed time is 276.581355 seconds.

chan =

    40

Elapsed time is 274.976073 seconds.

chan =

    41

Elapsed time is 275.019382 seconds.

chan =

    42

Elapsed time is 275.030988 seconds.

chan =

    43

Elapsed time is 272.530608 seconds.

chan =

    44

Elapsed time is 275.243671 seconds.

chan =

    45

Elapsed time is 272.084175 seconds.

chan =

    46

Elapsed time is 275.079515 seconds.

chan =

    47

Elapsed time is 275.056483 seconds.

chan =

    48

Elapsed time is 275.868400 seconds.

chan =

    49

Elapsed time is 273.558326 seconds.

chan =

    50

Elapsed time is 271.283190 seconds.

chan =

    51

Elapsed time is 268.277814 seconds.

chan =

    52

Elapsed time is 268.876144 seconds.

chan =

    53

Elapsed time is 268.810026 seconds.

chan =

    54

Elapsed time is 271.129990 seconds.

chan =

    55

Elapsed time is 270.313331 seconds.

chan =

    56

Elapsed time is 269.851460 seconds.

chan =

    57

Elapsed time is 270.044535 seconds.

chan =

    58

Elapsed time is 271.090805 seconds.

chan =

    59

Elapsed time is 272.013468 seconds.

chan =

    60

Elapsed time is 270.346394 seconds.

chan =

    61

Elapsed time is 270.351434 seconds.

chan =

    62

Elapsed time is 268.806860 seconds.

chan =

    63

Elapsed time is 269.007539 seconds.

chan =

    64

Elapsed time is 269.793006 seconds.

chan =

    65

Elapsed time is 268.487288 seconds.

chan =

    66

Elapsed time is 271.945586 seconds.

chan =

    67

Elapsed time is 270.918801 seconds.

chan =

    68

Elapsed time is 271.193253 seconds.

chan =

    69

Elapsed time is 271.998883 seconds.

chan =

    70

Elapsed time is 271.895403 seconds.

chan =

    71

Elapsed time is 270.803831 seconds.

chan =

    72

Elapsed time is 268.597017 seconds.

chan =

    73

Elapsed time is 267.660833 seconds.

chan =

    74

Elapsed time is 268.585397 seconds.

chan =

    75

Elapsed time is 268.899071 seconds.

chan =

    76

Elapsed time is 269.523928 seconds.

chan =

    77

Elapsed time is 266.993842 seconds.

chan =

    78

Elapsed time is 269.569532 seconds.

chan =

    79

Elapsed time is 269.850240 seconds.

chan =

    80

Elapsed time is 271.155104 seconds.

chan =

    81

Elapsed time is 272.922952 seconds.

chan =

    82

Elapsed time is 269.470106 seconds.

chan =

    83

Elapsed time is 271.523771 seconds.

chan =

    84

Elapsed time is 270.857102 seconds.

chan =

    85

Elapsed time is 269.705934 seconds.

chan =

    86

Elapsed time is 270.906104 seconds.

chan =

    87

Elapsed time is 270.654171 seconds.

chan =

    88

Elapsed time is 271.505100 seconds.

chan =

    89

Elapsed time is 269.608103 seconds.

chan =

    90

Elapsed time is 269.832274 seconds.

chan =

    91

Elapsed time is 271.147989 seconds.

chan =

    92

Elapsed time is 270.818640 seconds.

chan =

    93

Elapsed time is 273.231376 seconds.

chan =

    94

Elapsed time is 271.878695 seconds.

chan =

    95

Elapsed time is 270.230336 seconds.

chan =

    96

Elapsed time is 269.895948 seconds.

chan =

    97

Elapsed time is 269.657913 seconds.

chan =

    98

Elapsed time is 269.690689 seconds.

chan =

    99

Elapsed time is 272.316250 seconds.

chan =

   100

Elapsed time is 271.192940 seconds.

chan =

   101

Elapsed time is 271.340240 seconds.

chan =

   102

Elapsed time is 271.908327 seconds.

chan =

   103

Elapsed time is 270.684339 seconds.

chan =

   104

Elapsed time is 270.534944 seconds.

chan =

   105

Elapsed time is 268.282554 seconds.

chan =

   106

Elapsed time is 269.870220 seconds.

chan =

   107

Elapsed time is 268.719286 seconds.

chan =

   108

Elapsed time is 269.230235 seconds.

chan =

   109

Elapsed time is 270.591978 seconds.

chan =

   110

Elapsed time is 268.831492 seconds.

chan =

   111

Elapsed time is 270.547258 seconds.

chan =

   112

Elapsed time is 269.601489 seconds.

chan =

   113

Elapsed time is 268.974945 seconds.

chan =

   114

Elapsed time is 266.685113 seconds.

chan =

   115

Elapsed time is 258.272238 seconds.

chan =

   116

Elapsed time is 251.796756 seconds.
attempting saving
save success: /projects/p31578/dtf8829/QuestConnect/CHANDAT/chanDat_SLCH006_066.mat
working on TF
encoding done
encoding RT done
retrieval 1 done
retrieval 2 done
attempting saving
save success: /projects/p31578/dtf8829/QuestConnect/CHANDAT/chanDat_SLCH006_066.mat
working on ISPC
channel: 1 took 0 minutes
channel: 2 took 0 minutes
channel: 3 took 0 minutes
channel: 4 took 0 minutes
channel: 5 took 0 minutes
channel: 6 took 0 minutes
channel: 7 took 0 minutes
channel: 8 took 0 minutes
channel: 9 took 0 minutes
channel: 10 took 0 minutes
channel: 11 took 0 minutes
channel: 12 took 0 minutes
channel: 13 took 0 minutes
channel: 14 took 0 minutes
channel: 15 took 0 minutes
channel: 16 took 0 minutes
channel: 17 took 0 minutes
channel: 18 took 0 minutes
channel: 19 took 0 minutes
channel: 20 took 0 minutes
channel: 21 took 0 minutes
channel: 22 took 0 minutes
channel: 23 took 0 minutes
channel: 24 took 0 minutes
channel: 25 took 0 minutes
channel: 26 took 0 minutes
channel: 27 took 0 minutes
channel: 28 took 0 minutes
channel: 29 took 0 minutes
channel: 30 took 0 minutes
channel: 31 took 0 minutes
channel: 32 took 0 minutes
channel: 33 took 0 minutes
channel: 34 took 0 minutes
channel: 35 took 0 minutes
channel: 36 took 0 minutes
channel: 37 took 0 minutes
channel: 38 took 0 minutes
channel: 39 took 0 minutes
channel: 40 took 0 minutes
channel: 41 took 0 minutes
channel: 42 took 0 minutes
channel: 43 took 0 minutes
channel: 44 took 0 minutes
channel: 45 took 0 minutes
channel: 46 took 0 minutes
channel: 47 took 0 minutes
channel: 48 took 0 minutes
channel: 49 took 0 minutes
channel: 50 took 0 minutes
channel: 51 took 0 minutes
channel: 52 took 0 minutes
channel: 53 took 0 minutes
channel: 54 took 0 minutes
channel: 55 took 0 minutes
channel: 56 took 0 minutes
channel: 57 took 0 minutes
channel: 58 took 0 minutes
channel: 59 took 0 minutes
channel: 60 took 0 minutes
channel: 61 took 0 minutes
channel: 62 took 0 minutes
channel: 63 took 0 minutes
channel: 64 took 0 minutes
channel: 65 took 0 minutes
channel: 66 took 0 minutes
channel: 67 took 5 minutes
channel: 68 took 5 minutes
channel: 69 took 4.9 minutes
channel: 70 took 4.9 minutes
channel: 71 took 5 minutes
channel: 72 took 5 minutes
channel: 73 took 5 minutes
channel: 74 took 4.9 minutes
channel: 75 took 5 minutes
channel: 76 took 5 minutes
channel: 77 took 5 minutes
channel: 78 took 4.9 minutes
channel: 79 took 5 minutes
channel: 80 took 5 minutes
channel: 81 took 5 minutes
channel: 82 took 4.9 minutes
channel: 83 took 5 minutes
channel: 84 took 5 minutes
channel: 85 took 5 minutes
channel: 86 took 5 minutes
channel: 87 took 4.9 minutes
channel: 88 took 4.9 minutes
channel: 89 took 5 minutes
channel: 90 took 5 minutes
channel: 91 took 5 minutes
channel: 92 took 5 minutes
channel: 93 took 5 minutes
channel: 94 took 5 minutes
channel: 95 took 5 minutes
channel: 96 took 5 minutes
channel: 97 took 5 minutes
channel: 98 took 5 minutes
channel: 99 took 5 minutes
channel: 100 took 5 minutes
channel: 101 took 5 minutes
channel: 102 took 4.9 minutes
channel: 103 took 5 minutes
channel: 104 took 5 minutes
channel: 105 took 4.9 minutes
channel: 106 took 4.9 minutes
channel: 107 took 5 minutes
channel: 108 took 4.9 minutes
channel: 109 took 4.9 minutes
channel: 110 took 4.9 minutes
channel: 111 took 4.9 minutes
channel: 112 took 4.9 minutes
channel: 113 took 4.9 minutes
channel: 114 took 4.9 minutes
channel: 115 took 4.9 minutes
channel: 116 took 4.8 minutes
attempting saving
save success: /projects/p31578/dtf8829/QuestConnect/CHANDAT/chanDat_SLCH006_066.mat
Elapsed time is 297.018671 seconds.
