getting started: 3564
attempting file: 3564
going for SLCH006 86
data loaded: SLCH006 86
MISMATCH WITH ZACH COORDINATES!!!
HFB already done

chan =

     1

Elapsed time is 285.063832 seconds.

chan =

     2

Elapsed time is 277.218009 seconds.

chan =

     3

Elapsed time is 276.494848 seconds.

chan =

     4

Elapsed time is 277.232743 seconds.

chan =

     5

Elapsed time is 279.717572 seconds.

chan =

     6

Elapsed time is 277.614376 seconds.

chan =

     7

Elapsed time is 277.452620 seconds.

chan =

     8

Elapsed time is 281.460206 seconds.

chan =

     9

Elapsed time is 278.014661 seconds.

chan =

    10

Elapsed time is 274.249028 seconds.

chan =

    11

Elapsed time is 274.274897 seconds.

chan =

    12

Elapsed time is 269.051194 seconds.

chan =

    13

Elapsed time is 267.209270 seconds.

chan =

    14

Elapsed time is 240.832853 seconds.

chan =

    15

Elapsed time is 239.737322 seconds.

chan =

    16

Elapsed time is 230.569291 seconds.

chan =

    17

Elapsed time is 226.587645 seconds.

chan =

    18

Elapsed time is 219.688216 seconds.

chan =

    19

Elapsed time is 215.462791 seconds.

chan =

    20

Elapsed time is 209.611911 seconds.

chan =

    21

Elapsed time is 213.153443 seconds.

chan =

    22

Elapsed time is 210.439255 seconds.

chan =

    23

Elapsed time is 227.071851 seconds.

chan =

    24

Elapsed time is 233.640203 seconds.

chan =

    25

Elapsed time is 236.259505 seconds.

chan =

    26

Elapsed time is 258.750424 seconds.

chan =

    27

Elapsed time is 255.689421 seconds.

chan =

    28

Elapsed time is 242.756221 seconds.

chan =

    29

Elapsed time is 215.573279 seconds.

chan =

    30

Elapsed time is 257.441691 seconds.

chan =

    31

Elapsed time is 259.276652 seconds.

chan =

    32

Elapsed time is 252.575457 seconds.

chan =

    33

Elapsed time is 225.905864 seconds.

chan =

    34

Elapsed time is 250.195582 seconds.

chan =

    35

Elapsed time is 227.842446 seconds.

chan =

    36

Elapsed time is 259.417134 seconds.

chan =

    37

Elapsed time is 262.453350 seconds.

chan =

    38

Elapsed time is 237.764213 seconds.

chan =

    39

Elapsed time is 247.732971 seconds.

chan =

    40

Elapsed time is 262.451216 seconds.

chan =

    41

Elapsed time is 239.504634 seconds.

chan =

    42

Elapsed time is 256.533969 seconds.

chan =

    43

Elapsed time is 256.004466 seconds.

chan =

    44

Elapsed time is 224.642052 seconds.

chan =

    45

Elapsed time is 219.435160 seconds.

chan =

    46

Elapsed time is 234.837940 seconds.

chan =

    47

Elapsed time is 220.026130 seconds.

chan =

    48

Elapsed time is 240.056448 seconds.

chan =

    49

Elapsed time is 223.407791 seconds.

chan =

    50

Elapsed time is 220.469502 seconds.

chan =

    51

Elapsed time is 220.752014 seconds.

chan =

    52

Elapsed time is 222.500886 seconds.

chan =

    53

Elapsed time is 247.393672 seconds.

chan =

    54

Elapsed time is 210.018626 seconds.

chan =

    55

Elapsed time is 212.738957 seconds.

chan =

    56

Elapsed time is 210.140329 seconds.

chan =

    57

Elapsed time is 213.020576 seconds.

chan =

    58

Elapsed time is 209.563079 seconds.

chan =

    59

Elapsed time is 213.787764 seconds.

chan =

    60

Elapsed time is 212.211942 seconds.

chan =

    61

Elapsed time is 229.266066 seconds.

chan =

    62

Elapsed time is 207.082440 seconds.

chan =

    63

Elapsed time is 211.629251 seconds.

chan =

    64

Elapsed time is 218.035635 seconds.

chan =

    65

Elapsed time is 228.868021 seconds.

chan =

    66

Elapsed time is 230.810809 seconds.

chan =

    67

Elapsed time is 233.059533 seconds.

chan =

    68

Elapsed time is 231.792969 seconds.

chan =

    69

Elapsed time is 233.500624 seconds.

chan =

    70

Elapsed time is 232.156847 seconds.

chan =

    71

Elapsed time is 232.690087 seconds.

chan =

    72

Elapsed time is 231.425339 seconds.

chan =

    73

Elapsed time is 232.934650 seconds.

chan =

    74

Elapsed time is 231.932643 seconds.

chan =

    75

Elapsed time is 233.741031 seconds.

chan =

    76

Elapsed time is 231.340432 seconds.

chan =

    77

Elapsed time is 229.632448 seconds.

chan =

    78

Elapsed time is 227.527654 seconds.

chan =

    79

Elapsed time is 230.729151 seconds.

chan =

    80

Elapsed time is 224.970490 seconds.

chan =

    81

Elapsed time is 214.017035 seconds.

chan =

    82

Elapsed time is 212.730688 seconds.

chan =

    83

Elapsed time is 214.641838 seconds.

chan =

    84

Elapsed time is 210.912930 seconds.

chan =

    85

Elapsed time is 212.769484 seconds.

chan =

    86

Elapsed time is 211.122779 seconds.

chan =

    87

Elapsed time is 213.002459 seconds.

chan =

    88

Elapsed time is 211.676393 seconds.

chan =

    89

Elapsed time is 210.918795 seconds.

chan =

    90

Elapsed time is 209.943484 seconds.

chan =

    91

Elapsed time is 212.375822 seconds.

chan =

    92

Elapsed time is 210.760873 seconds.

chan =

    93

Elapsed time is 212.104081 seconds.

chan =

    94

Elapsed time is 209.791072 seconds.

chan =

    95

Elapsed time is 212.001995 seconds.

chan =

    96

Elapsed time is 209.568201 seconds.

chan =

    97

Elapsed time is 208.472461 seconds.

chan =

    98

Elapsed time is 209.557205 seconds.

chan =

    99

Elapsed time is 213.786040 seconds.

chan =

   100

Elapsed time is 212.686712 seconds.

chan =

   101

Elapsed time is 212.793249 seconds.

chan =

   102

Elapsed time is 211.303218 seconds.

chan =

   103

Elapsed time is 214.785337 seconds.

chan =

   104

Elapsed time is 211.555410 seconds.

chan =

   105

Elapsed time is 212.363940 seconds.

chan =

   106

Elapsed time is 209.604735 seconds.

chan =

   107

Elapsed time is 215.080928 seconds.

chan =

   108

Elapsed time is 213.174253 seconds.

chan =

   109

Elapsed time is 213.685365 seconds.

chan =

   110

Elapsed time is 210.947902 seconds.

chan =

   111

Elapsed time is 215.489479 seconds.

chan =

   112

Elapsed time is 232.583172 seconds.

chan =

   113

Elapsed time is 232.424121 seconds.

chan =

   114

Elapsed time is 206.659414 seconds.

chan =

   115

Elapsed time is 204.686208 seconds.

chan =

   116

Elapsed time is 199.764139 seconds.
attempting saving
save success: /projects/p31578/dtf8829/QuestConnect/CHANDAT/chanDat_SLCH006_086.mat
working on TF
encoding done
encoding RT done
retrieval 1 done
retrieval 2 done
attempting saving
save success: /projects/p31578/dtf8829/QuestConnect/CHANDAT/chanDat_SLCH006_086.mat
working on ISPC
channel: 1 took 0 minutes
channel: 2 took 0 minutes
channel: 3 took 0 minutes
channel: 4 took 0 minutes
channel: 5 took 0 minutes
channel: 6 took 0 minutes
channel: 7 took 0 minutes
channel: 8 took 0 minutes
channel: 9 took 0 minutes
channel: 10 took 0 minutes
channel: 11 took 0 minutes
channel: 12 took 0 minutes
channel: 13 took 0 minutes
channel: 14 took 0 minutes
channel: 15 took 0 minutes
channel: 16 took 0 minutes
channel: 17 took 0 minutes
channel: 18 took 0 minutes
channel: 19 took 0 minutes
channel: 20 took 0 minutes
channel: 21 took 0 minutes
channel: 22 took 0 minutes
channel: 23 took 0 minutes
channel: 24 took 0 minutes
channel: 25 took 0 minutes
channel: 26 took 0 minutes
channel: 27 took 0 minutes
channel: 28 took 0 minutes
channel: 29 took 0 minutes
channel: 30 took 0 minutes
channel: 31 took 0 minutes
channel: 32 took 0 minutes
channel: 33 took 0 minutes
channel: 34 took 0 minutes
channel: 35 took 0 minutes
channel: 36 took 0 minutes
channel: 37 took 0 minutes
channel: 38 took 0 minutes
channel: 39 took 0 minutes
channel: 40 took 0 minutes
channel: 41 took 0 minutes
channel: 42 took 0 minutes
channel: 43 took 0 minutes
channel: 44 took 0 minutes
channel: 45 took 0 minutes
channel: 46 took 0 minutes
channel: 47 took 0 minutes
channel: 48 took 0 minutes
channel: 49 took 0 minutes
channel: 50 took 0 minutes
channel: 51 took 0 minutes
channel: 52 took 0 minutes
channel: 53 took 0 minutes
channel: 54 took 0 minutes
channel: 55 took 0 minutes
channel: 56 took 0 minutes
channel: 57 took 0 minutes
channel: 58 took 0 minutes
channel: 59 took 0 minutes
channel: 60 took 0 minutes
channel: 61 took 0 minutes
channel: 62 took 0 minutes
channel: 63 took 0 minutes
channel: 64 took 0 minutes
channel: 65 took 0 minutes
channel: 66 took 0 minutes
channel: 67 took 0 minutes
channel: 68 took 0 minutes
channel: 69 took 0 minutes
channel: 70 took 0 minutes
channel: 71 took 0 minutes
channel: 72 took 0 minutes
channel: 73 took 0 minutes
channel: 74 took 0 minutes
channel: 75 took 0 minutes
channel: 76 took 0 minutes
channel: 77 took 0 minutes
channel: 78 took 0 minutes
channel: 79 took 0 minutes
channel: 80 took 0 minutes
channel: 81 took 0 minutes
channel: 82 took 0 minutes
channel: 83 took 0 minutes
channel: 84 took 0 minutes
channel: 85 took 0 minutes
channel: 86 took 0 minutes
channel: 87 took 3.8 minutes
channel: 88 took 3.8 minutes
channel: 89 took 3.9 minutes
channel: 90 took 3.8 minutes
channel: 91 took 3.8 minutes
channel: 92 took 3.8 minutes
channel: 93 took 3.8 minutes
channel: 94 took 3.8 minutes
channel: 95 took 3.8 minutes
channel: 96 took 3.8 minutes
channel: 97 took 4 minutes
channel: 98 took 4.2 minutes
channel: 99 took 3.9 minutes
channel: 100 took 4.3 minutes
channel: 101 took 4.4 minutes
channel: 102 took 4.4 minutes
channel: 103 took 4.4 minutes
channel: 104 took 4.4 minutes
channel: 105 took 4.4 minutes
channel: 106 took 4.4 minutes
channel: 107 took 4.4 minutes
channel: 108 took 4.4 minutes
channel: 109 took 4.4 minutes
channel: 110 took 4.4 minutes
channel: 111 took 4.3 minutes
channel: 112 took 3.6 minutes
channel: 113 took 3.6 minutes
channel: 114 took 3.5 minutes
channel: 115 took 3.5 minutes
channel: 116 took 3.5 minutes
attempting saving
save success: /projects/p31578/dtf8829/QuestConnect/CHANDAT/chanDat_SLCH006_086.mat
Elapsed time is 217.484251 seconds.
