getting started: 3487
attempting file: 3487
going for SLCH006 9
data loaded: SLCH006 9
MISMATCH WITH ZACH COORDINATES!!!
HFB already done

chan =

     1

Elapsed time is 245.663870 seconds.

chan =

     2

Elapsed time is 242.140568 seconds.

chan =

     3

Elapsed time is 235.718763 seconds.

chan =

     4

Elapsed time is 241.554902 seconds.

chan =

     5

Elapsed time is 253.352504 seconds.

chan =

     6

Elapsed time is 248.353311 seconds.

chan =

     7

Elapsed time is 251.587932 seconds.

chan =

     8

Elapsed time is 251.579143 seconds.

chan =

     9

Elapsed time is 237.132953 seconds.

chan =

    10

Elapsed time is 242.775999 seconds.

chan =

    11

Elapsed time is 246.826970 seconds.

chan =

    12

Elapsed time is 240.160771 seconds.

chan =

    13

Elapsed time is 241.720996 seconds.

chan =

    14

Elapsed time is 243.117360 seconds.

chan =

    15

Elapsed time is 243.874177 seconds.

chan =

    16

Elapsed time is 243.723797 seconds.

chan =

    17

Elapsed time is 247.039601 seconds.

chan =

    18

Elapsed time is 247.001899 seconds.

chan =

    19

Elapsed time is 240.735115 seconds.

chan =

    20

Elapsed time is 244.986574 seconds.

chan =

    21

Elapsed time is 244.274947 seconds.

chan =

    22

Elapsed time is 240.678001 seconds.

chan =

    23

Elapsed time is 239.422471 seconds.

chan =

    24

Elapsed time is 242.397726 seconds.

chan =

    25

Elapsed time is 244.492288 seconds.

chan =

    26

Elapsed time is 247.137598 seconds.

chan =

    27

Elapsed time is 246.487736 seconds.

chan =

    28

Elapsed time is 260.064868 seconds.

chan =

    29

Elapsed time is 258.809030 seconds.

chan =

    30

Elapsed time is 254.108759 seconds.

chan =

    31

Elapsed time is 255.322621 seconds.

chan =

    32

Elapsed time is 258.535888 seconds.

chan =

    33

Elapsed time is 239.178394 seconds.

chan =

    34

Elapsed time is 251.275883 seconds.

chan =

    35

Elapsed time is 255.983259 seconds.

chan =

    36

Elapsed time is 251.267612 seconds.

chan =

    37

Elapsed time is 260.014252 seconds.

chan =

    38

Elapsed time is 255.892166 seconds.

chan =

    39

Elapsed time is 237.773284 seconds.

chan =

    40

Elapsed time is 251.306242 seconds.

chan =

    41

Elapsed time is 256.194915 seconds.

chan =

    42

Elapsed time is 255.217240 seconds.

chan =

    43

Elapsed time is 251.480978 seconds.

chan =

    44

Elapsed time is 246.988131 seconds.

chan =

    45

Elapsed time is 244.019030 seconds.

chan =

    46

Elapsed time is 231.695845 seconds.

chan =

    47

Elapsed time is 243.696679 seconds.

chan =

    48

Elapsed time is 239.291313 seconds.

chan =

    49

Elapsed time is 236.170321 seconds.

chan =

    50

Elapsed time is 233.735166 seconds.

chan =

    51

Elapsed time is 237.236551 seconds.

chan =

    52

Elapsed time is 231.402812 seconds.

chan =

    53

Elapsed time is 232.855163 seconds.

chan =

    54

Elapsed time is 240.418724 seconds.

chan =

    55

Elapsed time is 240.755742 seconds.

chan =

    56

Elapsed time is 246.097132 seconds.

chan =

    57

Elapsed time is 244.883423 seconds.

chan =

    58

Elapsed time is 235.078263 seconds.

chan =

    59

Elapsed time is 238.063112 seconds.

chan =

    60

Elapsed time is 233.264981 seconds.

chan =

    61

Elapsed time is 231.850249 seconds.

chan =

    62

Elapsed time is 230.760154 seconds.

chan =

    63

Elapsed time is 232.279934 seconds.

chan =

    64

Elapsed time is 234.267332 seconds.

chan =

    65

Elapsed time is 232.712052 seconds.

chan =

    66

Elapsed time is 238.924738 seconds.

chan =

    67

Elapsed time is 233.149452 seconds.

chan =

    68

Elapsed time is 239.241070 seconds.

chan =

    69

Elapsed time is 235.225816 seconds.

chan =

    70

Elapsed time is 234.718543 seconds.

chan =

    71

Elapsed time is 237.681506 seconds.

chan =

    72

Elapsed time is 233.628553 seconds.

chan =

    73

Elapsed time is 235.778983 seconds.

chan =

    74

Elapsed time is 235.991407 seconds.

chan =

    75

Elapsed time is 229.402904 seconds.

chan =

    76

Elapsed time is 230.146009 seconds.

chan =

    77

Elapsed time is 227.447958 seconds.

chan =

    78

Elapsed time is 231.006675 seconds.

chan =

    79

Elapsed time is 230.358343 seconds.

chan =

    80

Elapsed time is 232.857420 seconds.

chan =

    81

Elapsed time is 232.092301 seconds.

chan =

    82

Elapsed time is 233.703363 seconds.

chan =

    83

Elapsed time is 230.788878 seconds.

chan =

    84

Elapsed time is 229.123651 seconds.

chan =

    85

Elapsed time is 231.867365 seconds.

chan =

    86

Elapsed time is 230.044675 seconds.

chan =

    87

Elapsed time is 230.737161 seconds.

chan =

    88

Elapsed time is 228.893610 seconds.

chan =

    89

Elapsed time is 227.036582 seconds.

chan =

    90

Elapsed time is 231.868099 seconds.

chan =

    91

Elapsed time is 231.389553 seconds.

chan =

    92

Elapsed time is 228.015284 seconds.

chan =

    93

Elapsed time is 232.026845 seconds.

chan =

    94

Elapsed time is 231.992262 seconds.

chan =

    95

Elapsed time is 231.174088 seconds.

chan =

    96

Elapsed time is 231.905208 seconds.

chan =

    97

Elapsed time is 231.717906 seconds.

chan =

    98

Elapsed time is 231.898146 seconds.

chan =

    99

Elapsed time is 231.847272 seconds.

chan =

   100

Elapsed time is 232.268316 seconds.

chan =

   101

Elapsed time is 233.478876 seconds.

chan =

   102

Elapsed time is 233.035223 seconds.

chan =

   103

Elapsed time is 233.199667 seconds.

chan =

   104

Elapsed time is 233.645736 seconds.

chan =

   105

Elapsed time is 231.496709 seconds.

chan =

   106

Elapsed time is 227.563858 seconds.

chan =

   107

Elapsed time is 225.239042 seconds.

chan =

   108

Elapsed time is 224.079618 seconds.

chan =

   109

Elapsed time is 222.384123 seconds.

chan =

   110

Elapsed time is 221.829977 seconds.

chan =

   111

Elapsed time is 217.259926 seconds.

chan =

   112

Elapsed time is 214.003180 seconds.

chan =

   113

Elapsed time is 213.237902 seconds.

chan =

   114

Elapsed time is 206.900880 seconds.

chan =

   115

Elapsed time is 202.317589 seconds.

chan =

   116

Elapsed time is 202.055300 seconds.
attempting saving
save success: /projects/p31578/dtf8829/QuestConnect/CHANDAT/chanDat_SLCH006_009.mat
working on TF
encoding done
encoding RT done
retrieval 1 done
retrieval 2 done
attempting saving
save success: /projects/p31578/dtf8829/QuestConnect/CHANDAT/chanDat_SLCH006_009.mat
working on ISPC
channel: 1 took 0 minutes
channel: 2 took 0 minutes
channel: 3 took 0 minutes
channel: 4 took 0 minutes
channel: 5 took 0 minutes
channel: 6 took 0 minutes
channel: 7 took 0 minutes
channel: 8 took 0 minutes
channel: 9 took 0 minutes
channel: 10 took 3.8 minutes
channel: 11 took 3.8 minutes
channel: 12 took 4.4 minutes
channel: 13 took 4.5 minutes
channel: 14 took 4.5 minutes
channel: 15 took 4.5 minutes
channel: 16 took 4.5 minutes
channel: 17 took 4.5 minutes
channel: 18 took 4.4 minutes
channel: 19 took 4.5 minutes
channel: 20 took 4.4 minutes
channel: 21 took 4.4 minutes
channel: 22 took 4.4 minutes
channel: 23 took 4.4 minutes
channel: 24 took 4.4 minutes
channel: 25 took 4.4 minutes
channel: 26 took 4.4 minutes
channel: 27 took 4.4 minutes
channel: 28 took 4.4 minutes
channel: 29 took 4.5 minutes
channel: 30 took 4.4 minutes
channel: 31 took 4.5 minutes
channel: 32 took 4.5 minutes
channel: 33 took 4.5 minutes
channel: 34 took 4.5 minutes
channel: 35 took 4.5 minutes
channel: 36 took 4.5 minutes
channel: 37 took 4.4 minutes
channel: 38 took 4.5 minutes
channel: 39 took 4.5 minutes
channel: 40 took 4.5 minutes
channel: 41 took 4.5 minutes
channel: 42 took 4.5 minutes
channel: 43 took 4.5 minutes
channel: 44 took 4.4 minutes
channel: 45 took 4.5 minutes
channel: 46 took 4.4 minutes
channel: 47 took 4.5 minutes
channel: 48 took 4.5 minutes
channel: 49 took 4.5 minutes
channel: 50 took 4.4 minutes
channel: 51 took 4.5 minutes
channel: 52 took 4.4 minutes
channel: 53 took 4.5 minutes
channel: 54 took 4.4 minutes
channel: 55 took 4.5 minutes
channel: 56 took 4.4 minutes
channel: 57 took 4.4 minutes
channel: 58 took 4.4 minutes
channel: 59 took 4.4 minutes
channel: 60 took 4.4 minutes
channel: 61 took 4.5 minutes
channel: 62 took 4.5 minutes
channel: 63 took 4.4 minutes
channel: 64 took 4.4 minutes
channel: 65 took 4.5 minutes
channel: 66 took 4.5 minutes
channel: 67 took 3.8 minutes
channel: 68 took 3.8 minutes
channel: 69 took 3.8 minutes
channel: 70 took 3.8 minutes
channel: 71 took 3.8 minutes
channel: 72 took 3.7 minutes
channel: 73 took 3.6 minutes
channel: 74 took 3.6 minutes
channel: 75 took 3.6 minutes
channel: 76 took 3.6 minutes
channel: 77 took 3.6 minutes
channel: 78 took 3.6 minutes
channel: 79 took 3.6 minutes
channel: 80 took 3.6 minutes
channel: 81 took 3.6 minutes
channel: 82 took 3.6 minutes
channel: 83 took 3.6 minutes
channel: 84 took 3.6 minutes
channel: 85 took 3.6 minutes
channel: 86 took 3.6 minutes
channel: 87 took 3.5 minutes
channel: 88 took 3.6 minutes
channel: 89 took 3.5 minutes
channel: 90 took 3.5 minutes
channel: 91 took 3.5 minutes
channel: 92 took 3.5 minutes
channel: 93 took 3.6 minutes
channel: 94 took 3.5 minutes
channel: 95 took 3.5 minutes
channel: 96 took 3.5 minutes
channel: 97 took 3.5 minutes
channel: 98 took 3.5 minutes
channel: 99 took 3.5 minutes
channel: 100 took 3.5 minutes
channel: 101 took 3.5 minutes
channel: 102 took 3.6 minutes
channel: 103 took 3.6 minutes
channel: 104 took 3.5 minutes
channel: 105 took 3.5 minutes
channel: 106 took 3.5 minutes
channel: 107 took 3.6 minutes
channel: 108 took 3.5 minutes
channel: 109 took 3.6 minutes
channel: 110 took 3.5 minutes
channel: 111 took 3.5 minutes
channel: 112 took 3.5 minutes
channel: 113 took 3.5 minutes
channel: 114 took 3.5 minutes
channel: 115 took 3.5 minutes
channel: 116 took 3.5 minutes
attempting saving
save success: /projects/p31578/dtf8829/QuestConnect/CHANDAT/chanDat_SLCH006_009.mat
Elapsed time is 218.634819 seconds.
