getting started: 3583
attempting file: 3583
going for SLCH006 105
data loaded: SLCH006 105
MISMATCH WITH ZACH COORDINATES!!!
HFB already done

chan =

     1

Elapsed time is 269.702203 seconds.

chan =

     2

Elapsed time is 272.903772 seconds.

chan =

     3

Elapsed time is 273.075601 seconds.

chan =

     4

Elapsed time is 274.628534 seconds.

chan =

     5

Elapsed time is 272.221815 seconds.

chan =

     6

Elapsed time is 273.070533 seconds.

chan =

     7

Elapsed time is 271.714167 seconds.

chan =

     8

Elapsed time is 270.507615 seconds.

chan =

     9

Elapsed time is 269.304133 seconds.

chan =

    10

Elapsed time is 268.268515 seconds.

chan =

    11

Elapsed time is 269.633665 seconds.

chan =

    12

Elapsed time is 267.585217 seconds.

chan =

    13

Elapsed time is 268.165693 seconds.

chan =

    14

Elapsed time is 267.487697 seconds.

chan =

    15

Elapsed time is 269.525105 seconds.

chan =

    16

Elapsed time is 269.360778 seconds.

chan =

    17

Elapsed time is 270.424872 seconds.

chan =

    18

Elapsed time is 269.979673 seconds.

chan =

    19

Elapsed time is 269.046047 seconds.

chan =

    20

Elapsed time is 269.213677 seconds.

chan =

    21

Elapsed time is 269.684632 seconds.

chan =

    22

Elapsed time is 268.583668 seconds.

chan =

    23

Elapsed time is 264.576036 seconds.

chan =

    24

Elapsed time is 266.746506 seconds.

chan =

    25

Elapsed time is 267.934311 seconds.

chan =

    26

Elapsed time is 267.861851 seconds.

chan =

    27

Elapsed time is 267.651608 seconds.

chan =

    28

Elapsed time is 266.520522 seconds.

chan =

    29

Elapsed time is 266.799428 seconds.

chan =

    30

Elapsed time is 265.015300 seconds.

chan =

    31

Elapsed time is 265.254160 seconds.

chan =

    32

Elapsed time is 264.658921 seconds.

chan =

    33

Elapsed time is 265.840802 seconds.

chan =

    34

Elapsed time is 264.217783 seconds.

chan =

    35

Elapsed time is 265.755807 seconds.

chan =

    36

Elapsed time is 265.586150 seconds.

chan =

    37

Elapsed time is 267.101300 seconds.

chan =

    38

Elapsed time is 268.045815 seconds.

chan =

    39

Elapsed time is 271.339486 seconds.

chan =

    40

Elapsed time is 270.648659 seconds.

chan =

    41

Elapsed time is 271.483124 seconds.

chan =

    42

Elapsed time is 266.784485 seconds.

chan =

    43

Elapsed time is 265.607865 seconds.

chan =

    44

Elapsed time is 267.640551 seconds.

chan =

    45

Elapsed time is 270.044210 seconds.

chan =

    46

Elapsed time is 268.320331 seconds.

chan =

    47

Elapsed time is 269.892425 seconds.

chan =

    48

Elapsed time is 269.469355 seconds.

chan =

    49

Elapsed time is 271.382109 seconds.

chan =

    50

Elapsed time is 267.830326 seconds.

chan =

    51

Elapsed time is 269.926027 seconds.

chan =

    52

Elapsed time is 267.828418 seconds.

chan =

    53

Elapsed time is 268.153691 seconds.

chan =

    54

Elapsed time is 267.839380 seconds.

chan =

    55

Elapsed time is 269.817081 seconds.

chan =

    56

Elapsed time is 267.490219 seconds.

chan =

    57

Elapsed time is 268.163952 seconds.

chan =

    58

Elapsed time is 266.676288 seconds.

chan =

    59

Elapsed time is 270.000949 seconds.

chan =

    60

Elapsed time is 267.425226 seconds.

chan =

    61

Elapsed time is 268.584777 seconds.

chan =

    62

Elapsed time is 265.984717 seconds.

chan =

    63

Elapsed time is 267.625074 seconds.

chan =

    64

Elapsed time is 267.021341 seconds.

chan =

    65

Elapsed time is 266.148417 seconds.

chan =

    66

Elapsed time is 266.823616 seconds.

chan =

    67

Elapsed time is 265.379888 seconds.

chan =

    68

Elapsed time is 266.989464 seconds.

chan =

    69

Elapsed time is 266.742398 seconds.

chan =

    70

Elapsed time is 266.165065 seconds.

chan =

    71

Elapsed time is 266.511811 seconds.

chan =

    72

Elapsed time is 263.774500 seconds.

chan =

    73

Elapsed time is 265.729352 seconds.

chan =

    74

Elapsed time is 265.901650 seconds.

chan =

    75

Elapsed time is 266.570384 seconds.

chan =

    76

Elapsed time is 265.173116 seconds.

chan =

    77

Elapsed time is 262.857072 seconds.

chan =

    78

Elapsed time is 263.214270 seconds.

chan =

    79

Elapsed time is 264.395287 seconds.

chan =

    80

Elapsed time is 265.362614 seconds.

chan =

    81

Elapsed time is 265.874622 seconds.

chan =

    82

Elapsed time is 264.196345 seconds.

chan =

    83

Elapsed time is 266.134041 seconds.

chan =

    84

Elapsed time is 264.334360 seconds.

chan =

    85

Elapsed time is 263.854290 seconds.

chan =

    86

Elapsed time is 260.991205 seconds.

chan =

    87

Elapsed time is 256.480364 seconds.

chan =

    88

Elapsed time is 259.894946 seconds.

chan =

    89

Elapsed time is 257.682894 seconds.

chan =

    90

Elapsed time is 259.569373 seconds.

chan =

    91

Elapsed time is 258.036107 seconds.

chan =

    92

Elapsed time is 258.960322 seconds.

chan =

    93

Elapsed time is 259.410983 seconds.

chan =

    94

Elapsed time is 258.824653 seconds.

chan =

    95

Elapsed time is 258.356532 seconds.

chan =

    96

Elapsed time is 256.025831 seconds.

chan =

    97

Elapsed time is 259.338131 seconds.

chan =

    98

Elapsed time is 259.984566 seconds.

chan =

    99

Elapsed time is 257.633760 seconds.

chan =

   100

Elapsed time is 261.015907 seconds.

chan =

   101

Elapsed time is 253.770527 seconds.

chan =

   102

Elapsed time is 257.736357 seconds.

chan =

   103

Elapsed time is 259.263976 seconds.

chan =

   104

Elapsed time is 257.231981 seconds.

chan =

   105

Elapsed time is 259.151337 seconds.

chan =

   106

Elapsed time is 254.453331 seconds.

chan =

   107

Elapsed time is 258.544769 seconds.

chan =

   108

Elapsed time is 260.054525 seconds.

chan =

   109

Elapsed time is 257.583603 seconds.

chan =

   110

Elapsed time is 261.004180 seconds.

chan =

   111

Elapsed time is 254.785924 seconds.

chan =

   112

Elapsed time is 258.968339 seconds.

chan =

   113

Elapsed time is 261.075747 seconds.

chan =

   114

Elapsed time is 255.968819 seconds.

chan =

   115

Elapsed time is 252.796134 seconds.

chan =

   116

Elapsed time is 251.820649 seconds.
attempting saving
save success: /projects/p31578/dtf8829/QuestConnect/CHANDAT/chanDat_SLCH006_105.mat
working on TF
encoding done
encoding RT done
retrieval 1 done
retrieval 2 done
attempting saving
save success: /projects/p31578/dtf8829/QuestConnect/CHANDAT/chanDat_SLCH006_105.mat
working on ISPC
channel: 1 took 0 minutes
channel: 2 took 0 minutes
channel: 3 took 0 minutes
channel: 4 took 0 minutes
channel: 5 took 0 minutes
channel: 6 took 0 minutes
channel: 7 took 0 minutes
channel: 8 took 0 minutes
channel: 9 took 0 minutes
channel: 10 took 0 minutes
channel: 11 took 0 minutes
channel: 12 took 0 minutes
channel: 13 took 0 minutes
channel: 14 took 0 minutes
channel: 15 took 0 minutes
channel: 16 took 0 minutes
channel: 17 took 0 minutes
channel: 18 took 0 minutes
channel: 19 took 0 minutes
channel: 20 took 0 minutes
channel: 21 took 0 minutes
channel: 22 took 0 minutes
channel: 23 took 0 minutes
channel: 24 took 0 minutes
channel: 25 took 0 minutes
channel: 26 took 0 minutes
channel: 27 took 0 minutes
channel: 28 took 0 minutes
channel: 29 took 0 minutes
channel: 30 took 0 minutes
channel: 31 took 0 minutes
channel: 32 took 0 minutes
channel: 33 took 0 minutes
channel: 34 took 0 minutes
channel: 35 took 0 minutes
channel: 36 took 0 minutes
channel: 37 took 0 minutes
channel: 38 took 0 minutes
channel: 39 took 0 minutes
channel: 40 took 0 minutes
channel: 41 took 0 minutes
channel: 42 took 0 minutes
channel: 43 took 0 minutes
channel: 44 took 0 minutes
channel: 45 took 0 minutes
channel: 46 took 0 minutes
channel: 47 took 0 minutes
channel: 48 took 0 minutes
channel: 49 took 0 minutes
channel: 50 took 0 minutes
channel: 51 took 0 minutes
channel: 52 took 0 minutes
channel: 53 took 0 minutes
channel: 54 took 0 minutes
channel: 55 took 0 minutes
channel: 56 took 0 minutes
channel: 57 took 0 minutes
channel: 58 took 0 minutes
channel: 59 took 0 minutes
channel: 60 took 0 minutes
channel: 61 took 0 minutes
channel: 62 took 0 minutes
channel: 63 took 0 minutes
channel: 64 took 0 minutes
channel: 65 took 0 minutes
channel: 66 took 0 minutes
channel: 67 took 0 minutes
channel: 68 took 0 minutes
channel: 69 took 0 minutes
channel: 70 took 0 minutes
channel: 71 took 0 minutes
channel: 72 took 0 minutes
channel: 73 took 0 minutes
channel: 74 took 0 minutes
channel: 75 took 0 minutes
channel: 76 took 0 minutes
channel: 77 took 0 minutes
channel: 78 took 0 minutes
channel: 79 took 0 minutes
channel: 80 took 0 minutes
channel: 81 took 0 minutes
channel: 82 took 0 minutes
channel: 83 took 0 minutes
channel: 84 took 0 minutes
channel: 85 took 0 minutes
channel: 86 took 0 minutes
channel: 87 took 0 minutes
channel: 88 took 0 minutes
channel: 89 took 0 minutes
channel: 90 took 0 minutes
channel: 91 took 0 minutes
channel: 92 took 0 minutes
channel: 93 took 0 minutes
channel: 94 took 0 minutes
channel: 95 took 0 minutes
channel: 96 took 0 minutes
channel: 97 took 0 minutes
channel: 98 took 0 minutes
channel: 99 took 0 minutes
channel: 100 took 0 minutes
channel: 101 took 0 minutes
channel: 102 took 0 minutes
channel: 103 took 0 minutes
channel: 104 took 0 minutes
channel: 105 took 0 minutes
channel: 106 took 4.8 minutes
channel: 107 took 4.7 minutes
channel: 108 took 4.7 minutes
channel: 109 took 4.8 minutes
channel: 110 took 4.5 minutes
channel: 111 took 4.8 minutes
channel: 112 took 4.7 minutes
channel: 113 took 4.8 minutes
channel: 114 took 4.7 minutes
channel: 115 took 4.7 minutes
channel: 116 took 4.7 minutes
attempting saving
save success: /projects/p31578/dtf8829/QuestConnect/CHANDAT/chanDat_SLCH006_105.mat
Elapsed time is 286.158175 seconds.
