getting started: 3484
attempting file: 3484
going for SLCH006 6
data loaded: SLCH006 6
MISMATCH WITH ZACH COORDINATES!!!
HFB already done

chan =

     1

Elapsed time is 247.171430 seconds.

chan =

     2

Elapsed time is 242.959432 seconds.

chan =

     3

Elapsed time is 237.528611 seconds.

chan =

     4

Elapsed time is 243.039149 seconds.

chan =

     5

Elapsed time is 254.399911 seconds.

chan =

     6

Elapsed time is 249.240292 seconds.

chan =

     7

Elapsed time is 253.870052 seconds.

chan =

     8

Elapsed time is 251.979204 seconds.

chan =

     9

Elapsed time is 238.865568 seconds.

chan =

    10

Elapsed time is 244.404003 seconds.

chan =

    11

Elapsed time is 245.585532 seconds.

chan =

    12

Elapsed time is 239.965494 seconds.

chan =

    13

Elapsed time is 241.171666 seconds.

chan =

    14

Elapsed time is 242.170519 seconds.

chan =

    15

Elapsed time is 245.594951 seconds.

chan =

    16

Elapsed time is 242.502785 seconds.

chan =

    17

Elapsed time is 248.824977 seconds.

chan =

    18

Elapsed time is 245.456283 seconds.

chan =

    19

Elapsed time is 241.250118 seconds.

chan =

    20

Elapsed time is 245.018350 seconds.

chan =

    21

Elapsed time is 244.840446 seconds.

chan =

    22

Elapsed time is 243.460826 seconds.

chan =

    23

Elapsed time is 243.437370 seconds.

chan =

    24

Elapsed time is 242.008251 seconds.

chan =

    25

Elapsed time is 247.632602 seconds.

chan =

    26

Elapsed time is 245.345522 seconds.

chan =

    27

Elapsed time is 247.710444 seconds.

chan =

    28

Elapsed time is 261.074829 seconds.

chan =

    29

Elapsed time is 259.174253 seconds.

chan =

    30

Elapsed time is 254.985322 seconds.

chan =

    31

Elapsed time is 258.116988 seconds.

chan =

    32

Elapsed time is 257.617285 seconds.

chan =

    33

Elapsed time is 241.493069 seconds.

chan =

    34

Elapsed time is 254.314760 seconds.

chan =

    35

Elapsed time is 258.078752 seconds.

chan =

    36

Elapsed time is 250.683335 seconds.

chan =

    37

Elapsed time is 260.892317 seconds.

chan =

    38

Elapsed time is 254.621141 seconds.

chan =

    39

Elapsed time is 238.225551 seconds.

chan =

    40

Elapsed time is 257.261298 seconds.

chan =

    41

Elapsed time is 257.104760 seconds.

chan =

    42

Elapsed time is 255.606943 seconds.

chan =

    43

Elapsed time is 248.941452 seconds.

chan =

    44

Elapsed time is 247.464792 seconds.

chan =

    45

Elapsed time is 242.508166 seconds.

chan =

    46

Elapsed time is 233.487706 seconds.

chan =

    47

Elapsed time is 244.255319 seconds.

chan =

    48

Elapsed time is 236.676741 seconds.

chan =

    49

Elapsed time is 238.190855 seconds.

chan =

    50

Elapsed time is 233.568675 seconds.

chan =

    51

Elapsed time is 236.865068 seconds.

chan =

    52

Elapsed time is 233.711303 seconds.

chan =

    53

Elapsed time is 234.629421 seconds.

chan =

    54

Elapsed time is 242.458956 seconds.

chan =

    55

Elapsed time is 244.813812 seconds.

chan =

    56

Elapsed time is 247.406058 seconds.

chan =

    57

Elapsed time is 244.711512 seconds.

chan =

    58

Elapsed time is 233.670643 seconds.

chan =

    59

Elapsed time is 239.871386 seconds.

chan =

    60

Elapsed time is 234.258879 seconds.

chan =

    61

Elapsed time is 232.154166 seconds.

chan =

    62

Elapsed time is 232.547947 seconds.

chan =

    63

Elapsed time is 234.293755 seconds.

chan =

    64

Elapsed time is 235.229923 seconds.

chan =

    65

Elapsed time is 233.901596 seconds.

chan =

    66

Elapsed time is 238.931829 seconds.

chan =

    67

Elapsed time is 233.579104 seconds.

chan =

    68

Elapsed time is 238.919128 seconds.

chan =

    69

Elapsed time is 236.036372 seconds.

chan =

    70

Elapsed time is 235.099668 seconds.

chan =

    71

Elapsed time is 239.171475 seconds.

chan =

    72

Elapsed time is 233.979086 seconds.

chan =

    73

Elapsed time is 235.808854 seconds.

chan =

    74

Elapsed time is 232.132032 seconds.

chan =

    75

Elapsed time is 228.855332 seconds.

chan =

    76

Elapsed time is 230.219847 seconds.

chan =

    77

Elapsed time is 227.886966 seconds.

chan =

    78

Elapsed time is 229.757173 seconds.

chan =

    79

Elapsed time is 231.100785 seconds.

chan =

    80

Elapsed time is 232.254609 seconds.

chan =

    81

Elapsed time is 230.190065 seconds.

chan =

    82

Elapsed time is 234.436014 seconds.

chan =

    83

Elapsed time is 228.973185 seconds.

chan =

    84

Elapsed time is 230.858861 seconds.

chan =

    85

Elapsed time is 230.962588 seconds.

chan =

    86

Elapsed time is 230.529022 seconds.

chan =

    87

Elapsed time is 232.144641 seconds.

chan =

    88

Elapsed time is 229.701238 seconds.

chan =

    89

Elapsed time is 232.772991 seconds.

chan =

    90

Elapsed time is 230.513323 seconds.

chan =

    91

Elapsed time is 232.499770 seconds.

chan =

    92

Elapsed time is 229.266773 seconds.

chan =

    93

Elapsed time is 233.570217 seconds.

chan =

    94

Elapsed time is 232.635062 seconds.

chan =

    95

Elapsed time is 233.528515 seconds.

chan =

    96

Elapsed time is 232.284298 seconds.

chan =

    97

Elapsed time is 232.545896 seconds.

chan =

    98

Elapsed time is 230.579788 seconds.

chan =

    99

Elapsed time is 231.969289 seconds.

chan =

   100

Elapsed time is 233.512183 seconds.

chan =

   101

Elapsed time is 234.443616 seconds.

chan =

   102

Elapsed time is 233.371397 seconds.

chan =

   103

Elapsed time is 235.635154 seconds.

chan =

   104

Elapsed time is 236.149931 seconds.

chan =

   105

Elapsed time is 230.214412 seconds.

chan =

   106

Elapsed time is 226.573398 seconds.

chan =

   107

Elapsed time is 223.745279 seconds.

chan =

   108

Elapsed time is 223.701185 seconds.

chan =

   109

Elapsed time is 222.688956 seconds.

chan =

   110

Elapsed time is 222.507493 seconds.

chan =

   111

Elapsed time is 215.364463 seconds.

chan =

   112

Elapsed time is 215.824647 seconds.

chan =

   113

Elapsed time is 211.902713 seconds.

chan =

   114

Elapsed time is 206.713768 seconds.

chan =

   115

Elapsed time is 203.976395 seconds.

chan =

   116

Elapsed time is 202.599587 seconds.
attempting saving
save success: /projects/p31578/dtf8829/QuestConnect/CHANDAT/chanDat_SLCH006_006.mat
working on TF
encoding done
encoding RT done
retrieval 1 done
retrieval 2 done
attempting saving
save success: /projects/p31578/dtf8829/QuestConnect/CHANDAT/chanDat_SLCH006_006.mat
working on ISPC
channel: 1 took 0 minutes
channel: 2 took 0 minutes
channel: 3 took 0 minutes
channel: 4 took 0 minutes
channel: 5 took 0 minutes
channel: 6 took 0 minutes
channel: 7 took 3.8 minutes
channel: 8 took 4 minutes
channel: 9 took 4.5 minutes
channel: 10 took 4.5 minutes
channel: 11 took 4.5 minutes
channel: 12 took 4.6 minutes
channel: 13 took 4.5 minutes
channel: 14 took 4.5 minutes
channel: 15 took 4.5 minutes
channel: 16 took 4.5 minutes
channel: 17 took 4.5 minutes
channel: 18 took 4.5 minutes
channel: 19 took 4.4 minutes
channel: 20 took 4.5 minutes
channel: 21 took 4.5 minutes
channel: 22 took 4.5 minutes
channel: 23 took 4.5 minutes
channel: 24 took 4.5 minutes
channel: 25 took 4.5 minutes
channel: 26 took 4.5 minutes
channel: 27 took 4.5 minutes
channel: 28 took 4.5 minutes
channel: 29 took 4.5 minutes
channel: 30 took 4.5 minutes
channel: 31 took 4.5 minutes
channel: 32 took 4.5 minutes
channel: 33 took 4.5 minutes
channel: 34 took 4.5 minutes
channel: 35 took 4.5 minutes
channel: 36 took 4.5 minutes
channel: 37 took 4.5 minutes
channel: 38 took 4.5 minutes
channel: 39 took 4.5 minutes
channel: 40 took 4.5 minutes
channel: 41 took 4.5 minutes
channel: 42 took 4.5 minutes
channel: 43 took 4.5 minutes
channel: 44 took 4.5 minutes
channel: 45 took 4.5 minutes
channel: 46 took 4.5 minutes
channel: 47 took 4.5 minutes
channel: 48 took 4.5 minutes
channel: 49 took 4.5 minutes
channel: 50 took 4.5 minutes
channel: 51 took 4.5 minutes
channel: 52 took 4.5 minutes
channel: 53 took 4.5 minutes
channel: 54 took 4.5 minutes
channel: 55 took 4.5 minutes
channel: 56 took 4.5 minutes
channel: 57 took 4.5 minutes
channel: 58 took 4.5 minutes
channel: 59 took 4.5 minutes
channel: 60 took 4.5 minutes
channel: 61 took 4.5 minutes
channel: 62 took 4.5 minutes
channel: 63 took 4 minutes
channel: 64 took 3.9 minutes
channel: 65 took 3.8 minutes
channel: 66 took 3.8 minutes
channel: 67 took 3.8 minutes
channel: 68 took 3.8 minutes
channel: 69 took 3.7 minutes
channel: 70 took 3.7 minutes
channel: 71 took 3.7 minutes
channel: 72 took 3.6 minutes
channel: 73 took 3.6 minutes
channel: 74 took 3.6 minutes
channel: 75 took 3.6 minutes
channel: 76 took 3.6 minutes
channel: 77 took 3.6 minutes
channel: 78 took 3.7 minutes
channel: 79 took 3.6 minutes
channel: 80 took 3.6 minutes
channel: 81 took 3.6 minutes
channel: 82 took 3.6 minutes
channel: 83 took 3.6 minutes
channel: 84 took 3.6 minutes
channel: 85 took 3.6 minutes
channel: 86 took 3.6 minutes
channel: 87 took 3.6 minutes
channel: 88 took 3.6 minutes
channel: 89 took 3.6 minutes
channel: 90 took 3.6 minutes
channel: 91 took 3.6 minutes
channel: 92 took 3.6 minutes
channel: 93 took 3.6 minutes
channel: 94 took 3.6 minutes
channel: 95 took 3.6 minutes
channel: 96 took 3.6 minutes
channel: 97 took 3.6 minutes
channel: 98 took 3.6 minutes
channel: 99 took 3.6 minutes
channel: 100 took 3.6 minutes
channel: 101 took 3.6 minutes
channel: 102 took 3.6 minutes
channel: 103 took 3.6 minutes
channel: 104 took 3.6 minutes
channel: 105 took 3.6 minutes
channel: 106 took 3.6 minutes
channel: 107 took 3.6 minutes
channel: 108 took 3.6 minutes
channel: 109 took 3.6 minutes
channel: 110 took 3.6 minutes
channel: 111 took 3.6 minutes
channel: 112 took 3.6 minutes
channel: 113 took 3.5 minutes
channel: 114 took 3.5 minutes
channel: 115 took 3.5 minutes
channel: 116 took 3.5 minutes
attempting saving
save success: /projects/p31578/dtf8829/QuestConnect/CHANDAT/chanDat_SLCH006_006.mat
Elapsed time is 216.324291 seconds.
