getting started: 3528
attempting file: 3528
going for SLCH006 50
data loaded: SLCH006 50
MISMATCH WITH ZACH COORDINATES!!!
HFB already done

chan =

     1

Elapsed time is 255.609035 seconds.

chan =

     2

Elapsed time is 248.119043 seconds.

chan =

     3

Elapsed time is 247.307426 seconds.

chan =

     4

Elapsed time is 246.807042 seconds.

chan =

     5

Elapsed time is 245.514538 seconds.

chan =

     6

Elapsed time is 243.601265 seconds.

chan =

     7

Elapsed time is 240.319000 seconds.

chan =

     8

Elapsed time is 243.552984 seconds.

chan =

     9

Elapsed time is 248.189688 seconds.

chan =

    10

Elapsed time is 243.119687 seconds.

chan =

    11

Elapsed time is 244.038918 seconds.

chan =

    12

Elapsed time is 239.326984 seconds.

chan =

    13

Elapsed time is 241.051194 seconds.

chan =

    14

Elapsed time is 242.290781 seconds.

chan =

    15

Elapsed time is 240.175315 seconds.

chan =

    16

Elapsed time is 242.949738 seconds.

chan =

    17

Elapsed time is 244.805433 seconds.

chan =

    18

Elapsed time is 243.909663 seconds.

chan =

    19

Elapsed time is 242.462807 seconds.

chan =

    20

Elapsed time is 240.601989 seconds.

chan =

    21

Elapsed time is 242.862501 seconds.

chan =

    22

Elapsed time is 242.607483 seconds.

chan =

    23

Elapsed time is 243.833362 seconds.

chan =

    24

Elapsed time is 241.441630 seconds.

chan =

    25

Elapsed time is 246.292339 seconds.

chan =

    26

Elapsed time is 246.940986 seconds.

chan =

    27

Elapsed time is 246.496280 seconds.

chan =

    28

Elapsed time is 246.109217 seconds.

chan =

    29

Elapsed time is 245.160223 seconds.

chan =

    30

Elapsed time is 246.301096 seconds.

chan =

    31

Elapsed time is 243.842170 seconds.

chan =

    32

Elapsed time is 243.873995 seconds.

chan =

    33

Elapsed time is 237.886640 seconds.

chan =

    34

Elapsed time is 232.624378 seconds.

chan =

    35

Elapsed time is 233.170761 seconds.

chan =

    36

Elapsed time is 234.735551 seconds.

chan =

    37

Elapsed time is 235.542476 seconds.

chan =

    38

Elapsed time is 240.523249 seconds.

chan =

    39

Elapsed time is 244.002054 seconds.

chan =

    40

Elapsed time is 240.834359 seconds.

chan =

    41

Elapsed time is 240.441304 seconds.

chan =

    42

Elapsed time is 240.709881 seconds.

chan =

    43

Elapsed time is 241.142626 seconds.

chan =

    44

Elapsed time is 236.117858 seconds.

chan =

    45

Elapsed time is 240.678646 seconds.

chan =

    46

Elapsed time is 237.354544 seconds.

chan =

    47

Elapsed time is 239.843577 seconds.

chan =

    48

Elapsed time is 238.697043 seconds.

chan =

    49

Elapsed time is 236.512858 seconds.

chan =

    50

Elapsed time is 236.301891 seconds.

chan =

    51

Elapsed time is 236.073498 seconds.

chan =

    52

Elapsed time is 238.153627 seconds.

chan =

    53

Elapsed time is 237.317034 seconds.

chan =

    54

Elapsed time is 235.928933 seconds.

chan =

    55

Elapsed time is 238.546472 seconds.

chan =

    56

Elapsed time is 236.783492 seconds.

chan =

    57

Elapsed time is 237.836279 seconds.

chan =

    58

Elapsed time is 241.250487 seconds.

chan =

    59

Elapsed time is 246.479019 seconds.

chan =

    60

Elapsed time is 238.876889 seconds.

chan =

    61

Elapsed time is 234.013281 seconds.

chan =

    62

Elapsed time is 233.651794 seconds.

chan =

    63

Elapsed time is 240.276860 seconds.

chan =

    64

Elapsed time is 237.243812 seconds.

chan =

    65

Elapsed time is 234.343751 seconds.

chan =

    66

Elapsed time is 234.597186 seconds.

chan =

    67

Elapsed time is 237.394864 seconds.

chan =

    68

Elapsed time is 234.987709 seconds.

chan =

    69

Elapsed time is 237.230986 seconds.

chan =

    70

Elapsed time is 236.544596 seconds.

chan =

    71

Elapsed time is 239.136632 seconds.

chan =

    72

Elapsed time is 239.246682 seconds.

chan =

    73

Elapsed time is 237.022517 seconds.

chan =

    74

Elapsed time is 236.567982 seconds.

chan =

    75

Elapsed time is 239.630475 seconds.

chan =

    76

Elapsed time is 234.773469 seconds.

chan =

    77

Elapsed time is 234.969626 seconds.

chan =

    78

Elapsed time is 235.788553 seconds.

chan =

    79

Elapsed time is 234.232021 seconds.

chan =

    80

Elapsed time is 233.688787 seconds.

chan =

    81

Elapsed time is 237.460372 seconds.

chan =

    82

Elapsed time is 234.355028 seconds.

chan =

    83

Elapsed time is 233.019424 seconds.

chan =

    84

Elapsed time is 236.285046 seconds.

chan =

    85

Elapsed time is 240.431025 seconds.

chan =

    86

Elapsed time is 229.708407 seconds.

chan =

    87

Elapsed time is 230.103446 seconds.

chan =

    88

Elapsed time is 230.956817 seconds.

chan =

    89

Elapsed time is 233.632853 seconds.

chan =

    90

Elapsed time is 234.169938 seconds.

chan =

    91

Elapsed time is 231.440654 seconds.

chan =

    92

Elapsed time is 240.453152 seconds.

chan =

    93

Elapsed time is 239.980536 seconds.

chan =

    94

Elapsed time is 239.245973 seconds.

chan =

    95

Elapsed time is 237.674866 seconds.

chan =

    96

Elapsed time is 244.693605 seconds.

chan =

    97

Elapsed time is 250.105182 seconds.

chan =

    98

Elapsed time is 244.676103 seconds.

chan =

    99

Elapsed time is 248.402896 seconds.

chan =

   100

Elapsed time is 251.586229 seconds.

chan =

   101

Elapsed time is 245.352555 seconds.

chan =

   102

Elapsed time is 248.219452 seconds.

chan =

   103

Elapsed time is 245.744365 seconds.

chan =

   104

Elapsed time is 243.645562 seconds.

chan =

   105

Elapsed time is 247.564127 seconds.

chan =

   106

Elapsed time is 244.211821 seconds.

chan =

   107

Elapsed time is 247.085738 seconds.

chan =

   108

Elapsed time is 249.127784 seconds.

chan =

   109

Elapsed time is 253.312408 seconds.

chan =

   110

Elapsed time is 250.806937 seconds.

chan =

   111

Elapsed time is 250.421657 seconds.

chan =

   112

Elapsed time is 248.403243 seconds.

chan =

   113

Elapsed time is 245.938796 seconds.

chan =

   114

Elapsed time is 240.426465 seconds.

chan =

   115

Elapsed time is 239.187120 seconds.

chan =

   116

Elapsed time is 239.909961 seconds.
attempting saving
save success: /projects/p31578/dtf8829/QuestConnect/CHANDAT/chanDat_SLCH006_050.mat
working on TF
encoding done
encoding RT done
retrieval 1 done
retrieval 2 done
attempting saving
save success: /projects/p31578/dtf8829/QuestConnect/CHANDAT/chanDat_SLCH006_050.mat
working on ISPC
channel: 1 took 0 minutes
channel: 2 took 0 minutes
channel: 3 took 0 minutes
channel: 4 took 0 minutes
channel: 5 took 0 minutes
channel: 6 took 0 minutes
channel: 7 took 0 minutes
channel: 8 took 0 minutes
channel: 9 took 0 minutes
channel: 10 took 0 minutes
channel: 11 took 0 minutes
channel: 12 took 0 minutes
channel: 13 took 0 minutes
channel: 14 took 0 minutes
channel: 15 took 0 minutes
channel: 16 took 0 minutes
channel: 17 took 0 minutes
channel: 18 took 0 minutes
channel: 19 took 0 minutes
channel: 20 took 0 minutes
channel: 21 took 0 minutes
channel: 22 took 0 minutes
channel: 23 took 0 minutes
channel: 24 took 0 minutes
channel: 25 took 0 minutes
channel: 26 took 0 minutes
channel: 27 took 0 minutes
channel: 28 took 0 minutes
channel: 29 took 0 minutes
channel: 30 took 0 minutes
channel: 31 took 0 minutes
channel: 32 took 0 minutes
channel: 33 took 0 minutes
channel: 34 took 0 minutes
channel: 35 took 0 minutes
channel: 36 took 0 minutes
channel: 37 took 0 minutes
channel: 38 took 0 minutes
channel: 39 took 0 minutes
channel: 40 took 0 minutes
channel: 41 took 0 minutes
channel: 42 took 0 minutes
channel: 43 took 0 minutes
channel: 44 took 0 minutes
channel: 45 took 0 minutes
channel: 46 took 0 minutes
channel: 47 took 0 minutes
channel: 48 took 0 minutes
channel: 49 took 0 minutes
channel: 50 took 0 minutes
channel: 51 took 4.4 minutes
channel: 52 took 4.4 minutes
channel: 53 took 4.4 minutes
channel: 54 took 4.4 minutes
channel: 55 took 4.3 minutes
channel: 56 took 4.3 minutes
channel: 57 took 4.4 minutes
channel: 58 took 4.4 minutes
channel: 59 took 4.4 minutes
channel: 60 took 4.4 minutes
channel: 61 took 4.4 minutes
channel: 62 took 4.4 minutes
channel: 63 took 4.4 minutes
channel: 64 took 4.4 minutes
channel: 65 took 4.4 minutes
channel: 66 took 4.4 minutes
channel: 67 took 4.4 minutes
channel: 68 took 4.4 minutes
channel: 69 took 4.4 minutes
channel: 70 took 4.3 minutes
channel: 71 took 4.2 minutes
channel: 72 took 4.2 minutes
channel: 73 took 4.2 minutes
channel: 74 took 4.3 minutes
channel: 75 took 4.3 minutes
channel: 76 took 4.2 minutes
channel: 77 took 4.2 minutes
channel: 78 took 4.2 minutes
channel: 79 took 4.2 minutes
channel: 80 took 4.2 minutes
channel: 81 took 4.2 minutes
channel: 82 took 4.2 minutes
channel: 83 took 4.2 minutes
channel: 84 took 4.2 minutes
channel: 85 took 4.2 minutes
channel: 86 took 4.2 minutes
channel: 87 took 4.2 minutes
channel: 88 took 4.2 minutes
channel: 89 took 4.2 minutes
channel: 90 took 4.2 minutes
channel: 91 took 4.2 minutes
channel: 92 took 4.2 minutes
channel: 93 took 4.2 minutes
channel: 94 took 4.2 minutes
channel: 95 took 4.2 minutes
channel: 96 took 4.3 minutes
channel: 97 took 4.2 minutes
channel: 98 took 4.3 minutes
channel: 99 took 4.2 minutes
channel: 100 took 4.2 minutes
channel: 101 took 4.2 minutes
channel: 102 took 4.2 minutes
channel: 103 took 4.2 minutes
channel: 104 took 4.3 minutes
channel: 105 took 4.2 minutes
channel: 106 took 4.2 minutes
channel: 107 took 4.2 minutes
channel: 108 took 4.2 minutes
channel: 109 took 4.2 minutes
channel: 110 took 4.2 minutes
channel: 111 took 4.2 minutes
channel: 112 took 4.2 minutes
channel: 113 took 4.2 minutes
channel: 114 took 4.2 minutes
channel: 115 took 4.1 minutes
channel: 116 took 4.2 minutes
attempting saving
save success: /projects/p31578/dtf8829/QuestConnect/CHANDAT/chanDat_SLCH006_050.mat
Elapsed time is 256.294224 seconds.
