getting started: 3566
attempting file: 3566
going for SLCH006 88
data loaded: SLCH006 88
MISMATCH WITH ZACH COORDINATES!!!
HFB already done

chan =

     1

Elapsed time is 281.003979 seconds.

chan =

     2

Elapsed time is 272.589868 seconds.

chan =

     3

Elapsed time is 270.916858 seconds.

chan =

     4

Elapsed time is 272.344991 seconds.

chan =

     5

Elapsed time is 272.963231 seconds.

chan =

     6

Elapsed time is 271.904837 seconds.

chan =

     7

Elapsed time is 273.204575 seconds.

chan =

     8

Elapsed time is 272.298270 seconds.

chan =

     9

Elapsed time is 272.774689 seconds.

chan =

    10

Elapsed time is 267.828138 seconds.

chan =

    11

Elapsed time is 269.663246 seconds.

chan =

    12

Elapsed time is 265.181485 seconds.

chan =

    13

Elapsed time is 264.616286 seconds.

chan =

    14

Elapsed time is 236.831869 seconds.

chan =

    15

Elapsed time is 234.977948 seconds.

chan =

    16

Elapsed time is 227.509347 seconds.

chan =

    17

Elapsed time is 221.451134 seconds.

chan =

    18

Elapsed time is 217.324068 seconds.

chan =

    19

Elapsed time is 212.150099 seconds.

chan =

    20

Elapsed time is 206.392774 seconds.

chan =

    21

Elapsed time is 205.776072 seconds.

chan =

    22

Elapsed time is 205.949980 seconds.

chan =

    23

Elapsed time is 207.835923 seconds.

chan =

    24

Elapsed time is 237.249859 seconds.

chan =

    25

Elapsed time is 211.056105 seconds.

chan =

    26

Elapsed time is 246.558834 seconds.

chan =

    27

Elapsed time is 248.011097 seconds.

chan =

    28

Elapsed time is 248.733844 seconds.

chan =

    29

Elapsed time is 221.782025 seconds.

chan =

    30

Elapsed time is 221.069737 seconds.

chan =

    31

Elapsed time is 251.301437 seconds.

chan =

    32

Elapsed time is 251.008975 seconds.

chan =

    33

Elapsed time is 239.892467 seconds.

chan =

    34

Elapsed time is 217.382466 seconds.

chan =

    35

Elapsed time is 248.831773 seconds.

chan =

    36

Elapsed time is 224.328125 seconds.

chan =

    37

Elapsed time is 254.111373 seconds.

chan =

    38

Elapsed time is 254.566222 seconds.

chan =

    39

Elapsed time is 231.770611 seconds.

chan =

    40

Elapsed time is 241.832589 seconds.

chan =

    41

Elapsed time is 256.894678 seconds.

chan =

    42

Elapsed time is 227.130269 seconds.

chan =

    43

Elapsed time is 251.373524 seconds.

chan =

    44

Elapsed time is 252.630348 seconds.

chan =

    45

Elapsed time is 225.091130 seconds.

chan =

    46

Elapsed time is 212.348336 seconds.

chan =

    47

Elapsed time is 231.137358 seconds.

chan =

    48

Elapsed time is 219.845376 seconds.

chan =

    49

Elapsed time is 231.619730 seconds.

chan =

    50

Elapsed time is 219.236334 seconds.

chan =

    51

Elapsed time is 218.042307 seconds.

chan =

    52

Elapsed time is 217.735548 seconds.

chan =

    53

Elapsed time is 217.611519 seconds.

chan =

    54

Elapsed time is 237.410438 seconds.

chan =

    55

Elapsed time is 213.632217 seconds.

chan =

    56

Elapsed time is 208.017888 seconds.

chan =

    57

Elapsed time is 208.556795 seconds.

chan =

    58

Elapsed time is 208.097530 seconds.

chan =

    59

Elapsed time is 209.307447 seconds.

chan =

    60

Elapsed time is 207.683705 seconds.

chan =

    61

Elapsed time is 207.574123 seconds.

chan =

    62

Elapsed time is 218.405676 seconds.

chan =

    63

Elapsed time is 213.259160 seconds.

chan =

    64

Elapsed time is 205.913432 seconds.

chan =

    65

Elapsed time is 205.628340 seconds.

chan =

    66

Elapsed time is 225.614166 seconds.

chan =

    67

Elapsed time is 227.420558 seconds.

chan =

    68

Elapsed time is 226.556145 seconds.

chan =

    69

Elapsed time is 227.564270 seconds.

chan =

    70

Elapsed time is 227.320332 seconds.

chan =

    71

Elapsed time is 226.658527 seconds.

chan =

    72

Elapsed time is 225.523833 seconds.

chan =

    73

Elapsed time is 225.601348 seconds.

chan =

    74

Elapsed time is 227.179931 seconds.

chan =

    75

Elapsed time is 227.485038 seconds.

chan =

    76

Elapsed time is 225.206750 seconds.

chan =

    77

Elapsed time is 224.336221 seconds.

chan =

    78

Elapsed time is 224.193082 seconds.

chan =

    79

Elapsed time is 225.199340 seconds.

chan =

    80

Elapsed time is 224.784511 seconds.

chan =

    81

Elapsed time is 225.388203 seconds.

chan =

    82

Elapsed time is 218.672512 seconds.

chan =

    83

Elapsed time is 209.551606 seconds.

chan =

    84

Elapsed time is 208.701223 seconds.

chan =

    85

Elapsed time is 207.912786 seconds.

chan =

    86

Elapsed time is 207.600418 seconds.

chan =

    87

Elapsed time is 208.191956 seconds.

chan =

    88

Elapsed time is 207.610920 seconds.

chan =

    89

Elapsed time is 208.068776 seconds.

chan =

    90

Elapsed time is 207.108405 seconds.

chan =

    91

Elapsed time is 206.677471 seconds.

chan =

    92

Elapsed time is 206.633226 seconds.

chan =

    93

Elapsed time is 207.120797 seconds.

chan =

    94

Elapsed time is 206.966356 seconds.

chan =

    95

Elapsed time is 206.199840 seconds.

chan =

    96

Elapsed time is 206.579536 seconds.

chan =

    97

Elapsed time is 206.674526 seconds.

chan =

    98

Elapsed time is 207.236970 seconds.

chan =

    99

Elapsed time is 207.641270 seconds.

chan =

   100

Elapsed time is 206.803400 seconds.

chan =

   101

Elapsed time is 209.036010 seconds.

chan =

   102

Elapsed time is 208.423858 seconds.

chan =

   103

Elapsed time is 207.531784 seconds.

chan =

   104

Elapsed time is 207.737932 seconds.

chan =

   105

Elapsed time is 208.734341 seconds.

chan =

   106

Elapsed time is 207.770684 seconds.

chan =

   107

Elapsed time is 209.493494 seconds.

chan =

   108

Elapsed time is 207.002899 seconds.

chan =

   109

Elapsed time is 210.664457 seconds.

chan =

   110

Elapsed time is 211.952640 seconds.

chan =

   111

Elapsed time is 210.996341 seconds.

chan =

   112

Elapsed time is 209.051836 seconds.

chan =

   113

Elapsed time is 209.225035 seconds.

chan =

   114

Elapsed time is 210.446407 seconds.

chan =

   115

Elapsed time is 244.682147 seconds.

chan =

   116

Elapsed time is 204.206857 seconds.
attempting saving
save success: /projects/p31578/dtf8829/QuestConnect/CHANDAT/chanDat_SLCH006_088.mat
working on TF
encoding done
encoding RT done
retrieval 1 done
retrieval 2 done
attempting saving
save success: /projects/p31578/dtf8829/QuestConnect/CHANDAT/chanDat_SLCH006_088.mat
working on ISPC
channel: 1 took 0 minutes
channel: 2 took 0 minutes
channel: 3 took 0 minutes
channel: 4 took 0 minutes
channel: 5 took 0 minutes
channel: 6 took 0 minutes
channel: 7 took 0 minutes
channel: 8 took 0 minutes
channel: 9 took 0 minutes
channel: 10 took 0 minutes
channel: 11 took 0 minutes
channel: 12 took 0 minutes
channel: 13 took 0 minutes
channel: 14 took 0 minutes
channel: 15 took 0 minutes
channel: 16 took 0 minutes
channel: 17 took 0 minutes
channel: 18 took 0 minutes
channel: 19 took 0 minutes
channel: 20 took 0 minutes
channel: 21 took 0 minutes
channel: 22 took 0 minutes
channel: 23 took 0 minutes
channel: 24 took 0 minutes
channel: 25 took 0 minutes
channel: 26 took 0 minutes
channel: 27 took 0 minutes
channel: 28 took 0 minutes
channel: 29 took 0 minutes
channel: 30 took 0 minutes
channel: 31 took 0 minutes
channel: 32 took 0 minutes
channel: 33 took 0 minutes
channel: 34 took 0 minutes
channel: 35 took 0 minutes
channel: 36 took 0 minutes
channel: 37 took 0 minutes
channel: 38 took 0 minutes
channel: 39 took 0 minutes
channel: 40 took 0 minutes
channel: 41 took 0 minutes
channel: 42 took 0 minutes
channel: 43 took 0 minutes
channel: 44 took 0 minutes
channel: 45 took 0 minutes
channel: 46 took 0 minutes
channel: 47 took 0 minutes
channel: 48 took 0 minutes
channel: 49 took 0 minutes
channel: 50 took 0 minutes
channel: 51 took 0 minutes
channel: 52 took 0 minutes
channel: 53 took 0 minutes
channel: 54 took 0 minutes
channel: 55 took 0 minutes
channel: 56 took 0 minutes
channel: 57 took 0 minutes
channel: 58 took 0 minutes
channel: 59 took 0 minutes
channel: 60 took 0 minutes
channel: 61 took 0 minutes
channel: 62 took 0 minutes
channel: 63 took 0 minutes
channel: 64 took 0 minutes
channel: 65 took 0 minutes
channel: 66 took 0 minutes
channel: 67 took 0 minutes
channel: 68 took 0 minutes
channel: 69 took 0 minutes
channel: 70 took 0 minutes
channel: 71 took 0 minutes
channel: 72 took 0 minutes
channel: 73 took 0 minutes
channel: 74 took 0 minutes
channel: 75 took 0 minutes
channel: 76 took 0 minutes
channel: 77 took 0 minutes
channel: 78 took 0 minutes
channel: 79 took 0 minutes
channel: 80 took 0 minutes
channel: 81 took 0 minutes
channel: 82 took 0 minutes
channel: 83 took 0 minutes
channel: 84 took 0 minutes
channel: 85 took 0 minutes
channel: 86 took 0 minutes
channel: 87 took 0 minutes
channel: 88 took 0 minutes
channel: 89 took 3.9 minutes
channel: 90 took 3.8 minutes
channel: 91 took 3.7 minutes
channel: 92 took 3.8 minutes
channel: 93 took 3.8 minutes
channel: 94 took 3.7 minutes
channel: 95 took 3.7 minutes
channel: 96 took 3.8 minutes
channel: 97 took 3.7 minutes
channel: 98 took 3.7 minutes
channel: 99 took 3.8 minutes
channel: 100 took 3.8 minutes
channel: 101 took 3.8 minutes
channel: 102 took 4.3 minutes
channel: 103 took 3.8 minutes
channel: 104 took 4 minutes
channel: 105 took 4.3 minutes
channel: 106 took 4.4 minutes
channel: 107 took 4.4 minutes
channel: 108 took 4.4 minutes
channel: 109 took 4.4 minutes
channel: 110 took 4.4 minutes
channel: 111 took 4.4 minutes
channel: 112 took 4.4 minutes
channel: 113 took 4.4 minutes
channel: 114 took 4.3 minutes
channel: 115 took 4.3 minutes
channel: 116 took 4.1 minutes
attempting saving
save success: /projects/p31578/dtf8829/QuestConnect/CHANDAT/chanDat_SLCH006_088.mat
Elapsed time is 249.202269 seconds.
