getting started: 3541
attempting file: 3541
going for SLCH006 63
data loaded: SLCH006 63
MISMATCH WITH ZACH COORDINATES!!!
HFB already done

chan =

     1

Elapsed time is 243.178809 seconds.

chan =

     2

Elapsed time is 255.877665 seconds.

chan =

     3

Elapsed time is 268.286628 seconds.

chan =

     4

Elapsed time is 267.182602 seconds.

chan =

     5

Elapsed time is 262.740577 seconds.

chan =

     6

Elapsed time is 264.691275 seconds.

chan =

     7

Elapsed time is 284.926718 seconds.

chan =

     8

Elapsed time is 285.877778 seconds.

chan =

     9

Elapsed time is 285.986363 seconds.

chan =

    10

Elapsed time is 283.381344 seconds.

chan =

    11

Elapsed time is 286.712995 seconds.

chan =

    12

Elapsed time is 284.145749 seconds.

chan =

    13

Elapsed time is 285.305910 seconds.

chan =

    14

Elapsed time is 283.725882 seconds.

chan =

    15

Elapsed time is 286.725013 seconds.

chan =

    16

Elapsed time is 285.278170 seconds.

chan =

    17

Elapsed time is 287.889829 seconds.

chan =

    18

Elapsed time is 287.121020 seconds.

chan =

    19

Elapsed time is 285.896506 seconds.

chan =

    20

Elapsed time is 285.652294 seconds.

chan =

    21

Elapsed time is 285.099346 seconds.

chan =

    22

Elapsed time is 281.589834 seconds.

chan =

    23

Elapsed time is 279.708415 seconds.

chan =

    24

Elapsed time is 283.285750 seconds.

chan =

    25

Elapsed time is 280.310142 seconds.

chan =

    26

Elapsed time is 268.299900 seconds.

chan =

    27

Elapsed time is 276.206912 seconds.

chan =

    28

Elapsed time is 263.949596 seconds.

chan =

    29

Elapsed time is 277.358554 seconds.

chan =

    30

Elapsed time is 264.831486 seconds.

chan =

    31

Elapsed time is 273.193380 seconds.

chan =

    32

Elapsed time is 260.757029 seconds.

chan =

    33

Elapsed time is 262.183416 seconds.

chan =

    34

Elapsed time is 259.156756 seconds.

chan =

    35

Elapsed time is 280.632205 seconds.

chan =

    36

Elapsed time is 278.285974 seconds.

chan =

    37

Elapsed time is 267.288977 seconds.

chan =

    38

Elapsed time is 273.545201 seconds.

chan =

    39

Elapsed time is 283.147827 seconds.

chan =

    40

Elapsed time is 272.510512 seconds.

chan =

    41

Elapsed time is 282.268339 seconds.

chan =

    42

Elapsed time is 278.371419 seconds.

chan =

    43

Elapsed time is 281.968842 seconds.

chan =

    44

Elapsed time is 279.307463 seconds.

chan =

    45

Elapsed time is 270.203755 seconds.

chan =

    46

Elapsed time is 270.257101 seconds.

chan =

    47

Elapsed time is 279.705385 seconds.

chan =

    48

Elapsed time is 326.740258 seconds.

chan =

    49

Elapsed time is 343.373184 seconds.

chan =

    50

Elapsed time is 339.165961 seconds.

chan =

    51

Elapsed time is 342.984364 seconds.

chan =

    52

Elapsed time is 338.847598 seconds.

chan =

    53

Elapsed time is 339.232612 seconds.

chan =

    54

Elapsed time is 338.117519 seconds.

chan =

    55

Elapsed time is 340.536762 seconds.

chan =

    56

Elapsed time is 338.988201 seconds.

chan =

    57

Elapsed time is 341.222225 seconds.

chan =

    58

Elapsed time is 333.102130 seconds.

chan =

    59

Elapsed time is 340.197747 seconds.

chan =

    60

Elapsed time is 340.414846 seconds.

chan =

    61

Elapsed time is 340.130474 seconds.

chan =

    62

Elapsed time is 335.614148 seconds.

chan =

    63

Elapsed time is 334.706275 seconds.

chan =

    64

Elapsed time is 334.559926 seconds.

chan =

    65

Elapsed time is 334.409392 seconds.

chan =

    66

Elapsed time is 335.803575 seconds.

chan =

    67

Elapsed time is 332.148880 seconds.

chan =

    68

Elapsed time is 335.068857 seconds.

chan =

    69

Elapsed time is 342.599568 seconds.

chan =

    70

Elapsed time is 338.928285 seconds.

chan =

    71

Elapsed time is 337.638732 seconds.

chan =

    72

Elapsed time is 333.799468 seconds.

chan =

    73

Elapsed time is 335.431950 seconds.

chan =

    74

Elapsed time is 338.623146 seconds.

chan =

    75

Elapsed time is 337.534952 seconds.

chan =

    76

Elapsed time is 341.653529 seconds.

chan =

    77

Elapsed time is 332.598151 seconds.

chan =

    78

Elapsed time is 336.400289 seconds.

chan =

    79

Elapsed time is 335.459331 seconds.

chan =

    80

Elapsed time is 338.084647 seconds.

chan =

    81

Elapsed time is 336.606342 seconds.

chan =

    82

Elapsed time is 338.779867 seconds.

chan =

    83

Elapsed time is 338.428909 seconds.

chan =

    84

Elapsed time is 337.267981 seconds.

chan =

    85

Elapsed time is 339.768148 seconds.

chan =

    86

Elapsed time is 336.076182 seconds.

chan =

    87

Elapsed time is 342.864785 seconds.

chan =

    88

Elapsed time is 337.600891 seconds.

chan =

    89

Elapsed time is 341.841890 seconds.

chan =

    90

Elapsed time is 331.062034 seconds.

chan =

    91

Elapsed time is 327.684903 seconds.

chan =

    92

Elapsed time is 316.008567 seconds.

chan =

    93

Elapsed time is 319.643957 seconds.

chan =

    94

Elapsed time is 317.814537 seconds.

chan =

    95

Elapsed time is 318.861868 seconds.

chan =

    96

Elapsed time is 316.828808 seconds.

chan =

    97

Elapsed time is 316.504811 seconds.

chan =

    98

Elapsed time is 316.281784 seconds.

chan =

    99

Elapsed time is 319.460731 seconds.

chan =

   100

Elapsed time is 310.798050 seconds.

chan =

   101

Elapsed time is 316.911813 seconds.

chan =

   102

Elapsed time is 317.848789 seconds.

chan =

   103

Elapsed time is 318.802338 seconds.

chan =

   104

Elapsed time is 316.549147 seconds.

chan =

   105

Elapsed time is 310.345810 seconds.

chan =

   106

Elapsed time is 327.418771 seconds.

chan =

   107

Elapsed time is 326.099129 seconds.

chan =

   108

Elapsed time is 323.077038 seconds.

chan =

   109

Elapsed time is 320.075749 seconds.

chan =

   110

Elapsed time is 322.262586 seconds.

chan =

   111

Elapsed time is 321.237283 seconds.

chan =

   112

Elapsed time is 322.515725 seconds.

chan =

   113

Elapsed time is 322.765179 seconds.

chan =

   114

Elapsed time is 321.709823 seconds.

chan =

   115

Elapsed time is 321.014484 seconds.

chan =

   116

Elapsed time is 298.624437 seconds.
attempting saving
save success: /projects/p31578/dtf8829/QuestConnect/CHANDAT/chanDat_SLCH006_063.mat
working on TF
encoding done
encoding RT done
retrieval 1 done
retrieval 2 done
attempting saving
save success: /projects/p31578/dtf8829/QuestConnect/CHANDAT/chanDat_SLCH006_063.mat
working on ISPC
channel: 1 took 0 minutes
channel: 2 took 0 minutes
channel: 3 took 0 minutes
channel: 4 took 0 minutes
channel: 5 took 0 minutes
channel: 6 took 0 minutes
channel: 7 took 0 minutes
channel: 8 took 0 minutes
channel: 9 took 0 minutes
channel: 10 took 0 minutes
channel: 11 took 0 minutes
channel: 12 took 0 minutes
channel: 13 took 0 minutes
channel: 14 took 0 minutes
channel: 15 took 0 minutes
channel: 16 took 0 minutes
channel: 17 took 0 minutes
channel: 18 took 0 minutes
channel: 19 took 0 minutes
channel: 20 took 0 minutes
channel: 21 took 0 minutes
channel: 22 took 0 minutes
channel: 23 took 0 minutes
channel: 24 took 0 minutes
channel: 25 took 0 minutes
channel: 26 took 0 minutes
channel: 27 took 0 minutes
channel: 28 took 0 minutes
channel: 29 took 0 minutes
channel: 30 took 0 minutes
channel: 31 took 0 minutes
channel: 32 took 0 minutes
channel: 33 took 0 minutes
channel: 34 took 0 minutes
channel: 35 took 0 minutes
channel: 36 took 0 minutes
channel: 37 took 0 minutes
channel: 38 took 0 minutes
channel: 39 took 0 minutes
channel: 40 took 0 minutes
channel: 41 took 0 minutes
channel: 42 took 0 minutes
channel: 43 took 0 minutes
channel: 44 took 0 minutes
channel: 45 took 0 minutes
channel: 46 took 0 minutes
channel: 47 took 0 minutes
channel: 48 took 0 minutes
channel: 49 took 0 minutes
channel: 50 took 0 minutes
channel: 51 took 0 minutes
channel: 52 took 0 minutes
channel: 53 took 0 minutes
channel: 54 took 0 minutes
channel: 55 took 0 minutes
channel: 56 took 0 minutes
channel: 57 took 0 minutes
channel: 58 took 0 minutes
channel: 59 took 0 minutes
channel: 60 took 0 minutes
channel: 61 took 0 minutes
channel: 62 took 0 minutes
channel: 63 took 0 minutes
channel: 64 took 4.9 minutes
channel: 65 took 4.9 minutes
channel: 66 took 4.9 minutes
channel: 67 took 4.9 minutes
channel: 68 took 4.9 minutes
channel: 69 took 4.9 minutes
channel: 70 took 4.9 minutes
channel: 71 took 5 minutes
channel: 72 took 5 minutes
channel: 73 took 5 minutes
channel: 74 took 5 minutes
channel: 75 took 5 minutes
channel: 76 took 5 minutes
channel: 77 took 5 minutes
channel: 78 took 5 minutes
channel: 79 took 5 minutes
channel: 80 took 5 minutes
channel: 81 took 5 minutes
channel: 82 took 5 minutes
channel: 83 took 5 minutes
channel: 84 took 5 minutes
channel: 85 took 5 minutes
channel: 86 took 5 minutes
channel: 87 took 5 minutes
channel: 88 took 5 minutes
channel: 89 took 5 minutes
channel: 90 took 5 minutes
channel: 91 took 5 minutes
channel: 92 took 5 minutes
channel: 93 took 5 minutes
channel: 94 took 5 minutes
channel: 95 took 5 minutes
channel: 96 took 5 minutes
channel: 97 took 5 minutes
channel: 98 took 5 minutes
channel: 99 took 5 minutes
channel: 100 took 5 minutes
channel: 101 took 5 minutes
channel: 102 took 5 minutes
channel: 103 took 5 minutes
channel: 104 took 5 minutes
channel: 105 took 5 minutes
channel: 106 took 5 minutes
channel: 107 took 5 minutes
channel: 108 took 5 minutes
channel: 109 took 5 minutes
channel: 110 took 4.9 minutes
channel: 111 took 5 minutes
channel: 112 took 5 minutes
channel: 113 took 5 minutes
channel: 114 took 4.9 minutes
channel: 115 took 5 minutes
channel: 116 took 4.9 minutes
attempting saving
save success: /projects/p31578/dtf8829/QuestConnect/CHANDAT/chanDat_SLCH006_063.mat
Elapsed time is 298.850755 seconds.
