getting started: 3542
attempting file: 3542
going for SLCH006 64
data loaded: SLCH006 64
MISMATCH WITH ZACH COORDINATES!!!
HFB already done

chan =

     1

Elapsed time is 242.486469 seconds.

chan =

     2

Elapsed time is 255.459554 seconds.

chan =

     3

Elapsed time is 266.922805 seconds.

chan =

     4

Elapsed time is 266.087490 seconds.

chan =

     5

Elapsed time is 262.885216 seconds.

chan =

     6

Elapsed time is 264.326617 seconds.

chan =

     7

Elapsed time is 284.151834 seconds.

chan =

     8

Elapsed time is 285.806701 seconds.

chan =

     9

Elapsed time is 284.145392 seconds.

chan =

    10

Elapsed time is 283.680967 seconds.

chan =

    11

Elapsed time is 285.404043 seconds.

chan =

    12

Elapsed time is 283.530014 seconds.

chan =

    13

Elapsed time is 284.223642 seconds.

chan =

    14

Elapsed time is 283.636857 seconds.

chan =

    15

Elapsed time is 285.632923 seconds.

chan =

    16

Elapsed time is 284.214877 seconds.

chan =

    17

Elapsed time is 285.659873 seconds.

chan =

    18

Elapsed time is 286.152177 seconds.

chan =

    19

Elapsed time is 284.219941 seconds.

chan =

    20

Elapsed time is 286.149107 seconds.

chan =

    21

Elapsed time is 283.591656 seconds.

chan =

    22

Elapsed time is 280.915363 seconds.

chan =

    23

Elapsed time is 279.743219 seconds.

chan =

    24

Elapsed time is 282.276209 seconds.

chan =

    25

Elapsed time is 281.835346 seconds.

chan =

    26

Elapsed time is 265.695346 seconds.

chan =

    27

Elapsed time is 277.484713 seconds.

chan =

    28

Elapsed time is 262.302990 seconds.

chan =

    29

Elapsed time is 275.854704 seconds.

chan =

    30

Elapsed time is 264.945800 seconds.

chan =

    31

Elapsed time is 271.823980 seconds.

chan =

    32

Elapsed time is 260.690037 seconds.

chan =

    33

Elapsed time is 259.064762 seconds.

chan =

    34

Elapsed time is 259.375478 seconds.

chan =

    35

Elapsed time is 277.546548 seconds.

chan =

    36

Elapsed time is 275.503454 seconds.

chan =

    37

Elapsed time is 268.890911 seconds.

chan =

    38

Elapsed time is 270.649871 seconds.

chan =

    39

Elapsed time is 281.767529 seconds.

chan =

    40

Elapsed time is 272.862647 seconds.

chan =

    41

Elapsed time is 279.037963 seconds.

chan =

    42

Elapsed time is 277.157805 seconds.

chan =

    43

Elapsed time is 281.536498 seconds.

chan =

    44

Elapsed time is 277.681245 seconds.

chan =

    45

Elapsed time is 271.587541 seconds.

chan =

    46

Elapsed time is 269.549386 seconds.

chan =

    47

Elapsed time is 270.474780 seconds.

chan =

    48

Elapsed time is 324.874246 seconds.

chan =

    49

Elapsed time is 345.330428 seconds.

chan =

    50

Elapsed time is 338.089073 seconds.

chan =

    51

Elapsed time is 342.178265 seconds.

chan =

    52

Elapsed time is 335.047670 seconds.

chan =

    53

Elapsed time is 338.485899 seconds.

chan =

    54

Elapsed time is 339.055057 seconds.

chan =

    55

Elapsed time is 341.299905 seconds.

chan =

    56

Elapsed time is 335.676703 seconds.

chan =

    57

Elapsed time is 341.358730 seconds.

chan =

    58

Elapsed time is 330.595807 seconds.

chan =

    59

Elapsed time is 340.591581 seconds.

chan =

    60

Elapsed time is 339.245844 seconds.

chan =

    61

Elapsed time is 339.271343 seconds.

chan =

    62

Elapsed time is 335.964851 seconds.

chan =

    63

Elapsed time is 334.161095 seconds.

chan =

    64

Elapsed time is 335.807489 seconds.

chan =

    65

Elapsed time is 338.500780 seconds.

chan =

    66

Elapsed time is 339.618022 seconds.

chan =

    67

Elapsed time is 337.365694 seconds.

chan =

    68

Elapsed time is 337.819200 seconds.

chan =

    69

Elapsed time is 337.850011 seconds.

chan =

    70

Elapsed time is 339.541040 seconds.

chan =

    71

Elapsed time is 341.971520 seconds.

chan =

    72

Elapsed time is 336.443339 seconds.

chan =

    73

Elapsed time is 340.131147 seconds.

chan =

    74

Elapsed time is 338.948908 seconds.

chan =

    75

Elapsed time is 336.760409 seconds.

chan =

    76

Elapsed time is 341.420855 seconds.

chan =

    77

Elapsed time is 337.501708 seconds.

chan =

    78

Elapsed time is 336.591132 seconds.

chan =

    79

Elapsed time is 338.930104 seconds.

chan =

    80

Elapsed time is 340.225116 seconds.

chan =

    81

Elapsed time is 337.861535 seconds.

chan =

    82

Elapsed time is 341.701098 seconds.

chan =

    83

Elapsed time is 340.730496 seconds.

chan =

    84

Elapsed time is 338.553457 seconds.

chan =

    85

Elapsed time is 342.557060 seconds.

chan =

    86

Elapsed time is 337.111660 seconds.

chan =

    87

Elapsed time is 341.342460 seconds.

chan =

    88

Elapsed time is 339.971366 seconds.

chan =

    89

Elapsed time is 344.690293 seconds.

chan =

    90

Elapsed time is 334.062884 seconds.

chan =

    91

Elapsed time is 328.740160 seconds.

chan =

    92

Elapsed time is 319.081950 seconds.

chan =

    93

Elapsed time is 321.971069 seconds.

chan =

    94

Elapsed time is 319.498085 seconds.

chan =

    95

Elapsed time is 320.395466 seconds.

chan =

    96

Elapsed time is 319.773672 seconds.

chan =

    97

Elapsed time is 320.274671 seconds.

chan =

    98

Elapsed time is 318.504934 seconds.

chan =

    99

Elapsed time is 320.756204 seconds.

chan =

   100

Elapsed time is 313.700593 seconds.

chan =

   101

Elapsed time is 318.695847 seconds.

chan =

   102

Elapsed time is 319.627288 seconds.

chan =

   103

Elapsed time is 320.667347 seconds.

chan =

   104

Elapsed time is 320.566053 seconds.

chan =

   105

Elapsed time is 313.145988 seconds.

chan =

   106

Elapsed time is 330.290339 seconds.

chan =

   107

Elapsed time is 330.755027 seconds.

chan =

   108

Elapsed time is 323.707961 seconds.

chan =

   109

Elapsed time is 323.054535 seconds.

chan =

   110

Elapsed time is 324.614243 seconds.

chan =

   111

Elapsed time is 322.022038 seconds.

chan =

   112

Elapsed time is 325.201920 seconds.

chan =

   113

Elapsed time is 324.620124 seconds.

chan =

   114

Elapsed time is 323.235251 seconds.

chan =

   115

Elapsed time is 320.286982 seconds.

chan =

   116

Elapsed time is 295.741116 seconds.
attempting saving
save success: /projects/p31578/dtf8829/QuestConnect/CHANDAT/chanDat_SLCH006_064.mat
working on TF
encoding done
encoding RT done
retrieval 1 done
retrieval 2 done
attempting saving
save success: /projects/p31578/dtf8829/QuestConnect/CHANDAT/chanDat_SLCH006_064.mat
working on ISPC
channel: 1 took 0 minutes
channel: 2 took 0 minutes
channel: 3 took 0 minutes
channel: 4 took 0 minutes
channel: 5 took 0 minutes
channel: 6 took 0 minutes
channel: 7 took 0 minutes
channel: 8 took 0 minutes
channel: 9 took 0 minutes
channel: 10 took 0 minutes
channel: 11 took 0 minutes
channel: 12 took 0 minutes
channel: 13 took 0 minutes
channel: 14 took 0 minutes
channel: 15 took 0 minutes
channel: 16 took 0 minutes
channel: 17 took 0 minutes
channel: 18 took 0 minutes
channel: 19 took 0 minutes
channel: 20 took 0 minutes
channel: 21 took 0 minutes
channel: 22 took 0 minutes
channel: 23 took 0 minutes
channel: 24 took 0 minutes
channel: 25 took 0 minutes
channel: 26 took 0 minutes
channel: 27 took 0 minutes
channel: 28 took 0 minutes
channel: 29 took 0 minutes
channel: 30 took 0 minutes
channel: 31 took 0 minutes
channel: 32 took 0 minutes
channel: 33 took 0 minutes
channel: 34 took 0 minutes
channel: 35 took 0 minutes
channel: 36 took 0 minutes
channel: 37 took 0 minutes
channel: 38 took 0 minutes
channel: 39 took 0 minutes
channel: 40 took 0 minutes
channel: 41 took 0 minutes
channel: 42 took 0 minutes
channel: 43 took 0 minutes
channel: 44 took 0 minutes
channel: 45 took 0 minutes
channel: 46 took 0 minutes
channel: 47 took 0 minutes
channel: 48 took 0 minutes
channel: 49 took 0 minutes
channel: 50 took 0 minutes
channel: 51 took 0 minutes
channel: 52 took 0 minutes
channel: 53 took 0 minutes
channel: 54 took 0 minutes
channel: 55 took 0 minutes
channel: 56 took 0 minutes
channel: 57 took 0 minutes
channel: 58 took 0 minutes
channel: 59 took 0 minutes
channel: 60 took 0 minutes
channel: 61 took 0 minutes
channel: 62 took 0 minutes
channel: 63 took 0 minutes
channel: 64 took 0 minutes
channel: 65 took 4.9 minutes
channel: 66 took 4.9 minutes
channel: 67 took 4.9 minutes
channel: 68 took 4.9 minutes
channel: 69 took 4.9 minutes
channel: 70 took 4.9 minutes
channel: 71 took 4.9 minutes
channel: 72 took 5 minutes
channel: 73 took 5 minutes
channel: 74 took 5 minutes
channel: 75 took 5 minutes
channel: 76 took 5 minutes
channel: 77 took 5 minutes
channel: 78 took 5 minutes
channel: 79 took 5 minutes
channel: 80 took 5 minutes
channel: 81 took 5 minutes
channel: 82 took 5 minutes
channel: 83 took 5 minutes
channel: 84 took 5 minutes
channel: 85 took 5 minutes
channel: 86 took 5 minutes
channel: 87 took 5 minutes
channel: 88 took 5 minutes
channel: 89 took 5 minutes
channel: 90 took 5 minutes
channel: 91 took 5 minutes
channel: 92 took 5 minutes
channel: 93 took 5 minutes
channel: 94 took 5 minutes
channel: 95 took 5 minutes
channel: 96 took 5 minutes
channel: 97 took 5 minutes
channel: 98 took 5 minutes
channel: 99 took 5 minutes
channel: 100 took 5 minutes
channel: 101 took 5 minutes
channel: 102 took 5 minutes
channel: 103 took 4.9 minutes
channel: 104 took 5 minutes
channel: 105 took 4.9 minutes
channel: 106 took 5 minutes
channel: 107 took 4.9 minutes
channel: 108 took 5 minutes
channel: 109 took 4.9 minutes
channel: 110 took 5 minutes
channel: 111 took 4.9 minutes
channel: 112 took 5 minutes
channel: 113 took 4.9 minutes
channel: 114 took 4.9 minutes
channel: 115 took 4.9 minutes
channel: 116 took 5 minutes
attempting saving
save success: /projects/p31578/dtf8829/QuestConnect/CHANDAT/chanDat_SLCH006_064.mat
Elapsed time is 305.220838 seconds.
