getting started: 3269
attempting file: 3269
going for SD5 18
data loaded: SD5 18
HFB already done

chan =

     1

Elapsed time is 272.594676 seconds.

chan =

     2

Elapsed time is 264.994093 seconds.

chan =

     3

Elapsed time is 273.336856 seconds.

chan =

     4

Elapsed time is 286.417944 seconds.

chan =

     5

Elapsed time is 289.048680 seconds.

chan =

     6

Elapsed time is 289.152935 seconds.

chan =

     7

Elapsed time is 288.473056 seconds.

chan =

     8

Elapsed time is 288.940807 seconds.

chan =

     9

Elapsed time is 285.467581 seconds.

chan =

    10

Elapsed time is 286.500353 seconds.

chan =

    11

Elapsed time is 285.197523 seconds.

chan =

    12

Elapsed time is 284.380623 seconds.

chan =

    13

Elapsed time is 287.515957 seconds.

chan =

    14

Elapsed time is 284.870968 seconds.

chan =

    15

Elapsed time is 286.464570 seconds.

chan =

    16

Elapsed time is 285.881274 seconds.

chan =

    17

Elapsed time is 286.693956 seconds.

chan =

    18

Elapsed time is 286.131984 seconds.

chan =

    19

Elapsed time is 285.818982 seconds.

chan =

    20

Elapsed time is 285.211013 seconds.

chan =

    21

Elapsed time is 283.374713 seconds.

chan =

    22

Elapsed time is 286.083021 seconds.

chan =

    23

Elapsed time is 285.719501 seconds.

chan =

    24

Elapsed time is 283.911590 seconds.

chan =

    25

Elapsed time is 281.581201 seconds.

chan =

    26

Elapsed time is 282.656451 seconds.

chan =

    27

Elapsed time is 280.777271 seconds.

chan =

    28

Elapsed time is 282.705900 seconds.

chan =

    29

Elapsed time is 279.042451 seconds.

chan =

    30

Elapsed time is 284.314008 seconds.

chan =

    31

Elapsed time is 281.170692 seconds.

chan =

    32

Elapsed time is 282.038314 seconds.

chan =

    33

Elapsed time is 282.202894 seconds.

chan =

    34

Elapsed time is 282.582595 seconds.

chan =

    35

Elapsed time is 283.463465 seconds.

chan =

    36

Elapsed time is 282.575911 seconds.

chan =

    37

Elapsed time is 282.890847 seconds.

chan =

    38

Elapsed time is 284.243183 seconds.

chan =

    39

Elapsed time is 285.724440 seconds.

chan =

    40

Elapsed time is 287.746435 seconds.

chan =

    41

Elapsed time is 285.146945 seconds.

chan =

    42

Elapsed time is 285.554996 seconds.

chan =

    43

Elapsed time is 282.073764 seconds.

chan =

    44

Elapsed time is 285.870703 seconds.

chan =

    45

Elapsed time is 287.347643 seconds.

chan =

    46

Elapsed time is 287.181726 seconds.

chan =

    47

Elapsed time is 287.351614 seconds.

chan =

    48

Elapsed time is 284.976795 seconds.

chan =

    49

Elapsed time is 284.451258 seconds.

chan =

    50

Elapsed time is 283.639584 seconds.

chan =

    51

Elapsed time is 283.290311 seconds.

chan =

    52

Elapsed time is 280.261891 seconds.

chan =

    53

Elapsed time is 281.186336 seconds.

chan =

    54

Elapsed time is 281.994666 seconds.

chan =

    55

Elapsed time is 280.883286 seconds.

chan =

    56

Elapsed time is 281.875693 seconds.

chan =

    57

Elapsed time is 280.440544 seconds.

chan =

    58

Elapsed time is 281.444093 seconds.

chan =

    59

Elapsed time is 282.895135 seconds.

chan =

    60

Elapsed time is 281.761330 seconds.

chan =

    61

Elapsed time is 279.977287 seconds.

chan =

    62

Elapsed time is 279.929857 seconds.

chan =

    63

Elapsed time is 281.472172 seconds.

chan =

    64

Elapsed time is 281.797183 seconds.

chan =

    65

Elapsed time is 280.332859 seconds.

chan =

    66

Elapsed time is 279.789105 seconds.

chan =

    67

Elapsed time is 280.634106 seconds.

chan =

    68

Elapsed time is 282.320998 seconds.

chan =

    69

Elapsed time is 281.005233 seconds.

chan =

    70

Elapsed time is 280.817901 seconds.

chan =

    71

Elapsed time is 280.497277 seconds.

chan =

    72

Elapsed time is 281.058983 seconds.

chan =

    73

Elapsed time is 281.355559 seconds.

chan =

    74

Elapsed time is 281.268861 seconds.

chan =

    75

Elapsed time is 279.587062 seconds.

chan =

    76

Elapsed time is 280.232627 seconds.

chan =

    77

Elapsed time is 280.075545 seconds.

chan =

    78

Elapsed time is 280.834572 seconds.

chan =

    79

Elapsed time is 279.936207 seconds.

chan =

    80

Elapsed time is 279.002748 seconds.

chan =

    81

Elapsed time is 280.859246 seconds.

chan =

    82

Elapsed time is 281.737709 seconds.

chan =

    83

Elapsed time is 279.607402 seconds.

chan =

    84

Elapsed time is 274.701008 seconds.

chan =

    85

Elapsed time is 275.156035 seconds.

chan =

    86

Elapsed time is 274.101915 seconds.

chan =

    87

Elapsed time is 274.682480 seconds.

chan =

    88

Elapsed time is 274.683572 seconds.

chan =

    89

Elapsed time is 272.195956 seconds.

chan =

    90

Elapsed time is 274.945068 seconds.

chan =

    91

Elapsed time is 274.237009 seconds.

chan =

    92

Elapsed time is 274.748533 seconds.

chan =

    93

Elapsed time is 273.000679 seconds.

chan =

    94

Elapsed time is 273.931655 seconds.

chan =

    95

Elapsed time is 275.682460 seconds.

chan =

    96

Elapsed time is 272.038816 seconds.

chan =

    97

Elapsed time is 274.306381 seconds.

chan =

    98

Elapsed time is 268.072361 seconds.

chan =

    99

Elapsed time is 275.712775 seconds.

chan =

   100

Elapsed time is 274.189391 seconds.

chan =

   101

Elapsed time is 274.075012 seconds.

chan =

   102

Elapsed time is 276.116505 seconds.

chan =

   103

Elapsed time is 269.537471 seconds.

chan =

   104

Elapsed time is 274.934264 seconds.

chan =

   105

Elapsed time is 274.530044 seconds.

chan =

   106

Elapsed time is 274.606587 seconds.

chan =

   107

Elapsed time is 271.135222 seconds.

chan =

   108

Elapsed time is 270.168441 seconds.

chan =

   109

Elapsed time is 274.379133 seconds.

chan =

   110

Elapsed time is 273.793117 seconds.
attempting saving
save success: /projects/p31578/dtf8829/QuestConnect/CHANDAT/chanDat_SD5_018.mat
working on TF
encoding done
encoding RT done
retrieval 1 done
retrieval 2 done
attempting saving
save success: /projects/p31578/dtf8829/QuestConnect/CHANDAT/chanDat_SD5_018.mat
working on ISPC
channel: 1 took 0 minutes
channel: 2 took 0 minutes
channel: 3 took 0 minutes
channel: 4 took 0 minutes
channel: 5 took 0 minutes
channel: 6 took 0 minutes
channel: 7 took 0 minutes
channel: 8 took 0 minutes
channel: 9 took 0 minutes
channel: 10 took 0 minutes
channel: 11 took 0 minutes
channel: 12 took 0 minutes
channel: 13 took 0 minutes
channel: 14 took 0 minutes
channel: 15 took 0 minutes
channel: 16 took 0 minutes
channel: 17 took 0 minutes
channel: 18 took 0 minutes
channel: 19 took 4.5 minutes
channel: 20 took 4.3 minutes
channel: 21 took 4.4 minutes
channel: 22 took 4.3 minutes
channel: 23 took 4.3 minutes
channel: 24 took 4.4 minutes
channel: 25 took 4.2 minutes
channel: 26 took 4.3 minutes
channel: 27 took 4.3 minutes
channel: 28 took 4.3 minutes
channel: 29 took 4.4 minutes
channel: 30 took 4.3 minutes
channel: 31 took 4.3 minutes
channel: 32 took 4.3 minutes
channel: 33 took 4.3 minutes
channel: 34 took 4.3 minutes
channel: 35 took 4.2 minutes
channel: 36 took 4.3 minutes
channel: 37 took 4.2 minutes
channel: 38 took 4.3 minutes
channel: 39 took 4.3 minutes
channel: 40 took 4.3 minutes
channel: 41 took 4.3 minutes
channel: 42 took 4.2 minutes
channel: 43 took 4.3 minutes
channel: 44 took 4.2 minutes
channel: 45 took 4.3 minutes
channel: 46 took 4.3 minutes
channel: 47 took 4.2 minutes
channel: 48 took 4.3 minutes
channel: 49 took 4.2 minutes
channel: 50 took 4.3 minutes
channel: 51 took 4.3 minutes
channel: 52 took 4.3 minutes
channel: 53 took 4.2 minutes
channel: 54 took 4.3 minutes
channel: 55 took 4.3 minutes
channel: 56 took 4.2 minutes
channel: 57 took 4.3 minutes
channel: 58 took 4.2 minutes
channel: 59 took 4.3 minutes
channel: 60 took 4.3 minutes
channel: 61 took 4.2 minutes
channel: 62 took 4.3 minutes
channel: 63 took 4.3 minutes
channel: 64 took 4.4 minutes
channel: 65 took 4.2 minutes
channel: 66 took 4.3 minutes
channel: 67 took 4.3 minutes
channel: 68 took 4.3 minutes
channel: 69 took 4.3 minutes
channel: 70 took 4.2 minutes
channel: 71 took 4.3 minutes
channel: 72 took 4.2 minutes
channel: 73 took 4.4 minutes
channel: 74 took 4.3 minutes
channel: 75 took 4.3 minutes
channel: 76 took 4.3 minutes
channel: 77 took 4.2 minutes
channel: 78 took 4.3 minutes
channel: 79 took 4.3 minutes
channel: 80 took 4.3 minutes
channel: 81 took 4.4 minutes
channel: 82 took 4.3 minutes
channel: 83 took 4.4 minutes
channel: 84 took 4.2 minutes
channel: 85 took 4.3 minutes
channel: 86 took 4.3 minutes
channel: 87 took 4.2 minutes
channel: 88 took 4.2 minutes
channel: 89 took 4.1 minutes
channel: 90 took 3.9 minutes
channel: 91 took 3.8 minutes
channel: 92 took 3.7 minutes
channel: 93 took 3.7 minutes
channel: 94 took 3.7 minutes
channel: 95 took 3.7 minutes
channel: 96 took 3.7 minutes
channel: 97 took 3.7 minutes
channel: 98 took 3.7 minutes
channel: 99 took 3.7 minutes
channel: 100 took 3.7 minutes
channel: 101 took 3.7 minutes
channel: 102 took 3.7 minutes
channel: 103 took 3.7 minutes
channel: 104 took 3.7 minutes
channel: 105 took 3.7 minutes
channel: 106 took 3.7 minutes
channel: 107 took 3.7 minutes
channel: 108 took 3.7 minutes
channel: 109 took 3.7 minutes
channel: 110 took 3.7 minutes
attempting saving
save success: /projects/p31578/dtf8829/QuestConnect/CHANDAT/chanDat_SD5_018.mat
Elapsed time is 228.667673 seconds.
