getting started: 3557
attempting file: 3557
going for SLCH006 79
data loaded: SLCH006 79
MISMATCH WITH ZACH COORDINATES!!!
HFB already done

chan =

     1

Elapsed time is 197.357552 seconds.

chan =

     2

Elapsed time is 194.534172 seconds.

chan =

     3

Elapsed time is 199.374247 seconds.

chan =

     4

Elapsed time is 198.995108 seconds.

chan =

     5

Elapsed time is 199.548570 seconds.

chan =

     6

Elapsed time is 197.072060 seconds.

chan =

     7

Elapsed time is 197.796701 seconds.

chan =

     8

Elapsed time is 191.538491 seconds.

chan =

     9

Elapsed time is 192.269546 seconds.

chan =

    10

Elapsed time is 196.039740 seconds.

chan =

    11

Elapsed time is 194.727123 seconds.

chan =

    12

Elapsed time is 193.672365 seconds.

chan =

    13

Elapsed time is 193.052165 seconds.

chan =

    14

Elapsed time is 192.221469 seconds.

chan =

    15

Elapsed time is 194.018405 seconds.

chan =

    16

Elapsed time is 191.238865 seconds.

chan =

    17

Elapsed time is 193.729808 seconds.

chan =

    18

Elapsed time is 192.231552 seconds.

chan =

    19

Elapsed time is 191.044105 seconds.

chan =

    20

Elapsed time is 188.712865 seconds.

chan =

    21

Elapsed time is 190.374987 seconds.

chan =

    22

Elapsed time is 189.777847 seconds.

chan =

    23

Elapsed time is 186.733151 seconds.

chan =

    24

Elapsed time is 190.192535 seconds.

chan =

    25

Elapsed time is 191.384763 seconds.

chan =

    26

Elapsed time is 192.368045 seconds.

chan =

    27

Elapsed time is 190.785278 seconds.

chan =

    28

Elapsed time is 191.218186 seconds.

chan =

    29

Elapsed time is 189.785623 seconds.

chan =

    30

Elapsed time is 198.364936 seconds.

chan =

    31

Elapsed time is 218.336583 seconds.

chan =

    32

Elapsed time is 214.130150 seconds.

chan =

    33

Elapsed time is 212.101951 seconds.

chan =

    34

Elapsed time is 215.882473 seconds.

chan =

    35

Elapsed time is 212.832283 seconds.

chan =

    36

Elapsed time is 217.404104 seconds.

chan =

    37

Elapsed time is 211.802389 seconds.

chan =

    38

Elapsed time is 223.784972 seconds.

chan =

    39

Elapsed time is 220.222912 seconds.

chan =

    40

Elapsed time is 214.710942 seconds.

chan =

    41

Elapsed time is 218.568077 seconds.

chan =

    42

Elapsed time is 211.530606 seconds.

chan =

    43

Elapsed time is 213.801490 seconds.

chan =

    44

Elapsed time is 211.695746 seconds.

chan =

    45

Elapsed time is 222.629621 seconds.

chan =

    46

Elapsed time is 219.754822 seconds.

chan =

    47

Elapsed time is 216.471678 seconds.

chan =

    48

Elapsed time is 219.602384 seconds.

chan =

    49

Elapsed time is 217.473845 seconds.

chan =

    50

Elapsed time is 215.783779 seconds.

chan =

    51

Elapsed time is 218.386997 seconds.

chan =

    52

Elapsed time is 220.220884 seconds.

chan =

    53

Elapsed time is 224.511455 seconds.

chan =

    54

Elapsed time is 216.651155 seconds.

chan =

    55

Elapsed time is 214.362880 seconds.

chan =

    56

Elapsed time is 216.108244 seconds.

chan =

    57

Elapsed time is 214.097719 seconds.

chan =

    58

Elapsed time is 212.055112 seconds.

chan =

    59

Elapsed time is 192.023648 seconds.

chan =

    60

Elapsed time is 190.430824 seconds.

chan =

    61

Elapsed time is 189.067378 seconds.

chan =

    62

Elapsed time is 189.238237 seconds.

chan =

    63

Elapsed time is 189.086563 seconds.

chan =

    64

Elapsed time is 191.811479 seconds.

chan =

    65

Elapsed time is 211.762796 seconds.

chan =

    66

Elapsed time is 217.010447 seconds.

chan =

    67

Elapsed time is 220.021006 seconds.

chan =

    68

Elapsed time is 217.504466 seconds.

chan =

    69

Elapsed time is 221.477964 seconds.

chan =

    70

Elapsed time is 219.585123 seconds.

chan =

    71

Elapsed time is 218.712058 seconds.

chan =

    72

Elapsed time is 190.873324 seconds.

chan =

    73

Elapsed time is 190.402476 seconds.

chan =

    74

Elapsed time is 193.670518 seconds.

chan =

    75

Elapsed time is 193.422284 seconds.

chan =

    76

Elapsed time is 196.027422 seconds.

chan =

    77

Elapsed time is 193.286017 seconds.

chan =

    78

Elapsed time is 191.723167 seconds.

chan =

    79

Elapsed time is 193.508144 seconds.

chan =

    80

Elapsed time is 192.861325 seconds.

chan =

    81

Elapsed time is 193.988790 seconds.

chan =

    82

Elapsed time is 193.089296 seconds.

chan =

    83

Elapsed time is 192.464782 seconds.

chan =

    84

Elapsed time is 193.152153 seconds.

chan =

    85

Elapsed time is 192.282663 seconds.

chan =

    86

Elapsed time is 195.422930 seconds.

chan =

    87

Elapsed time is 191.389071 seconds.

chan =

    88

Elapsed time is 191.038279 seconds.

chan =

    89

Elapsed time is 192.724065 seconds.

chan =

    90

Elapsed time is 193.489147 seconds.

chan =

    91

Elapsed time is 195.205000 seconds.

chan =

    92

Elapsed time is 195.131627 seconds.

chan =

    93

Elapsed time is 195.103843 seconds.

chan =

    94

Elapsed time is 194.928023 seconds.

chan =

    95

Elapsed time is 195.667278 seconds.

chan =

    96

Elapsed time is 196.676489 seconds.

chan =

    97

Elapsed time is 193.079709 seconds.

chan =

    98

Elapsed time is 193.504291 seconds.

chan =

    99

Elapsed time is 195.093172 seconds.

chan =

   100

Elapsed time is 197.631428 seconds.

chan =

   101

Elapsed time is 196.814114 seconds.

chan =

   102

Elapsed time is 197.356542 seconds.

chan =

   103

Elapsed time is 196.043249 seconds.

chan =

   104

Elapsed time is 198.845691 seconds.

chan =

   105

Elapsed time is 195.701617 seconds.

chan =

   106

Elapsed time is 197.889550 seconds.

chan =

   107

Elapsed time is 206.401986 seconds.

chan =

   108

Elapsed time is 215.448934 seconds.

chan =

   109

Elapsed time is 214.925879 seconds.

chan =

   110

Elapsed time is 214.388006 seconds.

chan =

   111

Elapsed time is 218.492464 seconds.

chan =

   112

Elapsed time is 208.837389 seconds.

chan =

   113

Elapsed time is 210.473615 seconds.

chan =

   114

Elapsed time is 213.157446 seconds.

chan =

   115

Elapsed time is 213.853768 seconds.

chan =

   116

Elapsed time is 215.041458 seconds.
attempting saving
save success: /projects/p31578/dtf8829/QuestConnect/CHANDAT/chanDat_SLCH006_079.mat
working on TF
encoding done
encoding RT done
retrieval 1 done
retrieval 2 done
attempting saving
save success: /projects/p31578/dtf8829/QuestConnect/CHANDAT/chanDat_SLCH006_079.mat
working on ISPC
channel: 1 took 0 minutes
channel: 2 took 0 minutes
channel: 3 took 0 minutes
channel: 4 took 0 minutes
channel: 5 took 0 minutes
channel: 6 took 0 minutes
channel: 7 took 0 minutes
channel: 8 took 0 minutes
channel: 9 took 0 minutes
channel: 10 took 0 minutes
channel: 11 took 0 minutes
channel: 12 took 0 minutes
channel: 13 took 0 minutes
channel: 14 took 0 minutes
channel: 15 took 0 minutes
channel: 16 took 0 minutes
channel: 17 took 0 minutes
channel: 18 took 0 minutes
channel: 19 took 0 minutes
channel: 20 took 0 minutes
channel: 21 took 0 minutes
channel: 22 took 0 minutes
channel: 23 took 0 minutes
channel: 24 took 0 minutes
channel: 25 took 0 minutes
channel: 26 took 0 minutes
channel: 27 took 0 minutes
channel: 28 took 0 minutes
channel: 29 took 0 minutes
channel: 30 took 0 minutes
channel: 31 took 0 minutes
channel: 32 took 0 minutes
channel: 33 took 0 minutes
channel: 34 took 0 minutes
channel: 35 took 0 minutes
channel: 36 took 0 minutes
channel: 37 took 0 minutes
channel: 38 took 0 minutes
channel: 39 took 0 minutes
channel: 40 took 0 minutes
channel: 41 took 0 minutes
channel: 42 took 0 minutes
channel: 43 took 0 minutes
channel: 44 took 0 minutes
channel: 45 took 0 minutes
channel: 46 took 0 minutes
channel: 47 took 0 minutes
channel: 48 took 0 minutes
channel: 49 took 0 minutes
channel: 50 took 0 minutes
channel: 51 took 0 minutes
channel: 52 took 0 minutes
channel: 53 took 0 minutes
channel: 54 took 0 minutes
channel: 55 took 0 minutes
channel: 56 took 0 minutes
channel: 57 took 0 minutes
channel: 58 took 0 minutes
channel: 59 took 0 minutes
channel: 60 took 0 minutes
channel: 61 took 0 minutes
channel: 62 took 0 minutes
channel: 63 took 0 minutes
channel: 64 took 0 minutes
channel: 65 took 0 minutes
channel: 66 took 0 minutes
channel: 67 took 0 minutes
channel: 68 took 0 minutes
channel: 69 took 0 minutes
channel: 70 took 0 minutes
channel: 71 took 0 minutes
channel: 72 took 0 minutes
channel: 73 took 0 minutes
channel: 74 took 0 minutes
channel: 75 took 0 minutes
channel: 76 took 0 minutes
channel: 77 took 0 minutes
channel: 78 took 0 minutes
channel: 79 took 0 minutes
channel: 80 took 4 minutes
channel: 81 took 3.9 minutes
channel: 82 took 4 minutes
channel: 83 took 4 minutes
channel: 84 took 4 minutes
channel: 85 took 3.9 minutes
channel: 86 took 3.8 minutes
channel: 87 took 4 minutes
channel: 88 took 4 minutes
channel: 89 took 4 minutes
channel: 90 took 3.9 minutes
channel: 91 took 3.8 minutes
channel: 92 took 4 minutes
channel: 93 took 4 minutes
channel: 94 took 4 minutes
channel: 95 took 4 minutes
channel: 96 took 3.8 minutes
channel: 97 took 4 minutes
channel: 98 took 4 minutes
channel: 99 took 4 minutes
channel: 100 took 4 minutes
channel: 101 took 3.7 minutes
channel: 102 took 4 minutes
channel: 103 took 4 minutes
channel: 104 took 4 minutes
channel: 105 took 4 minutes
channel: 106 took 3.7 minutes
channel: 107 took 3.7 minutes
channel: 108 took 4 minutes
channel: 109 took 4 minutes
channel: 110 took 4 minutes
channel: 111 took 4 minutes
channel: 112 took 3.9 minutes
channel: 113 took 4 minutes
channel: 114 took 3.9 minutes
channel: 115 took 4 minutes
channel: 116 took 3.9 minutes
attempting saving
save success: /projects/p31578/dtf8829/QuestConnect/CHANDAT/chanDat_SLCH006_079.mat
Elapsed time is 238.696556 seconds.
