getting started: 3584
attempting file: 3584
going for SLCH006 106
data loaded: SLCH006 106
MISMATCH WITH ZACH COORDINATES!!!
HFB already done

chan =

     1

Elapsed time is 251.258249 seconds.

chan =

     2

Elapsed time is 254.697369 seconds.

chan =

     3

Elapsed time is 253.405813 seconds.

chan =

     4

Elapsed time is 259.311244 seconds.

chan =

     5

Elapsed time is 252.073270 seconds.

chan =

     6

Elapsed time is 257.607921 seconds.

chan =

     7

Elapsed time is 253.266615 seconds.

chan =

     8

Elapsed time is 255.723404 seconds.

chan =

     9

Elapsed time is 251.407634 seconds.

chan =

    10

Elapsed time is 252.847523 seconds.

chan =

    11

Elapsed time is 250.601152 seconds.

chan =

    12

Elapsed time is 254.160491 seconds.

chan =

    13

Elapsed time is 249.060421 seconds.

chan =

    14

Elapsed time is 251.664085 seconds.

chan =

    15

Elapsed time is 253.002644 seconds.

chan =

    16

Elapsed time is 252.860816 seconds.

chan =

    17

Elapsed time is 253.290396 seconds.

chan =

    18

Elapsed time is 252.080401 seconds.

chan =

    19

Elapsed time is 251.740346 seconds.

chan =

    20

Elapsed time is 251.579354 seconds.

chan =

    21

Elapsed time is 255.580849 seconds.

chan =

    22

Elapsed time is 253.243808 seconds.

chan =

    23

Elapsed time is 243.831669 seconds.

chan =

    24

Elapsed time is 256.508618 seconds.

chan =

    25

Elapsed time is 256.236129 seconds.

chan =

    26

Elapsed time is 237.188232 seconds.

chan =

    27

Elapsed time is 221.076455 seconds.

chan =

    28

Elapsed time is 218.059216 seconds.

chan =

    29

Elapsed time is 251.707161 seconds.

chan =

    30

Elapsed time is 260.652969 seconds.

chan =

    31

Elapsed time is 258.437401 seconds.

chan =

    32

Elapsed time is 262.941645 seconds.

chan =

    33

Elapsed time is 260.874869 seconds.

chan =

    34

Elapsed time is 247.703173 seconds.

chan =

    35

Elapsed time is 251.781262 seconds.

chan =

    36

Elapsed time is 265.243030 seconds.

chan =

    37

Elapsed time is 262.716205 seconds.

chan =

    38

Elapsed time is 264.046999 seconds.

chan =

    39

Elapsed time is 254.912127 seconds.

chan =

    40

Elapsed time is 230.005988 seconds.

chan =

    41

Elapsed time is 258.554134 seconds.

chan =

    42

Elapsed time is 245.851532 seconds.

chan =

    43

Elapsed time is 243.725665 seconds.

chan =

    44

Elapsed time is 227.027629 seconds.

chan =

    45

Elapsed time is 241.709997 seconds.

chan =

    46

Elapsed time is 230.686860 seconds.

chan =

    47

Elapsed time is 227.756727 seconds.

chan =

    48

Elapsed time is 232.463690 seconds.

chan =

    49

Elapsed time is 236.694290 seconds.

chan =

    50

Elapsed time is 238.662952 seconds.

chan =

    51

Elapsed time is 241.373780 seconds.

chan =

    52

Elapsed time is 239.268462 seconds.

chan =

    53

Elapsed time is 237.966560 seconds.

chan =

    54

Elapsed time is 239.047503 seconds.

chan =

    55

Elapsed time is 256.539971 seconds.

chan =

    56

Elapsed time is 261.216823 seconds.

chan =

    57

Elapsed time is 256.677118 seconds.

chan =

    58

Elapsed time is 252.252535 seconds.

chan =

    59

Elapsed time is 244.433249 seconds.

chan =

    60

Elapsed time is 225.713946 seconds.

chan =

    61

Elapsed time is 240.743652 seconds.

chan =

    62

Elapsed time is 256.262750 seconds.

chan =

    63

Elapsed time is 255.582692 seconds.

chan =

    64

Elapsed time is 258.045205 seconds.

chan =

    65

Elapsed time is 253.432773 seconds.

chan =

    66

Elapsed time is 228.323295 seconds.

chan =

    67

Elapsed time is 259.588504 seconds.

chan =

    68

Elapsed time is 259.206592 seconds.

chan =

    69

Elapsed time is 260.987826 seconds.

chan =

    70

Elapsed time is 260.900968 seconds.

chan =

    71

Elapsed time is 242.444623 seconds.

chan =

    72

Elapsed time is 217.448955 seconds.

chan =

    73

Elapsed time is 251.321226 seconds.

chan =

    74

Elapsed time is 260.275879 seconds.

chan =

    75

Elapsed time is 256.766194 seconds.

chan =

    76

Elapsed time is 259.482518 seconds.

chan =

    77

Elapsed time is 252.785946 seconds.

chan =

    78

Elapsed time is 239.563154 seconds.

chan =

    79

Elapsed time is 256.592796 seconds.

chan =

    80

Elapsed time is 258.080452 seconds.

chan =

    81

Elapsed time is 261.263582 seconds.

chan =

    82

Elapsed time is 259.934376 seconds.

chan =

    83

Elapsed time is 224.641770 seconds.

chan =

    84

Elapsed time is 216.794041 seconds.

chan =

    85

Elapsed time is 216.256542 seconds.

chan =

    86

Elapsed time is 220.022787 seconds.

chan =

    87

Elapsed time is 220.419795 seconds.

chan =

    88

Elapsed time is 218.836071 seconds.

chan =

    89

Elapsed time is 218.032650 seconds.

chan =

    90

Elapsed time is 216.682775 seconds.

chan =

    91

Elapsed time is 218.543097 seconds.

chan =

    92

Elapsed time is 217.153723 seconds.

chan =

    93

Elapsed time is 215.560793 seconds.

chan =

    94

Elapsed time is 209.846536 seconds.

chan =

    95

Elapsed time is 209.824874 seconds.

chan =

    96

Elapsed time is 211.143537 seconds.

chan =

    97

Elapsed time is 208.836218 seconds.

chan =

    98

Elapsed time is 213.188803 seconds.

chan =

    99

Elapsed time is 211.151073 seconds.

chan =

   100

Elapsed time is 211.146815 seconds.

chan =

   101

Elapsed time is 213.277313 seconds.

chan =

   102

Elapsed time is 213.695858 seconds.

chan =

   103

Elapsed time is 212.746606 seconds.

chan =

   104

Elapsed time is 212.385542 seconds.

chan =

   105

Elapsed time is 210.326182 seconds.

chan =

   106

Elapsed time is 208.712304 seconds.

chan =

   107

Elapsed time is 217.317021 seconds.

chan =

   108

Elapsed time is 210.702115 seconds.

chan =

   109

Elapsed time is 212.877679 seconds.

chan =

   110

Elapsed time is 211.205028 seconds.

chan =

   111

Elapsed time is 212.675553 seconds.

chan =

   112

Elapsed time is 210.735503 seconds.

chan =

   113

Elapsed time is 210.359013 seconds.

chan =

   114

Elapsed time is 212.181114 seconds.

chan =

   115

Elapsed time is 210.447661 seconds.

chan =

   116

Elapsed time is 209.778546 seconds.
attempting saving
save success: /projects/p31578/dtf8829/QuestConnect/CHANDAT/chanDat_SLCH006_106.mat
working on TF
encoding done
encoding RT done
retrieval 1 done
retrieval 2 done
attempting saving
save success: /projects/p31578/dtf8829/QuestConnect/CHANDAT/chanDat_SLCH006_106.mat
working on ISPC
channel: 1 took 0 minutes
channel: 2 took 0 minutes
channel: 3 took 0 minutes
channel: 4 took 0 minutes
channel: 5 took 0 minutes
channel: 6 took 0 minutes
channel: 7 took 0 minutes
channel: 8 took 0 minutes
channel: 9 took 0 minutes
channel: 10 took 0 minutes
channel: 11 took 0 minutes
channel: 12 took 0 minutes
channel: 13 took 0 minutes
channel: 14 took 0 minutes
channel: 15 took 0 minutes
channel: 16 took 0 minutes
channel: 17 took 0 minutes
channel: 18 took 0 minutes
channel: 19 took 0 minutes
channel: 20 took 0 minutes
channel: 21 took 0 minutes
channel: 22 took 0 minutes
channel: 23 took 0 minutes
channel: 24 took 0 minutes
channel: 25 took 0 minutes
channel: 26 took 0 minutes
channel: 27 took 0 minutes
channel: 28 took 0 minutes
channel: 29 took 0 minutes
channel: 30 took 0 minutes
channel: 31 took 0 minutes
channel: 32 took 0 minutes
channel: 33 took 0 minutes
channel: 34 took 0 minutes
channel: 35 took 0 minutes
channel: 36 took 0 minutes
channel: 37 took 0 minutes
channel: 38 took 0 minutes
channel: 39 took 0 minutes
channel: 40 took 0 minutes
channel: 41 took 0 minutes
channel: 42 took 0 minutes
channel: 43 took 0 minutes
channel: 44 took 0 minutes
channel: 45 took 0 minutes
channel: 46 took 0 minutes
channel: 47 took 0 minutes
channel: 48 took 0 minutes
channel: 49 took 0 minutes
channel: 50 took 0 minutes
channel: 51 took 0 minutes
channel: 52 took 0 minutes
channel: 53 took 0 minutes
channel: 54 took 0 minutes
channel: 55 took 0 minutes
channel: 56 took 0 minutes
channel: 57 took 0 minutes
channel: 58 took 0 minutes
channel: 59 took 0 minutes
channel: 60 took 0 minutes
channel: 61 took 0 minutes
channel: 62 took 0 minutes
channel: 63 took 0 minutes
channel: 64 took 0 minutes
channel: 65 took 0 minutes
channel: 66 took 0 minutes
channel: 67 took 0 minutes
channel: 68 took 0 minutes
channel: 69 took 0 minutes
channel: 70 took 0 minutes
channel: 71 took 0 minutes
channel: 72 took 0 minutes
channel: 73 took 0 minutes
channel: 74 took 0 minutes
channel: 75 took 0 minutes
channel: 76 took 0 minutes
channel: 77 took 0 minutes
channel: 78 took 0 minutes
channel: 79 took 0 minutes
channel: 80 took 0 minutes
channel: 81 took 0 minutes
channel: 82 took 0 minutes
channel: 83 took 0 minutes
channel: 84 took 0 minutes
channel: 85 took 0 minutes
channel: 86 took 0 minutes
channel: 87 took 0 minutes
channel: 88 took 0 minutes
channel: 89 took 0 minutes
channel: 90 took 0 minutes
channel: 91 took 0 minutes
channel: 92 took 0 minutes
channel: 93 took 0 minutes
channel: 94 took 0 minutes
channel: 95 took 0 minutes
channel: 96 took 0 minutes
channel: 97 took 0 minutes
channel: 98 took 0 minutes
channel: 99 took 0 minutes
channel: 100 took 0 minutes
channel: 101 took 0 minutes
channel: 102 took 0 minutes
channel: 103 took 0 minutes
channel: 104 took 0 minutes
channel: 105 took 0 minutes
channel: 106 took 0 minutes
channel: 107 took 3.8 minutes
channel: 108 took 3.8 minutes
channel: 109 took 3.8 minutes
channel: 110 took 3.8 minutes
channel: 111 took 3.8 minutes
channel: 112 took 3.9 minutes
channel: 113 took 3.9 minutes
channel: 114 took 3.9 minutes
channel: 115 took 3.9 minutes
channel: 116 took 3.8 minutes
attempting saving
save success: /projects/p31578/dtf8829/QuestConnect/CHANDAT/chanDat_SLCH006_106.mat
Elapsed time is 236.038937 seconds.
