getting started: 3540
attempting file: 3540
going for SLCH006 62
data loaded: SLCH006 62
MISMATCH WITH ZACH COORDINATES!!!
HFB already done

chan =

     1

Elapsed time is 241.810544 seconds.

chan =

     2

Elapsed time is 254.598104 seconds.

chan =

     3

Elapsed time is 266.666542 seconds.

chan =

     4

Elapsed time is 265.345108 seconds.

chan =

     5

Elapsed time is 262.065081 seconds.

chan =

     6

Elapsed time is 262.010283 seconds.

chan =

     7

Elapsed time is 283.177777 seconds.

chan =

     8

Elapsed time is 283.323605 seconds.

chan =

     9

Elapsed time is 283.628765 seconds.

chan =

    10

Elapsed time is 281.336122 seconds.

chan =

    11

Elapsed time is 284.247515 seconds.

chan =

    12

Elapsed time is 282.039068 seconds.

chan =

    13

Elapsed time is 283.567234 seconds.

chan =

    14

Elapsed time is 283.139083 seconds.

chan =

    15

Elapsed time is 284.820643 seconds.

chan =

    16

Elapsed time is 284.175071 seconds.

chan =

    17

Elapsed time is 284.307867 seconds.

chan =

    18

Elapsed time is 285.630719 seconds.

chan =

    19

Elapsed time is 282.476585 seconds.

chan =

    20

Elapsed time is 283.325953 seconds.

chan =

    21

Elapsed time is 283.646013 seconds.

chan =

    22

Elapsed time is 279.642535 seconds.

chan =

    23

Elapsed time is 278.787546 seconds.

chan =

    24

Elapsed time is 280.351653 seconds.

chan =

    25

Elapsed time is 281.839577 seconds.

chan =

    26

Elapsed time is 263.831798 seconds.

chan =

    27

Elapsed time is 277.455336 seconds.

chan =

    28

Elapsed time is 260.690666 seconds.

chan =

    29

Elapsed time is 275.092326 seconds.

chan =

    30

Elapsed time is 265.841471 seconds.

chan =

    31

Elapsed time is 268.323232 seconds.

chan =

    32

Elapsed time is 262.556458 seconds.

chan =

    33

Elapsed time is 256.556164 seconds.

chan =

    34

Elapsed time is 259.424946 seconds.

chan =

    35

Elapsed time is 273.459997 seconds.

chan =

    36

Elapsed time is 275.383123 seconds.

chan =

    37

Elapsed time is 270.126320 seconds.

chan =

    38

Elapsed time is 267.096683 seconds.

chan =

    39

Elapsed time is 281.155500 seconds.

chan =

    40

Elapsed time is 274.578964 seconds.

chan =

    41

Elapsed time is 276.278245 seconds.

chan =

    42

Elapsed time is 275.355799 seconds.

chan =

    43

Elapsed time is 281.583168 seconds.

chan =

    44

Elapsed time is 276.052753 seconds.

chan =

    45

Elapsed time is 274.067554 seconds.

chan =

    46

Elapsed time is 267.825556 seconds.

chan =

    47

Elapsed time is 263.852306 seconds.

chan =

    48

Elapsed time is 324.310612 seconds.

chan =

    49

Elapsed time is 338.245993 seconds.

chan =

    50

Elapsed time is 338.559779 seconds.

chan =

    51

Elapsed time is 340.074623 seconds.

chan =

    52

Elapsed time is 338.112798 seconds.

chan =

    53

Elapsed time is 335.296034 seconds.

chan =

    54

Elapsed time is 334.858255 seconds.

chan =

    55

Elapsed time is 340.241206 seconds.

chan =

    56

Elapsed time is 336.118086 seconds.

chan =

    57

Elapsed time is 340.541266 seconds.

chan =

    58

Elapsed time is 328.684831 seconds.

chan =

    59

Elapsed time is 338.370678 seconds.

chan =

    60

Elapsed time is 333.401183 seconds.

chan =

    61

Elapsed time is 335.236534 seconds.

chan =

    62

Elapsed time is 331.775420 seconds.

chan =

    63

Elapsed time is 329.185814 seconds.

chan =

    64

Elapsed time is 333.755406 seconds.

chan =

    65

Elapsed time is 327.316447 seconds.

chan =

    66

Elapsed time is 337.366470 seconds.

chan =

    67

Elapsed time is 335.218106 seconds.

chan =

    68

Elapsed time is 327.576344 seconds.

chan =

    69

Elapsed time is 335.452964 seconds.

chan =

    70

Elapsed time is 337.718097 seconds.

chan =

    71

Elapsed time is 338.369500 seconds.

chan =

    72

Elapsed time is 333.753819 seconds.

chan =

    73

Elapsed time is 332.000398 seconds.

chan =

    74

Elapsed time is 334.452136 seconds.

chan =

    75

Elapsed time is 339.547232 seconds.

chan =

    76

Elapsed time is 335.067288 seconds.

chan =

    77

Elapsed time is 332.153239 seconds.

chan =

    78

Elapsed time is 330.218754 seconds.

chan =

    79

Elapsed time is 336.396118 seconds.

chan =

    80

Elapsed time is 333.987559 seconds.

chan =

    81

Elapsed time is 336.689768 seconds.

chan =

    82

Elapsed time is 333.676585 seconds.

chan =

    83

Elapsed time is 338.335392 seconds.

chan =

    84

Elapsed time is 335.542004 seconds.

chan =

    85

Elapsed time is 340.615545 seconds.

chan =

    86

Elapsed time is 333.527495 seconds.

chan =

    87

Elapsed time is 337.950887 seconds.

chan =

    88

Elapsed time is 337.549892 seconds.

chan =

    89

Elapsed time is 339.702580 seconds.

chan =

    90

Elapsed time is 336.360313 seconds.

chan =

    91

Elapsed time is 328.491959 seconds.

chan =

    92

Elapsed time is 318.401594 seconds.

chan =

    93

Elapsed time is 315.626471 seconds.

chan =

    94

Elapsed time is 315.064374 seconds.

chan =

    95

Elapsed time is 313.571494 seconds.

chan =

    96

Elapsed time is 313.889183 seconds.

chan =

    97

Elapsed time is 315.464840 seconds.

chan =

    98

Elapsed time is 316.152445 seconds.

chan =

    99

Elapsed time is 316.550884 seconds.

chan =

   100

Elapsed time is 313.855981 seconds.

chan =

   101

Elapsed time is 313.199803 seconds.

chan =

   102

Elapsed time is 314.262168 seconds.

chan =

   103

Elapsed time is 316.017096 seconds.

chan =

   104

Elapsed time is 316.504134 seconds.

chan =

   105

Elapsed time is 314.883773 seconds.

chan =

   106

Elapsed time is 309.351928 seconds.

chan =

   107

Elapsed time is 328.355317 seconds.

chan =

   108

Elapsed time is 325.181427 seconds.

chan =

   109

Elapsed time is 320.514564 seconds.

chan =

   110

Elapsed time is 319.072181 seconds.

chan =

   111

Elapsed time is 322.411592 seconds.

chan =

   112

Elapsed time is 318.951140 seconds.

chan =

   113

Elapsed time is 321.592165 seconds.

chan =

   114

Elapsed time is 317.330289 seconds.

chan =

   115

Elapsed time is 320.008671 seconds.

chan =

   116

Elapsed time is 315.831884 seconds.
attempting saving
save success: /projects/p31578/dtf8829/QuestConnect/CHANDAT/chanDat_SLCH006_062.mat
working on TF
encoding done
encoding RT done
retrieval 1 done
retrieval 2 done
attempting saving
save success: /projects/p31578/dtf8829/QuestConnect/CHANDAT/chanDat_SLCH006_062.mat
working on ISPC
channel: 1 took 0 minutes
channel: 2 took 0 minutes
channel: 3 took 0 minutes
channel: 4 took 0 minutes
channel: 5 took 0 minutes
channel: 6 took 0 minutes
channel: 7 took 0 minutes
channel: 8 took 0 minutes
channel: 9 took 0 minutes
channel: 10 took 0 minutes
channel: 11 took 0 minutes
channel: 12 took 0 minutes
channel: 13 took 0 minutes
channel: 14 took 0 minutes
channel: 15 took 0 minutes
channel: 16 took 0 minutes
channel: 17 took 0 minutes
channel: 18 took 0 minutes
channel: 19 took 0 minutes
channel: 20 took 0 minutes
channel: 21 took 0 minutes
channel: 22 took 0 minutes
channel: 23 took 0 minutes
channel: 24 took 0 minutes
channel: 25 took 0 minutes
channel: 26 took 0 minutes
channel: 27 took 0 minutes
channel: 28 took 0 minutes
channel: 29 took 0 minutes
channel: 30 took 0 minutes
channel: 31 took 0 minutes
channel: 32 took 0 minutes
channel: 33 took 0 minutes
channel: 34 took 0 minutes
channel: 35 took 0 minutes
channel: 36 took 0 minutes
channel: 37 took 0 minutes
channel: 38 took 0 minutes
channel: 39 took 0 minutes
channel: 40 took 0 minutes
channel: 41 took 0 minutes
channel: 42 took 0 minutes
channel: 43 took 0 minutes
channel: 44 took 0 minutes
channel: 45 took 0 minutes
channel: 46 took 0 minutes
channel: 47 took 0 minutes
channel: 48 took 0 minutes
channel: 49 took 0 minutes
channel: 50 took 0 minutes
channel: 51 took 0 minutes
channel: 52 took 0 minutes
channel: 53 took 0 minutes
channel: 54 took 0 minutes
channel: 55 took 0 minutes
channel: 56 took 0 minutes
channel: 57 took 0 minutes
channel: 58 took 0 minutes
channel: 59 took 0 minutes
channel: 60 took 0 minutes
channel: 61 took 0 minutes
channel: 62 took 0 minutes
channel: 63 took 5.1 minutes
channel: 64 took 4.9 minutes
channel: 65 took 4.9 minutes
channel: 66 took 4.9 minutes
channel: 67 took 4.9 minutes
channel: 68 took 4.9 minutes
channel: 69 took 4.9 minutes
channel: 70 took 4.9 minutes
channel: 71 took 4.9 minutes
channel: 72 took 4.9 minutes
channel: 73 took 4.9 minutes
channel: 74 took 4.9 minutes
channel: 75 took 4.9 minutes
channel: 76 took 4.9 minutes
channel: 77 took 4.9 minutes
channel: 78 took 4.9 minutes
channel: 79 took 4.9 minutes
channel: 80 took 4.9 minutes
channel: 81 took 5 minutes
channel: 82 took 5 minutes
channel: 83 took 5 minutes
channel: 84 took 5 minutes
channel: 85 took 5 minutes
channel: 86 took 5 minutes
channel: 87 took 5 minutes
channel: 88 took 5 minutes
channel: 89 took 4.9 minutes
channel: 90 took 5 minutes
channel: 91 took 5 minutes
channel: 92 took 5 minutes
channel: 93 took 4.9 minutes
channel: 94 took 4.9 minutes
channel: 95 took 4.9 minutes
channel: 96 took 4.9 minutes
channel: 97 took 4.9 minutes
channel: 98 took 4.9 minutes
channel: 99 took 4.9 minutes
channel: 100 took 4.9 minutes
channel: 101 took 4.9 minutes
channel: 102 took 4.9 minutes
channel: 103 took 4.9 minutes
channel: 104 took 4.9 minutes
channel: 105 took 4.9 minutes
channel: 106 took 4.9 minutes
channel: 107 took 4.9 minutes
channel: 108 took 4.9 minutes
channel: 109 took 4.9 minutes
channel: 110 took 4.9 minutes
channel: 111 took 4.9 minutes
channel: 112 took 4.9 minutes
channel: 113 took 4.9 minutes
channel: 114 took 4.9 minutes
channel: 115 took 4.9 minutes
channel: 116 took 4.9 minutes
attempting saving
save success: /projects/p31578/dtf8829/QuestConnect/CHANDAT/chanDat_SLCH006_062.mat
Elapsed time is 297.709934 seconds.
