getting started: 3493
attempting file: 3493
going for SLCH006 15
data loaded: SLCH006 15
MISMATCH WITH ZACH COORDINATES!!!
HFB already done

chan =

     1

Elapsed time is 197.040651 seconds.

chan =

     2

Elapsed time is 198.331831 seconds.

chan =

     3

Elapsed time is 204.660609 seconds.

chan =

     4

Elapsed time is 211.075692 seconds.

chan =

     5

Elapsed time is 201.478708 seconds.

chan =

     6

Elapsed time is 201.391387 seconds.

chan =

     7

Elapsed time is 208.149880 seconds.

chan =

     8

Elapsed time is 204.548149 seconds.

chan =

     9

Elapsed time is 205.908552 seconds.

chan =

    10

Elapsed time is 202.064899 seconds.

chan =

    11

Elapsed time is 206.247512 seconds.

chan =

    12

Elapsed time is 206.434357 seconds.

chan =

    13

Elapsed time is 202.180436 seconds.

chan =

    14

Elapsed time is 197.591536 seconds.

chan =

    15

Elapsed time is 205.046290 seconds.

chan =

    16

Elapsed time is 203.291421 seconds.

chan =

    17

Elapsed time is 204.286279 seconds.

chan =

    18

Elapsed time is 201.602150 seconds.

chan =

    19

Elapsed time is 205.712499 seconds.

chan =

    20

Elapsed time is 203.696507 seconds.

chan =

    21

Elapsed time is 202.980808 seconds.

chan =

    22

Elapsed time is 198.420064 seconds.

chan =

    23

Elapsed time is 203.129838 seconds.

chan =

    24

Elapsed time is 206.701197 seconds.

chan =

    25

Elapsed time is 203.143209 seconds.

chan =

    26

Elapsed time is 206.445419 seconds.

chan =

    27

Elapsed time is 207.021546 seconds.

chan =

    28

Elapsed time is 204.155052 seconds.

chan =

    29

Elapsed time is 203.825460 seconds.

chan =

    30

Elapsed time is 207.871858 seconds.

chan =

    31

Elapsed time is 229.368089 seconds.

chan =

    32

Elapsed time is 222.333993 seconds.

chan =

    33

Elapsed time is 234.343736 seconds.

chan =

    34

Elapsed time is 248.395860 seconds.

chan =

    35

Elapsed time is 254.339347 seconds.

chan =

    36

Elapsed time is 246.945572 seconds.

chan =

    37

Elapsed time is 253.024569 seconds.

chan =

    38

Elapsed time is 248.145103 seconds.

chan =

    39

Elapsed time is 240.565579 seconds.

chan =

    40

Elapsed time is 242.125654 seconds.

chan =

    41

Elapsed time is 245.449984 seconds.

chan =

    42

Elapsed time is 238.499577 seconds.

chan =

    43

Elapsed time is 223.881183 seconds.

chan =

    44

Elapsed time is 233.947729 seconds.

chan =

    45

Elapsed time is 246.463844 seconds.

chan =

    46

Elapsed time is 226.656375 seconds.

chan =

    47

Elapsed time is 241.975823 seconds.

chan =

    48

Elapsed time is 212.836993 seconds.

chan =

    49

Elapsed time is 220.798097 seconds.

chan =

    50

Elapsed time is 224.915833 seconds.

chan =

    51

Elapsed time is 215.354965 seconds.

chan =

    52

Elapsed time is 205.637722 seconds.

chan =

    53

Elapsed time is 207.892618 seconds.

chan =

    54

Elapsed time is 203.764060 seconds.

chan =

    55

Elapsed time is 203.124335 seconds.

chan =

    56

Elapsed time is 198.497018 seconds.

chan =

    57

Elapsed time is 205.600405 seconds.

chan =

    58

Elapsed time is 228.067018 seconds.

chan =

    59

Elapsed time is 222.364303 seconds.

chan =

    60

Elapsed time is 228.921612 seconds.

chan =

    61

Elapsed time is 204.314236 seconds.

chan =

    62

Elapsed time is 205.949882 seconds.

chan =

    63

Elapsed time is 208.555924 seconds.

chan =

    64

Elapsed time is 201.190971 seconds.

chan =

    65

Elapsed time is 191.313360 seconds.

chan =

    66

Elapsed time is 193.391905 seconds.

chan =

    67

Elapsed time is 195.542438 seconds.

chan =

    68

Elapsed time is 190.390827 seconds.

chan =

    69

Elapsed time is 189.562744 seconds.

chan =

    70

Elapsed time is 189.638882 seconds.

chan =

    71

Elapsed time is 195.561008 seconds.

chan =

    72

Elapsed time is 192.841643 seconds.

chan =

    73

Elapsed time is 190.113829 seconds.

chan =

    74

Elapsed time is 191.729066 seconds.

chan =

    75

Elapsed time is 193.883349 seconds.

chan =

    76

Elapsed time is 192.944590 seconds.

chan =

    77

Elapsed time is 193.397803 seconds.

chan =

    78

Elapsed time is 192.448285 seconds.

chan =

    79

Elapsed time is 193.800832 seconds.

chan =

    80

Elapsed time is 193.242799 seconds.

chan =

    81

Elapsed time is 189.265574 seconds.

chan =

    82

Elapsed time is 192.286575 seconds.

chan =

    83

Elapsed time is 194.212806 seconds.

chan =

    84

Elapsed time is 192.091063 seconds.

chan =

    85

Elapsed time is 191.075049 seconds.

chan =

    86

Elapsed time is 192.486045 seconds.

chan =

    87

Elapsed time is 194.980208 seconds.

chan =

    88

Elapsed time is 193.052838 seconds.

chan =

    89

Elapsed time is 189.007698 seconds.

chan =

    90

Elapsed time is 191.322994 seconds.

chan =

    91

Elapsed time is 195.533112 seconds.

chan =

    92

Elapsed time is 193.395546 seconds.

chan =

    93

Elapsed time is 190.283628 seconds.

chan =

    94

Elapsed time is 191.042394 seconds.

chan =

    95

Elapsed time is 191.206338 seconds.

chan =

    96

Elapsed time is 189.719218 seconds.

chan =

    97

Elapsed time is 187.044369 seconds.

chan =

    98

Elapsed time is 187.935496 seconds.

chan =

    99

Elapsed time is 192.914724 seconds.

chan =

   100

Elapsed time is 189.975172 seconds.

chan =

   101

Elapsed time is 190.926660 seconds.

chan =

   102

Elapsed time is 187.263133 seconds.

chan =

   103

Elapsed time is 192.561119 seconds.

chan =

   104

Elapsed time is 189.626702 seconds.

chan =

   105

Elapsed time is 192.286427 seconds.

chan =

   106

Elapsed time is 188.886155 seconds.

chan =

   107

Elapsed time is 193.571363 seconds.

chan =

   108

Elapsed time is 191.933056 seconds.

chan =

   109

Elapsed time is 194.029485 seconds.

chan =

   110

Elapsed time is 193.628583 seconds.

chan =

   111

Elapsed time is 193.815276 seconds.

chan =

   112

Elapsed time is 195.639266 seconds.

chan =

   113

Elapsed time is 195.780604 seconds.

chan =

   114

Elapsed time is 193.896088 seconds.

chan =

   115

Elapsed time is 193.185028 seconds.

chan =

   116

Elapsed time is 193.399921 seconds.
attempting saving
save success: /projects/p31578/dtf8829/QuestConnect/CHANDAT/chanDat_SLCH006_015.mat
working on TF
encoding done
encoding RT done
retrieval 1 done
retrieval 2 done
attempting saving
save success: /projects/p31578/dtf8829/QuestConnect/CHANDAT/chanDat_SLCH006_015.mat
working on ISPC
channel: 1 took 0 minutes
channel: 2 took 0 minutes
channel: 3 took 0 minutes
channel: 4 took 0 minutes
channel: 5 took 0 minutes
channel: 6 took 0 minutes
channel: 7 took 0 minutes
channel: 8 took 0 minutes
channel: 9 took 0 minutes
channel: 10 took 0 minutes
channel: 11 took 0 minutes
channel: 12 took 0 minutes
channel: 13 took 0 minutes
channel: 14 took 0 minutes
channel: 15 took 0 minutes
channel: 16 took 3.6 minutes
channel: 17 took 3.5 minutes
channel: 18 took 3.5 minutes
channel: 19 took 3.5 minutes
channel: 20 took 3.6 minutes
channel: 21 took 3.6 minutes
channel: 22 took 3.5 minutes
channel: 23 took 3.6 minutes
channel: 24 took 3.6 minutes
channel: 25 took 3.6 minutes
channel: 26 took 3.6 minutes
channel: 27 took 3.5 minutes
channel: 28 took 3.6 minutes
channel: 29 took 3.6 minutes
channel: 30 took 3.6 minutes
channel: 31 took 3.6 minutes
channel: 32 took 3.6 minutes
channel: 33 took 3.6 minutes
channel: 34 took 3.6 minutes
channel: 35 took 3.6 minutes
channel: 36 took 3.6 minutes
channel: 37 took 3.6 minutes
channel: 38 took 3.6 minutes
channel: 39 took 3.6 minutes
channel: 40 took 3.6 minutes
channel: 41 took 3.6 minutes
channel: 42 took 3.6 minutes
channel: 43 took 3.6 minutes
channel: 44 took 3.5 minutes
channel: 45 took 3.6 minutes
channel: 46 took 3.5 minutes
channel: 47 took 3.5 minutes
channel: 48 took 3.5 minutes
channel: 49 took 3.5 minutes
channel: 50 took 3.5 minutes
channel: 51 took 3.6 minutes
channel: 52 took 3.6 minutes
channel: 53 took 3.6 minutes
channel: 54 took 3.6 minutes
channel: 55 took 3.6 minutes
channel: 56 took 3.6 minutes
channel: 57 took 3.5 minutes
channel: 58 took 3.6 minutes
channel: 59 took 3.6 minutes
channel: 60 took 3.6 minutes
channel: 61 took 3.6 minutes
channel: 62 took 3.6 minutes
channel: 63 took 3.6 minutes
channel: 64 took 3.6 minutes
channel: 65 took 3.6 minutes
channel: 66 took 3.6 minutes
channel: 67 took 3.6 minutes
channel: 68 took 3.6 minutes
channel: 69 took 3.6 minutes
channel: 70 took 3.5 minutes
channel: 71 took 3.6 minutes
channel: 72 took 3.6 minutes
channel: 73 took 3.6 minutes
channel: 74 took 3.6 minutes
channel: 75 took 3.6 minutes
channel: 76 took 3.6 minutes
channel: 77 took 3.6 minutes
channel: 78 took 3.6 minutes
channel: 79 took 3.6 minutes
channel: 80 took 3.5 minutes
channel: 81 took 3.6 minutes
channel: 82 took 3.6 minutes
channel: 83 took 3.6 minutes
channel: 84 took 3.6 minutes
channel: 85 took 3.6 minutes
channel: 86 took 3.6 minutes
channel: 87 took 3.6 minutes
channel: 88 took 3.6 minutes
channel: 89 took 3.6 minutes
channel: 90 took 3.6 minutes
channel: 91 took 3.6 minutes
channel: 92 took 3.6 minutes
channel: 93 took 3.6 minutes
channel: 94 took 3.6 minutes
channel: 95 took 3.6 minutes
channel: 96 took 3.6 minutes
channel: 97 took 3.6 minutes
channel: 98 took 3.6 minutes
channel: 99 took 3.6 minutes
channel: 100 took 3.6 minutes
channel: 101 took 3.6 minutes
channel: 102 took 3.6 minutes
channel: 103 took 3.6 minutes
channel: 104 took 3.6 minutes
channel: 105 took 3.6 minutes
channel: 106 took 3.6 minutes
channel: 107 took 3.6 minutes
channel: 108 took 3.6 minutes
channel: 109 took 3.6 minutes
channel: 110 took 3.6 minutes
channel: 111 took 3.6 minutes
channel: 112 took 3.6 minutes
channel: 113 took 3.6 minutes
channel: 114 took 3.5 minutes
channel: 115 took 3.5 minutes
channel: 116 took 3.5 minutes
attempting saving
save success: /projects/p31578/dtf8829/QuestConnect/CHANDAT/chanDat_SLCH006_015.mat
Elapsed time is 214.981236 seconds.
