getting started: 3483
attempting file: 3483
going for SLCH006 5
data loaded: SLCH006 5
MISMATCH WITH ZACH COORDINATES!!!
HFB already done

chan =

     1

Elapsed time is 249.925556 seconds.

chan =

     2

Elapsed time is 239.094938 seconds.

chan =

     3

Elapsed time is 229.687804 seconds.

chan =

     4

Elapsed time is 223.371202 seconds.

chan =

     5

Elapsed time is 247.828903 seconds.

chan =

     6

Elapsed time is 244.094922 seconds.

chan =

     7

Elapsed time is 246.310277 seconds.

chan =

     8

Elapsed time is 247.463881 seconds.

chan =

     9

Elapsed time is 229.604882 seconds.

chan =

    10

Elapsed time is 235.318363 seconds.

chan =

    11

Elapsed time is 241.387295 seconds.

chan =

    12

Elapsed time is 236.560008 seconds.

chan =

    13

Elapsed time is 238.394072 seconds.

chan =

    14

Elapsed time is 238.777832 seconds.

chan =

    15

Elapsed time is 240.167019 seconds.

chan =

    16

Elapsed time is 241.630387 seconds.

chan =

    17

Elapsed time is 242.811092 seconds.

chan =

    18

Elapsed time is 241.879749 seconds.

chan =

    19

Elapsed time is 235.843398 seconds.

chan =

    20

Elapsed time is 238.792421 seconds.

chan =

    21

Elapsed time is 236.896112 seconds.

chan =

    22

Elapsed time is 240.547848 seconds.

chan =

    23

Elapsed time is 233.123572 seconds.

chan =

    24

Elapsed time is 239.531936 seconds.

chan =

    25

Elapsed time is 240.064823 seconds.

chan =

    26

Elapsed time is 242.807761 seconds.

chan =

    27

Elapsed time is 216.803211 seconds.

chan =

    28

Elapsed time is 218.231622 seconds.

chan =

    29

Elapsed time is 222.153327 seconds.

chan =

    30

Elapsed time is 218.412930 seconds.

chan =

    31

Elapsed time is 214.505393 seconds.

chan =

    32

Elapsed time is 219.498372 seconds.

chan =

    33

Elapsed time is 225.583937 seconds.

chan =

    34

Elapsed time is 234.755053 seconds.

chan =

    35

Elapsed time is 210.113810 seconds.

chan =

    36

Elapsed time is 230.864239 seconds.

chan =

    37

Elapsed time is 237.365355 seconds.

chan =

    38

Elapsed time is 237.962669 seconds.

chan =

    39

Elapsed time is 245.887529 seconds.

chan =

    40

Elapsed time is 243.691350 seconds.

chan =

    41

Elapsed time is 224.703400 seconds.

chan =

    42

Elapsed time is 230.714588 seconds.

chan =

    43

Elapsed time is 239.646339 seconds.

chan =

    44

Elapsed time is 241.481042 seconds.

chan =

    45

Elapsed time is 243.096222 seconds.

chan =

    46

Elapsed time is 232.912074 seconds.

chan =

    47

Elapsed time is 233.766495 seconds.

chan =

    48

Elapsed time is 218.467153 seconds.

chan =

    49

Elapsed time is 218.809727 seconds.

chan =

    50

Elapsed time is 226.167464 seconds.

chan =

    51

Elapsed time is 221.976650 seconds.

chan =

    52

Elapsed time is 221.534284 seconds.

chan =

    53

Elapsed time is 219.285630 seconds.

chan =

    54

Elapsed time is 222.621835 seconds.

chan =

    55

Elapsed time is 221.481881 seconds.

chan =

    56

Elapsed time is 217.603971 seconds.

chan =

    57

Elapsed time is 209.610914 seconds.

chan =

    58

Elapsed time is 205.230180 seconds.

chan =

    59

Elapsed time is 212.647636 seconds.

chan =

    60

Elapsed time is 214.023234 seconds.

chan =

    61

Elapsed time is 207.934270 seconds.

chan =

    62

Elapsed time is 198.233293 seconds.

chan =

    63

Elapsed time is 201.365796 seconds.

chan =

    64

Elapsed time is 200.215079 seconds.

chan =

    65

Elapsed time is 199.967041 seconds.

chan =

    66

Elapsed time is 204.476488 seconds.

chan =

    67

Elapsed time is 202.284508 seconds.

chan =

    68

Elapsed time is 200.903184 seconds.

chan =

    69

Elapsed time is 206.484816 seconds.

chan =

    70

Elapsed time is 209.033473 seconds.

chan =

    71

Elapsed time is 207.943956 seconds.

chan =

    72

Elapsed time is 204.897632 seconds.

chan =

    73

Elapsed time is 206.248845 seconds.

chan =

    74

Elapsed time is 206.133954 seconds.

chan =

    75

Elapsed time is 205.230189 seconds.

chan =

    76

Elapsed time is 205.558371 seconds.

chan =

    77

Elapsed time is 205.562655 seconds.

chan =

    78

Elapsed time is 202.562100 seconds.

chan =

    79

Elapsed time is 203.155245 seconds.

chan =

    80

Elapsed time is 205.838552 seconds.

chan =

    81

Elapsed time is 202.662575 seconds.

chan =

    82

Elapsed time is 205.436462 seconds.

chan =

    83

Elapsed time is 208.016034 seconds.

chan =

    84

Elapsed time is 206.215309 seconds.

chan =

    85

Elapsed time is 205.876947 seconds.

chan =

    86

Elapsed time is 206.276975 seconds.

chan =

    87

Elapsed time is 203.607265 seconds.

chan =

    88

Elapsed time is 200.073778 seconds.

chan =

    89

Elapsed time is 201.920074 seconds.

chan =

    90

Elapsed time is 200.776142 seconds.

chan =

    91

Elapsed time is 201.637239 seconds.

chan =

    92

Elapsed time is 200.680270 seconds.

chan =

    93

Elapsed time is 200.043220 seconds.

chan =

    94

Elapsed time is 201.112654 seconds.

chan =

    95

Elapsed time is 202.851674 seconds.

chan =

    96

Elapsed time is 200.006526 seconds.

chan =

    97

Elapsed time is 198.841782 seconds.

chan =

    98

Elapsed time is 200.590200 seconds.

chan =

    99

Elapsed time is 198.619178 seconds.

chan =

   100

Elapsed time is 200.068078 seconds.

chan =

   101

Elapsed time is 199.470500 seconds.

chan =

   102

Elapsed time is 201.879867 seconds.

chan =

   103

Elapsed time is 199.584016 seconds.

chan =

   104

Elapsed time is 200.629114 seconds.

chan =

   105

Elapsed time is 200.376482 seconds.

chan =

   106

Elapsed time is 199.869089 seconds.

chan =

   107

Elapsed time is 201.368456 seconds.

chan =

   108

Elapsed time is 198.824291 seconds.

chan =

   109

Elapsed time is 197.126459 seconds.

chan =

   110

Elapsed time is 197.201314 seconds.

chan =

   111

Elapsed time is 197.904710 seconds.

chan =

   112

Elapsed time is 199.361723 seconds.

chan =

   113

Elapsed time is 197.847213 seconds.

chan =

   114

Elapsed time is 197.227609 seconds.

chan =

   115

Elapsed time is 200.472173 seconds.

chan =

   116

Elapsed time is 198.278914 seconds.
attempting saving
save success: /projects/p31578/dtf8829/QuestConnect/CHANDAT/chanDat_SLCH006_005.mat
working on TF
encoding done
encoding RT done
retrieval 1 done
retrieval 2 done
attempting saving
save success: /projects/p31578/dtf8829/QuestConnect/CHANDAT/chanDat_SLCH006_005.mat
working on ISPC
channel: 1 took 0 minutes
channel: 2 took 0 minutes
channel: 3 took 0 minutes
channel: 4 took 0 minutes
channel: 5 took 0 minutes
channel: 6 took 3.7 minutes
channel: 7 took 3.7 minutes
channel: 8 took 3.7 minutes
channel: 9 took 3.8 minutes
channel: 10 took 3.7 minutes
channel: 11 took 3.6 minutes
channel: 12 took 3.6 minutes
channel: 13 took 3.6 minutes
channel: 14 took 3.6 minutes
channel: 15 took 3.6 minutes
channel: 16 took 3.6 minutes
channel: 17 took 3.6 minutes
channel: 18 took 3.8 minutes
channel: 19 took 4.8 minutes
channel: 20 took 4.8 minutes
channel: 21 took 4.8 minutes
channel: 22 took 4.8 minutes
channel: 23 took 4.8 minutes
channel: 24 took 4.7 minutes
channel: 25 took 4.7 minutes
channel: 26 took 4.7 minutes
channel: 27 took 4.7 minutes
channel: 28 took 4.7 minutes
channel: 29 took 4.7 minutes
channel: 30 took 4.7 minutes
channel: 31 took 4.7 minutes
channel: 32 took 4.7 minutes
channel: 33 took 4.8 minutes
channel: 34 took 4.7 minutes
channel: 35 took 4.8 minutes
channel: 36 took 4.7 minutes
channel: 37 took 4.7 minutes
channel: 38 took 4.8 minutes
channel: 39 took 4.8 minutes
channel: 40 took 4.8 minutes
channel: 41 took 4.8 minutes
channel: 42 took 4.8 minutes
channel: 43 took 4.8 minutes
channel: 44 took 4.8 minutes
channel: 45 took 4.8 minutes
channel: 46 took 4.8 minutes
channel: 47 took 4.8 minutes
channel: 48 took 4.8 minutes
channel: 49 took 4.8 minutes
channel: 50 took 4.8 minutes
channel: 51 took 4.8 minutes
channel: 52 took 4.8 minutes
channel: 53 took 4.8 minutes
channel: 54 took 4.8 minutes
channel: 55 took 4.8 minutes
channel: 56 took 4.8 minutes
channel: 57 took 4.8 minutes
channel: 58 took 4.8 minutes
channel: 59 took 4.8 minutes
channel: 60 took 4.7 minutes
channel: 61 took 4.7 minutes
channel: 62 took 4.8 minutes
channel: 63 took 4.7 minutes
channel: 64 took 4.7 minutes
channel: 65 took 4.8 minutes
channel: 66 took 4.8 minutes
channel: 67 took 4.8 minutes
channel: 68 took 4.7 minutes
channel: 69 took 4.8 minutes
channel: 70 took 3.9 minutes
channel: 71 took 3.6 minutes
channel: 72 took 3.6 minutes
channel: 73 took 3.6 minutes
channel: 74 took 3.6 minutes
channel: 75 took 3.6 minutes
channel: 76 took 3.6 minutes
channel: 77 took 3.6 minutes
channel: 78 took 3.6 minutes
channel: 79 took 3.6 minutes
channel: 80 took 3.6 minutes
channel: 81 took 3.6 minutes
channel: 82 took 3.5 minutes
channel: 83 took 3.6 minutes
channel: 84 took 3.6 minutes
channel: 85 took 3.6 minutes
channel: 86 took 3.6 minutes
channel: 87 took 3.6 minutes
channel: 88 took 3.6 minutes
channel: 89 took 3.6 minutes
channel: 90 took 3.6 minutes
channel: 91 took 3.6 minutes
channel: 92 took 3.6 minutes
channel: 93 took 3.6 minutes
channel: 94 took 3.6 minutes
channel: 95 took 3.6 minutes
channel: 96 took 3.6 minutes
channel: 97 took 3.6 minutes
channel: 98 took 3.6 minutes
channel: 99 took 3.6 minutes
channel: 100 took 3.6 minutes
channel: 101 took 3.6 minutes
channel: 102 took 3.6 minutes
channel: 103 took 3.5 minutes
channel: 104 took 3.6 minutes
channel: 105 took 3.6 minutes
channel: 106 took 3.6 minutes
channel: 107 took 3.6 minutes
channel: 108 took 3.6 minutes
channel: 109 took 3.6 minutes
channel: 110 took 3.6 minutes
channel: 111 took 3.6 minutes
channel: 112 took 3.6 minutes
channel: 113 took 3.6 minutes
channel: 114 took 3.5 minutes
channel: 115 took 3.6 minutes
channel: 116 took 3.6 minutes
attempting saving
save success: /projects/p31578/dtf8829/QuestConnect/CHANDAT/chanDat_SLCH006_005.mat
Elapsed time is 221.002917 seconds.
