getting started: 3506
attempting file: 3506
going for SLCH006 28
data loaded: SLCH006 28
MISMATCH WITH ZACH COORDINATES!!!
HFB already done

chan =

     1

Elapsed time is 281.177928 seconds.

chan =

     2

Elapsed time is 283.206602 seconds.

chan =

     3

Elapsed time is 285.126328 seconds.

chan =

     4

Elapsed time is 284.466185 seconds.

chan =

     5

Elapsed time is 286.353117 seconds.

chan =

     6

Elapsed time is 284.393225 seconds.

chan =

     7

Elapsed time is 283.645045 seconds.

chan =

     8

Elapsed time is 283.126672 seconds.

chan =

     9

Elapsed time is 284.234030 seconds.

chan =

    10

Elapsed time is 280.821839 seconds.

chan =

    11

Elapsed time is 281.132451 seconds.

chan =

    12

Elapsed time is 276.836175 seconds.

chan =

    13

Elapsed time is 281.454555 seconds.

chan =

    14

Elapsed time is 281.898949 seconds.

chan =

    15

Elapsed time is 282.690689 seconds.

chan =

    16

Elapsed time is 279.746047 seconds.

chan =

    17

Elapsed time is 282.053328 seconds.

chan =

    18

Elapsed time is 282.073738 seconds.

chan =

    19

Elapsed time is 283.171260 seconds.

chan =

    20

Elapsed time is 283.379759 seconds.

chan =

    21

Elapsed time is 281.296857 seconds.

chan =

    22

Elapsed time is 276.095506 seconds.

chan =

    23

Elapsed time is 267.895445 seconds.

chan =

    24

Elapsed time is 265.716125 seconds.

chan =

    25

Elapsed time is 285.541471 seconds.

chan =

    26

Elapsed time is 280.561889 seconds.

chan =

    27

Elapsed time is 282.927618 seconds.

chan =

    28

Elapsed time is 283.702092 seconds.

chan =

    29

Elapsed time is 277.118649 seconds.

chan =

    30

Elapsed time is 261.185358 seconds.

chan =

    31

Elapsed time is 279.471566 seconds.

chan =

    32

Elapsed time is 276.410929 seconds.

chan =

    33

Elapsed time is 279.023132 seconds.

chan =

    34

Elapsed time is 280.381835 seconds.

chan =

    35

Elapsed time is 273.493674 seconds.

chan =

    36

Elapsed time is 277.187763 seconds.

chan =

    37

Elapsed time is 276.078419 seconds.

chan =

    38

Elapsed time is 281.102799 seconds.

chan =

    39

Elapsed time is 281.495459 seconds.

chan =

    40

Elapsed time is 281.537878 seconds.

chan =

    41

Elapsed time is 275.472800 seconds.

chan =

    42

Elapsed time is 277.977339 seconds.

chan =

    43

Elapsed time is 273.108140 seconds.

chan =

    44

Elapsed time is 278.602007 seconds.

chan =

    45

Elapsed time is 274.443760 seconds.

chan =

    46

Elapsed time is 271.772078 seconds.

chan =

    47

Elapsed time is 279.028682 seconds.

chan =

    48

Elapsed time is 279.553650 seconds.

chan =

    49

Elapsed time is 279.816668 seconds.

chan =

    50

Elapsed time is 278.157622 seconds.

chan =

    51

Elapsed time is 274.090232 seconds.

chan =

    52

Elapsed time is 277.459114 seconds.

chan =

    53

Elapsed time is 275.773075 seconds.

chan =

    54

Elapsed time is 279.525164 seconds.

chan =

    55

Elapsed time is 279.077795 seconds.

chan =

    56

Elapsed time is 275.512485 seconds.

chan =

    57

Elapsed time is 275.723936 seconds.

chan =

    58

Elapsed time is 278.837164 seconds.

chan =

    59

Elapsed time is 279.316347 seconds.

chan =

    60

Elapsed time is 276.862628 seconds.

chan =

    61

Elapsed time is 277.539644 seconds.

chan =

    62

Elapsed time is 265.620945 seconds.

chan =

    63

Elapsed time is 276.000693 seconds.

chan =

    64

Elapsed time is 276.630815 seconds.

chan =

    65

Elapsed time is 277.274907 seconds.

chan =

    66

Elapsed time is 279.109985 seconds.

chan =

    67

Elapsed time is 280.307506 seconds.

chan =

    68

Elapsed time is 275.251186 seconds.

chan =

    69

Elapsed time is 279.052613 seconds.

chan =

    70

Elapsed time is 282.249092 seconds.

chan =

    71

Elapsed time is 279.757523 seconds.

chan =

    72

Elapsed time is 281.390370 seconds.

chan =

    73

Elapsed time is 270.888007 seconds.

chan =

    74

Elapsed time is 278.526484 seconds.

chan =

    75

Elapsed time is 280.163242 seconds.

chan =

    76

Elapsed time is 278.353490 seconds.

chan =

    77

Elapsed time is 274.523082 seconds.

chan =

    78

Elapsed time is 275.889938 seconds.

chan =

    79

Elapsed time is 273.100349 seconds.

chan =

    80

Elapsed time is 276.993076 seconds.

chan =

    81

Elapsed time is 276.558996 seconds.

chan =

    82

Elapsed time is 277.888570 seconds.

chan =

    83

Elapsed time is 280.475473 seconds.

chan =

    84

Elapsed time is 275.268629 seconds.

chan =

    85

Elapsed time is 277.527893 seconds.

chan =

    86

Elapsed time is 277.594313 seconds.

chan =

    87

Elapsed time is 278.533054 seconds.

chan =

    88

Elapsed time is 279.499623 seconds.

chan =

    89

Elapsed time is 270.016655 seconds.

chan =

    90

Elapsed time is 276.524607 seconds.

chan =

    91

Elapsed time is 280.173030 seconds.

chan =

    92

Elapsed time is 276.882314 seconds.

chan =

    93

Elapsed time is 276.127364 seconds.

chan =

    94

Elapsed time is 276.324201 seconds.

chan =

    95

Elapsed time is 268.794063 seconds.

chan =

    96

Elapsed time is 275.159717 seconds.

chan =

    97

Elapsed time is 275.105100 seconds.

chan =

    98

Elapsed time is 275.553716 seconds.

chan =

    99

Elapsed time is 276.717574 seconds.

chan =

   100

Elapsed time is 263.502884 seconds.

chan =

   101

Elapsed time is 275.198048 seconds.

chan =

   102

Elapsed time is 276.057575 seconds.

chan =

   103

Elapsed time is 277.807405 seconds.

chan =

   104

Elapsed time is 275.359483 seconds.

chan =

   105

Elapsed time is 272.946384 seconds.

chan =

   106

Elapsed time is 274.820442 seconds.

chan =

   107

Elapsed time is 276.472689 seconds.

chan =

   108

Elapsed time is 275.639671 seconds.

chan =

   109

Elapsed time is 276.772859 seconds.

chan =

   110

Elapsed time is 271.461536 seconds.

chan =

   111

Elapsed time is 272.594148 seconds.

chan =

   112

Elapsed time is 276.031299 seconds.

chan =

   113

Elapsed time is 274.657975 seconds.

chan =

   114

Elapsed time is 277.271547 seconds.

chan =

   115

Elapsed time is 273.377725 seconds.

chan =

   116

Elapsed time is 262.471427 seconds.
attempting saving
save success: /projects/p31578/dtf8829/QuestConnect/CHANDAT/chanDat_SLCH006_028.mat
working on TF
encoding done
encoding RT done
retrieval 1 done
retrieval 2 done
attempting saving
save success: /projects/p31578/dtf8829/QuestConnect/CHANDAT/chanDat_SLCH006_028.mat
working on ISPC
channel: 1 took 0 minutes
channel: 2 took 0 minutes
channel: 3 took 0 minutes
channel: 4 took 0 minutes
channel: 5 took 0 minutes
channel: 6 took 0 minutes
channel: 7 took 0 minutes
channel: 8 took 0 minutes
channel: 9 took 0 minutes
channel: 10 took 0 minutes
channel: 11 took 0 minutes
channel: 12 took 0 minutes
channel: 13 took 0 minutes
channel: 14 took 0 minutes
channel: 15 took 0 minutes
channel: 16 took 0 minutes
channel: 17 took 0 minutes
channel: 18 took 0 minutes
channel: 19 took 0 minutes
channel: 20 took 0 minutes
channel: 21 took 0 minutes
channel: 22 took 0 minutes
channel: 23 took 0 minutes
channel: 24 took 0 minutes
channel: 25 took 0 minutes
channel: 26 took 0 minutes
channel: 27 took 0 minutes
channel: 28 took 0 minutes
channel: 29 took 5.3 minutes
channel: 30 took 5.3 minutes
channel: 31 took 5.3 minutes
channel: 32 took 5 minutes
channel: 33 took 5.2 minutes
channel: 34 took 5.2 minutes
channel: 35 took 5.3 minutes
channel: 36 took 5.3 minutes
channel: 37 took 5 minutes
channel: 38 took 5.3 minutes
channel: 39 took 5.3 minutes
channel: 40 took 5.3 minutes
channel: 41 took 5.1 minutes
channel: 42 took 5.3 minutes
channel: 43 took 5.1 minutes
channel: 44 took 5.3 minutes
channel: 45 took 5.1 minutes
channel: 46 took 5.3 minutes
channel: 47 took 5.2 minutes
channel: 48 took 5.3 minutes
channel: 49 took 5.3 minutes
channel: 50 took 4.8 minutes
channel: 51 took 5.3 minutes
channel: 52 took 5.3 minutes
channel: 53 took 5.3 minutes
channel: 54 took 5.3 minutes
channel: 55 took 5 minutes
channel: 56 took 5.3 minutes
channel: 57 took 5.2 minutes
channel: 58 took 5.3 minutes
channel: 59 took 4.8 minutes
channel: 60 took 5.1 minutes
channel: 61 took 5.2 minutes
channel: 62 took 5.3 minutes
channel: 63 took 5.3 minutes
channel: 64 took 5.1 minutes
channel: 65 took 5.2 minutes
channel: 66 took 5.3 minutes
channel: 67 took 5.3 minutes
channel: 68 took 5.1 minutes
channel: 69 took 5.2 minutes
channel: 70 took 5.3 minutes
channel: 71 took 5.2 minutes
channel: 72 took 5.3 minutes
channel: 73 took 5 minutes
channel: 74 took 5.3 minutes
channel: 75 took 5.3 minutes
channel: 76 took 5.3 minutes
channel: 77 took 5 minutes
channel: 78 took 5.1 minutes
channel: 79 took 5.3 minutes
channel: 80 took 5.3 minutes
channel: 81 took 5.3 minutes
channel: 82 took 4.8 minutes
channel: 83 took 4.3 minutes
channel: 84 took 4.3 minutes
channel: 85 took 4.3 minutes
channel: 86 took 4.4 minutes
channel: 87 took 4.3 minutes
channel: 88 took 4.4 minutes
channel: 89 took 5.5 minutes
channel: 90 took 5.6 minutes
channel: 91 took 5.5 minutes
channel: 92 took 5.6 minutes
channel: 93 took 5.5 minutes
channel: 94 took 5.6 minutes
channel: 95 took 5.5 minutes
channel: 96 took 5.6 minutes
channel: 97 took 5.4 minutes
channel: 98 took 5.5 minutes
channel: 99 took 5.4 minutes
channel: 100 took 5.6 minutes
channel: 101 took 5.4 minutes
channel: 102 took 5.6 minutes
channel: 103 took 5.5 minutes
channel: 104 took 5.6 minutes
channel: 105 took 5.5 minutes
channel: 106 took 5.6 minutes
channel: 107 took 5.6 minutes
channel: 108 took 5.6 minutes
channel: 109 took 5.5 minutes
channel: 110 took 5.6 minutes
channel: 111 took 5.5 minutes
channel: 112 took 5.6 minutes
channel: 113 took 5.5 minutes
channel: 114 took 5.6 minutes
channel: 115 took 5.5 minutes
channel: 116 took 5.6 minutes
attempting saving
save success: /projects/p31578/dtf8829/QuestConnect/CHANDAT/chanDat_SLCH006_028.mat
Elapsed time is 343.200599 seconds.
