getting started: 3539
attempting file: 3539
going for SLCH006 61
data loaded: SLCH006 61
MISMATCH WITH ZACH COORDINATES!!!
HFB already done

chan =

     1

Elapsed time is 241.081619 seconds.

chan =

     2

Elapsed time is 253.500004 seconds.

chan =

     3

Elapsed time is 265.516312 seconds.

chan =

     4

Elapsed time is 263.959064 seconds.

chan =

     5

Elapsed time is 261.105089 seconds.

chan =

     6

Elapsed time is 261.807809 seconds.

chan =

     7

Elapsed time is 283.655694 seconds.

chan =

     8

Elapsed time is 284.041823 seconds.

chan =

     9

Elapsed time is 283.947632 seconds.

chan =

    10

Elapsed time is 281.896514 seconds.

chan =

    11

Elapsed time is 284.088792 seconds.

chan =

    12

Elapsed time is 283.147468 seconds.

chan =

    13

Elapsed time is 282.935975 seconds.

chan =

    14

Elapsed time is 282.334199 seconds.

chan =

    15

Elapsed time is 283.005032 seconds.

chan =

    16

Elapsed time is 283.835037 seconds.

chan =

    17

Elapsed time is 282.800051 seconds.

chan =

    18

Elapsed time is 285.304415 seconds.

chan =

    19

Elapsed time is 282.364361 seconds.

chan =

    20

Elapsed time is 283.494313 seconds.

chan =

    21

Elapsed time is 283.499225 seconds.

chan =

    22

Elapsed time is 279.722411 seconds.

chan =

    23

Elapsed time is 278.089945 seconds.

chan =

    24

Elapsed time is 281.934397 seconds.

chan =

    25

Elapsed time is 281.504308 seconds.

chan =

    26

Elapsed time is 264.546915 seconds.

chan =

    27

Elapsed time is 277.357265 seconds.

chan =

    28

Elapsed time is 261.058099 seconds.

chan =

    29

Elapsed time is 274.396550 seconds.

chan =

    30

Elapsed time is 266.680322 seconds.

chan =

    31

Elapsed time is 267.902098 seconds.

chan =

    32

Elapsed time is 263.473285 seconds.

chan =

    33

Elapsed time is 255.565260 seconds.

chan =

    34

Elapsed time is 258.848579 seconds.

chan =

    35

Elapsed time is 272.510449 seconds.

chan =

    36

Elapsed time is 276.808515 seconds.

chan =

    37

Elapsed time is 270.374913 seconds.

chan =

    38

Elapsed time is 267.394964 seconds.

chan =

    39

Elapsed time is 280.689229 seconds.

chan =

    40

Elapsed time is 275.663896 seconds.

chan =

    41

Elapsed time is 275.577652 seconds.

chan =

    42

Elapsed time is 275.926180 seconds.

chan =

    43

Elapsed time is 280.761737 seconds.

chan =

    44

Elapsed time is 276.385492 seconds.

chan =

    45

Elapsed time is 274.803451 seconds.

chan =

    46

Elapsed time is 267.614543 seconds.

chan =

    47

Elapsed time is 263.288284 seconds.

chan =

    48

Elapsed time is 321.611926 seconds.

chan =

    49

Elapsed time is 339.077038 seconds.

chan =

    50

Elapsed time is 336.292266 seconds.

chan =

    51

Elapsed time is 339.742506 seconds.

chan =

    52

Elapsed time is 336.747664 seconds.

chan =

    53

Elapsed time is 333.473872 seconds.

chan =

    54

Elapsed time is 336.178968 seconds.

chan =

    55

Elapsed time is 339.021334 seconds.

chan =

    56

Elapsed time is 335.175682 seconds.

chan =

    57

Elapsed time is 338.264556 seconds.

chan =

    58

Elapsed time is 331.195595 seconds.

chan =

    59

Elapsed time is 339.379492 seconds.

chan =

    60

Elapsed time is 336.483195 seconds.

chan =

    61

Elapsed time is 333.165197 seconds.

chan =

    62

Elapsed time is 334.681851 seconds.

chan =

    63

Elapsed time is 326.865351 seconds.

chan =

    64

Elapsed time is 329.332944 seconds.

chan =

    65

Elapsed time is 328.546051 seconds.

chan =

    66

Elapsed time is 336.251406 seconds.

chan =

    67

Elapsed time is 332.177531 seconds.

chan =

    68

Elapsed time is 326.017835 seconds.

chan =

    69

Elapsed time is 336.073642 seconds.

chan =

    70

Elapsed time is 337.250166 seconds.

chan =

    71

Elapsed time is 338.360716 seconds.

chan =

    72

Elapsed time is 335.719434 seconds.

chan =

    73

Elapsed time is 330.134434 seconds.

chan =

    74

Elapsed time is 337.315510 seconds.

chan =

    75

Elapsed time is 336.494054 seconds.

chan =

    76

Elapsed time is 334.977031 seconds.

chan =

    77

Elapsed time is 331.869689 seconds.

chan =

    78

Elapsed time is 331.401889 seconds.

chan =

    79

Elapsed time is 335.007667 seconds.

chan =

    80

Elapsed time is 332.475794 seconds.

chan =

    81

Elapsed time is 337.095686 seconds.

chan =

    82

Elapsed time is 332.358005 seconds.

chan =

    83

Elapsed time is 339.156171 seconds.

chan =

    84

Elapsed time is 333.357167 seconds.

chan =

    85

Elapsed time is 335.156538 seconds.

chan =

    86

Elapsed time is 329.941800 seconds.

chan =

    87

Elapsed time is 332.376692 seconds.

chan =

    88

Elapsed time is 334.245474 seconds.

chan =

    89

Elapsed time is 336.930288 seconds.

chan =

    90

Elapsed time is 334.174634 seconds.

chan =

    91

Elapsed time is 329.763144 seconds.

chan =

    92

Elapsed time is 317.496361 seconds.

chan =

    93

Elapsed time is 313.910477 seconds.

chan =

    94

Elapsed time is 314.933098 seconds.

chan =

    95

Elapsed time is 313.598614 seconds.

chan =

    96

Elapsed time is 311.294938 seconds.

chan =

    97

Elapsed time is 314.243794 seconds.

chan =

    98

Elapsed time is 313.585940 seconds.

chan =

    99

Elapsed time is 313.628885 seconds.

chan =

   100

Elapsed time is 315.574802 seconds.

chan =

   101

Elapsed time is 310.184226 seconds.

chan =

   102

Elapsed time is 311.562543 seconds.

chan =

   103

Elapsed time is 315.247969 seconds.

chan =

   104

Elapsed time is 315.531638 seconds.

chan =

   105

Elapsed time is 315.991635 seconds.

chan =

   106

Elapsed time is 308.503766 seconds.

chan =

   107

Elapsed time is 327.143205 seconds.

chan =

   108

Elapsed time is 324.728569 seconds.

chan =

   109

Elapsed time is 321.237098 seconds.

chan =

   110

Elapsed time is 317.747223 seconds.

chan =

   111

Elapsed time is 320.716913 seconds.

chan =

   112

Elapsed time is 318.434207 seconds.

chan =

   113

Elapsed time is 321.608686 seconds.

chan =

   114

Elapsed time is 317.916742 seconds.

chan =

   115

Elapsed time is 320.163606 seconds.

chan =

   116

Elapsed time is 317.673356 seconds.
attempting saving
save success: /projects/p31578/dtf8829/QuestConnect/CHANDAT/chanDat_SLCH006_061.mat
working on TF
encoding done
encoding RT done
retrieval 1 done
retrieval 2 done
attempting saving
save success: /projects/p31578/dtf8829/QuestConnect/CHANDAT/chanDat_SLCH006_061.mat
working on ISPC
channel: 1 took 0 minutes
channel: 2 took 0 minutes
channel: 3 took 0 minutes
channel: 4 took 0 minutes
channel: 5 took 0 minutes
channel: 6 took 0 minutes
channel: 7 took 0 minutes
channel: 8 took 0 minutes
channel: 9 took 0 minutes
channel: 10 took 0 minutes
channel: 11 took 0 minutes
channel: 12 took 0 minutes
channel: 13 took 0 minutes
channel: 14 took 0 minutes
channel: 15 took 0 minutes
channel: 16 took 0 minutes
channel: 17 took 0 minutes
channel: 18 took 0 minutes
channel: 19 took 0 minutes
channel: 20 took 0 minutes
channel: 21 took 0 minutes
channel: 22 took 0 minutes
channel: 23 took 0 minutes
channel: 24 took 0 minutes
channel: 25 took 0 minutes
channel: 26 took 0 minutes
channel: 27 took 0 minutes
channel: 28 took 0 minutes
channel: 29 took 0 minutes
channel: 30 took 0 minutes
channel: 31 took 0 minutes
channel: 32 took 0 minutes
channel: 33 took 0 minutes
channel: 34 took 0 minutes
channel: 35 took 0 minutes
channel: 36 took 0 minutes
channel: 37 took 0 minutes
channel: 38 took 0 minutes
channel: 39 took 0 minutes
channel: 40 took 0 minutes
channel: 41 took 0 minutes
channel: 42 took 0 minutes
channel: 43 took 0 minutes
channel: 44 took 0 minutes
channel: 45 took 0 minutes
channel: 46 took 0 minutes
channel: 47 took 0 minutes
channel: 48 took 0 minutes
channel: 49 took 0 minutes
channel: 50 took 0 minutes
channel: 51 took 0 minutes
channel: 52 took 0 minutes
channel: 53 took 0 minutes
channel: 54 took 0 minutes
channel: 55 took 0 minutes
channel: 56 took 0 minutes
channel: 57 took 0 minutes
channel: 58 took 0 minutes
channel: 59 took 0 minutes
channel: 60 took 0 minutes
channel: 61 took 0 minutes
channel: 62 took 5.1 minutes
channel: 63 took 4.9 minutes
channel: 64 took 4.9 minutes
channel: 65 took 4.9 minutes
channel: 66 took 4.9 minutes
channel: 67 took 4.8 minutes
channel: 68 took 4.9 minutes
channel: 69 took 4.9 minutes
channel: 70 took 4.9 minutes
channel: 71 took 4.9 minutes
channel: 72 took 4.9 minutes
channel: 73 took 4.9 minutes
channel: 74 took 4.9 minutes
channel: 75 took 4.9 minutes
channel: 76 took 4.9 minutes
channel: 77 took 4.9 minutes
channel: 78 took 4.9 minutes
channel: 79 took 4.9 minutes
channel: 80 took 4.9 minutes
channel: 81 took 4.9 minutes
channel: 82 took 5 minutes
channel: 83 took 5 minutes
channel: 84 took 5 minutes
channel: 85 took 5 minutes
channel: 86 took 5 minutes
channel: 87 took 5 minutes
channel: 88 took 4.9 minutes
channel: 89 took 5 minutes
channel: 90 took 5 minutes
channel: 91 took 5 minutes
channel: 92 took 4.9 minutes
channel: 93 took 4.9 minutes
channel: 94 took 4.9 minutes
channel: 95 took 4.9 minutes
channel: 96 took 4.9 minutes
channel: 97 took 4.9 minutes
channel: 98 took 4.9 minutes
channel: 99 took 4.9 minutes
channel: 100 took 4.9 minutes
channel: 101 took 4.9 minutes
channel: 102 took 4.9 minutes
channel: 103 took 4.9 minutes
channel: 104 took 4.9 minutes
channel: 105 took 4.9 minutes
channel: 106 took 4.9 minutes
channel: 107 took 4.9 minutes
channel: 108 took 4.9 minutes
channel: 109 took 4.9 minutes
channel: 110 took 4.9 minutes
channel: 111 took 4.9 minutes
channel: 112 took 4.9 minutes
channel: 113 took 4.9 minutes
channel: 114 took 4.9 minutes
channel: 115 took 4.9 minutes
channel: 116 took 4.7 minutes
attempting saving
save success: /projects/p31578/dtf8829/QuestConnect/CHANDAT/chanDat_SLCH006_061.mat
Elapsed time is 287.506229 seconds.
