getting started: 3558
attempting file: 3558
going for SLCH006 80
data loaded: SLCH006 80
MISMATCH WITH ZACH COORDINATES!!!
HFB already done

chan =

     1

Elapsed time is 200.784531 seconds.

chan =

     2

Elapsed time is 198.301843 seconds.

chan =

     3

Elapsed time is 203.368985 seconds.

chan =

     4

Elapsed time is 200.703499 seconds.

chan =

     5

Elapsed time is 203.209292 seconds.

chan =

     6

Elapsed time is 201.044449 seconds.

chan =

     7

Elapsed time is 201.944640 seconds.

chan =

     8

Elapsed time is 198.835513 seconds.

chan =

     9

Elapsed time is 196.767664 seconds.

chan =

    10

Elapsed time is 200.371052 seconds.

chan =

    11

Elapsed time is 198.687729 seconds.

chan =

    12

Elapsed time is 197.808011 seconds.

chan =

    13

Elapsed time is 196.969446 seconds.

chan =

    14

Elapsed time is 196.765397 seconds.

chan =

    15

Elapsed time is 196.506507 seconds.

chan =

    16

Elapsed time is 194.899106 seconds.

chan =

    17

Elapsed time is 195.886691 seconds.

chan =

    18

Elapsed time is 195.347724 seconds.

chan =

    19

Elapsed time is 193.813394 seconds.

chan =

    20

Elapsed time is 191.342833 seconds.

chan =

    21

Elapsed time is 194.468024 seconds.

chan =

    22

Elapsed time is 192.206754 seconds.

chan =

    23

Elapsed time is 191.519231 seconds.

chan =

    24

Elapsed time is 193.142091 seconds.

chan =

    25

Elapsed time is 195.460579 seconds.

chan =

    26

Elapsed time is 195.949180 seconds.

chan =

    27

Elapsed time is 195.957883 seconds.

chan =

    28

Elapsed time is 194.831439 seconds.

chan =

    29

Elapsed time is 194.138965 seconds.

chan =

    30

Elapsed time is 219.539763 seconds.

chan =

    31

Elapsed time is 220.989635 seconds.

chan =

    32

Elapsed time is 217.860374 seconds.

chan =

    33

Elapsed time is 219.324933 seconds.

chan =

    34

Elapsed time is 218.352753 seconds.

chan =

    35

Elapsed time is 219.556278 seconds.

chan =

    36

Elapsed time is 217.873835 seconds.

chan =

    37

Elapsed time is 224.592129 seconds.

chan =

    38

Elapsed time is 226.797072 seconds.

chan =

    39

Elapsed time is 218.999925 seconds.

chan =

    40

Elapsed time is 221.299775 seconds.

chan =

    41

Elapsed time is 221.493065 seconds.

chan =

    42

Elapsed time is 218.875995 seconds.

chan =

    43

Elapsed time is 215.295536 seconds.

chan =

    44

Elapsed time is 223.917420 seconds.

chan =

    45

Elapsed time is 226.733827 seconds.

chan =

    46

Elapsed time is 218.928839 seconds.

chan =

    47

Elapsed time is 222.200079 seconds.

chan =

    48

Elapsed time is 221.164544 seconds.

chan =

    49

Elapsed time is 221.403955 seconds.

chan =

    50

Elapsed time is 222.246316 seconds.

chan =

    51

Elapsed time is 224.323111 seconds.

chan =

    52

Elapsed time is 227.707655 seconds.

chan =

    53

Elapsed time is 221.922847 seconds.

chan =

    54

Elapsed time is 218.722844 seconds.

chan =

    55

Elapsed time is 220.960801 seconds.

chan =

    56

Elapsed time is 218.808982 seconds.

chan =

    57

Elapsed time is 212.831383 seconds.

chan =

    58

Elapsed time is 193.958352 seconds.

chan =

    59

Elapsed time is 195.344503 seconds.

chan =

    60

Elapsed time is 191.165000 seconds.

chan =

    61

Elapsed time is 191.410329 seconds.

chan =

    62

Elapsed time is 192.576575 seconds.

chan =

    63

Elapsed time is 194.508505 seconds.

chan =

    64

Elapsed time is 221.421442 seconds.

chan =

    65

Elapsed time is 214.387332 seconds.

chan =

    66

Elapsed time is 224.964733 seconds.

chan =

    67

Elapsed time is 221.046931 seconds.

chan =

    68

Elapsed time is 221.175895 seconds.

chan =

    69

Elapsed time is 223.234911 seconds.

chan =

    70

Elapsed time is 213.795546 seconds.

chan =

    71

Elapsed time is 192.531074 seconds.

chan =

    72

Elapsed time is 193.791235 seconds.

chan =

    73

Elapsed time is 193.907820 seconds.

chan =

    74

Elapsed time is 196.656077 seconds.

chan =

    75

Elapsed time is 198.137634 seconds.

chan =

    76

Elapsed time is 196.101233 seconds.

chan =

    77

Elapsed time is 192.757301 seconds.

chan =

    78

Elapsed time is 194.835340 seconds.

chan =

    79

Elapsed time is 194.158468 seconds.

chan =

    80

Elapsed time is 194.902029 seconds.

chan =

    81

Elapsed time is 195.806493 seconds.

chan =

    82

Elapsed time is 194.418821 seconds.

chan =

    83

Elapsed time is 196.232163 seconds.

chan =

    84

Elapsed time is 194.071435 seconds.

chan =

    85

Elapsed time is 196.493729 seconds.

chan =

    86

Elapsed time is 192.956613 seconds.

chan =

    87

Elapsed time is 196.320395 seconds.

chan =

    88

Elapsed time is 194.614029 seconds.

chan =

    89

Elapsed time is 197.626254 seconds.

chan =

    90

Elapsed time is 197.179588 seconds.

chan =

    91

Elapsed time is 198.066089 seconds.

chan =

    92

Elapsed time is 195.708053 seconds.

chan =

    93

Elapsed time is 198.436291 seconds.

chan =

    94

Elapsed time is 199.182794 seconds.

chan =

    95

Elapsed time is 197.518371 seconds.

chan =

    96

Elapsed time is 195.967064 seconds.

chan =

    97

Elapsed time is 195.102716 seconds.

chan =

    98

Elapsed time is 196.285078 seconds.

chan =

    99

Elapsed time is 199.186436 seconds.

chan =

   100

Elapsed time is 200.030556 seconds.

chan =

   101

Elapsed time is 198.146223 seconds.

chan =

   102

Elapsed time is 200.285654 seconds.

chan =

   103

Elapsed time is 199.665976 seconds.

chan =

   104

Elapsed time is 200.182772 seconds.

chan =

   105

Elapsed time is 202.971225 seconds.

chan =

   106

Elapsed time is 217.577977 seconds.

chan =

   107

Elapsed time is 219.661920 seconds.

chan =

   108

Elapsed time is 215.921664 seconds.

chan =

   109

Elapsed time is 221.191884 seconds.

chan =

   110

Elapsed time is 214.987571 seconds.

chan =

   111

Elapsed time is 208.365875 seconds.

chan =

   112

Elapsed time is 217.628483 seconds.

chan =

   113

Elapsed time is 221.325781 seconds.

chan =

   114

Elapsed time is 220.242152 seconds.

chan =

   115

Elapsed time is 215.731999 seconds.

chan =

   116

Elapsed time is 197.182392 seconds.
attempting saving
save success: /projects/p31578/dtf8829/QuestConnect/CHANDAT/chanDat_SLCH006_080.mat
working on TF
encoding done
encoding RT done
retrieval 1 done
retrieval 2 done
attempting saving
save success: /projects/p31578/dtf8829/QuestConnect/CHANDAT/chanDat_SLCH006_080.mat
working on ISPC
channel: 1 took 0 minutes
channel: 2 took 0 minutes
channel: 3 took 0 minutes
channel: 4 took 0 minutes
channel: 5 took 0 minutes
channel: 6 took 0 minutes
channel: 7 took 0 minutes
channel: 8 took 0 minutes
channel: 9 took 0 minutes
channel: 10 took 0 minutes
channel: 11 took 0 minutes
channel: 12 took 0 minutes
channel: 13 took 0 minutes
channel: 14 took 0 minutes
channel: 15 took 0 minutes
channel: 16 took 0 minutes
channel: 17 took 0 minutes
channel: 18 took 0 minutes
channel: 19 took 0 minutes
channel: 20 took 0 minutes
channel: 21 took 0 minutes
channel: 22 took 0 minutes
channel: 23 took 0 minutes
channel: 24 took 0 minutes
channel: 25 took 0 minutes
channel: 26 took 0 minutes
channel: 27 took 0 minutes
channel: 28 took 0 minutes
channel: 29 took 0 minutes
channel: 30 took 0 minutes
channel: 31 took 0 minutes
channel: 32 took 0 minutes
channel: 33 took 0 minutes
channel: 34 took 0 minutes
channel: 35 took 0 minutes
channel: 36 took 0 minutes
channel: 37 took 0 minutes
channel: 38 took 0 minutes
channel: 39 took 0 minutes
channel: 40 took 0 minutes
channel: 41 took 0 minutes
channel: 42 took 0 minutes
channel: 43 took 0 minutes
channel: 44 took 0 minutes
channel: 45 took 0 minutes
channel: 46 took 0 minutes
channel: 47 took 0 minutes
channel: 48 took 0 minutes
channel: 49 took 0 minutes
channel: 50 took 0 minutes
channel: 51 took 0 minutes
channel: 52 took 0 minutes
channel: 53 took 0 minutes
channel: 54 took 0 minutes
channel: 55 took 0 minutes
channel: 56 took 0 minutes
channel: 57 took 0 minutes
channel: 58 took 0 minutes
channel: 59 took 0 minutes
channel: 60 took 0 minutes
channel: 61 took 0 minutes
channel: 62 took 0 minutes
channel: 63 took 0 minutes
channel: 64 took 0 minutes
channel: 65 took 0 minutes
channel: 66 took 0 minutes
channel: 67 took 0 minutes
channel: 68 took 0 minutes
channel: 69 took 0 minutes
channel: 70 took 0 minutes
channel: 71 took 0 minutes
channel: 72 took 0 minutes
channel: 73 took 0 minutes
channel: 74 took 0 minutes
channel: 75 took 0 minutes
channel: 76 took 0 minutes
channel: 77 took 0 minutes
channel: 78 took 0 minutes
channel: 79 took 0 minutes
channel: 80 took 0 minutes
channel: 81 took 4 minutes
channel: 82 took 4 minutes
channel: 83 took 4 minutes
channel: 84 took 4 minutes
channel: 85 took 3.7 minutes
channel: 86 took 4 minutes
channel: 87 took 4 minutes
channel: 88 took 4 minutes
channel: 89 took 4 minutes
channel: 90 took 3.8 minutes
channel: 91 took 4 minutes
channel: 92 took 4 minutes
channel: 93 took 4 minutes
channel: 94 took 4 minutes
channel: 95 took 3.8 minutes
channel: 96 took 4 minutes
channel: 97 took 4 minutes
channel: 98 took 4 minutes
channel: 99 took 4 minutes
channel: 100 took 3.7 minutes
channel: 101 took 4 minutes
channel: 102 took 4 minutes
channel: 103 took 4 minutes
channel: 104 took 4 minutes
channel: 105 took 3.8 minutes
channel: 106 took 3.6 minutes
channel: 107 took 4 minutes
channel: 108 took 4.1 minutes
channel: 109 took 4 minutes
channel: 110 took 4 minutes
channel: 111 took 3.9 minutes
channel: 112 took 4 minutes
channel: 113 took 4 minutes
channel: 114 took 4 minutes
channel: 115 took 3.9 minutes
channel: 116 took 3.6 minutes
attempting saving
save success: /projects/p31578/dtf8829/QuestConnect/CHANDAT/chanDat_SLCH006_080.mat
Elapsed time is 220.162898 seconds.
