getting started: 3543
attempting file: 3543
going for SLCH006 65
data loaded: SLCH006 65
MISMATCH WITH ZACH COORDINATES!!!
HFB already done

chan =

     1

Elapsed time is 286.861969 seconds.

chan =

     2

Elapsed time is 275.890748 seconds.

chan =

     3

Elapsed time is 273.412143 seconds.

chan =

     4

Elapsed time is 273.339162 seconds.

chan =

     5

Elapsed time is 271.150885 seconds.

chan =

     6

Elapsed time is 254.381367 seconds.

chan =

     7

Elapsed time is 242.360918 seconds.

chan =

     8

Elapsed time is 236.014778 seconds.

chan =

     9

Elapsed time is 272.057192 seconds.

chan =

    10

Elapsed time is 278.553468 seconds.

chan =

    11

Elapsed time is 275.505136 seconds.

chan =

    12

Elapsed time is 276.608518 seconds.

chan =

    13

Elapsed time is 276.918747 seconds.

chan =

    14

Elapsed time is 276.808331 seconds.

chan =

    15

Elapsed time is 278.422546 seconds.

chan =

    16

Elapsed time is 275.992105 seconds.

chan =

    17

Elapsed time is 274.863881 seconds.

chan =

    18

Elapsed time is 276.244023 seconds.

chan =

    19

Elapsed time is 276.852076 seconds.

chan =

    20

Elapsed time is 277.667646 seconds.

chan =

    21

Elapsed time is 278.819425 seconds.

chan =

    22

Elapsed time is 279.968576 seconds.

chan =

    23

Elapsed time is 278.427857 seconds.

chan =

    24

Elapsed time is 281.064943 seconds.

chan =

    25

Elapsed time is 280.566005 seconds.

chan =

    26

Elapsed time is 278.072545 seconds.

chan =

    27

Elapsed time is 274.793424 seconds.

chan =

    28

Elapsed time is 271.635341 seconds.

chan =

    29

Elapsed time is 271.178982 seconds.

chan =

    30

Elapsed time is 271.008288 seconds.

chan =

    31

Elapsed time is 269.393816 seconds.

chan =

    32

Elapsed time is 271.745447 seconds.

chan =

    33

Elapsed time is 269.077076 seconds.

chan =

    34

Elapsed time is 271.064709 seconds.

chan =

    35

Elapsed time is 271.801034 seconds.

chan =

    36

Elapsed time is 273.527685 seconds.

chan =

    37

Elapsed time is 273.577263 seconds.

chan =

    38

Elapsed time is 274.454951 seconds.

chan =

    39

Elapsed time is 275.717951 seconds.

chan =

    40

Elapsed time is 273.118043 seconds.

chan =

    41

Elapsed time is 274.716385 seconds.

chan =

    42

Elapsed time is 271.282103 seconds.

chan =

    43

Elapsed time is 270.539304 seconds.

chan =

    44

Elapsed time is 273.510202 seconds.

chan =

    45

Elapsed time is 270.306982 seconds.

chan =

    46

Elapsed time is 271.962269 seconds.

chan =

    47

Elapsed time is 270.026690 seconds.

chan =

    48

Elapsed time is 270.960734 seconds.

chan =

    49

Elapsed time is 268.724346 seconds.

chan =

    50

Elapsed time is 266.821231 seconds.

chan =

    51

Elapsed time is 267.929406 seconds.

chan =

    52

Elapsed time is 267.403703 seconds.

chan =

    53

Elapsed time is 267.754047 seconds.

chan =

    54

Elapsed time is 268.412082 seconds.

chan =

    55

Elapsed time is 268.718908 seconds.

chan =

    56

Elapsed time is 266.879700 seconds.

chan =

    57

Elapsed time is 267.859704 seconds.

chan =

    58

Elapsed time is 266.935980 seconds.

chan =

    59

Elapsed time is 267.828263 seconds.

chan =

    60

Elapsed time is 267.492980 seconds.

chan =

    61

Elapsed time is 267.253654 seconds.

chan =

    62

Elapsed time is 268.727112 seconds.

chan =

    63

Elapsed time is 267.152344 seconds.

chan =

    64

Elapsed time is 267.965553 seconds.

chan =

    65

Elapsed time is 266.458672 seconds.

chan =

    66

Elapsed time is 270.642255 seconds.

chan =

    67

Elapsed time is 267.704884 seconds.

chan =

    68

Elapsed time is 270.166296 seconds.

chan =

    69

Elapsed time is 267.739381 seconds.

chan =

    70

Elapsed time is 268.592761 seconds.

chan =

    71

Elapsed time is 267.609884 seconds.

chan =

    72

Elapsed time is 265.380029 seconds.

chan =

    73

Elapsed time is 265.347571 seconds.

chan =

    74

Elapsed time is 265.158995 seconds.

chan =

    75

Elapsed time is 265.172583 seconds.

chan =

    76

Elapsed time is 265.245906 seconds.

chan =

    77

Elapsed time is 263.801139 seconds.

chan =

    78

Elapsed time is 263.425044 seconds.

chan =

    79

Elapsed time is 266.898312 seconds.

chan =

    80

Elapsed time is 270.829510 seconds.

chan =

    81

Elapsed time is 269.496375 seconds.

chan =

    82

Elapsed time is 270.044778 seconds.

chan =

    83

Elapsed time is 268.347664 seconds.

chan =

    84

Elapsed time is 267.803744 seconds.

chan =

    85

Elapsed time is 267.592811 seconds.

chan =

    86

Elapsed time is 269.230424 seconds.

chan =

    87

Elapsed time is 267.865902 seconds.

chan =

    88

Elapsed time is 268.018924 seconds.

chan =

    89

Elapsed time is 267.560068 seconds.

chan =

    90

Elapsed time is 267.934779 seconds.

chan =

    91

Elapsed time is 266.891459 seconds.

chan =

    92

Elapsed time is 267.860769 seconds.

chan =

    93

Elapsed time is 267.538849 seconds.

chan =

    94

Elapsed time is 269.216612 seconds.

chan =

    95

Elapsed time is 268.631947 seconds.

chan =

    96

Elapsed time is 269.934010 seconds.

chan =

    97

Elapsed time is 268.631050 seconds.

chan =

    98

Elapsed time is 269.018629 seconds.

chan =

    99

Elapsed time is 268.633011 seconds.

chan =

   100

Elapsed time is 269.272978 seconds.

chan =

   101

Elapsed time is 270.016735 seconds.

chan =

   102

Elapsed time is 269.768510 seconds.

chan =

   103

Elapsed time is 267.759883 seconds.

chan =

   104

Elapsed time is 267.072682 seconds.

chan =

   105

Elapsed time is 266.256261 seconds.

chan =

   106

Elapsed time is 264.801968 seconds.

chan =

   107

Elapsed time is 269.632594 seconds.

chan =

   108

Elapsed time is 265.481292 seconds.

chan =

   109

Elapsed time is 266.954737 seconds.

chan =

   110

Elapsed time is 267.980800 seconds.

chan =

   111

Elapsed time is 266.451177 seconds.

chan =

   112

Elapsed time is 268.196650 seconds.

chan =

   113

Elapsed time is 267.599807 seconds.

chan =

   114

Elapsed time is 265.911787 seconds.

chan =

   115

Elapsed time is 262.832190 seconds.

chan =

   116

Elapsed time is 255.936527 seconds.
attempting saving
save success: /projects/p31578/dtf8829/QuestConnect/CHANDAT/chanDat_SLCH006_065.mat
working on TF
encoding done
encoding RT done
retrieval 1 done
retrieval 2 done
attempting saving
save success: /projects/p31578/dtf8829/QuestConnect/CHANDAT/chanDat_SLCH006_065.mat
working on ISPC
channel: 1 took 0 minutes
channel: 2 took 0 minutes
channel: 3 took 0 minutes
channel: 4 took 0 minutes
channel: 5 took 0 minutes
channel: 6 took 0 minutes
channel: 7 took 0 minutes
channel: 8 took 0 minutes
channel: 9 took 0 minutes
channel: 10 took 0 minutes
channel: 11 took 0 minutes
channel: 12 took 0 minutes
channel: 13 took 0 minutes
channel: 14 took 0 minutes
channel: 15 took 0 minutes
channel: 16 took 0 minutes
channel: 17 took 0 minutes
channel: 18 took 0 minutes
channel: 19 took 0 minutes
channel: 20 took 0 minutes
channel: 21 took 0 minutes
channel: 22 took 0 minutes
channel: 23 took 0 minutes
channel: 24 took 0 minutes
channel: 25 took 0 minutes
channel: 26 took 0 minutes
channel: 27 took 0 minutes
channel: 28 took 0 minutes
channel: 29 took 0 minutes
channel: 30 took 0 minutes
channel: 31 took 0 minutes
channel: 32 took 0 minutes
channel: 33 took 0 minutes
channel: 34 took 0 minutes
channel: 35 took 0 minutes
channel: 36 took 0 minutes
channel: 37 took 0 minutes
channel: 38 took 0 minutes
channel: 39 took 0 minutes
channel: 40 took 0 minutes
channel: 41 took 0 minutes
channel: 42 took 0 minutes
channel: 43 took 0 minutes
channel: 44 took 0 minutes
channel: 45 took 0 minutes
channel: 46 took 0 minutes
channel: 47 took 0 minutes
channel: 48 took 0 minutes
channel: 49 took 0 minutes
channel: 50 took 0 minutes
channel: 51 took 0 minutes
channel: 52 took 0 minutes
channel: 53 took 0 minutes
channel: 54 took 0 minutes
channel: 55 took 0 minutes
channel: 56 took 0 minutes
channel: 57 took 0 minutes
channel: 58 took 0 minutes
channel: 59 took 0 minutes
channel: 60 took 0 minutes
channel: 61 took 0 minutes
channel: 62 took 0 minutes
channel: 63 took 0 minutes
channel: 64 took 0 minutes
channel: 65 took 0 minutes
channel: 66 took 5 minutes
channel: 67 took 5 minutes
channel: 68 took 5 minutes
channel: 69 took 5 minutes
channel: 70 took 5 minutes
channel: 71 took 5 minutes
channel: 72 took 5 minutes
channel: 73 took 5 minutes
channel: 74 took 5 minutes
channel: 75 took 5 minutes
channel: 76 took 5 minutes
channel: 77 took 5 minutes
channel: 78 took 5 minutes
channel: 79 took 5 minutes
channel: 80 took 5 minutes
channel: 81 took 5 minutes
channel: 82 took 5 minutes
channel: 83 took 5 minutes
channel: 84 took 5 minutes
channel: 85 took 5 minutes
channel: 86 took 5 minutes
channel: 87 took 5 minutes
channel: 88 took 5 minutes
channel: 89 took 5 minutes
channel: 90 took 5 minutes
channel: 91 took 5 minutes
channel: 92 took 5 minutes
channel: 93 took 5 minutes
channel: 94 took 5 minutes
channel: 95 took 5 minutes
channel: 96 took 5 minutes
channel: 97 took 5 minutes
channel: 98 took 5 minutes
channel: 99 took 5 minutes
channel: 100 took 5 minutes
channel: 101 took 5 minutes
channel: 102 took 5 minutes
channel: 103 took 5 minutes
channel: 104 took 5 minutes
channel: 105 took 5 minutes
channel: 106 took 5 minutes
channel: 107 took 5 minutes
channel: 108 took 4.9 minutes
channel: 109 took 4.9 minutes
channel: 110 took 4.9 minutes
channel: 111 took 4.9 minutes
channel: 112 took 4.9 minutes
channel: 113 took 4.9 minutes
channel: 114 took 4.9 minutes
channel: 115 took 4.9 minutes
channel: 116 took 4.8 minutes
attempting saving
save success: /projects/p31578/dtf8829/QuestConnect/CHANDAT/chanDat_SLCH006_065.mat
Elapsed time is 292.593391 seconds.
