getting started: 3556
attempting file: 3556
going for SLCH006 78
data loaded: SLCH006 78
MISMATCH WITH ZACH COORDINATES!!!
HFB already done

chan =

     1

Elapsed time is 209.049300 seconds.

chan =

     2

Elapsed time is 219.787364 seconds.

chan =

     3

Elapsed time is 221.540162 seconds.

chan =

     4

Elapsed time is 217.353727 seconds.

chan =

     5

Elapsed time is 217.626810 seconds.

chan =

     6

Elapsed time is 217.796006 seconds.

chan =

     7

Elapsed time is 218.683503 seconds.

chan =

     8

Elapsed time is 217.731687 seconds.

chan =

     9

Elapsed time is 214.164038 seconds.

chan =

    10

Elapsed time is 216.973576 seconds.

chan =

    11

Elapsed time is 215.236371 seconds.

chan =

    12

Elapsed time is 217.732176 seconds.

chan =

    13

Elapsed time is 211.017254 seconds.

chan =

    14

Elapsed time is 213.921185 seconds.

chan =

    15

Elapsed time is 218.326592 seconds.

chan =

    16

Elapsed time is 218.440433 seconds.

chan =

    17

Elapsed time is 216.071848 seconds.

chan =

    18

Elapsed time is 217.470378 seconds.

chan =

    19

Elapsed time is 212.210568 seconds.

chan =

    20

Elapsed time is 213.876644 seconds.

chan =

    21

Elapsed time is 216.969907 seconds.

chan =

    22

Elapsed time is 216.540297 seconds.

chan =

    23

Elapsed time is 215.306229 seconds.

chan =

    24

Elapsed time is 219.578623 seconds.

chan =

    25

Elapsed time is 216.844478 seconds.

chan =

    26

Elapsed time is 215.030209 seconds.

chan =

    27

Elapsed time is 219.844687 seconds.

chan =

    28

Elapsed time is 215.522173 seconds.

chan =

    29

Elapsed time is 216.015718 seconds.

chan =

    30

Elapsed time is 216.944522 seconds.

chan =

    31

Elapsed time is 206.490514 seconds.

chan =

    32

Elapsed time is 213.233261 seconds.

chan =

    33

Elapsed time is 214.800996 seconds.

chan =

    34

Elapsed time is 218.757559 seconds.

chan =

    35

Elapsed time is 215.032084 seconds.

chan =

    36

Elapsed time is 216.620285 seconds.

chan =

    37

Elapsed time is 214.704965 seconds.

chan =

    38

Elapsed time is 213.519042 seconds.

chan =

    39

Elapsed time is 206.953862 seconds.

chan =

    40

Elapsed time is 215.697133 seconds.

chan =

    41

Elapsed time is 213.561588 seconds.

chan =

    42

Elapsed time is 211.177747 seconds.

chan =

    43

Elapsed time is 208.972927 seconds.

chan =

    44

Elapsed time is 215.030475 seconds.

chan =

    45

Elapsed time is 206.073209 seconds.

chan =

    46

Elapsed time is 213.284855 seconds.

chan =

    47

Elapsed time is 209.304189 seconds.

chan =

    48

Elapsed time is 215.707105 seconds.

chan =

    49

Elapsed time is 218.995160 seconds.

chan =

    50

Elapsed time is 213.532472 seconds.

chan =

    51

Elapsed time is 211.523609 seconds.

chan =

    52

Elapsed time is 213.949605 seconds.

chan =

    53

Elapsed time is 207.486549 seconds.

chan =

    54

Elapsed time is 213.852216 seconds.

chan =

    55

Elapsed time is 213.846256 seconds.

chan =

    56

Elapsed time is 211.455126 seconds.

chan =

    57

Elapsed time is 211.891789 seconds.

chan =

    58

Elapsed time is 213.070857 seconds.

chan =

    59

Elapsed time is 212.544515 seconds.

chan =

    60

Elapsed time is 211.064236 seconds.

chan =

    61

Elapsed time is 211.637396 seconds.

chan =

    62

Elapsed time is 212.056191 seconds.

chan =

    63

Elapsed time is 230.429112 seconds.

chan =

    64

Elapsed time is 206.174279 seconds.

chan =

    65

Elapsed time is 247.538647 seconds.

chan =

    66

Elapsed time is 270.997993 seconds.

chan =

    67

Elapsed time is 227.571094 seconds.

chan =

    68

Elapsed time is 209.235022 seconds.

chan =

    69

Elapsed time is 197.486962 seconds.

chan =

    70

Elapsed time is 207.528059 seconds.

chan =

    71

Elapsed time is 219.136146 seconds.

chan =

    72

Elapsed time is 233.833220 seconds.

chan =

    73

Elapsed time is 224.953599 seconds.

chan =

    74

Elapsed time is 222.336719 seconds.

chan =

    75

Elapsed time is 277.616786 seconds.

chan =

    76

Elapsed time is 289.846068 seconds.

chan =

    77

Elapsed time is 280.372264 seconds.

chan =

    78

Elapsed time is 278.055202 seconds.

chan =

    79

Elapsed time is 273.975885 seconds.

chan =

    80

Elapsed time is 266.326419 seconds.

chan =

    81

Elapsed time is 274.484992 seconds.

chan =

    82

Elapsed time is 274.469678 seconds.

chan =

    83

Elapsed time is 279.641214 seconds.

chan =

    84

Elapsed time is 262.011622 seconds.

chan =

    85

Elapsed time is 260.025708 seconds.

chan =

    86

Elapsed time is 259.603813 seconds.

chan =

    87

Elapsed time is 257.855533 seconds.

chan =

    88

Elapsed time is 257.963504 seconds.

chan =

    89

Elapsed time is 256.858809 seconds.

chan =

    90

Elapsed time is 253.965385 seconds.

chan =

    91

Elapsed time is 257.063454 seconds.

chan =

    92

Elapsed time is 245.670114 seconds.

chan =

    93

Elapsed time is 245.949481 seconds.

chan =

    94

Elapsed time is 242.325086 seconds.

chan =

    95

Elapsed time is 230.182089 seconds.

chan =

    96

Elapsed time is 233.322905 seconds.

chan =

    97

Elapsed time is 234.043521 seconds.

chan =

    98

Elapsed time is 223.797857 seconds.

chan =

    99

Elapsed time is 213.584868 seconds.

chan =

   100

Elapsed time is 210.493495 seconds.

chan =

   101

Elapsed time is 211.301117 seconds.

chan =

   102

Elapsed time is 205.331168 seconds.

chan =

   103

Elapsed time is 203.259962 seconds.

chan =

   104

Elapsed time is 201.961329 seconds.

chan =

   105

Elapsed time is 199.288508 seconds.

chan =

   106

Elapsed time is 200.116878 seconds.

chan =

   107

Elapsed time is 199.896079 seconds.

chan =

   108

Elapsed time is 202.836511 seconds.

chan =

   109

Elapsed time is 206.685320 seconds.

chan =

   110

Elapsed time is 274.137356 seconds.

chan =

   111

Elapsed time is 280.675945 seconds.

chan =

   112

Elapsed time is 283.211478 seconds.

chan =

   113

Elapsed time is 282.009770 seconds.

chan =

   114

Elapsed time is 277.927089 seconds.

chan =

   115

Elapsed time is 277.679201 seconds.

chan =

   116

Elapsed time is 279.977749 seconds.
attempting saving
save success: /projects/p31578/dtf8829/QuestConnect/CHANDAT/chanDat_SLCH006_078.mat
working on TF
encoding done
encoding RT done
retrieval 1 done
retrieval 2 done
attempting saving
save success: /projects/p31578/dtf8829/QuestConnect/CHANDAT/chanDat_SLCH006_078.mat
working on ISPC
channel: 1 took 0 minutes
channel: 2 took 0 minutes
channel: 3 took 0 minutes
channel: 4 took 0 minutes
channel: 5 took 0 minutes
channel: 6 took 0 minutes
channel: 7 took 0 minutes
channel: 8 took 0 minutes
channel: 9 took 0 minutes
channel: 10 took 0 minutes
channel: 11 took 0 minutes
channel: 12 took 0 minutes
channel: 13 took 0 minutes
channel: 14 took 0 minutes
channel: 15 took 0 minutes
channel: 16 took 0 minutes
channel: 17 took 0 minutes
channel: 18 took 0 minutes
channel: 19 took 0 minutes
channel: 20 took 0 minutes
channel: 21 took 0 minutes
channel: 22 took 0 minutes
channel: 23 took 0 minutes
channel: 24 took 0 minutes
channel: 25 took 0 minutes
channel: 26 took 0 minutes
channel: 27 took 0 minutes
channel: 28 took 0 minutes
channel: 29 took 0 minutes
channel: 30 took 0 minutes
channel: 31 took 0 minutes
channel: 32 took 0 minutes
channel: 33 took 0 minutes
channel: 34 took 0 minutes
channel: 35 took 0 minutes
channel: 36 took 0 minutes
channel: 37 took 0 minutes
channel: 38 took 0 minutes
channel: 39 took 0 minutes
channel: 40 took 0 minutes
channel: 41 took 0 minutes
channel: 42 took 0 minutes
channel: 43 took 0 minutes
channel: 44 took 0 minutes
channel: 45 took 0 minutes
channel: 46 took 0 minutes
channel: 47 took 0 minutes
channel: 48 took 0 minutes
channel: 49 took 0 minutes
channel: 50 took 0 minutes
channel: 51 took 0 minutes
channel: 52 took 0 minutes
channel: 53 took 0 minutes
channel: 54 took 0 minutes
channel: 55 took 0 minutes
channel: 56 took 0 minutes
channel: 57 took 0 minutes
channel: 58 took 0 minutes
channel: 59 took 0 minutes
channel: 60 took 0 minutes
channel: 61 took 0 minutes
channel: 62 took 0 minutes
channel: 63 took 0 minutes
channel: 64 took 0 minutes
channel: 65 took 0 minutes
channel: 66 took 0 minutes
channel: 67 took 0 minutes
channel: 68 took 0 minutes
channel: 69 took 0 minutes
channel: 70 took 0 minutes
channel: 71 took 0 minutes
channel: 72 took 0 minutes
channel: 73 took 0 minutes
channel: 74 took 0 minutes
channel: 75 took 0 minutes
channel: 76 took 0 minutes
channel: 77 took 0 minutes
channel: 78 took 0 minutes
channel: 79 took 4.4 minutes
channel: 80 took 4.4 minutes
channel: 81 took 4.4 minutes
channel: 82 took 4.3 minutes
channel: 83 took 4.2 minutes
channel: 84 took 4.2 minutes
channel: 85 took 4.2 minutes
channel: 86 took 4.1 minutes
channel: 87 took 4.1 minutes
channel: 88 took 4.1 minutes
channel: 89 took 4.1 minutes
channel: 90 took 4 minutes
channel: 91 took 4 minutes
channel: 92 took 4 minutes
channel: 93 took 3.9 minutes
channel: 94 took 4 minutes
channel: 95 took 4 minutes
channel: 96 took 3.8 minutes
channel: 97 took 3.9 minutes
channel: 98 took 3.8 minutes
channel: 99 took 3.8 minutes
channel: 100 took 3.8 minutes
channel: 101 took 3.7 minutes
channel: 102 took 3.8 minutes
channel: 103 took 3.8 minutes
channel: 104 took 3.8 minutes
channel: 105 took 3.8 minutes
channel: 106 took 3.8 minutes
channel: 107 took 3.8 minutes
channel: 108 took 3.9 minutes
channel: 109 took 3.8 minutes
channel: 110 took 3.9 minutes
channel: 111 took 3.8 minutes
channel: 112 took 3.8 minutes
channel: 113 took 3.8 minutes
channel: 114 took 3.9 minutes
channel: 115 took 3.9 minutes
channel: 116 took 3.8 minutes
attempting saving
save success: /projects/p31578/dtf8829/QuestConnect/CHANDAT/chanDat_SLCH006_078.mat
Elapsed time is 232.722229 seconds.
