getting started: 3550
attempting file: 3550
going for SLCH006 72
data loaded: SLCH006 72
MISMATCH WITH ZACH COORDINATES!!!
HFB already done

chan =

     1

Elapsed time is 279.781984 seconds.

chan =

     2

Elapsed time is 276.118945 seconds.

chan =

     3

Elapsed time is 276.501877 seconds.

chan =

     4

Elapsed time is 275.058534 seconds.

chan =

     5

Elapsed time is 272.991934 seconds.

chan =

     6

Elapsed time is 270.931532 seconds.

chan =

     7

Elapsed time is 272.394677 seconds.

chan =

     8

Elapsed time is 268.421335 seconds.

chan =

     9

Elapsed time is 262.548672 seconds.

chan =

    10

Elapsed time is 260.983730 seconds.

chan =

    11

Elapsed time is 260.574975 seconds.

chan =

    12

Elapsed time is 260.196683 seconds.

chan =

    13

Elapsed time is 259.808285 seconds.

chan =

    14

Elapsed time is 261.188672 seconds.

chan =

    15

Elapsed time is 264.706546 seconds.

chan =

    16

Elapsed time is 262.821626 seconds.

chan =

    17

Elapsed time is 261.363695 seconds.

chan =

    18

Elapsed time is 262.225270 seconds.

chan =

    19

Elapsed time is 261.889617 seconds.

chan =

    20

Elapsed time is 260.439833 seconds.

chan =

    21

Elapsed time is 263.227401 seconds.

chan =

    22

Elapsed time is 271.599812 seconds.

chan =

    23

Elapsed time is 280.606453 seconds.

chan =

    24

Elapsed time is 283.833012 seconds.

chan =

    25

Elapsed time is 284.623628 seconds.

chan =

    26

Elapsed time is 280.601762 seconds.

chan =

    27

Elapsed time is 283.851914 seconds.

chan =

    28

Elapsed time is 282.897503 seconds.

chan =

    29

Elapsed time is 277.558886 seconds.

chan =

    30

Elapsed time is 275.744108 seconds.

chan =

    31

Elapsed time is 277.843998 seconds.

chan =

    32

Elapsed time is 275.846246 seconds.

chan =

    33

Elapsed time is 271.477562 seconds.

chan =

    34

Elapsed time is 264.025742 seconds.

chan =

    35

Elapsed time is 273.051615 seconds.

chan =

    36

Elapsed time is 275.177941 seconds.

chan =

    37

Elapsed time is 257.712107 seconds.

chan =

    38

Elapsed time is 270.882310 seconds.

chan =

    39

Elapsed time is 272.746048 seconds.

chan =

    40

Elapsed time is 274.285063 seconds.

chan =

    41

Elapsed time is 272.012725 seconds.

chan =

    42

Elapsed time is 263.914522 seconds.

chan =

    43

Elapsed time is 256.296840 seconds.

chan =

    44

Elapsed time is 256.749316 seconds.

chan =

    45

Elapsed time is 254.770756 seconds.

chan =

    46

Elapsed time is 246.361477 seconds.

chan =

    47

Elapsed time is 239.168401 seconds.

chan =

    48

Elapsed time is 239.583578 seconds.

chan =

    49

Elapsed time is 234.145954 seconds.

chan =

    50

Elapsed time is 219.656341 seconds.

chan =

    51

Elapsed time is 217.872406 seconds.

chan =

    52

Elapsed time is 217.707750 seconds.

chan =

    53

Elapsed time is 219.609454 seconds.

chan =

    54

Elapsed time is 218.851355 seconds.

chan =

    55

Elapsed time is 217.727863 seconds.

chan =

    56

Elapsed time is 224.460377 seconds.

chan =

    57

Elapsed time is 228.478163 seconds.

chan =

    58

Elapsed time is 217.441761 seconds.

chan =

    59

Elapsed time is 218.338369 seconds.

chan =

    60

Elapsed time is 232.306317 seconds.

chan =

    61

Elapsed time is 232.176611 seconds.

chan =

    62

Elapsed time is 233.175107 seconds.

chan =

    63

Elapsed time is 231.928081 seconds.

chan =

    64

Elapsed time is 234.473863 seconds.

chan =

    65

Elapsed time is 231.417460 seconds.

chan =

    66

Elapsed time is 233.437995 seconds.

chan =

    67

Elapsed time is 233.745483 seconds.

chan =

    68

Elapsed time is 232.212850 seconds.

chan =

    69

Elapsed time is 231.339247 seconds.

chan =

    70

Elapsed time is 230.202761 seconds.

chan =

    71

Elapsed time is 230.111376 seconds.

chan =

    72

Elapsed time is 230.872728 seconds.

chan =

    73

Elapsed time is 230.406831 seconds.

chan =

    74

Elapsed time is 229.695303 seconds.

chan =

    75

Elapsed time is 229.499309 seconds.

chan =

    76

Elapsed time is 220.173772 seconds.

chan =

    77

Elapsed time is 214.273169 seconds.

chan =

    78

Elapsed time is 212.989761 seconds.

chan =

    79

Elapsed time is 218.418254 seconds.

chan =

    80

Elapsed time is 219.114638 seconds.

chan =

    81

Elapsed time is 221.612530 seconds.

chan =

    82

Elapsed time is 221.326191 seconds.

chan =

    83

Elapsed time is 219.204026 seconds.

chan =

    84

Elapsed time is 220.715819 seconds.

chan =

    85

Elapsed time is 216.826904 seconds.

chan =

    86

Elapsed time is 218.436672 seconds.

chan =

    87

Elapsed time is 218.258352 seconds.

chan =

    88

Elapsed time is 219.309902 seconds.

chan =

    89

Elapsed time is 215.421697 seconds.

chan =

    90

Elapsed time is 206.453971 seconds.

chan =

    91

Elapsed time is 204.774044 seconds.

chan =

    92

Elapsed time is 201.071885 seconds.

chan =

    93

Elapsed time is 204.558261 seconds.

chan =

    94

Elapsed time is 200.686584 seconds.

chan =

    95

Elapsed time is 201.607184 seconds.

chan =

    96

Elapsed time is 202.441721 seconds.

chan =

    97

Elapsed time is 200.086229 seconds.

chan =

    98

Elapsed time is 202.259102 seconds.

chan =

    99

Elapsed time is 202.453856 seconds.

chan =

   100

Elapsed time is 202.583050 seconds.

chan =

   101

Elapsed time is 201.837282 seconds.

chan =

   102

Elapsed time is 204.741773 seconds.

chan =

   103

Elapsed time is 204.034192 seconds.

chan =

   104

Elapsed time is 202.743045 seconds.

chan =

   105

Elapsed time is 201.038624 seconds.

chan =

   106

Elapsed time is 201.232860 seconds.

chan =

   107

Elapsed time is 202.940239 seconds.

chan =

   108

Elapsed time is 212.790563 seconds.

chan =

   109

Elapsed time is 199.732241 seconds.

chan =

   110

Elapsed time is 204.291753 seconds.

chan =

   111

Elapsed time is 197.027335 seconds.

chan =

   112

Elapsed time is 196.193874 seconds.

chan =

   113

Elapsed time is 197.015304 seconds.

chan =

   114

Elapsed time is 195.275732 seconds.

chan =

   115

Elapsed time is 193.396933 seconds.

chan =

   116

Elapsed time is 190.874409 seconds.
attempting saving
save success: /projects/p31578/dtf8829/QuestConnect/CHANDAT/chanDat_SLCH006_072.mat
working on TF
encoding done
encoding RT done
retrieval 1 done
retrieval 2 done
attempting saving
save success: /projects/p31578/dtf8829/QuestConnect/CHANDAT/chanDat_SLCH006_072.mat
working on ISPC
channel: 1 took 0 minutes
channel: 2 took 0 minutes
channel: 3 took 0 minutes
channel: 4 took 0 minutes
channel: 5 took 0 minutes
channel: 6 took 0 minutes
channel: 7 took 0 minutes
channel: 8 took 0 minutes
channel: 9 took 0 minutes
channel: 10 took 0 minutes
channel: 11 took 0 minutes
channel: 12 took 0 minutes
channel: 13 took 0 minutes
channel: 14 took 0 minutes
channel: 15 took 0 minutes
channel: 16 took 0 minutes
channel: 17 took 0 minutes
channel: 18 took 0 minutes
channel: 19 took 0 minutes
channel: 20 took 0 minutes
channel: 21 took 0 minutes
channel: 22 took 0 minutes
channel: 23 took 0 minutes
channel: 24 took 0 minutes
channel: 25 took 0 minutes
channel: 26 took 0 minutes
channel: 27 took 0 minutes
channel: 28 took 0 minutes
channel: 29 took 0 minutes
channel: 30 took 0 minutes
channel: 31 took 0 minutes
channel: 32 took 0 minutes
channel: 33 took 0 minutes
channel: 34 took 0 minutes
channel: 35 took 0 minutes
channel: 36 took 0 minutes
channel: 37 took 0 minutes
channel: 38 took 0 minutes
channel: 39 took 0 minutes
channel: 40 took 0 minutes
channel: 41 took 0 minutes
channel: 42 took 0 minutes
channel: 43 took 0 minutes
channel: 44 took 0 minutes
channel: 45 took 0 minutes
channel: 46 took 0 minutes
channel: 47 took 0 minutes
channel: 48 took 0 minutes
channel: 49 took 0 minutes
channel: 50 took 0 minutes
channel: 51 took 0 minutes
channel: 52 took 0 minutes
channel: 53 took 0 minutes
channel: 54 took 0 minutes
channel: 55 took 0 minutes
channel: 56 took 0 minutes
channel: 57 took 0 minutes
channel: 58 took 0 minutes
channel: 59 took 0 minutes
channel: 60 took 0 minutes
channel: 61 took 0 minutes
channel: 62 took 0 minutes
channel: 63 took 0 minutes
channel: 64 took 0 minutes
channel: 65 took 0 minutes
channel: 66 took 0 minutes
channel: 67 took 0 minutes
channel: 68 took 0 minutes
channel: 69 took 0 minutes
channel: 70 took 0 minutes
channel: 71 took 0 minutes
channel: 72 took 0 minutes
channel: 73 took 3.8 minutes
channel: 74 took 3.8 minutes
channel: 75 took 3.8 minutes
channel: 76 took 3.8 minutes
channel: 77 took 3.8 minutes
channel: 78 took 3.8 minutes
channel: 79 took 3.8 minutes
channel: 80 took 3.8 minutes
channel: 81 took 4 minutes
channel: 82 took 3.8 minutes
channel: 83 took 4.3 minutes
channel: 84 took 4.3 minutes
channel: 85 took 4.3 minutes
channel: 86 took 4.3 minutes
channel: 87 took 4.3 minutes
channel: 88 took 4.3 minutes
channel: 89 took 4.3 minutes
channel: 90 took 4.3 minutes
channel: 91 took 4.3 minutes
channel: 92 took 4.2 minutes
channel: 93 took 3.8 minutes
channel: 94 took 3.8 minutes
channel: 95 took 3.8 minutes
channel: 96 took 3.8 minutes
channel: 97 took 3.8 minutes
channel: 98 took 3.8 minutes
channel: 99 took 3.8 minutes
channel: 100 took 3.8 minutes
channel: 101 took 3.7 minutes
channel: 102 took 3.7 minutes
channel: 103 took 3.7 minutes
channel: 104 took 3.7 minutes
channel: 105 took 3.8 minutes
channel: 106 took 3.7 minutes
channel: 107 took 3.8 minutes
channel: 108 took 3.8 minutes
channel: 109 took 3.8 minutes
channel: 110 took 3.8 minutes
channel: 111 took 3.8 minutes
channel: 112 took 3.7 minutes
channel: 113 took 3.8 minutes
channel: 114 took 3.8 minutes
channel: 115 took 3.8 minutes
channel: 116 took 3.8 minutes
attempting saving
save success: /projects/p31578/dtf8829/QuestConnect/CHANDAT/chanDat_SLCH006_072.mat
Elapsed time is 230.417538 seconds.
