getting started: 3572
attempting file: 3572
going for SLCH006 94
data loaded: SLCH006 94
MISMATCH WITH ZACH COORDINATES!!!
HFB already done

chan =

     1

Elapsed time is 224.860492 seconds.

chan =

     2

Elapsed time is 221.435218 seconds.

chan =

     3

Elapsed time is 219.722682 seconds.

chan =

     4

Elapsed time is 221.505890 seconds.

chan =

     5

Elapsed time is 220.869904 seconds.

chan =

     6

Elapsed time is 216.403421 seconds.

chan =

     7

Elapsed time is 216.122228 seconds.

chan =

     8

Elapsed time is 215.529916 seconds.

chan =

     9

Elapsed time is 218.814364 seconds.

chan =

    10

Elapsed time is 211.632166 seconds.

chan =

    11

Elapsed time is 213.575372 seconds.

chan =

    12

Elapsed time is 209.590482 seconds.

chan =

    13

Elapsed time is 205.470001 seconds.

chan =

    14

Elapsed time is 212.264222 seconds.

chan =

    15

Elapsed time is 214.974673 seconds.

chan =

    16

Elapsed time is 209.615718 seconds.

chan =

    17

Elapsed time is 209.211205 seconds.

chan =

    18

Elapsed time is 208.384681 seconds.

chan =

    19

Elapsed time is 204.247495 seconds.

chan =

    20

Elapsed time is 201.565711 seconds.

chan =

    21

Elapsed time is 194.519637 seconds.

chan =

    22

Elapsed time is 193.995694 seconds.

chan =

    23

Elapsed time is 187.694868 seconds.

chan =

    24

Elapsed time is 187.417813 seconds.

chan =

    25

Elapsed time is 186.908007 seconds.

chan =

    26

Elapsed time is 186.919367 seconds.

chan =

    27

Elapsed time is 189.412717 seconds.

chan =

    28

Elapsed time is 191.887861 seconds.

chan =

    29

Elapsed time is 204.713324 seconds.

chan =

    30

Elapsed time is 201.414957 seconds.

chan =

    31

Elapsed time is 202.497296 seconds.

chan =

    32

Elapsed time is 198.488543 seconds.

chan =

    33

Elapsed time is 212.078294 seconds.

chan =

    34

Elapsed time is 223.393572 seconds.

chan =

    35

Elapsed time is 221.529008 seconds.

chan =

    36

Elapsed time is 201.683152 seconds.

chan =

    37

Elapsed time is 207.963691 seconds.

chan =

    38

Elapsed time is 198.634179 seconds.

chan =

    39

Elapsed time is 196.316480 seconds.

chan =

    40

Elapsed time is 196.329344 seconds.

chan =

    41

Elapsed time is 214.495945 seconds.

chan =

    42

Elapsed time is 215.502984 seconds.

chan =

    43

Elapsed time is 200.678722 seconds.

chan =

    44

Elapsed time is 212.669897 seconds.

chan =

    45

Elapsed time is 219.061784 seconds.

chan =

    46

Elapsed time is 204.630031 seconds.

chan =

    47

Elapsed time is 216.023778 seconds.

chan =

    48

Elapsed time is 214.389977 seconds.

chan =

    49

Elapsed time is 208.987965 seconds.

chan =

    50

Elapsed time is 221.442407 seconds.

chan =

    51

Elapsed time is 207.110617 seconds.

chan =

    52

Elapsed time is 195.640201 seconds.

chan =

    53

Elapsed time is 183.263068 seconds.

chan =

    54

Elapsed time is 201.427947 seconds.

chan =

    55

Elapsed time is 183.353252 seconds.

chan =

    56

Elapsed time is 181.497525 seconds.

chan =

    57

Elapsed time is 182.128348 seconds.

chan =

    58

Elapsed time is 183.403004 seconds.

chan =

    59

Elapsed time is 183.569373 seconds.

chan =

    60

Elapsed time is 180.583748 seconds.

chan =

    61

Elapsed time is 181.757470 seconds.

chan =

    62

Elapsed time is 193.566169 seconds.

chan =

    63

Elapsed time is 190.888865 seconds.

chan =

    64

Elapsed time is 201.387303 seconds.

chan =

    65

Elapsed time is 208.751326 seconds.

chan =

    66

Elapsed time is 203.098848 seconds.

chan =

    67

Elapsed time is 193.708852 seconds.

chan =

    68

Elapsed time is 186.850853 seconds.

chan =

    69

Elapsed time is 182.526286 seconds.

chan =

    70

Elapsed time is 184.847589 seconds.

chan =

    71

Elapsed time is 183.009362 seconds.

chan =

    72

Elapsed time is 180.498964 seconds.

chan =

    73

Elapsed time is 183.227793 seconds.

chan =

    74

Elapsed time is 181.936203 seconds.

chan =

    75

Elapsed time is 182.130668 seconds.

chan =

    76

Elapsed time is 181.279929 seconds.

chan =

    77

Elapsed time is 181.962082 seconds.

chan =

    78

Elapsed time is 180.719683 seconds.

chan =

    79

Elapsed time is 180.808639 seconds.

chan =

    80

Elapsed time is 182.174723 seconds.

chan =

    81

Elapsed time is 182.034659 seconds.

chan =

    82

Elapsed time is 183.210614 seconds.

chan =

    83

Elapsed time is 182.258393 seconds.

chan =

    84

Elapsed time is 180.052611 seconds.

chan =

    85

Elapsed time is 178.687052 seconds.

chan =

    86

Elapsed time is 181.504579 seconds.

chan =

    87

Elapsed time is 181.138663 seconds.

chan =

    88

Elapsed time is 179.984440 seconds.

chan =

    89

Elapsed time is 179.812754 seconds.

chan =

    90

Elapsed time is 180.223939 seconds.

chan =

    91

Elapsed time is 178.600469 seconds.

chan =

    92

Elapsed time is 175.349800 seconds.

chan =

    93

Elapsed time is 178.117914 seconds.

chan =

    94

Elapsed time is 178.201420 seconds.

chan =

    95

Elapsed time is 177.795706 seconds.

chan =

    96

Elapsed time is 177.603117 seconds.

chan =

    97

Elapsed time is 176.993731 seconds.

chan =

    98

Elapsed time is 179.414822 seconds.

chan =

    99

Elapsed time is 178.263996 seconds.

chan =

   100

Elapsed time is 178.046388 seconds.

chan =

   101

Elapsed time is 178.318628 seconds.

chan =

   102

Elapsed time is 179.246331 seconds.

chan =

   103

Elapsed time is 178.804406 seconds.

chan =

   104

Elapsed time is 179.749903 seconds.

chan =

   105

Elapsed time is 178.537050 seconds.

chan =

   106

Elapsed time is 178.295773 seconds.

chan =

   107

Elapsed time is 178.207855 seconds.

chan =

   108

Elapsed time is 178.835941 seconds.

chan =

   109

Elapsed time is 179.155209 seconds.

chan =

   110

Elapsed time is 178.592249 seconds.

chan =

   111

Elapsed time is 180.999444 seconds.

chan =

   112

Elapsed time is 179.220873 seconds.

chan =

   113

Elapsed time is 179.479371 seconds.

chan =

   114

Elapsed time is 179.493151 seconds.

chan =

   115

Elapsed time is 177.054899 seconds.

chan =

   116

Elapsed time is 176.771766 seconds.
attempting saving
save success: /projects/p31578/dtf8829/QuestConnect/CHANDAT/chanDat_SLCH006_094.mat
working on TF
encoding done
encoding RT done
retrieval 1 done
retrieval 2 done
attempting saving
save success: /projects/p31578/dtf8829/QuestConnect/CHANDAT/chanDat_SLCH006_094.mat
working on ISPC
channel: 1 took 0 minutes
channel: 2 took 0 minutes
channel: 3 took 0 minutes
channel: 4 took 0 minutes
channel: 5 took 0 minutes
channel: 6 took 0 minutes
channel: 7 took 0 minutes
channel: 8 took 0 minutes
channel: 9 took 0 minutes
channel: 10 took 0 minutes
channel: 11 took 0 minutes
channel: 12 took 0 minutes
channel: 13 took 0 minutes
channel: 14 took 0 minutes
channel: 15 took 0 minutes
channel: 16 took 0 minutes
channel: 17 took 0 minutes
channel: 18 took 0 minutes
channel: 19 took 0 minutes
channel: 20 took 0 minutes
channel: 21 took 0 minutes
channel: 22 took 0 minutes
channel: 23 took 0 minutes
channel: 24 took 0 minutes
channel: 25 took 0 minutes
channel: 26 took 0 minutes
channel: 27 took 0 minutes
channel: 28 took 0 minutes
channel: 29 took 0 minutes
channel: 30 took 0 minutes
channel: 31 took 0 minutes
channel: 32 took 0 minutes
channel: 33 took 0 minutes
channel: 34 took 0 minutes
channel: 35 took 0 minutes
channel: 36 took 0 minutes
channel: 37 took 0 minutes
channel: 38 took 0 minutes
channel: 39 took 0 minutes
channel: 40 took 0 minutes
channel: 41 took 0 minutes
channel: 42 took 0 minutes
channel: 43 took 0 minutes
channel: 44 took 0 minutes
channel: 45 took 0 minutes
channel: 46 took 0 minutes
channel: 47 took 0 minutes
channel: 48 took 0 minutes
channel: 49 took 0 minutes
channel: 50 took 0 minutes
channel: 51 took 0 minutes
channel: 52 took 0 minutes
channel: 53 took 0 minutes
channel: 54 took 0 minutes
channel: 55 took 0 minutes
channel: 56 took 0 minutes
channel: 57 took 0 minutes
channel: 58 took 0 minutes
channel: 59 took 0 minutes
channel: 60 took 0 minutes
channel: 61 took 0 minutes
channel: 62 took 0 minutes
channel: 63 took 0 minutes
channel: 64 took 0 minutes
channel: 65 took 0 minutes
channel: 66 took 0 minutes
channel: 67 took 0 minutes
channel: 68 took 0 minutes
channel: 69 took 0 minutes
channel: 70 took 0 minutes
channel: 71 took 0 minutes
channel: 72 took 0 minutes
channel: 73 took 0 minutes
channel: 74 took 0 minutes
channel: 75 took 0 minutes
channel: 76 took 0 minutes
channel: 77 took 0 minutes
channel: 78 took 0 minutes
channel: 79 took 0 minutes
channel: 80 took 0 minutes
channel: 81 took 0 minutes
channel: 82 took 0 minutes
channel: 83 took 0 minutes
channel: 84 took 0 minutes
channel: 85 took 0 minutes
channel: 86 took 0 minutes
channel: 87 took 0 minutes
channel: 88 took 0 minutes
channel: 89 took 0 minutes
channel: 90 took 0 minutes
channel: 91 took 0 minutes
channel: 92 took 0 minutes
channel: 93 took 0 minutes
channel: 94 took 0 minutes
channel: 95 took 3.4 minutes
channel: 96 took 3.4 minutes
channel: 97 took 3.4 minutes
channel: 98 took 3.4 minutes
channel: 99 took 3.4 minutes
channel: 100 took 3.6 minutes
channel: 101 took 4.1 minutes
channel: 102 took 4.1 minutes
channel: 103 took 3.7 minutes
channel: 104 took 4.1 minutes
channel: 105 took 4.1 minutes
channel: 106 took 4.1 minutes
channel: 107 took 4.1 minutes
channel: 108 took 4 minutes
channel: 109 took 4 minutes
channel: 110 took 4 minutes
channel: 111 took 3.7 minutes
channel: 112 took 3.8 minutes
channel: 113 took 4 minutes
channel: 114 took 4 minutes
channel: 115 took 4 minutes
channel: 116 took 3.9 minutes
attempting saving
save success: /projects/p31578/dtf8829/QuestConnect/CHANDAT/chanDat_SLCH006_094.mat
Elapsed time is 242.443943 seconds.
