getting started: 3591
attempting file: 3591
going for SLCH006 113
data loaded: SLCH006 113
MISMATCH WITH ZACH COORDINATES!!!
HFB already done

chan =

     1

Elapsed time is 272.313885 seconds.

chan =

     2

Elapsed time is 265.560530 seconds.

chan =

     3

Elapsed time is 266.213628 seconds.

chan =

     4

Elapsed time is 269.799617 seconds.

chan =

     5

Elapsed time is 269.421529 seconds.

chan =

     6

Elapsed time is 265.986291 seconds.

chan =

     7

Elapsed time is 267.514007 seconds.

chan =

     8

Elapsed time is 265.997466 seconds.

chan =

     9

Elapsed time is 265.682576 seconds.

chan =

    10

Elapsed time is 267.205076 seconds.

chan =

    11

Elapsed time is 267.213573 seconds.

chan =

    12

Elapsed time is 262.138149 seconds.

chan =

    13

Elapsed time is 258.366398 seconds.

chan =

    14

Elapsed time is 260.830294 seconds.

chan =

    15

Elapsed time is 262.401266 seconds.

chan =

    16

Elapsed time is 260.246588 seconds.

chan =

    17

Elapsed time is 261.854974 seconds.

chan =

    18

Elapsed time is 258.880271 seconds.

chan =

    19

Elapsed time is 262.673424 seconds.

chan =

    20

Elapsed time is 260.865769 seconds.

chan =

    21

Elapsed time is 261.740183 seconds.

chan =

    22

Elapsed time is 260.613522 seconds.

chan =

    23

Elapsed time is 245.644724 seconds.

chan =

    24

Elapsed time is 251.349969 seconds.

chan =

    25

Elapsed time is 257.645250 seconds.

chan =

    26

Elapsed time is 262.375439 seconds.

chan =

    27

Elapsed time is 257.910993 seconds.

chan =

    28

Elapsed time is 259.171642 seconds.

chan =

    29

Elapsed time is 258.768072 seconds.

chan =

    30

Elapsed time is 251.692262 seconds.

chan =

    31

Elapsed time is 258.604629 seconds.

chan =

    32

Elapsed time is 259.400022 seconds.

chan =

    33

Elapsed time is 253.082634 seconds.

chan =

    34

Elapsed time is 257.967804 seconds.

chan =

    35

Elapsed time is 254.972089 seconds.

chan =

    36

Elapsed time is 256.375879 seconds.

chan =

    37

Elapsed time is 259.691237 seconds.

chan =

    38

Elapsed time is 254.943686 seconds.

chan =

    39

Elapsed time is 260.162155 seconds.

chan =

    40

Elapsed time is 257.357597 seconds.

chan =

    41

Elapsed time is 257.312395 seconds.

chan =

    42

Elapsed time is 256.437168 seconds.

chan =

    43

Elapsed time is 252.719528 seconds.

chan =

    44

Elapsed time is 257.697897 seconds.

chan =

    45

Elapsed time is 255.136010 seconds.

chan =

    46

Elapsed time is 255.843973 seconds.

chan =

    47

Elapsed time is 256.293996 seconds.

chan =

    48

Elapsed time is 256.175871 seconds.

chan =

    49

Elapsed time is 260.315963 seconds.

chan =

    50

Elapsed time is 254.415737 seconds.

chan =

    51

Elapsed time is 254.976400 seconds.

chan =

    52

Elapsed time is 257.358178 seconds.

chan =

    53

Elapsed time is 251.754637 seconds.

chan =

    54

Elapsed time is 254.808755 seconds.

chan =

    55

Elapsed time is 256.203498 seconds.

chan =

    56

Elapsed time is 252.888876 seconds.

chan =

    57

Elapsed time is 252.897650 seconds.

chan =

    58

Elapsed time is 251.360942 seconds.

chan =

    59

Elapsed time is 251.399242 seconds.

chan =

    60

Elapsed time is 250.518956 seconds.

chan =

    61

Elapsed time is 247.137759 seconds.

chan =

    62

Elapsed time is 251.956792 seconds.

chan =

    63

Elapsed time is 247.685929 seconds.

chan =

    64

Elapsed time is 252.216933 seconds.

chan =

    65

Elapsed time is 236.498506 seconds.

chan =

    66

Elapsed time is 232.981472 seconds.

chan =

    67

Elapsed time is 250.945802 seconds.

chan =

    68

Elapsed time is 248.683982 seconds.

chan =

    69

Elapsed time is 246.181415 seconds.

chan =

    70

Elapsed time is 249.403115 seconds.

chan =

    71

Elapsed time is 232.952941 seconds.

chan =

    72

Elapsed time is 246.134137 seconds.

chan =

    73

Elapsed time is 249.837355 seconds.

chan =

    74

Elapsed time is 250.600176 seconds.

chan =

    75

Elapsed time is 249.771170 seconds.

chan =

    76

Elapsed time is 238.559852 seconds.

chan =

    77

Elapsed time is 241.838199 seconds.

chan =

    78

Elapsed time is 246.224410 seconds.

chan =

    79

Elapsed time is 248.428255 seconds.

chan =

    80

Elapsed time is 245.132986 seconds.

chan =

    81

Elapsed time is 240.405668 seconds.

chan =

    82

Elapsed time is 242.812846 seconds.

chan =

    83

Elapsed time is 251.119129 seconds.

chan =

    84

Elapsed time is 247.785420 seconds.

chan =

    85

Elapsed time is 246.626845 seconds.

chan =

    86

Elapsed time is 248.063432 seconds.

chan =

    87

Elapsed time is 228.765163 seconds.

chan =

    88

Elapsed time is 249.210652 seconds.

chan =

    89

Elapsed time is 247.459780 seconds.

chan =

    90

Elapsed time is 247.556558 seconds.

chan =

    91

Elapsed time is 249.978398 seconds.

chan =

    92

Elapsed time is 228.961744 seconds.

chan =

    93

Elapsed time is 243.258870 seconds.

chan =

    94

Elapsed time is 249.725440 seconds.

chan =

    95

Elapsed time is 248.027214 seconds.

chan =

    96

Elapsed time is 247.521913 seconds.

chan =

    97

Elapsed time is 245.128106 seconds.

chan =

    98

Elapsed time is 219.632193 seconds.

chan =

    99

Elapsed time is 247.281006 seconds.

chan =

   100

Elapsed time is 249.074835 seconds.

chan =

   101

Elapsed time is 249.225718 seconds.

chan =

   102

Elapsed time is 251.704257 seconds.

chan =

   103

Elapsed time is 238.027106 seconds.

chan =

   104

Elapsed time is 231.367291 seconds.

chan =

   105

Elapsed time is 247.642295 seconds.

chan =

   106

Elapsed time is 244.972813 seconds.

chan =

   107

Elapsed time is 247.530083 seconds.

chan =

   108

Elapsed time is 249.109369 seconds.

chan =

   109

Elapsed time is 219.297355 seconds.

chan =

   110

Elapsed time is 250.927668 seconds.

chan =

   111

Elapsed time is 246.960514 seconds.

chan =

   112

Elapsed time is 250.856874 seconds.

chan =

   113

Elapsed time is 250.056217 seconds.

chan =

   114

Elapsed time is 238.421018 seconds.

chan =

   115

Elapsed time is 245.875824 seconds.

chan =

   116

Elapsed time is 241.698438 seconds.
attempting saving
save success: /projects/p31578/dtf8829/QuestConnect/CHANDAT/chanDat_SLCH006_113.mat
working on TF
encoding done
encoding RT done
retrieval 1 done
retrieval 2 done
attempting saving
save success: /projects/p31578/dtf8829/QuestConnect/CHANDAT/chanDat_SLCH006_113.mat
working on ISPC
channel: 1 took 0 minutes
channel: 2 took 0 minutes
channel: 3 took 0 minutes
channel: 4 took 0 minutes
channel: 5 took 0 minutes
channel: 6 took 0 minutes
channel: 7 took 0 minutes
channel: 8 took 0 minutes
channel: 9 took 0 minutes
channel: 10 took 0 minutes
channel: 11 took 0 minutes
channel: 12 took 0 minutes
channel: 13 took 0 minutes
channel: 14 took 0 minutes
channel: 15 took 0 minutes
channel: 16 took 0 minutes
channel: 17 took 0 minutes
channel: 18 took 0 minutes
channel: 19 took 0 minutes
channel: 20 took 0 minutes
channel: 21 took 0 minutes
channel: 22 took 0 minutes
channel: 23 took 0 minutes
channel: 24 took 0 minutes
channel: 25 took 0 minutes
channel: 26 took 0 minutes
channel: 27 took 0 minutes
channel: 28 took 0 minutes
channel: 29 took 0 minutes
channel: 30 took 0 minutes
channel: 31 took 0 minutes
channel: 32 took 0 minutes
channel: 33 took 0 minutes
channel: 34 took 0 minutes
channel: 35 took 0 minutes
channel: 36 took 0 minutes
channel: 37 took 0 minutes
channel: 38 took 0 minutes
channel: 39 took 0 minutes
channel: 40 took 0 minutes
channel: 41 took 0 minutes
channel: 42 took 0 minutes
channel: 43 took 0 minutes
channel: 44 took 0 minutes
channel: 45 took 0 minutes
channel: 46 took 0 minutes
channel: 47 took 0 minutes
channel: 48 took 0 minutes
channel: 49 took 0 minutes
channel: 50 took 0 minutes
channel: 51 took 0 minutes
channel: 52 took 0 minutes
channel: 53 took 0 minutes
channel: 54 took 0 minutes
channel: 55 took 0 minutes
channel: 56 took 0 minutes
channel: 57 took 0 minutes
channel: 58 took 0 minutes
channel: 59 took 0 minutes
channel: 60 took 0 minutes
channel: 61 took 0 minutes
channel: 62 took 0 minutes
channel: 63 took 0 minutes
channel: 64 took 0 minutes
channel: 65 took 0 minutes
channel: 66 took 0 minutes
channel: 67 took 0 minutes
channel: 68 took 0 minutes
channel: 69 took 0 minutes
channel: 70 took 0 minutes
channel: 71 took 0 minutes
channel: 72 took 0 minutes
channel: 73 took 0 minutes
channel: 74 took 0 minutes
channel: 75 took 0 minutes
channel: 76 took 0 minutes
channel: 77 took 0 minutes
channel: 78 took 0 minutes
channel: 79 took 0 minutes
channel: 80 took 0 minutes
channel: 81 took 0 minutes
channel: 82 took 0 minutes
channel: 83 took 0 minutes
channel: 84 took 0 minutes
channel: 85 took 0 minutes
channel: 86 took 0 minutes
channel: 87 took 0 minutes
channel: 88 took 0 minutes
channel: 89 took 0 minutes
channel: 90 took 0 minutes
channel: 91 took 0 minutes
channel: 92 took 0 minutes
channel: 93 took 0 minutes
channel: 94 took 0 minutes
channel: 95 took 0 minutes
channel: 96 took 0 minutes
channel: 97 took 0 minutes
channel: 98 took 0 minutes
channel: 99 took 0 minutes
channel: 100 took 0 minutes
channel: 101 took 0 minutes
channel: 102 took 0 minutes
channel: 103 took 0 minutes
channel: 104 took 0 minutes
channel: 105 took 0 minutes
channel: 106 took 0 minutes
channel: 107 took 0 minutes
channel: 108 took 0 minutes
channel: 109 took 0 minutes
channel: 110 took 0 minutes
channel: 111 took 0 minutes
channel: 112 took 0 minutes
channel: 113 took 0 minutes
channel: 114 took 4.4 minutes
channel: 115 took 4.5 minutes
channel: 116 took 3.9 minutes
attempting saving
save success: /projects/p31578/dtf8829/QuestConnect/CHANDAT/chanDat_SLCH006_113.mat
Elapsed time is 238.297192 seconds.
