getting started: 3505
attempting file: 3505
going for SLCH006 27
data loaded: SLCH006 27
MISMATCH WITH ZACH COORDINATES!!!
HFB already done

chan =

     1

Elapsed time is 281.284483 seconds.

chan =

     2

Elapsed time is 283.842408 seconds.

chan =

     3

Elapsed time is 287.029377 seconds.

chan =

     4

Elapsed time is 286.616858 seconds.

chan =

     5

Elapsed time is 288.322236 seconds.

chan =

     6

Elapsed time is 284.159345 seconds.

chan =

     7

Elapsed time is 284.761979 seconds.

chan =

     8

Elapsed time is 282.965723 seconds.

chan =

     9

Elapsed time is 285.686770 seconds.

chan =

    10

Elapsed time is 281.993532 seconds.

chan =

    11

Elapsed time is 282.174486 seconds.

chan =

    12

Elapsed time is 276.922344 seconds.

chan =

    13

Elapsed time is 282.841008 seconds.

chan =

    14

Elapsed time is 282.691106 seconds.

chan =

    15

Elapsed time is 283.969272 seconds.

chan =

    16

Elapsed time is 280.419939 seconds.

chan =

    17

Elapsed time is 282.140925 seconds.

chan =

    18

Elapsed time is 282.071816 seconds.

chan =

    19

Elapsed time is 283.735081 seconds.

chan =

    20

Elapsed time is 283.670230 seconds.

chan =

    21

Elapsed time is 282.281998 seconds.

chan =

    22

Elapsed time is 274.740131 seconds.

chan =

    23

Elapsed time is 265.429608 seconds.

chan =

    24

Elapsed time is 265.178727 seconds.

chan =

    25

Elapsed time is 283.292928 seconds.

chan =

    26

Elapsed time is 278.844457 seconds.

chan =

    27

Elapsed time is 281.618723 seconds.

chan =

    28

Elapsed time is 282.868223 seconds.

chan =

    29

Elapsed time is 277.506877 seconds.

chan =

    30

Elapsed time is 263.525148 seconds.

chan =

    31

Elapsed time is 280.652240 seconds.

chan =

    32

Elapsed time is 278.391893 seconds.

chan =

    33

Elapsed time is 278.535985 seconds.

chan =

    34

Elapsed time is 282.572680 seconds.

chan =

    35

Elapsed time is 274.541052 seconds.

chan =

    36

Elapsed time is 278.992005 seconds.

chan =

    37

Elapsed time is 279.695734 seconds.

chan =

    38

Elapsed time is 281.832769 seconds.

chan =

    39

Elapsed time is 283.150633 seconds.

chan =

    40

Elapsed time is 282.785264 seconds.

chan =

    41

Elapsed time is 278.114309 seconds.

chan =

    42

Elapsed time is 278.866713 seconds.

chan =

    43

Elapsed time is 276.388491 seconds.

chan =

    44

Elapsed time is 281.666058 seconds.

chan =

    45

Elapsed time is 277.801130 seconds.

chan =

    46

Elapsed time is 275.090949 seconds.

chan =

    47

Elapsed time is 281.217081 seconds.

chan =

    48

Elapsed time is 280.609599 seconds.

chan =

    49

Elapsed time is 284.278866 seconds.

chan =

    50

Elapsed time is 279.374724 seconds.

chan =

    51

Elapsed time is 274.369656 seconds.

chan =

    52

Elapsed time is 281.282528 seconds.

chan =

    53

Elapsed time is 276.848099 seconds.

chan =

    54

Elapsed time is 281.446343 seconds.

chan =

    55

Elapsed time is 280.713210 seconds.

chan =

    56

Elapsed time is 274.806118 seconds.

chan =

    57

Elapsed time is 280.425832 seconds.

chan =

    58

Elapsed time is 277.839437 seconds.

chan =

    59

Elapsed time is 281.412029 seconds.

chan =

    60

Elapsed time is 276.635594 seconds.

chan =

    61

Elapsed time is 278.031159 seconds.

chan =

    62

Elapsed time is 270.174695 seconds.

chan =

    63

Elapsed time is 276.516510 seconds.

chan =

    64

Elapsed time is 280.357146 seconds.

chan =

    65

Elapsed time is 277.095199 seconds.

chan =

    66

Elapsed time is 280.713032 seconds.

chan =

    67

Elapsed time is 277.569285 seconds.

chan =

    68

Elapsed time is 280.311250 seconds.

chan =

    69

Elapsed time is 281.779367 seconds.

chan =

    70

Elapsed time is 283.464882 seconds.

chan =

    71

Elapsed time is 280.956881 seconds.

chan =

    72

Elapsed time is 281.319805 seconds.

chan =

    73

Elapsed time is 274.472850 seconds.

chan =

    74

Elapsed time is 280.806260 seconds.

chan =

    75

Elapsed time is 281.513400 seconds.

chan =

    76

Elapsed time is 275.818953 seconds.

chan =

    77

Elapsed time is 277.470671 seconds.

chan =

    78

Elapsed time is 271.984930 seconds.

chan =

    79

Elapsed time is 275.896423 seconds.

chan =

    80

Elapsed time is 277.649499 seconds.

chan =

    81

Elapsed time is 278.078857 seconds.

chan =

    82

Elapsed time is 280.647548 seconds.

chan =

    83

Elapsed time is 279.006943 seconds.

chan =

    84

Elapsed time is 278.188014 seconds.

chan =

    85

Elapsed time is 281.446691 seconds.

chan =

    86

Elapsed time is 279.872880 seconds.

chan =

    87

Elapsed time is 279.651886 seconds.

chan =

    88

Elapsed time is 280.514199 seconds.

chan =

    89

Elapsed time is 270.494096 seconds.

chan =

    90

Elapsed time is 281.032633 seconds.

chan =

    91

Elapsed time is 281.770572 seconds.

chan =

    92

Elapsed time is 274.235470 seconds.

chan =

    93

Elapsed time is 278.776135 seconds.

chan =

    94

Elapsed time is 267.678012 seconds.

chan =

    95

Elapsed time is 277.924839 seconds.

chan =

    96

Elapsed time is 277.723074 seconds.

chan =

    97

Elapsed time is 275.790758 seconds.

chan =

    98

Elapsed time is 279.169660 seconds.

chan =

    99

Elapsed time is 275.717171 seconds.

chan =

   100

Elapsed time is 268.215033 seconds.

chan =

   101

Elapsed time is 278.411461 seconds.

chan =

   102

Elapsed time is 277.582527 seconds.

chan =

   103

Elapsed time is 277.213785 seconds.

chan =

   104

Elapsed time is 277.905611 seconds.

chan =

   105

Elapsed time is 273.652281 seconds.

chan =

   106

Elapsed time is 276.261100 seconds.

chan =

   107

Elapsed time is 276.026305 seconds.

chan =

   108

Elapsed time is 278.072485 seconds.

chan =

   109

Elapsed time is 278.110396 seconds.

chan =

   110

Elapsed time is 269.521177 seconds.

chan =

   111

Elapsed time is 275.943351 seconds.

chan =

   112

Elapsed time is 275.876190 seconds.

chan =

   113

Elapsed time is 278.022446 seconds.

chan =

   114

Elapsed time is 277.916295 seconds.

chan =

   115

Elapsed time is 263.180471 seconds.

chan =

   116

Elapsed time is 268.326778 seconds.
attempting saving
save success: /projects/p31578/dtf8829/QuestConnect/CHANDAT/chanDat_SLCH006_027.mat
working on TF
encoding done
encoding RT done
retrieval 1 done
retrieval 2 done
attempting saving
save success: /projects/p31578/dtf8829/QuestConnect/CHANDAT/chanDat_SLCH006_027.mat
working on ISPC
channel: 1 took 0 minutes
channel: 2 took 0 minutes
channel: 3 took 0 minutes
channel: 4 took 0 minutes
channel: 5 took 0 minutes
channel: 6 took 0 minutes
channel: 7 took 0 minutes
channel: 8 took 0 minutes
channel: 9 took 0 minutes
channel: 10 took 0 minutes
channel: 11 took 0 minutes
channel: 12 took 0 minutes
channel: 13 took 0 minutes
channel: 14 took 0 minutes
channel: 15 took 0 minutes
channel: 16 took 0 minutes
channel: 17 took 0 minutes
channel: 18 took 0 minutes
channel: 19 took 0 minutes
channel: 20 took 0 minutes
channel: 21 took 0 minutes
channel: 22 took 0 minutes
channel: 23 took 0 minutes
channel: 24 took 0 minutes
channel: 25 took 0 minutes
channel: 26 took 0 minutes
channel: 27 took 0 minutes
channel: 28 took 5.3 minutes
channel: 29 took 5.4 minutes
channel: 30 took 5.3 minutes
channel: 31 took 5 minutes
channel: 32 took 5.3 minutes
channel: 33 took 5.3 minutes
channel: 34 took 5.3 minutes
channel: 35 took 5.1 minutes
channel: 36 took 5.3 minutes
channel: 37 took 5.3 minutes
channel: 38 took 5.3 minutes
channel: 39 took 5.3 minutes
channel: 40 took 5.2 minutes
channel: 41 took 5.3 minutes
channel: 42 took 5.3 minutes
channel: 43 took 5.3 minutes
channel: 44 took 5.1 minutes
channel: 45 took 5.3 minutes
channel: 46 took 5.3 minutes
channel: 47 took 5.3 minutes
channel: 48 took 5 minutes
channel: 49 took 5.1 minutes
channel: 50 took 5.3 minutes
channel: 51 took 5.3 minutes
channel: 52 took 5.4 minutes
channel: 53 took 5.1 minutes
channel: 54 took 5.3 minutes
channel: 55 took 5.3 minutes
channel: 56 took 5.3 minutes
channel: 57 took 5.2 minutes
channel: 58 took 4.8 minutes
channel: 59 took 5.2 minutes
channel: 60 took 5.3 minutes
channel: 61 took 5.3 minutes
channel: 62 took 5.1 minutes
channel: 63 took 5.3 minutes
channel: 64 took 5.2 minutes
channel: 65 took 5.3 minutes
channel: 66 took 5.3 minutes
channel: 67 took 5.1 minutes
channel: 68 took 5.3 minutes
channel: 69 took 5.3 minutes
channel: 70 took 5.3 minutes
channel: 71 took 5.1 minutes
channel: 72 took 5.3 minutes
channel: 73 took 5.3 minutes
channel: 74 took 5.3 minutes
channel: 75 took 5.3 minutes
channel: 76 took 4.9 minutes
channel: 77 took 5.3 minutes
channel: 78 took 5.4 minutes
channel: 79 took 5.4 minutes
channel: 80 took 5.1 minutes
channel: 81 took 4.4 minutes
channel: 82 took 4.4 minutes
channel: 83 took 4.4 minutes
channel: 84 took 4.3 minutes
channel: 85 took 4.4 minutes
channel: 86 took 4.3 minutes
channel: 87 took 5.3 minutes
channel: 88 took 5.6 minutes
channel: 89 took 5.5 minutes
channel: 90 took 5.6 minutes
channel: 91 took 5.6 minutes
channel: 92 took 5.6 minutes
channel: 93 took 5.6 minutes
channel: 94 took 5.5 minutes
channel: 95 took 5.5 minutes
channel: 96 took 5.5 minutes
channel: 97 took 5.5 minutes
channel: 98 took 5.5 minutes
channel: 99 took 5.5 minutes
channel: 100 took 5.5 minutes
channel: 101 took 5.6 minutes
channel: 102 took 5.6 minutes
channel: 103 took 5.6 minutes
channel: 104 took 5.6 minutes
channel: 105 took 5.6 minutes
channel: 106 took 5.6 minutes
channel: 107 took 5.6 minutes
channel: 108 took 5.5 minutes
channel: 109 took 5.6 minutes
channel: 110 took 5.6 minutes
channel: 111 took 5.6 minutes
channel: 112 took 5.6 minutes
channel: 113 took 5.6 minutes
channel: 114 took 5.6 minutes
channel: 115 took 5.4 minutes
channel: 116 took 5.4 minutes
attempting saving
save success: /projects/p31578/dtf8829/QuestConnect/CHANDAT/chanDat_SLCH006_027.mat
Elapsed time is 332.767445 seconds.
