getting started: 3525
attempting file: 3525
going for SLCH006 47
data loaded: SLCH006 47
MISMATCH WITH ZACH COORDINATES!!!
HFB already done

chan =

     1

Elapsed time is 231.043030 seconds.

chan =

     2

Elapsed time is 223.432837 seconds.

chan =

     3

Elapsed time is 227.174982 seconds.

chan =

     4

Elapsed time is 231.398909 seconds.

chan =

     5

Elapsed time is 222.955120 seconds.

chan =

     6

Elapsed time is 222.196214 seconds.

chan =

     7

Elapsed time is 226.435205 seconds.

chan =

     8

Elapsed time is 224.742236 seconds.

chan =

     9

Elapsed time is 223.726396 seconds.

chan =

    10

Elapsed time is 220.592061 seconds.

chan =

    11

Elapsed time is 218.857669 seconds.

chan =

    12

Elapsed time is 210.817531 seconds.

chan =

    13

Elapsed time is 219.001164 seconds.

chan =

    14

Elapsed time is 221.579630 seconds.

chan =

    15

Elapsed time is 223.970800 seconds.

chan =

    16

Elapsed time is 217.298797 seconds.

chan =

    17

Elapsed time is 220.644590 seconds.

chan =

    18

Elapsed time is 221.468048 seconds.

chan =

    19

Elapsed time is 222.714203 seconds.

chan =

    20

Elapsed time is 214.307642 seconds.

chan =

    21

Elapsed time is 224.036911 seconds.

chan =

    22

Elapsed time is 220.807647 seconds.

chan =

    23

Elapsed time is 221.219506 seconds.

chan =

    24

Elapsed time is 218.199364 seconds.

chan =

    25

Elapsed time is 217.698517 seconds.

chan =

    26

Elapsed time is 224.848821 seconds.

chan =

    27

Elapsed time is 229.260004 seconds.

chan =

    28

Elapsed time is 231.158175 seconds.

chan =

    29

Elapsed time is 226.463728 seconds.

chan =

    30

Elapsed time is 227.939129 seconds.

chan =

    31

Elapsed time is 223.415974 seconds.

chan =

    32

Elapsed time is 214.486299 seconds.

chan =

    33

Elapsed time is 217.860278 seconds.

chan =

    34

Elapsed time is 224.611868 seconds.

chan =

    35

Elapsed time is 222.379113 seconds.

chan =

    36

Elapsed time is 224.064680 seconds.

chan =

    37

Elapsed time is 221.915068 seconds.

chan =

    38

Elapsed time is 222.605210 seconds.

chan =

    39

Elapsed time is 225.603887 seconds.

chan =

    40

Elapsed time is 221.354212 seconds.

chan =

    41

Elapsed time is 219.969407 seconds.

chan =

    42

Elapsed time is 208.946574 seconds.

chan =

    43

Elapsed time is 220.826212 seconds.

chan =

    44

Elapsed time is 219.556032 seconds.

chan =

    45

Elapsed time is 222.429671 seconds.

chan =

    46

Elapsed time is 221.373199 seconds.

chan =

    47

Elapsed time is 225.189794 seconds.

chan =

    48

Elapsed time is 220.912018 seconds.

chan =

    49

Elapsed time is 224.629201 seconds.

chan =

    50

Elapsed time is 217.271587 seconds.

chan =

    51

Elapsed time is 223.169975 seconds.

chan =

    52

Elapsed time is 219.647280 seconds.

chan =

    53

Elapsed time is 214.202112 seconds.

chan =

    54

Elapsed time is 210.068092 seconds.

chan =

    55

Elapsed time is 214.021765 seconds.

chan =

    56

Elapsed time is 213.999699 seconds.

chan =

    57

Elapsed time is 219.936881 seconds.

chan =

    58

Elapsed time is 217.007198 seconds.

chan =

    59

Elapsed time is 223.158893 seconds.

chan =

    60

Elapsed time is 217.619680 seconds.

chan =

    61

Elapsed time is 218.349411 seconds.

chan =

    62

Elapsed time is 218.605116 seconds.

chan =

    63

Elapsed time is 219.930233 seconds.

chan =

    64

Elapsed time is 221.535980 seconds.

chan =

    65

Elapsed time is 222.087246 seconds.

chan =

    66

Elapsed time is 222.037872 seconds.

chan =

    67

Elapsed time is 220.241571 seconds.

chan =

    68

Elapsed time is 224.543437 seconds.

chan =

    69

Elapsed time is 223.832531 seconds.

chan =

    70

Elapsed time is 222.404599 seconds.

chan =

    71

Elapsed time is 225.309033 seconds.

chan =

    72

Elapsed time is 225.530373 seconds.

chan =

    73

Elapsed time is 220.583326 seconds.

chan =

    74

Elapsed time is 217.948543 seconds.

chan =

    75

Elapsed time is 218.807474 seconds.

chan =

    76

Elapsed time is 215.847580 seconds.

chan =

    77

Elapsed time is 220.617044 seconds.

chan =

    78

Elapsed time is 209.118131 seconds.

chan =

    79

Elapsed time is 220.512675 seconds.

chan =

    80

Elapsed time is 217.475574 seconds.

chan =

    81

Elapsed time is 212.348122 seconds.

chan =

    82

Elapsed time is 218.671270 seconds.

chan =

    83

Elapsed time is 218.682468 seconds.

chan =

    84

Elapsed time is 211.043678 seconds.

chan =

    85

Elapsed time is 215.745091 seconds.

chan =

    86

Elapsed time is 221.889648 seconds.

chan =

    87

Elapsed time is 221.168868 seconds.

chan =

    88

Elapsed time is 215.553030 seconds.

chan =

    89

Elapsed time is 221.410660 seconds.

chan =

    90

Elapsed time is 216.857772 seconds.

chan =

    91

Elapsed time is 217.201712 seconds.

chan =

    92

Elapsed time is 215.707596 seconds.

chan =

    93

Elapsed time is 215.644041 seconds.

chan =

    94

Elapsed time is 220.732766 seconds.

chan =

    95

Elapsed time is 212.850118 seconds.

chan =

    96

Elapsed time is 214.872931 seconds.

chan =

    97

Elapsed time is 217.663712 seconds.

chan =

    98

Elapsed time is 217.530111 seconds.

chan =

    99

Elapsed time is 215.956073 seconds.

chan =

   100

Elapsed time is 217.843830 seconds.

chan =

   101

Elapsed time is 221.068378 seconds.

chan =

   102

Elapsed time is 217.376216 seconds.

chan =

   103

Elapsed time is 223.090421 seconds.

chan =

   104

Elapsed time is 218.871853 seconds.

chan =

   105

Elapsed time is 210.058697 seconds.

chan =

   106

Elapsed time is 208.262335 seconds.

chan =

   107

Elapsed time is 208.730496 seconds.

chan =

   108

Elapsed time is 213.781893 seconds.

chan =

   109

Elapsed time is 219.987689 seconds.

chan =

   110

Elapsed time is 216.095745 seconds.

chan =

   111

Elapsed time is 215.441966 seconds.

chan =

   112

Elapsed time is 214.162195 seconds.

chan =

   113

Elapsed time is 214.626025 seconds.

chan =

   114

Elapsed time is 209.372949 seconds.

chan =

   115

Elapsed time is 215.503305 seconds.

chan =

   116

Elapsed time is 217.347460 seconds.
attempting saving
save success: /projects/p31578/dtf8829/QuestConnect/CHANDAT/chanDat_SLCH006_047.mat
working on TF
encoding done
encoding RT done
retrieval 1 done
retrieval 2 done
attempting saving
save success: /projects/p31578/dtf8829/QuestConnect/CHANDAT/chanDat_SLCH006_047.mat
working on ISPC
channel: 1 took 0 minutes
channel: 2 took 0 minutes
channel: 3 took 0 minutes
channel: 4 took 0 minutes
channel: 5 took 0 minutes
channel: 6 took 0 minutes
channel: 7 took 0 minutes
channel: 8 took 0 minutes
channel: 9 took 0 minutes
channel: 10 took 0 minutes
channel: 11 took 0 minutes
channel: 12 took 0 minutes
channel: 13 took 0 minutes
channel: 14 took 0 minutes
channel: 15 took 0 minutes
channel: 16 took 0 minutes
channel: 17 took 0 minutes
channel: 18 took 0 minutes
channel: 19 took 0 minutes
channel: 20 took 0 minutes
channel: 21 took 0 minutes
channel: 22 took 0 minutes
channel: 23 took 0 minutes
channel: 24 took 0 minutes
channel: 25 took 0 minutes
channel: 26 took 0 minutes
channel: 27 took 0 minutes
channel: 28 took 0 minutes
channel: 29 took 0 minutes
channel: 30 took 0 minutes
channel: 31 took 0 minutes
channel: 32 took 0 minutes
channel: 33 took 0 minutes
channel: 34 took 0 minutes
channel: 35 took 0 minutes
channel: 36 took 0 minutes
channel: 37 took 0 minutes
channel: 38 took 0 minutes
channel: 39 took 0 minutes
channel: 40 took 0 minutes
channel: 41 took 0 minutes
channel: 42 took 0 minutes
channel: 43 took 0 minutes
channel: 44 took 0 minutes
channel: 45 took 0 minutes
channel: 46 took 0 minutes
channel: 47 took 0 minutes
channel: 48 took 4.1 minutes
channel: 49 took 4.2 minutes
channel: 50 took 4.1 minutes
channel: 51 took 4.1 minutes
channel: 52 took 4.2 minutes
channel: 53 took 4.1 minutes
channel: 54 took 4.1 minutes
channel: 55 took 4.1 minutes
channel: 56 took 4.2 minutes
channel: 57 took 4.1 minutes
channel: 58 took 4.1 minutes
channel: 59 took 4.2 minutes
channel: 60 took 4.2 minutes
channel: 61 took 4.2 minutes
channel: 62 took 4.2 minutes
channel: 63 took 4.2 minutes
channel: 64 took 4.2 minutes
channel: 65 took 4.2 minutes
channel: 66 took 4.1 minutes
channel: 67 took 4.2 minutes
channel: 68 took 4.1 minutes
channel: 69 took 4.1 minutes
channel: 70 took 4.1 minutes
channel: 71 took 4.1 minutes
channel: 72 took 4.2 minutes
channel: 73 took 4.2 minutes
channel: 74 took 4.1 minutes
channel: 75 took 4.1 minutes
channel: 76 took 4.2 minutes
channel: 77 took 4.1 minutes
channel: 78 took 4.2 minutes
channel: 79 took 4.2 minutes
channel: 80 took 4.1 minutes
channel: 81 took 4.1 minutes
channel: 82 took 4.2 minutes
channel: 83 took 4.1 minutes
channel: 84 took 4.1 minutes
channel: 85 took 4.1 minutes
channel: 86 took 4.1 minutes
channel: 87 took 4.2 minutes
channel: 88 took 4.1 minutes
channel: 89 took 4.1 minutes
channel: 90 took 4.2 minutes
channel: 91 took 4.1 minutes
channel: 92 took 4.1 minutes
channel: 93 took 4.1 minutes
channel: 94 took 4.1 minutes
channel: 95 took 4.1 minutes
channel: 96 took 4.1 minutes
channel: 97 took 4.2 minutes
channel: 98 took 4.1 minutes
channel: 99 took 4.1 minutes
channel: 100 took 4.1 minutes
channel: 101 took 4.1 minutes
channel: 102 took 4.2 minutes
channel: 103 took 4.2 minutes
channel: 104 took 4.1 minutes
channel: 105 took 4.1 minutes
channel: 106 took 4.1 minutes
channel: 107 took 4.1 minutes
channel: 108 took 4.1 minutes
channel: 109 took 4.1 minutes
channel: 110 took 4.1 minutes
channel: 111 took 4.1 minutes
channel: 112 took 4.1 minutes
channel: 113 took 4.1 minutes
channel: 114 took 4.2 minutes
channel: 115 took 4.1 minutes
channel: 116 took 4.1 minutes
attempting saving
save success: /projects/p31578/dtf8829/QuestConnect/CHANDAT/chanDat_SLCH006_047.mat
Elapsed time is 252.047503 seconds.
