getting started: 3567
attempting file: 3567
going for SLCH006 89
data loaded: SLCH006 89
MISMATCH WITH ZACH COORDINATES!!!
HFB already done

chan =

     1

Elapsed time is 283.118718 seconds.

chan =

     2

Elapsed time is 274.675486 seconds.

chan =

     3

Elapsed time is 274.359650 seconds.

chan =

     4

Elapsed time is 276.988295 seconds.

chan =

     5

Elapsed time is 279.014751 seconds.

chan =

     6

Elapsed time is 277.182667 seconds.

chan =

     7

Elapsed time is 277.985234 seconds.

chan =

     8

Elapsed time is 279.688574 seconds.

chan =

     9

Elapsed time is 277.432243 seconds.

chan =

    10

Elapsed time is 274.570890 seconds.

chan =

    11

Elapsed time is 273.442551 seconds.

chan =

    12

Elapsed time is 271.417999 seconds.

chan =

    13

Elapsed time is 267.892039 seconds.

chan =

    14

Elapsed time is 240.178408 seconds.

chan =

    15

Elapsed time is 238.170476 seconds.

chan =

    16

Elapsed time is 230.214543 seconds.

chan =

    17

Elapsed time is 224.096545 seconds.

chan =

    18

Elapsed time is 222.137172 seconds.

chan =

    19

Elapsed time is 215.951703 seconds.

chan =

    20

Elapsed time is 210.240232 seconds.

chan =

    21

Elapsed time is 211.855450 seconds.

chan =

    22

Elapsed time is 212.102349 seconds.

chan =

    23

Elapsed time is 224.135647 seconds.

chan =

    24

Elapsed time is 234.580535 seconds.

chan =

    25

Elapsed time is 234.327658 seconds.

chan =

    26

Elapsed time is 259.128845 seconds.

chan =

    27

Elapsed time is 254.193940 seconds.

chan =

    28

Elapsed time is 243.846233 seconds.

chan =

    29

Elapsed time is 212.333650 seconds.

chan =

    30

Elapsed time is 256.101630 seconds.

chan =

    31

Elapsed time is 257.700398 seconds.

chan =

    32

Elapsed time is 254.607565 seconds.

chan =

    33

Elapsed time is 225.121533 seconds.

chan =

    34

Elapsed time is 247.535954 seconds.

chan =

    35

Elapsed time is 227.661156 seconds.

chan =

    36

Elapsed time is 257.834116 seconds.

chan =

    37

Elapsed time is 260.737486 seconds.

chan =

    38

Elapsed time is 241.945962 seconds.

chan =

    39

Elapsed time is 242.794984 seconds.

chan =

    40

Elapsed time is 261.853014 seconds.

chan =

    41

Elapsed time is 236.764294 seconds.

chan =

    42

Elapsed time is 258.478244 seconds.

chan =

    43

Elapsed time is 255.342696 seconds.

chan =

    44

Elapsed time is 229.732802 seconds.

chan =

    45

Elapsed time is 216.672304 seconds.

chan =

    46

Elapsed time is 234.693848 seconds.

chan =

    47

Elapsed time is 222.122338 seconds.

chan =

    48

Elapsed time is 239.225184 seconds.

chan =

    49

Elapsed time is 223.502004 seconds.

chan =

    50

Elapsed time is 221.928112 seconds.

chan =

    51

Elapsed time is 220.197233 seconds.

chan =

    52

Elapsed time is 221.933624 seconds.

chan =

    53

Elapsed time is 245.321988 seconds.

chan =

    54

Elapsed time is 211.129498 seconds.

chan =

    55

Elapsed time is 212.542309 seconds.

chan =

    56

Elapsed time is 209.651485 seconds.

chan =

    57

Elapsed time is 212.144021 seconds.

chan =

    58

Elapsed time is 209.677516 seconds.

chan =

    59

Elapsed time is 214.441846 seconds.

chan =

    60

Elapsed time is 210.970814 seconds.

chan =

    61

Elapsed time is 228.806248 seconds.

chan =

    62

Elapsed time is 211.926961 seconds.

chan =

    63

Elapsed time is 212.106966 seconds.

chan =

    64

Elapsed time is 217.244967 seconds.

chan =

    65

Elapsed time is 228.462854 seconds.

chan =

    66

Elapsed time is 231.387365 seconds.

chan =

    67

Elapsed time is 231.049360 seconds.

chan =

    68

Elapsed time is 232.478637 seconds.

chan =

    69

Elapsed time is 230.474122 seconds.

chan =

    70

Elapsed time is 231.708742 seconds.

chan =

    71

Elapsed time is 231.052847 seconds.

chan =

    72

Elapsed time is 231.104944 seconds.

chan =

    73

Elapsed time is 229.957682 seconds.

chan =

    74

Elapsed time is 232.200819 seconds.

chan =

    75

Elapsed time is 231.677744 seconds.

chan =

    76

Elapsed time is 231.568202 seconds.

chan =

    77

Elapsed time is 228.186804 seconds.

chan =

    78

Elapsed time is 227.830970 seconds.

chan =

    79

Elapsed time is 229.195713 seconds.

chan =

    80

Elapsed time is 228.280524 seconds.

chan =

    81

Elapsed time is 213.226670 seconds.

chan =

    82

Elapsed time is 212.774242 seconds.

chan =

    83

Elapsed time is 212.318299 seconds.

chan =

    84

Elapsed time is 212.111780 seconds.

chan =

    85

Elapsed time is 210.540838 seconds.

chan =

    86

Elapsed time is 211.204666 seconds.

chan =

    87

Elapsed time is 210.616443 seconds.

chan =

    88

Elapsed time is 211.044846 seconds.

chan =

    89

Elapsed time is 208.875477 seconds.

chan =

    90

Elapsed time is 211.899940 seconds.

chan =

    91

Elapsed time is 210.577431 seconds.

chan =

    92

Elapsed time is 210.912894 seconds.

chan =

    93

Elapsed time is 211.008063 seconds.

chan =

    94

Elapsed time is 212.334504 seconds.

chan =

    95

Elapsed time is 209.988702 seconds.

chan =

    96

Elapsed time is 210.133335 seconds.

chan =

    97

Elapsed time is 208.518135 seconds.

chan =

    98

Elapsed time is 210.108624 seconds.

chan =

    99

Elapsed time is 211.446389 seconds.

chan =

   100

Elapsed time is 212.673148 seconds.

chan =

   101

Elapsed time is 210.508202 seconds.

chan =

   102

Elapsed time is 211.748135 seconds.

chan =

   103

Elapsed time is 212.822432 seconds.

chan =

   104

Elapsed time is 213.504542 seconds.

chan =

   105

Elapsed time is 210.697966 seconds.

chan =

   106

Elapsed time is 211.299721 seconds.

chan =

   107

Elapsed time is 216.678158 seconds.

chan =

   108

Elapsed time is 213.265263 seconds.

chan =

   109

Elapsed time is 210.592473 seconds.

chan =

   110

Elapsed time is 211.656598 seconds.

chan =

   111

Elapsed time is 215.135278 seconds.

chan =

   112

Elapsed time is 225.085606 seconds.

chan =

   113

Elapsed time is 241.733897 seconds.

chan =

   114

Elapsed time is 208.780482 seconds.

chan =

   115

Elapsed time is 204.805093 seconds.

chan =

   116

Elapsed time is 199.270705 seconds.
attempting saving
save success: /projects/p31578/dtf8829/QuestConnect/CHANDAT/chanDat_SLCH006_089.mat
working on TF
encoding done
encoding RT done
retrieval 1 done
retrieval 2 done
attempting saving
save success: /projects/p31578/dtf8829/QuestConnect/CHANDAT/chanDat_SLCH006_089.mat
working on ISPC
channel: 1 took 0 minutes
channel: 2 took 0 minutes
channel: 3 took 0 minutes
channel: 4 took 0 minutes
channel: 5 took 0 minutes
channel: 6 took 0 minutes
channel: 7 took 0 minutes
channel: 8 took 0 minutes
channel: 9 took 0 minutes
channel: 10 took 0 minutes
channel: 11 took 0 minutes
channel: 12 took 0 minutes
channel: 13 took 0 minutes
channel: 14 took 0 minutes
channel: 15 took 0 minutes
channel: 16 took 0 minutes
channel: 17 took 0 minutes
channel: 18 took 0 minutes
channel: 19 took 0 minutes
channel: 20 took 0 minutes
channel: 21 took 0 minutes
channel: 22 took 0 minutes
channel: 23 took 0 minutes
channel: 24 took 0 minutes
channel: 25 took 0 minutes
channel: 26 took 0 minutes
channel: 27 took 0 minutes
channel: 28 took 0 minutes
channel: 29 took 0 minutes
channel: 30 took 0 minutes
channel: 31 took 0 minutes
channel: 32 took 0 minutes
channel: 33 took 0 minutes
channel: 34 took 0 minutes
channel: 35 took 0 minutes
channel: 36 took 0 minutes
channel: 37 took 0 minutes
channel: 38 took 0 minutes
channel: 39 took 0 minutes
channel: 40 took 0 minutes
channel: 41 took 0 minutes
channel: 42 took 0 minutes
channel: 43 took 0 minutes
channel: 44 took 0 minutes
channel: 45 took 0 minutes
channel: 46 took 0 minutes
channel: 47 took 0 minutes
channel: 48 took 0 minutes
channel: 49 took 0 minutes
channel: 50 took 0 minutes
channel: 51 took 0 minutes
channel: 52 took 0 minutes
channel: 53 took 0 minutes
channel: 54 took 0 minutes
channel: 55 took 0 minutes
channel: 56 took 0 minutes
channel: 57 took 0 minutes
channel: 58 took 0 minutes
channel: 59 took 0 minutes
channel: 60 took 0 minutes
channel: 61 took 0 minutes
channel: 62 took 0 minutes
channel: 63 took 0 minutes
channel: 64 took 0 minutes
channel: 65 took 0 minutes
channel: 66 took 0 minutes
channel: 67 took 0 minutes
channel: 68 took 0 minutes
channel: 69 took 0 minutes
channel: 70 took 0 minutes
channel: 71 took 0 minutes
channel: 72 took 0 minutes
channel: 73 took 0 minutes
channel: 74 took 0 minutes
channel: 75 took 0 minutes
channel: 76 took 0 minutes
channel: 77 took 0 minutes
channel: 78 took 0 minutes
channel: 79 took 0 minutes
channel: 80 took 0 minutes
channel: 81 took 0 minutes
channel: 82 took 0 minutes
channel: 83 took 0 minutes
channel: 84 took 0 minutes
channel: 85 took 0 minutes
channel: 86 took 0 minutes
channel: 87 took 0 minutes
channel: 88 took 0 minutes
channel: 89 took 0 minutes
channel: 90 took 3.8 minutes
channel: 91 took 3.8 minutes
channel: 92 took 3.8 minutes
channel: 93 took 3.8 minutes
channel: 94 took 3.8 minutes
channel: 95 took 3.8 minutes
channel: 96 took 3.7 minutes
channel: 97 took 3.8 minutes
channel: 98 took 3.8 minutes
channel: 99 took 3.8 minutes
channel: 100 took 3.8 minutes
channel: 101 took 4.3 minutes
channel: 102 took 3.8 minutes
channel: 103 took 4.1 minutes
channel: 104 took 4.4 minutes
channel: 105 took 4.4 minutes
channel: 106 took 4.4 minutes
channel: 107 took 4.4 minutes
channel: 108 took 4.4 minutes
channel: 109 took 4.4 minutes
channel: 110 took 4.4 minutes
channel: 111 took 4.4 minutes
channel: 112 took 4.4 minutes
channel: 113 took 4.3 minutes
channel: 114 took 4.3 minutes
channel: 115 took 3.9 minutes
channel: 116 took 3.5 minutes
attempting saving
save success: /projects/p31578/dtf8829/QuestConnect/CHANDAT/chanDat_SLCH006_089.mat
Elapsed time is 217.730191 seconds.
