getting started: 3545
attempting file: 3545
going for SLCH006 67
data loaded: SLCH006 67
MISMATCH WITH ZACH COORDINATES!!!
HFB already done

chan =

     1

Elapsed time is 288.246784 seconds.

chan =

     2

Elapsed time is 276.692258 seconds.

chan =

     3

Elapsed time is 273.418720 seconds.

chan =

     4

Elapsed time is 273.355930 seconds.

chan =

     5

Elapsed time is 272.357724 seconds.

chan =

     6

Elapsed time is 254.651173 seconds.

chan =

     7

Elapsed time is 242.671452 seconds.

chan =

     8

Elapsed time is 236.642558 seconds.

chan =

     9

Elapsed time is 274.290669 seconds.

chan =

    10

Elapsed time is 279.879202 seconds.

chan =

    11

Elapsed time is 276.389920 seconds.

chan =

    12

Elapsed time is 277.931002 seconds.

chan =

    13

Elapsed time is 277.228495 seconds.

chan =

    14

Elapsed time is 277.239132 seconds.

chan =

    15

Elapsed time is 279.883026 seconds.

chan =

    16

Elapsed time is 277.558432 seconds.

chan =

    17

Elapsed time is 276.767215 seconds.

chan =

    18

Elapsed time is 277.466938 seconds.

chan =

    19

Elapsed time is 277.553241 seconds.

chan =

    20

Elapsed time is 278.695572 seconds.

chan =

    21

Elapsed time is 279.761534 seconds.

chan =

    22

Elapsed time is 280.713721 seconds.

chan =

    23

Elapsed time is 279.902249 seconds.

chan =

    24

Elapsed time is 282.316210 seconds.

chan =

    25

Elapsed time is 280.507653 seconds.

chan =

    26

Elapsed time is 278.500188 seconds.

chan =

    27

Elapsed time is 275.494488 seconds.

chan =

    28

Elapsed time is 271.114970 seconds.

chan =

    29

Elapsed time is 271.748675 seconds.

chan =

    30

Elapsed time is 272.281218 seconds.

chan =

    31

Elapsed time is 269.765256 seconds.

chan =

    32

Elapsed time is 272.430261 seconds.

chan =

    33

Elapsed time is 271.520970 seconds.

chan =

    34

Elapsed time is 272.467436 seconds.

chan =

    35

Elapsed time is 272.870920 seconds.

chan =

    36

Elapsed time is 274.775405 seconds.

chan =

    37

Elapsed time is 273.215062 seconds.

chan =

    38

Elapsed time is 273.879762 seconds.

chan =

    39

Elapsed time is 276.073158 seconds.

chan =

    40

Elapsed time is 276.431797 seconds.

chan =

    41

Elapsed time is 276.756187 seconds.

chan =

    42

Elapsed time is 272.364274 seconds.

chan =

    43

Elapsed time is 269.905258 seconds.

chan =

    44

Elapsed time is 273.353208 seconds.

chan =

    45

Elapsed time is 271.727423 seconds.

chan =

    46

Elapsed time is 275.319759 seconds.

chan =

    47

Elapsed time is 273.142570 seconds.

chan =

    48

Elapsed time is 275.184903 seconds.

chan =

    49

Elapsed time is 272.362580 seconds.

chan =

    50

Elapsed time is 272.165722 seconds.

chan =

    51

Elapsed time is 271.982122 seconds.

chan =

    52

Elapsed time is 272.266918 seconds.

chan =

    53

Elapsed time is 271.912188 seconds.

chan =

    54

Elapsed time is 273.981935 seconds.

chan =

    55

Elapsed time is 272.212235 seconds.

chan =

    56

Elapsed time is 271.004290 seconds.

chan =

    57

Elapsed time is 272.495643 seconds.

chan =

    58

Elapsed time is 272.917104 seconds.

chan =

    59

Elapsed time is 273.626751 seconds.

chan =

    60

Elapsed time is 271.723019 seconds.

chan =

    61

Elapsed time is 271.588868 seconds.

chan =

    62

Elapsed time is 271.381674 seconds.

chan =

    63

Elapsed time is 271.725992 seconds.

chan =

    64

Elapsed time is 271.586562 seconds.

chan =

    65

Elapsed time is 270.364143 seconds.

chan =

    66

Elapsed time is 273.825269 seconds.

chan =

    67

Elapsed time is 272.096006 seconds.

chan =

    68

Elapsed time is 274.347426 seconds.

chan =

    69

Elapsed time is 274.169690 seconds.

chan =

    70

Elapsed time is 273.938188 seconds.

chan =

    71

Elapsed time is 272.814581 seconds.

chan =

    72

Elapsed time is 271.325689 seconds.

chan =

    73

Elapsed time is 268.730029 seconds.

chan =

    74

Elapsed time is 270.592774 seconds.

chan =

    75

Elapsed time is 271.006190 seconds.

chan =

    76

Elapsed time is 270.090292 seconds.

chan =

    77

Elapsed time is 270.208258 seconds.

chan =

    78

Elapsed time is 271.004921 seconds.

chan =

    79

Elapsed time is 272.709884 seconds.

chan =

    80

Elapsed time is 274.362932 seconds.

chan =

    81

Elapsed time is 273.728575 seconds.

chan =

    82

Elapsed time is 272.834363 seconds.

chan =

    83

Elapsed time is 273.437428 seconds.

chan =

    84

Elapsed time is 270.936655 seconds.

chan =

    85

Elapsed time is 271.851475 seconds.

chan =

    86

Elapsed time is 272.637529 seconds.

chan =

    87

Elapsed time is 272.662237 seconds.

chan =

    88

Elapsed time is 272.756567 seconds.

chan =

    89

Elapsed time is 272.082855 seconds.

chan =

    90

Elapsed time is 272.523250 seconds.

chan =

    91

Elapsed time is 272.124620 seconds.

chan =

    92

Elapsed time is 271.734473 seconds.

chan =

    93

Elapsed time is 272.975001 seconds.

chan =

    94

Elapsed time is 273.613612 seconds.

chan =

    95

Elapsed time is 275.096639 seconds.

chan =

    96

Elapsed time is 273.106183 seconds.

chan =

    97

Elapsed time is 272.973967 seconds.

chan =

    98

Elapsed time is 272.667019 seconds.

chan =

    99

Elapsed time is 273.975955 seconds.

chan =

   100

Elapsed time is 274.047170 seconds.

chan =

   101

Elapsed time is 273.128143 seconds.

chan =

   102

Elapsed time is 271.706909 seconds.

chan =

   103

Elapsed time is 272.279337 seconds.

chan =

   104

Elapsed time is 272.162471 seconds.

chan =

   105

Elapsed time is 270.673733 seconds.

chan =

   106

Elapsed time is 271.858785 seconds.

chan =

   107

Elapsed time is 270.451298 seconds.

chan =

   108

Elapsed time is 270.455093 seconds.

chan =

   109

Elapsed time is 269.955480 seconds.

chan =

   110

Elapsed time is 271.095772 seconds.

chan =

   111

Elapsed time is 271.393486 seconds.

chan =

   112

Elapsed time is 272.324926 seconds.

chan =

   113

Elapsed time is 271.116900 seconds.

chan =

   114

Elapsed time is 268.155468 seconds.

chan =

   115

Elapsed time is 255.203309 seconds.

chan =

   116

Elapsed time is 254.207144 seconds.
attempting saving
save success: /projects/p31578/dtf8829/QuestConnect/CHANDAT/chanDat_SLCH006_067.mat
working on TF
encoding done
encoding RT done
retrieval 1 done
retrieval 2 done
attempting saving
save success: /projects/p31578/dtf8829/QuestConnect/CHANDAT/chanDat_SLCH006_067.mat
working on ISPC
channel: 1 took 0 minutes
channel: 2 took 0 minutes
channel: 3 took 0 minutes
channel: 4 took 0 minutes
channel: 5 took 0 minutes
channel: 6 took 0 minutes
channel: 7 took 0 minutes
channel: 8 took 0 minutes
channel: 9 took 0 minutes
channel: 10 took 0 minutes
channel: 11 took 0 minutes
channel: 12 took 0 minutes
channel: 13 took 0 minutes
channel: 14 took 0 minutes
channel: 15 took 0 minutes
channel: 16 took 0 minutes
channel: 17 took 0 minutes
channel: 18 took 0 minutes
channel: 19 took 0 minutes
channel: 20 took 0 minutes
channel: 21 took 0 minutes
channel: 22 took 0 minutes
channel: 23 took 0 minutes
channel: 24 took 0 minutes
channel: 25 took 0 minutes
channel: 26 took 0 minutes
channel: 27 took 0 minutes
channel: 28 took 0 minutes
channel: 29 took 0 minutes
channel: 30 took 0 minutes
channel: 31 took 0 minutes
channel: 32 took 0 minutes
channel: 33 took 0 minutes
channel: 34 took 0 minutes
channel: 35 took 0 minutes
channel: 36 took 0 minutes
channel: 37 took 0 minutes
channel: 38 took 0 minutes
channel: 39 took 0 minutes
channel: 40 took 0 minutes
channel: 41 took 0 minutes
channel: 42 took 0 minutes
channel: 43 took 0 minutes
channel: 44 took 0 minutes
channel: 45 took 0 minutes
channel: 46 took 0 minutes
channel: 47 took 0 minutes
channel: 48 took 0 minutes
channel: 49 took 0 minutes
channel: 50 took 0 minutes
channel: 51 took 0 minutes
channel: 52 took 0 minutes
channel: 53 took 0 minutes
channel: 54 took 0 minutes
channel: 55 took 0 minutes
channel: 56 took 0 minutes
channel: 57 took 0 minutes
channel: 58 took 0 minutes
channel: 59 took 0 minutes
channel: 60 took 0 minutes
channel: 61 took 0 minutes
channel: 62 took 0 minutes
channel: 63 took 0 minutes
channel: 64 took 0 minutes
channel: 65 took 0 minutes
channel: 66 took 0 minutes
channel: 67 took 0 minutes
channel: 68 took 5 minutes
channel: 69 took 5 minutes
channel: 70 took 4.9 minutes
channel: 71 took 5 minutes
channel: 72 took 5 minutes
channel: 73 took 5 minutes
channel: 74 took 5 minutes
channel: 75 took 5 minutes
channel: 76 took 5 minutes
channel: 77 took 5 minutes
channel: 78 took 5 minutes
channel: 79 took 5 minutes
channel: 80 took 5 minutes
channel: 81 took 5 minutes
channel: 82 took 5 minutes
channel: 83 took 5 minutes
channel: 84 took 5 minutes
channel: 85 took 5 minutes
channel: 86 took 5 minutes
channel: 87 took 4.9 minutes
channel: 88 took 4.9 minutes
channel: 89 took 5 minutes
channel: 90 took 5 minutes
channel: 91 took 5 minutes
channel: 92 took 5 minutes
channel: 93 took 5 minutes
channel: 94 took 5 minutes
channel: 95 took 5 minutes
channel: 96 took 5 minutes
channel: 97 took 5 minutes
channel: 98 took 5 minutes
channel: 99 took 5 minutes
channel: 100 took 5 minutes
channel: 101 took 5 minutes
channel: 102 took 5 minutes
channel: 103 took 5 minutes
channel: 104 took 5 minutes
channel: 105 took 5 minutes
channel: 106 took 5 minutes
channel: 107 took 5 minutes
channel: 108 took 5 minutes
channel: 109 took 4.9 minutes
channel: 110 took 4.9 minutes
channel: 111 took 4.9 minutes
channel: 112 took 4.9 minutes
channel: 113 took 4.9 minutes
channel: 114 took 4.9 minutes
channel: 115 took 4.9 minutes
channel: 116 took 4.9 minutes
attempting saving
save success: /projects/p31578/dtf8829/QuestConnect/CHANDAT/chanDat_SLCH006_067.mat
Elapsed time is 301.382584 seconds.
