getting started: 3571
attempting file: 3571
going for SLCH006 93
data loaded: SLCH006 93
MISMATCH WITH ZACH COORDINATES!!!
HFB already done

chan =

     1

Elapsed time is 252.221620 seconds.

chan =

     2

Elapsed time is 245.391297 seconds.

chan =

     3

Elapsed time is 248.601035 seconds.

chan =

     4

Elapsed time is 249.421330 seconds.

chan =

     5

Elapsed time is 248.233575 seconds.

chan =

     6

Elapsed time is 246.324918 seconds.

chan =

     7

Elapsed time is 246.960024 seconds.

chan =

     8

Elapsed time is 238.608487 seconds.

chan =

     9

Elapsed time is 247.315371 seconds.

chan =

    10

Elapsed time is 247.440144 seconds.

chan =

    11

Elapsed time is 246.334410 seconds.

chan =

    12

Elapsed time is 244.245239 seconds.

chan =

    13

Elapsed time is 242.813859 seconds.

chan =

    14

Elapsed time is 243.432187 seconds.

chan =

    15

Elapsed time is 247.061932 seconds.

chan =

    16

Elapsed time is 243.902445 seconds.

chan =

    17

Elapsed time is 248.643253 seconds.

chan =

    18

Elapsed time is 248.253426 seconds.

chan =

    19

Elapsed time is 245.017735 seconds.

chan =

    20

Elapsed time is 247.058256 seconds.

chan =

    21

Elapsed time is 247.334634 seconds.

chan =

    22

Elapsed time is 247.547786 seconds.

chan =

    23

Elapsed time is 247.180456 seconds.

chan =

    24

Elapsed time is 247.617559 seconds.

chan =

    25

Elapsed time is 248.501887 seconds.

chan =

    26

Elapsed time is 249.676966 seconds.

chan =

    27

Elapsed time is 243.275447 seconds.

chan =

    28

Elapsed time is 244.191471 seconds.

chan =

    29

Elapsed time is 235.086808 seconds.

chan =

    30

Elapsed time is 242.494202 seconds.

chan =

    31

Elapsed time is 248.543048 seconds.

chan =

    32

Elapsed time is 244.887000 seconds.

chan =

    33

Elapsed time is 231.777983 seconds.

chan =

    34

Elapsed time is 248.266277 seconds.

chan =

    35

Elapsed time is 245.014089 seconds.

chan =

    36

Elapsed time is 244.015272 seconds.

chan =

    37

Elapsed time is 248.584946 seconds.

chan =

    38

Elapsed time is 245.869079 seconds.

chan =

    39

Elapsed time is 240.693384 seconds.

chan =

    40

Elapsed time is 245.878210 seconds.

chan =

    41

Elapsed time is 248.102073 seconds.

chan =

    42

Elapsed time is 244.427436 seconds.

chan =

    43

Elapsed time is 234.419841 seconds.

chan =

    44

Elapsed time is 247.152158 seconds.

chan =

    45

Elapsed time is 244.783219 seconds.

chan =

    46

Elapsed time is 237.734992 seconds.

chan =

    47

Elapsed time is 242.724612 seconds.

chan =

    48

Elapsed time is 235.423681 seconds.

chan =

    49

Elapsed time is 235.147918 seconds.

chan =

    50

Elapsed time is 232.777827 seconds.

chan =

    51

Elapsed time is 227.616066 seconds.

chan =

    52

Elapsed time is 232.265264 seconds.

chan =

    53

Elapsed time is 235.303849 seconds.

chan =

    54

Elapsed time is 235.670463 seconds.

chan =

    55

Elapsed time is 236.564428 seconds.

chan =

    56

Elapsed time is 233.296537 seconds.

chan =

    57

Elapsed time is 236.459721 seconds.

chan =

    58

Elapsed time is 244.242400 seconds.

chan =

    59

Elapsed time is 246.423168 seconds.

chan =

    60

Elapsed time is 247.417018 seconds.

chan =

    61

Elapsed time is 246.326763 seconds.

chan =

    62

Elapsed time is 242.586051 seconds.

chan =

    63

Elapsed time is 236.385307 seconds.

chan =

    64

Elapsed time is 228.761284 seconds.

chan =

    65

Elapsed time is 220.608746 seconds.

chan =

    66

Elapsed time is 215.692360 seconds.

chan =

    67

Elapsed time is 216.083673 seconds.

chan =

    68

Elapsed time is 235.412139 seconds.

chan =

    69

Elapsed time is 235.208346 seconds.

chan =

    70

Elapsed time is 227.194144 seconds.

chan =

    71

Elapsed time is 233.611617 seconds.

chan =

    72

Elapsed time is 235.104850 seconds.

chan =

    73

Elapsed time is 217.008826 seconds.

chan =

    74

Elapsed time is 234.912000 seconds.

chan =

    75

Elapsed time is 231.741464 seconds.

chan =

    76

Elapsed time is 213.969513 seconds.

chan =

    77

Elapsed time is 227.374675 seconds.

chan =

    78

Elapsed time is 231.026058 seconds.

chan =

    79

Elapsed time is 210.769580 seconds.

chan =

    80

Elapsed time is 226.995535 seconds.

chan =

    81

Elapsed time is 232.201130 seconds.

chan =

    82

Elapsed time is 223.514170 seconds.

chan =

    83

Elapsed time is 232.156565 seconds.

chan =

    84

Elapsed time is 233.121777 seconds.

chan =

    85

Elapsed time is 216.286360 seconds.

chan =

    86

Elapsed time is 234.210437 seconds.

chan =

    87

Elapsed time is 233.215082 seconds.

chan =

    88

Elapsed time is 215.749108 seconds.

chan =

    89

Elapsed time is 229.703130 seconds.

chan =

    90

Elapsed time is 228.985219 seconds.

chan =

    91

Elapsed time is 219.933038 seconds.

chan =

    92

Elapsed time is 230.968096 seconds.

chan =

    93

Elapsed time is 228.935189 seconds.

chan =

    94

Elapsed time is 223.026536 seconds.

chan =

    95

Elapsed time is 229.458138 seconds.

chan =

    96

Elapsed time is 227.793948 seconds.

chan =

    97

Elapsed time is 223.349768 seconds.

chan =

    98

Elapsed time is 228.301616 seconds.

chan =

    99

Elapsed time is 226.694415 seconds.

chan =

   100

Elapsed time is 213.978353 seconds.

chan =

   101

Elapsed time is 229.717580 seconds.

chan =

   102

Elapsed time is 219.186788 seconds.

chan =

   103

Elapsed time is 229.461003 seconds.

chan =

   104

Elapsed time is 229.864496 seconds.

chan =

   105

Elapsed time is 229.230665 seconds.

chan =

   106

Elapsed time is 212.500280 seconds.

chan =

   107

Elapsed time is 229.232210 seconds.

chan =

   108

Elapsed time is 223.037148 seconds.

chan =

   109

Elapsed time is 231.580833 seconds.

chan =

   110

Elapsed time is 230.128918 seconds.

chan =

   111

Elapsed time is 226.812717 seconds.

chan =

   112

Elapsed time is 216.365353 seconds.

chan =

   113

Elapsed time is 222.825510 seconds.

chan =

   114

Elapsed time is 220.481653 seconds.

chan =

   115

Elapsed time is 226.280384 seconds.

chan =

   116

Elapsed time is 223.719573 seconds.
attempting saving
save success: /projects/p31578/dtf8829/QuestConnect/CHANDAT/chanDat_SLCH006_093.mat
working on TF
encoding done
encoding RT done
retrieval 1 done
retrieval 2 done
attempting saving
save success: /projects/p31578/dtf8829/QuestConnect/CHANDAT/chanDat_SLCH006_093.mat
working on ISPC
channel: 1 took 0 minutes
channel: 2 took 0 minutes
channel: 3 took 0 minutes
channel: 4 took 0 minutes
channel: 5 took 0 minutes
channel: 6 took 0 minutes
channel: 7 took 0 minutes
channel: 8 took 0 minutes
channel: 9 took 0 minutes
channel: 10 took 0 minutes
channel: 11 took 0 minutes
channel: 12 took 0 minutes
channel: 13 took 0 minutes
channel: 14 took 0 minutes
channel: 15 took 0 minutes
channel: 16 took 0 minutes
channel: 17 took 0 minutes
channel: 18 took 0 minutes
channel: 19 took 0 minutes
channel: 20 took 0 minutes
channel: 21 took 0 minutes
channel: 22 took 0 minutes
channel: 23 took 0 minutes
channel: 24 took 0 minutes
channel: 25 took 0 minutes
channel: 26 took 0 minutes
channel: 27 took 0 minutes
channel: 28 took 0 minutes
channel: 29 took 0 minutes
channel: 30 took 0 minutes
channel: 31 took 0 minutes
channel: 32 took 0 minutes
channel: 33 took 0 minutes
channel: 34 took 0 minutes
channel: 35 took 0 minutes
channel: 36 took 0 minutes
channel: 37 took 0 minutes
channel: 38 took 0 minutes
channel: 39 took 0 minutes
channel: 40 took 0 minutes
channel: 41 took 0 minutes
channel: 42 took 0 minutes
channel: 43 took 0 minutes
channel: 44 took 0 minutes
channel: 45 took 0 minutes
channel: 46 took 0 minutes
channel: 47 took 0 minutes
channel: 48 took 0 minutes
channel: 49 took 0 minutes
channel: 50 took 0 minutes
channel: 51 took 0 minutes
channel: 52 took 0 minutes
channel: 53 took 0 minutes
channel: 54 took 0 minutes
channel: 55 took 0 minutes
channel: 56 took 0 minutes
channel: 57 took 0 minutes
channel: 58 took 0 minutes
channel: 59 took 0 minutes
channel: 60 took 0 minutes
channel: 61 took 0 minutes
channel: 62 took 0 minutes
channel: 63 took 0 minutes
channel: 64 took 0 minutes
channel: 65 took 0 minutes
channel: 66 took 0 minutes
channel: 67 took 0 minutes
channel: 68 took 0 minutes
channel: 69 took 0 minutes
channel: 70 took 0 minutes
channel: 71 took 0 minutes
channel: 72 took 0 minutes
channel: 73 took 0 minutes
channel: 74 took 0 minutes
channel: 75 took 0 minutes
channel: 76 took 0 minutes
channel: 77 took 0 minutes
channel: 78 took 0 minutes
channel: 79 took 0 minutes
channel: 80 took 0 minutes
channel: 81 took 0 minutes
channel: 82 took 0 minutes
channel: 83 took 0 minutes
channel: 84 took 0 minutes
channel: 85 took 0 minutes
channel: 86 took 0 minutes
channel: 87 took 0 minutes
channel: 88 took 0 minutes
channel: 89 took 0 minutes
channel: 90 took 0 minutes
channel: 91 took 0 minutes
channel: 92 took 0 minutes
channel: 93 took 0 minutes
channel: 94 took 4.1 minutes
channel: 95 took 4.2 minutes
channel: 96 took 4.3 minutes
channel: 97 took 4.4 minutes
channel: 98 took 4.4 minutes
channel: 99 took 4.3 minutes
channel: 100 took 4.2 minutes
channel: 101 took 4.3 minutes
channel: 102 took 4.4 minutes
channel: 103 took 4.3 minutes
channel: 104 took 4.2 minutes
channel: 105 took 4.1 minutes
channel: 106 took 4.2 minutes
channel: 107 took 4.3 minutes
channel: 108 took 4.3 minutes
channel: 109 took 4.3 minutes
channel: 110 took 4.3 minutes
channel: 111 took 4 minutes
channel: 112 took 4.3 minutes
channel: 113 took 4.4 minutes
channel: 114 took 4.2 minutes
channel: 115 took 4.3 minutes
channel: 116 took 4.3 minutes
attempting saving
save success: /projects/p31578/dtf8829/QuestConnect/CHANDAT/chanDat_SLCH006_093.mat
Elapsed time is 264.115309 seconds.
