getting started: 44
attempting file: 44
going for CH15 44
data loaded: CH15 49
TF already done, skipping
working on ISPC

chan =

     1


chan =

     2


chan =

     3


chan =

     4


chan =

     5


chan =

     6


chan =

     7


chan =

     8


chan =

     9


chan =

    10


chan =

    11


chan =

    12


chan =

    13


chan =

    14


chan =

    15


chan =

    16


chan =

    17


chan =

    18


chan =

    19


chan =

    20


chan =

    21


chan =

    22


chan =

    23


chan =

    24


chan =

    25


chan =

    26


chan =

    27


chan =

    28


chan =

    29


chan =

    30


chan =

    31


chan =

    32


chan =

    33


chan =

    34


chan =

    35


chan =

    36


chan =

    37


chan =

    38


chan =

    39


chan =

    40


chan =

    41


chan =

    42


chan =

    43


chan =

    44


chan =

    45


chan =

    46


chan =

    47


chan =

    48


chan =

    49


chan =

    50


chan =

    51


chan =

    52


chan =

    53


chan =

    54


chan =

    55


chan =

    56


chan =

    57


chan =

    58


chan =

    59


chan =

    60


chan =

    61


chan =

    62


chan =

    63


chan =

    64

attempting saving
save success: /projects/p31578/dtf8829/QuestConnect/CHANDAT/chanDat_CH15_49.mat
Elapsed time is 2701.840842 seconds.
