getting started: 71
attempting file: 71
going for CH23 7
data loaded: CH23 7
HFB already done
already done with leadLag
working on TF
encoding done
encoding RT done
retrieval 1 done
retrieval 2 done
attempting saving
save success: /projects/p31578/dtf8829/QuestConnect/CHANDAT/chanDat_CH23_007.mat
working on ISPC
channel: 1 took 0 minutes
channel: 2 took 0 minutes
channel: 3 took 0 minutes
channel: 4 took 0 minutes
channel: 5 took 0 minutes
channel: 6 took 0 minutes
channel: 7 took 0 minutes
channel: 8 took 3 minutes
channel: 9 took 2.9 minutes
channel: 10 took 2.8 minutes
channel: 11 took 2.8 minutes
channel: 12 took 2.8 minutes
channel: 13 took 2.9 minutes
channel: 14 took 3.1 minutes
channel: 15 took 3.1 minutes
channel: 16 took 3.1 minutes
channel: 17 took 3.1 minutes
channel: 18 took 3.1 minutes
channel: 19 took 3.1 minutes
channel: 20 took 3.1 minutes
channel: 21 took 3.1 minutes
channel: 22 took 3.1 minutes
channel: 23 took 3.1 minutes
channel: 24 took 3.1 minutes
channel: 25 took 3.1 minutes
channel: 26 took 3.2 minutes
channel: 27 took 3.1 minutes
channel: 28 took 3.2 minutes
channel: 29 took 3.1 minutes
attempting saving
save success: /projects/p31578/dtf8829/QuestConnect/CHANDAT/chanDat_CH23_007.mat
Elapsed time is 190.599986 seconds.
