getting started: 709
attempting file: 709
going for ECoG09 10
data loaded: ECoG09 18
TF already done, skipping
working on ISPC

chan =

     1


chan =

     2


chan =

     3


chan =

     4


chan =

     5


chan =

     6


chan =

     7


chan =

     8


chan =

     9


chan =

    10


chan =

    11


chan =

    12


chan =

    13


chan =

    14


chan =

    15


chan =

    16


chan =

    17


chan =

    18


chan =

    19


chan =

    20


chan =

    21


chan =

    22


chan =

    23


chan =

    24


chan =

    25


chan =

    26


chan =

    27


chan =

    28


chan =

    29


chan =

    30


chan =

    31


chan =

    32


chan =

    33


chan =

    34


chan =

    35


chan =

    36


chan =

    37


chan =

    38


chan =

    39


chan =

    40


chan =

    41


chan =

    42


chan =

    43


chan =

    44


chan =

    45


chan =

    46

attempting saving
save success: /projects/p31578/dtf8829/QuestConnect/CHANDAT/chanDat_ECoG09_18.mat
Elapsed time is 2799.108496 seconds.
