getting started: 906
attempting file: 906
going for ECoG12 17
data loaded: ECoG12 17
HFB already done
already done with leadLag
working on TF
encoding done
encoding RT done
retrieval 1 done
retrieval 2 done
attempting saving
save success: /projects/p31578/dtf8829/QuestConnect/CHANDAT/chanDat_ECoG12_017.mat
working on ISPC
channel: 1 took 0 minutes
channel: 2 took 0 minutes
channel: 3 took 0 minutes
channel: 4 took 0 minutes
channel: 5 took 0 minutes
channel: 6 took 0 minutes
channel: 7 took 0 minutes
channel: 8 took 0 minutes
channel: 9 took 0 minutes
channel: 10 took 0 minutes
channel: 11 took 0 minutes
channel: 12 took 0 minutes
channel: 13 took 0 minutes
channel: 14 took 0 minutes
channel: 15 took 0 minutes
channel: 16 took 0 minutes
channel: 17 took 0 minutes
channel: 18 took 2.6 minutes
channel: 19 took 2.6 minutes
channel: 20 took 2.6 minutes
channel: 21 took 2.6 minutes
channel: 22 took 2.6 minutes
channel: 23 took 2.6 minutes
channel: 24 took 2.6 minutes
channel: 25 took 2.6 minutes
channel: 26 took 2.6 minutes
channel: 27 took 2.6 minutes
channel: 28 took 2.6 minutes
channel: 29 took 2.6 minutes
channel: 30 took 2.5 minutes
channel: 31 took 2.6 minutes
channel: 32 took 2.6 minutes
attempting saving
save success: /projects/p31578/dtf8829/QuestConnect/CHANDAT/chanDat_ECoG12_017.mat
Elapsed time is 155.793759 seconds.
